2021-10-13 11:08:49.922  INFO MacBook-Pro-di-Francesco.local --- [           main] c.p.PortalepsApplication                 : Starting PortalepsApplication using Java 11.0.12 on MacBook-Pro-di-Francesco.local with PID 36045 (/Users/merjf/Documents/Work/Projects/Messina/Pronto Soccorso Messina/aspme-ps-repo/target/classes started by merjf in /Users/merjf/Documents/Work/Projects/Messina/Pronto Soccorso Messina/aspme-ps-repo)
2021-10-13 11:08:49.929  INFO MacBook-Pro-di-Francesco.local --- [           main] c.p.PortalepsApplication                 : No active profile set, falling back to default profiles: default
2021-10-13 11:08:50.631  INFO MacBook-Pro-di-Francesco.local --- [           main] .s.d.r.c.RepositoryConfigurationDelegate : Bootstrapping Spring Data JPA repositories in DEFAULT mode.
2021-10-13 11:08:50.691  INFO MacBook-Pro-di-Francesco.local --- [           main] .s.d.r.c.RepositoryConfigurationDelegate : Finished Spring Data repository scanning in 53 ms. Found 3 JPA repository interfaces.
2021-10-13 11:08:51.021  INFO MacBook-Pro-di-Francesco.local --- [           main] trationDelegate$BeanPostProcessorChecker : Bean 'org.springframework.security.access.expression.method.DefaultMethodSecurityExpressionHandler@78ec89a6' of type [org.springframework.security.access.expression.method.DefaultMethodSecurityExpressionHandler] is not eligible for getting processed by all BeanPostProcessors (for example: not eligible for auto-proxying)
2021-10-13 11:08:51.025  INFO MacBook-Pro-di-Francesco.local --- [           main] trationDelegate$BeanPostProcessorChecker : Bean 'methodSecurityMetadataSource' of type [org.springframework.security.access.method.DelegatingMethodSecurityMetadataSource] is not eligible for getting processed by all BeanPostProcessors (for example: not eligible for auto-proxying)
2021-10-13 11:08:51.286  INFO MacBook-Pro-di-Francesco.local --- [           main] o.s.b.w.e.t.TomcatWebServer              : Tomcat initialized with port(s): 8080 (http)
2021-10-13 11:08:51.295  INFO MacBook-Pro-di-Francesco.local --- [           main] o.a.c.h.Http11NioProtocol                : Initializing ProtocolHandler ["http-nio-8080"]
2021-10-13 11:08:51.296  INFO MacBook-Pro-di-Francesco.local --- [           main] o.a.c.c.StandardService                  : Starting service [Tomcat]
2021-10-13 11:08:51.296  INFO MacBook-Pro-di-Francesco.local --- [           main] o.a.c.c.StandardEngine                   : Starting Servlet engine: [Apache Tomcat/9.0.52]
2021-10-13 11:08:51.387  INFO MacBook-Pro-di-Francesco.local --- [           main] o.a.c.c.C.[.[.[/]                        : Initializing Spring embedded WebApplicationContext
2021-10-13 11:08:51.388  INFO MacBook-Pro-di-Francesco.local --- [           main] w.s.c.ServletWebServerApplicationContext : Root WebApplicationContext: initialization completed in 1412 ms
2021-10-13 11:08:51.571  INFO MacBook-Pro-di-Francesco.local --- [           main] o.h.j.i.u.LogHelper                      : HHH000204: Processing PersistenceUnitInfo [name: default]
2021-10-13 11:08:51.630  INFO MacBook-Pro-di-Francesco.local --- [           main] o.h.Version                              : HHH000412: Hibernate ORM core version 5.4.32.Final
2021-10-13 11:08:51.776  INFO MacBook-Pro-di-Francesco.local --- [           main] o.h.a.c.Version                          : HCANN000001: Hibernate Commons Annotations {5.1.2.Final}
2021-10-13 11:08:51.875  INFO MacBook-Pro-di-Francesco.local --- [           main] c.z.h.HikariDataSource                   : HikariPool-1 - Starting...
2021-10-13 11:08:51.880  WARN MacBook-Pro-di-Francesco.local --- [           main] c.z.h.u.DriverDataSource                 : Registered driver with driverClassName=com.mysql.jdbc.Driver was not found, trying direct instantiation.
2021-10-13 11:08:52.195  INFO MacBook-Pro-di-Francesco.local --- [           main] c.z.h.HikariDataSource                   : HikariPool-1 - Start completed.
2021-10-13 11:08:52.238  INFO MacBook-Pro-di-Francesco.local --- [           main] o.h.d.Dialect                            : HHH000400: Using dialect: org.hibernate.dialect.MySQL8Dialect
2021-10-13 11:08:52.953  INFO MacBook-Pro-di-Francesco.local --- [           main] o.h.e.t.j.p.i.JtaPlatformInitiator       : HHH000490: Using JtaPlatform implementation: [org.hibernate.engine.transaction.jta.platform.internal.NoJtaPlatform]
2021-10-13 11:08:52.962  INFO MacBook-Pro-di-Francesco.local --- [           main] j.LocalContainerEntityManagerFactoryBean : Initialized JPA EntityManagerFactory for persistence unit 'default'
2021-10-13 11:08:53.499  WARN MacBook-Pro-di-Francesco.local --- [           main] JpaBaseConfiguration$JpaWebConfiguration : spring.jpa.open-in-view is enabled by default. Therefore, database queries may be performed during view rendering. Explicitly configure spring.jpa.open-in-view to disable this warning
2021-10-13 11:08:53.529  INFO MacBook-Pro-di-Francesco.local --- [           main] c.p.s.WebSecurityConfig                  : authenticationManagerBean() - start
2021-10-13 11:08:53.529  INFO MacBook-Pro-di-Francesco.local --- [           main] c.p.s.WebSecurityConfig                  : authenticationManagerBean() - end
2021-10-13 11:08:53.691  INFO MacBook-Pro-di-Francesco.local --- [           main] c.p.s.WebSecurityConfig                  : configure(http) - start
2021-10-13 11:08:53.693  INFO MacBook-Pro-di-Francesco.local --- [           main] c.p.s.JwtTokenFilterConfigurer           : JwtTokenFilterConfigurer() - start
2021-10-13 11:08:53.693  INFO MacBook-Pro-di-Francesco.local --- [           main] c.p.s.JwtTokenFilterConfigurer           : JwtTokenFilterConfigurer() - end
2021-10-13 11:08:53.694  INFO MacBook-Pro-di-Francesco.local --- [           main] c.p.s.WebSecurityConfig                  : configure(http) - end
2021-10-13 11:08:53.694  INFO MacBook-Pro-di-Francesco.local --- [           main] c.p.s.WebSecurityConfig                  : configure(web) - start
2021-10-13 11:08:53.694  INFO MacBook-Pro-di-Francesco.local --- [           main] c.p.s.WebSecurityConfig                  : configure(http) - end
2021-10-13 11:08:53.695  INFO MacBook-Pro-di-Francesco.local --- [           main] o.s.s.w.DefaultSecurityFilterChain       : Will secure Ant [pattern='/v2/api-docs'] with []
2021-10-13 11:08:53.695  INFO MacBook-Pro-di-Francesco.local --- [           main] o.s.s.w.DefaultSecurityFilterChain       : Will secure Ant [pattern='/swagger-resources/**'] with []
2021-10-13 11:08:53.695  INFO MacBook-Pro-di-Francesco.local --- [           main] o.s.s.w.DefaultSecurityFilterChain       : Will secure Ant [pattern='/swagger-ui.html'] with []
2021-10-13 11:08:53.696  INFO MacBook-Pro-di-Francesco.local --- [           main] o.s.s.w.DefaultSecurityFilterChain       : Will secure Ant [pattern='/configuration/**'] with []
2021-10-13 11:08:53.696  INFO MacBook-Pro-di-Francesco.local --- [           main] o.s.s.w.DefaultSecurityFilterChain       : Will secure Ant [pattern='/webjars/**'] with []
2021-10-13 11:08:53.696  INFO MacBook-Pro-di-Francesco.local --- [           main] o.s.s.w.DefaultSecurityFilterChain       : Will secure Ant [pattern='/auth/login'] with []
2021-10-13 11:08:53.696  INFO MacBook-Pro-di-Francesco.local --- [           main] o.s.s.w.DefaultSecurityFilterChain       : Will secure Ant [pattern='/h2-console/**/**'] with []
2021-10-13 11:08:53.773  INFO MacBook-Pro-di-Francesco.local --- [           main] c.p.s.WebSecurityConfig                  : addCorsMappings() - start
2021-10-13 11:08:53.774  INFO MacBook-Pro-di-Francesco.local --- [           main] c.p.s.WebSecurityConfig                  : addCorsMappings() - end
2021-10-13 11:08:53.898  INFO MacBook-Pro-di-Francesco.local --- [           main] c.p.s.JwtTokenFilterConfigurer           : configure() - start
2021-10-13 11:08:53.899  INFO MacBook-Pro-di-Francesco.local --- [           main] c.p.s.JwtTokenFilterConfigurer           : configure() - end
2021-10-13 11:08:53.899  INFO MacBook-Pro-di-Francesco.local --- [           main] o.s.s.w.DefaultSecurityFilterChain       : Will secure any request with [org.springframework.security.web.context.request.async.WebAsyncManagerIntegrationFilter@158cb50a, org.springframework.security.web.context.SecurityContextPersistenceFilter@753c7411, org.springframework.security.web.header.HeaderWriterFilter@2786b644, org.springframework.web.filter.CorsFilter@649a6d88, org.springframework.security.web.authentication.logout.LogoutFilter@4bd39edc, com.portaleps.security.JwtTokenFilter@69e23e94, org.springframework.security.web.savedrequest.RequestCacheAwareFilter@499445d2, org.springframework.security.web.servletapi.SecurityContextHolderAwareRequestFilter@1c0a143, org.springframework.security.web.authentication.AnonymousAuthenticationFilter@55c78556, org.springframework.security.web.session.SessionManagementFilter@27caa186, org.springframework.security.web.access.ExceptionTranslationFilter@65293ca5, org.springframework.security.web.access.intercept.FilterSecurityInterceptor@9e092b5]
2021-10-13 11:08:54.087  INFO MacBook-Pro-di-Francesco.local --- [           main] o.a.c.h.Http11NioProtocol                : Starting ProtocolHandler ["http-nio-8080"]
2021-10-13 11:08:54.114  INFO MacBook-Pro-di-Francesco.local --- [           main] o.s.b.w.e.t.TomcatWebServer              : Tomcat started on port(s): 8080 (http) with context path ''
2021-10-13 11:08:54.121  INFO MacBook-Pro-di-Francesco.local --- [           main] c.p.PortalepsApplication                 : Started PortalepsApplication in 4.888 seconds (JVM running for 10.751)
2021-10-13 11:08:54.279  INFO MacBook-Pro-di-Francesco.local --- [           main] c.p.PortalepsApplication                 : initFolders() - start
2021-10-13 11:08:54.281  INFO MacBook-Pro-di-Francesco.local --- [           main] c.p.PortalepsApplication                 : initFolders() - folders created
2021-10-13 11:08:54.281  INFO MacBook-Pro-di-Francesco.local --- [           main] c.p.PortalepsApplication                 : initFolders() - end
2021-10-13 11:09:03.265  INFO MacBook-Pro-di-Francesco.local --- [nio-8080-exec-1] o.a.c.c.C.[.[.[/]                        : Initializing Spring DispatcherServlet 'dispatcherServlet'
2021-10-13 11:09:03.267  INFO MacBook-Pro-di-Francesco.local --- [nio-8080-exec-1] o.s.w.s.DispatcherServlet                : Initializing Servlet 'dispatcherServlet'
2021-10-13 11:09:03.272  INFO MacBook-Pro-di-Francesco.local --- [nio-8080-exec-1] o.s.w.s.DispatcherServlet                : Completed initialization in 5 ms
2021-10-13 11:09:03.376  INFO MacBook-Pro-di-Francesco.local --- [nio-8080-exec-2] c.p.s.JwtTokenFilter                     : doFilterInternal() - start
2021-10-13 11:09:03.509  INFO MacBook-Pro-di-Francesco.local --- [nio-8080-exec-2] c.p.h.UserHelper                         : loadUserByToken() - start
2021-10-13 11:09:03.510  INFO MacBook-Pro-di-Francesco.local --- [nio-8080-exec-2] c.p.h.UserHelper                         : loadUserByToken() - end
2021-10-13 11:09:03.557  INFO MacBook-Pro-di-Francesco.local --- [nio-8080-exec-2] c.p.c.ArchiveController                  : getMyArchives() - start
2021-10-13 11:09:03.557  INFO MacBook-Pro-di-Francesco.local --- [nio-8080-exec-2] c.p.h.UserHelper                         : getCurrentUser() - start
2021-10-13 11:09:03.557  INFO MacBook-Pro-di-Francesco.local --- [nio-8080-exec-2] c.p.h.UserHelper                         : getCurrentUser() - end
2021-10-13 11:09:03.569  INFO MacBook-Pro-di-Francesco.local --- [nio-8080-exec-2] c.p.c.ArchiveController                  : Richieta da utente [admin]
2021-10-13 11:09:03.576  INFO MacBook-Pro-di-Francesco.local --- [nio-8080-exec-2] c.p.s.ArchiveService                     : getArchivesByUser() - start
2021-10-13 11:09:03.576  INFO MacBook-Pro-di-Francesco.local --- [nio-8080-exec-2] c.p.h.UserHelper                         : getCurrentUser() - start
2021-10-13 11:09:03.576  INFO MacBook-Pro-di-Francesco.local --- [nio-8080-exec-2] c.p.h.UserHelper                         : getCurrentUser() - end
2021-10-13 11:09:03.667  INFO MacBook-Pro-di-Francesco.local --- [nio-8080-exec-2] c.p.s.ArchiveService                     : getArchivesByUser() - end
2021-10-13 11:09:03.668  INFO MacBook-Pro-di-Francesco.local --- [nio-8080-exec-2] c.p.c.ArchiveController                  : getMyArchives() - end
2021-10-13 11:09:03.849  INFO MacBook-Pro-di-Francesco.local --- [nio-8080-exec-2] c.p.s.JwtTokenFilter                     : doFilterInternal() - end
2021-10-13 11:09:06.419  INFO MacBook-Pro-di-Francesco.local --- [nio-8080-exec-4] c.p.s.JwtTokenFilter                     : doFilterInternal() - start
2021-10-13 11:09:06.422  INFO MacBook-Pro-di-Francesco.local --- [nio-8080-exec-4] c.p.h.UserHelper                         : loadUserByToken() - start
2021-10-13 11:09:06.424  INFO MacBook-Pro-di-Francesco.local --- [nio-8080-exec-4] c.p.h.UserHelper                         : loadUserByToken() - end
2021-10-13 11:09:06.469  INFO MacBook-Pro-di-Francesco.local --- [nio-8080-exec-4] c.p.c.VerbaleController                  : getAll() - start
2021-10-13 11:09:06.469  INFO MacBook-Pro-di-Francesco.local --- [nio-8080-exec-4] c.p.h.UserHelper                         : getCurrentUser() - start
2021-10-13 11:09:06.469  INFO MacBook-Pro-di-Francesco.local --- [nio-8080-exec-4] c.p.h.UserHelper                         : getCurrentUser() - end
2021-10-13 11:09:06.486  INFO MacBook-Pro-di-Francesco.local --- [nio-8080-exec-4] c.p.c.VerbaleController                  : Richieta da utente [admin] per archivio: [1] con parametri: [{"filters":{},"pagination":[25,0]}]
2021-10-13 11:09:06.493  INFO MacBook-Pro-di-Francesco.local --- [nio-8080-exec-4] c.p.s.UserService                        : preliminaryChecks() - start
2021-10-13 11:09:06.493  INFO MacBook-Pro-di-Francesco.local --- [nio-8080-exec-4] c.p.h.UserHelper                         : getCurrentUser() - start
2021-10-13 11:09:06.493  INFO MacBook-Pro-di-Francesco.local --- [nio-8080-exec-4] c.p.h.UserHelper                         : getCurrentUser() - end
2021-10-13 11:09:06.515  INFO MacBook-Pro-di-Francesco.local --- [nio-8080-exec-4] c.p.s.UserService                        : userHasAccessToArchive() - start
2021-10-13 11:09:06.515  INFO MacBook-Pro-di-Francesco.local --- [nio-8080-exec-4] c.p.s.UserService                        : userHasAccessToArchive() - end
2021-10-13 11:09:06.521  INFO MacBook-Pro-di-Francesco.local --- [nio-8080-exec-4] c.p.s.UserService                        : preliminaryChecks() - end
2021-10-13 11:09:06.523  INFO MacBook-Pro-di-Francesco.local --- [nio-8080-exec-4] c.p.s.VerbaleService                     : getVerbaliLength() - start
2021-10-13 11:09:06.525  INFO MacBook-Pro-di-Francesco.local --- [nio-8080-exec-4] c.p.h.QueryBuilder                       : buildCountRows() - start
2021-10-13 11:09:06.525  INFO MacBook-Pro-di-Francesco.local --- [nio-8080-exec-4] c.p.h.QueryBuilder                       : appendWhereCondition() - start
2021-10-13 11:09:06.525  INFO MacBook-Pro-di-Francesco.local --- [nio-8080-exec-4] c.p.h.QueryBuilder                       : appendWhereCondition() - end
2021-10-13 11:09:06.526  INFO MacBook-Pro-di-Francesco.local --- [nio-8080-exec-4] c.p.h.QueryBuilder                       : buildCountRows() - end
2021-10-13 11:09:06.526  INFO MacBook-Pro-di-Francesco.local --- [nio-8080-exec-4] c.p.h.DatabaseHelper                     : performQuery() - start
2021-10-13 11:09:06.526  INFO MacBook-Pro-di-Francesco.local --- [nio-8080-exec-4] c.p.h.DatabaseHelper                     : createConnection() - start
2021-10-13 11:09:06.529  INFO MacBook-Pro-di-Francesco.local --- [nio-8080-exec-4] c.p.h.DatabaseHelper                     : mapDriverClassName() - start
2021-10-13 11:09:06.529  INFO MacBook-Pro-di-Francesco.local --- [nio-8080-exec-4] c.p.h.DatabaseHelper                     : mapDriverClassName() - class name found
2021-10-13 11:09:06.530  INFO MacBook-Pro-di-Francesco.local --- [nio-8080-exec-4] c.p.h.DatabaseHelper                     : mapDriverClassName() - end
2021-10-13 11:09:06.881  INFO MacBook-Pro-di-Francesco.local --- [nio-8080-exec-4] c.p.h.DatabaseHelper                     : createConnection() - connection created
2021-10-13 11:09:06.917  INFO MacBook-Pro-di-Francesco.local --- [nio-8080-exec-4] c.p.h.DatabaseHelper                     : performQuery() - connection closed
2021-10-13 11:09:06.917  INFO MacBook-Pro-di-Francesco.local --- [nio-8080-exec-4] c.p.h.DatabaseHelper                     : performQuery() - end
2021-10-13 11:09:06.917  INFO MacBook-Pro-di-Francesco.local --- [nio-8080-exec-4] c.p.s.VerbaleService                     : getVerbaliLength() - end
2021-10-13 11:09:06.917  INFO MacBook-Pro-di-Francesco.local --- [nio-8080-exec-4] c.p.s.VerbaleService                     : populatePagination() - start
2021-10-13 11:09:06.917  INFO MacBook-Pro-di-Francesco.local --- [nio-8080-exec-4] c.p.s.VerbaleService                     : populatePagination() - end
2021-10-13 11:09:06.918  INFO MacBook-Pro-di-Francesco.local --- [nio-8080-exec-4] c.p.s.VerbaleService                     : getVerbali() - start
2021-10-13 11:09:06.918  INFO MacBook-Pro-di-Francesco.local --- [nio-8080-exec-4] c.p.h.QueryBuilder                       : buildSearchQuery() - start
2021-10-13 11:09:06.918  INFO MacBook-Pro-di-Francesco.local --- [nio-8080-exec-4] c.p.h.QueryBuilder                       : appendWhereCondition() - start
2021-10-13 11:09:06.918  INFO MacBook-Pro-di-Francesco.local --- [nio-8080-exec-4] c.p.h.QueryBuilder                       : appendWhereCondition() - end
2021-10-13 11:09:06.918  INFO MacBook-Pro-di-Francesco.local --- [nio-8080-exec-4] c.p.h.QueryBuilder                       : appendPagination() - start
2021-10-13 11:09:06.919  INFO MacBook-Pro-di-Francesco.local --- [nio-8080-exec-4] c.p.h.QueryBuilder                       : appendPagination() - end
2021-10-13 11:09:06.919  INFO MacBook-Pro-di-Francesco.local --- [nio-8080-exec-4] c.p.h.QueryBuilder                       : buildSearchQuery() - end
2021-10-13 11:09:06.919  INFO MacBook-Pro-di-Francesco.local --- [nio-8080-exec-4] c.p.h.DatabaseHelper                     : performQuery() - start
2021-10-13 11:09:06.920  INFO MacBook-Pro-di-Francesco.local --- [nio-8080-exec-4] c.p.h.DatabaseHelper                     : createConnection() - start
2021-10-13 11:09:06.920  INFO MacBook-Pro-di-Francesco.local --- [nio-8080-exec-4] c.p.h.DatabaseHelper                     : mapDriverClassName() - start
2021-10-13 11:09:06.920  INFO MacBook-Pro-di-Francesco.local --- [nio-8080-exec-4] c.p.h.DatabaseHelper                     : mapDriverClassName() - class name found
2021-10-13 11:09:06.920  INFO MacBook-Pro-di-Francesco.local --- [nio-8080-exec-4] c.p.h.DatabaseHelper                     : mapDriverClassName() - end
2021-10-13 11:09:07.258  INFO MacBook-Pro-di-Francesco.local --- [nio-8080-exec-4] c.p.h.DatabaseHelper                     : createConnection() - connection created
2021-10-13 11:09:07.309 ERROR MacBook-Pro-di-Francesco.local --- [nio-8080-exec-4] c.p.h.DatabaseHelper                     : performQuery() - query not executed: SELECT vv.colore AS Colore, vv.id_accesso AS Accesso, vv.nome AS Nome, vv.cognome AS Cognome, vv.cod_fisc AS "Codice Fiscale", vv.problema_accesso AS "Problema Accesso", vv.data_accesso AS "Data Accesso", vv.ora_accesso AS "Ora Accesso", vv.data_dimissione AS "Data Dimissione", vv.ora_dimissione AS "Ora Dimissione", GROUP_CONCAT(vv.diagnosi SEPARATOR ' - ') as Diagnosi, vv.esito AS "Esito Trattamento"  FROM view_verbali vv  LIMIT 25 OFFSET 0  GROUP BY vv.id_accesso ;
2021-10-13 11:09:07.317 ERROR MacBook-Pro-di-Francesco.local --- [nio-8080-exec-4] o.a.c.c.C.[.[.[.[dispatcherServlet]      : Servlet.service() for servlet [dispatcherServlet] in context with path [] threw exception [Request processing failed; nested exception is com.portaleps.exception.CustomException: Bad query] with root cause
com.portaleps.exception.CustomException: Bad query
	at com.portaleps.helper.DatabaseHelper.performQuery(DatabaseHelper.java:75)
	at com.portaleps.service.VerbaleService.getVerbali(VerbaleService.java:48)
	at com.portaleps.controller.VerbaleController.getAll(VerbaleController.java:60)
	at java.base/jdk.internal.reflect.NativeMethodAccessorImpl.invoke0(Native Method)
	at java.base/jdk.internal.reflect.NativeMethodAccessorImpl.invoke(NativeMethodAccessorImpl.java:62)
	at java.base/jdk.internal.reflect.DelegatingMethodAccessorImpl.invoke(DelegatingMethodAccessorImpl.java:43)
	at java.base/java.lang.reflect.Method.invoke(Method.java:566)
	at org.springframework.web.method.support.InvocableHandlerMethod.doInvoke(InvocableHandlerMethod.java:197)
	at org.springframework.web.method.support.InvocableHandlerMethod.invokeForRequest(InvocableHandlerMethod.java:141)
	at org.springframework.web.servlet.mvc.method.annotation.ServletInvocableHandlerMethod.invokeAndHandle(ServletInvocableHandlerMethod.java:106)
	at org.springframework.web.servlet.mvc.method.annotation.RequestMappingHandlerAdapter.invokeHandlerMethod(RequestMappingHandlerAdapter.java:895)
	at org.springframework.web.servlet.mvc.method.annotation.RequestMappingHandlerAdapter.handleInternal(RequestMappingHandlerAdapter.java:808)
	at org.springframework.web.servlet.mvc.method.AbstractHandlerMethodAdapter.handle(AbstractHandlerMethodAdapter.java:87)
	at org.springframework.web.servlet.DispatcherServlet.doDispatch(DispatcherServlet.java:1064)
	at org.springframework.web.servlet.DispatcherServlet.doService(DispatcherServlet.java:963)
	at org.springframework.web.servlet.FrameworkServlet.processRequest(FrameworkServlet.java:1006)
	at org.springframework.web.servlet.FrameworkServlet.doPost(FrameworkServlet.java:909)
	at javax.servlet.http.HttpServlet.service(HttpServlet.java:681)
	at org.springframework.web.servlet.FrameworkServlet.service(FrameworkServlet.java:883)
	at javax.servlet.http.HttpServlet.service(HttpServlet.java:764)
	at org.apache.catalina.core.ApplicationFilterChain.internalDoFilter(ApplicationFilterChain.java:227)
	at org.apache.catalina.core.ApplicationFilterChain.doFilter(ApplicationFilterChain.java:162)
	at org.apache.tomcat.websocket.server.WsFilter.doFilter(WsFilter.java:53)
	at org.apache.catalina.core.ApplicationFilterChain.internalDoFilter(ApplicationFilterChain.java:189)
	at org.apache.catalina.core.ApplicationFilterChain.doFilter(ApplicationFilterChain.java:162)
	at org.springframework.security.web.FilterChainProxy$VirtualFilterChain.doFilter(FilterChainProxy.java:327)
	at org.springframework.security.web.access.intercept.FilterSecurityInterceptor.invoke(FilterSecurityInterceptor.java:115)
	at org.springframework.security.web.access.intercept.FilterSecurityInterceptor.doFilter(FilterSecurityInterceptor.java:81)
	at org.springframework.security.web.FilterChainProxy$VirtualFilterChain.doFilter(FilterChainProxy.java:336)
	at org.springframework.security.web.access.ExceptionTranslationFilter.doFilter(ExceptionTranslationFilter.java:121)
	at org.springframework.security.web.access.ExceptionTranslationFilter.doFilter(ExceptionTranslationFilter.java:115)
	at org.springframework.security.web.FilterChainProxy$VirtualFilterChain.doFilter(FilterChainProxy.java:336)
	at org.springframework.security.web.session.SessionManagementFilter.doFilter(SessionManagementFilter.java:126)
	at org.springframework.security.web.session.SessionManagementFilter.doFilter(SessionManagementFilter.java:81)
	at org.springframework.security.web.FilterChainProxy$VirtualFilterChain.doFilter(FilterChainProxy.java:336)
	at org.springframework.security.web.authentication.AnonymousAuthenticationFilter.doFilter(AnonymousAuthenticationFilter.java:105)
	at org.springframework.security.web.FilterChainProxy$VirtualFilterChain.doFilter(FilterChainProxy.java:336)
	at org.springframework.security.web.servletapi.SecurityContextHolderAwareRequestFilter.doFilter(SecurityContextHolderAwareRequestFilter.java:149)
	at org.springframework.security.web.FilterChainProxy$VirtualFilterChain.doFilter(FilterChainProxy.java:336)
	at org.springframework.security.web.savedrequest.RequestCacheAwareFilter.doFilter(RequestCacheAwareFilter.java:63)
	at org.springframework.security.web.FilterChainProxy$VirtualFilterChain.doFilter(FilterChainProxy.java:336)
	at com.portaleps.security.JwtTokenFilter.doFilterInternal(JwtTokenFilter.java:49)
	at org.springframework.web.filter.OncePerRequestFilter.doFilter(OncePerRequestFilter.java:119)
	at org.springframework.security.web.FilterChainProxy$VirtualFilterChain.doFilter(FilterChainProxy.java:336)
	at org.springframework.security.web.authentication.logout.LogoutFilter.doFilter(LogoutFilter.java:103)
	at org.springframework.security.web.authentication.logout.LogoutFilter.doFilter(LogoutFilter.java:89)
	at org.springframework.security.web.FilterChainProxy$VirtualFilterChain.doFilter(FilterChainProxy.java:336)
	at org.springframework.web.filter.CorsFilter.doFilterInternal(CorsFilter.java:91)
	at org.springframework.web.filter.OncePerRequestFilter.doFilter(OncePerRequestFilter.java:119)
	at org.springframework.security.web.FilterChainProxy$VirtualFilterChain.doFilter(FilterChainProxy.java:336)
	at org.springframework.security.web.header.HeaderWriterFilter.doHeadersAfter(HeaderWriterFilter.java:90)
	at org.springframework.security.web.header.HeaderWriterFilter.doFilterInternal(HeaderWriterFilter.java:75)
	at org.springframework.web.filter.OncePerRequestFilter.doFilter(OncePerRequestFilter.java:119)
	at org.springframework.security.web.FilterChainProxy$VirtualFilterChain.doFilter(FilterChainProxy.java:336)
	at org.springframework.security.web.context.SecurityContextPersistenceFilter.doFilter(SecurityContextPersistenceFilter.java:110)
	at org.springframework.security.web.context.SecurityContextPersistenceFilter.doFilter(SecurityContextPersistenceFilter.java:80)
	at org.springframework.security.web.FilterChainProxy$VirtualFilterChain.doFilter(FilterChainProxy.java:336)
	at org.springframework.security.web.context.request.async.WebAsyncManagerIntegrationFilter.doFilterInternal(WebAsyncManagerIntegrationFilter.java:55)
	at org.springframework.web.filter.OncePerRequestFilter.doFilter(OncePerRequestFilter.java:119)
	at org.springframework.security.web.FilterChainProxy$VirtualFilterChain.doFilter(FilterChainProxy.java:336)
	at org.springframework.security.web.FilterChainProxy.doFilterInternal(FilterChainProxy.java:211)
	at org.springframework.security.web.FilterChainProxy.doFilter(FilterChainProxy.java:183)
	at org.springframework.web.filter.DelegatingFilterProxy.invokeDelegate(DelegatingFilterProxy.java:358)
	at org.springframework.web.filter.DelegatingFilterProxy.doFilter(DelegatingFilterProxy.java:271)
	at org.apache.catalina.core.ApplicationFilterChain.internalDoFilter(ApplicationFilterChain.java:189)
	at org.apache.catalina.core.ApplicationFilterChain.doFilter(ApplicationFilterChain.java:162)
	at org.springframework.web.filter.RequestContextFilter.doFilterInternal(RequestContextFilter.java:100)
	at org.springframework.web.filter.OncePerRequestFilter.doFilter(OncePerRequestFilter.java:119)
	at org.apache.catalina.core.ApplicationFilterChain.internalDoFilter(ApplicationFilterChain.java:189)
	at org.apache.catalina.core.ApplicationFilterChain.doFilter(ApplicationFilterChain.java:162)
	at org.springframework.web.filter.FormContentFilter.doFilterInternal(FormContentFilter.java:93)
	at org.springframework.web.filter.OncePerRequestFilter.doFilter(OncePerRequestFilter.java:119)
	at org.apache.catalina.core.ApplicationFilterChain.internalDoFilter(ApplicationFilterChain.java:189)
	at org.apache.catalina.core.ApplicationFilterChain.doFilter(ApplicationFilterChain.java:162)
	at org.springframework.web.filter.CharacterEncodingFilter.doFilterInternal(CharacterEncodingFilter.java:201)
	at org.springframework.web.filter.OncePerRequestFilter.doFilter(OncePerRequestFilter.java:119)
	at org.apache.catalina.core.ApplicationFilterChain.internalDoFilter(ApplicationFilterChain.java:189)
	at org.apache.catalina.core.ApplicationFilterChain.doFilter(ApplicationFilterChain.java:162)
	at org.apache.catalina.core.StandardWrapperValve.invoke(StandardWrapperValve.java:197)
	at org.apache.catalina.core.StandardContextValve.invoke(StandardContextValve.java:97)
	at org.apache.catalina.authenticator.AuthenticatorBase.invoke(AuthenticatorBase.java:542)
	at org.apache.catalina.core.StandardHostValve.invoke(StandardHostValve.java:135)
	at org.apache.catalina.valves.ErrorReportValve.invoke(ErrorReportValve.java:92)
	at org.apache.catalina.core.StandardEngineValve.invoke(StandardEngineValve.java:78)
	at org.apache.catalina.connector.CoyoteAdapter.service(CoyoteAdapter.java:357)
	at org.apache.coyote.http11.Http11Processor.service(Http11Processor.java:382)
	at org.apache.coyote.AbstractProcessorLight.process(AbstractProcessorLight.java:65)
	at org.apache.coyote.AbstractProtocol$ConnectionHandler.process(AbstractProtocol.java:893)
	at org.apache.tomcat.util.net.NioEndpoint$SocketProcessor.doRun(NioEndpoint.java:1726)
	at org.apache.tomcat.util.net.SocketProcessorBase.run(SocketProcessorBase.java:49)
	at org.apache.tomcat.util.threads.ThreadPoolExecutor.runWorker(ThreadPoolExecutor.java:1191)
	at org.apache.tomcat.util.threads.ThreadPoolExecutor$Worker.run(ThreadPoolExecutor.java:659)
	at org.apache.tomcat.util.threads.TaskThread$WrappingRunnable.run(TaskThread.java:61)
	at java.base/java.lang.Thread.run(Thread.java:834)
2021-10-13 11:10:10.120  INFO MacBook-Pro-di-Francesco.local --- [ionShutdownHook] j.LocalContainerEntityManagerFactoryBean : Closing JPA EntityManagerFactory for persistence unit 'default'
2021-10-13 11:10:10.134  INFO MacBook-Pro-di-Francesco.local --- [ionShutdownHook] c.z.h.HikariDataSource                   : HikariPool-1 - Shutdown initiated...
2021-10-13 11:10:10.163  INFO MacBook-Pro-di-Francesco.local --- [ionShutdownHook] c.z.h.HikariDataSource                   : HikariPool-1 - Shutdown completed.
