2021-10-13 11:07:24.986  INFO MacBook-Pro-di-Francesco.local --- [           main] c.p.PortalepsApplication                 : Starting PortalepsApplication using Java 11.0.12 on MacBook-Pro-di-Francesco.local with PID 35998 (/Users/merjf/Documents/Work/Projects/Messina/Pronto Soccorso Messina/aspme-ps-repo/target/classes started by merjf in /Users/merjf/Documents/Work/Projects/Messina/Pronto Soccorso Messina/aspme-ps-repo)
2021-10-13 11:07:24.996  INFO MacBook-Pro-di-Francesco.local --- [           main] c.p.PortalepsApplication                 : No active profile set, falling back to default profiles: default
2021-10-13 11:07:25.790  INFO MacBook-Pro-di-Francesco.local --- [           main] .s.d.r.c.RepositoryConfigurationDelegate : Bootstrapping Spring Data JPA repositories in DEFAULT mode.
2021-10-13 11:07:25.867  INFO MacBook-Pro-di-Francesco.local --- [           main] .s.d.r.c.RepositoryConfigurationDelegate : Finished Spring Data repository scanning in 69 ms. Found 3 JPA repository interfaces.
2021-10-13 11:07:26.199  INFO MacBook-Pro-di-Francesco.local --- [           main] trationDelegate$BeanPostProcessorChecker : Bean 'org.springframework.security.access.expression.method.DefaultMethodSecurityExpressionHandler@3596b249' of type [org.springframework.security.access.expression.method.DefaultMethodSecurityExpressionHandler] is not eligible for getting processed by all BeanPostProcessors (for example: not eligible for auto-proxying)
2021-10-13 11:07:26.204  INFO MacBook-Pro-di-Francesco.local --- [           main] trationDelegate$BeanPostProcessorChecker : Bean 'methodSecurityMetadataSource' of type [org.springframework.security.access.method.DelegatingMethodSecurityMetadataSource] is not eligible for getting processed by all BeanPostProcessors (for example: not eligible for auto-proxying)
2021-10-13 11:07:26.490  INFO MacBook-Pro-di-Francesco.local --- [           main] o.s.b.w.e.t.TomcatWebServer              : Tomcat initialized with port(s): 8080 (http)
2021-10-13 11:07:26.501  INFO MacBook-Pro-di-Francesco.local --- [           main] o.a.c.h.Http11NioProtocol                : Initializing ProtocolHandler ["http-nio-8080"]
2021-10-13 11:07:26.501  INFO MacBook-Pro-di-Francesco.local --- [           main] o.a.c.c.StandardService                  : Starting service [Tomcat]
2021-10-13 11:07:26.502  INFO MacBook-Pro-di-Francesco.local --- [           main] o.a.c.c.StandardEngine                   : Starting Servlet engine: [Apache Tomcat/9.0.52]
2021-10-13 11:07:26.588  INFO MacBook-Pro-di-Francesco.local --- [           main] o.a.c.c.C.[.[.[/]                        : Initializing Spring embedded WebApplicationContext
2021-10-13 11:07:26.588  INFO MacBook-Pro-di-Francesco.local --- [           main] w.s.c.ServletWebServerApplicationContext : Root WebApplicationContext: initialization completed in 1527 ms
2021-10-13 11:07:26.786  INFO MacBook-Pro-di-Francesco.local --- [           main] o.h.j.i.u.LogHelper                      : HHH000204: Processing PersistenceUnitInfo [name: default]
2021-10-13 11:07:26.853  INFO MacBook-Pro-di-Francesco.local --- [           main] o.h.Version                              : HHH000412: Hibernate ORM core version 5.4.32.Final
2021-10-13 11:07:27.025  INFO MacBook-Pro-di-Francesco.local --- [           main] o.h.a.c.Version                          : HCANN000001: Hibernate Commons Annotations {5.1.2.Final}
2021-10-13 11:07:27.144  INFO MacBook-Pro-di-Francesco.local --- [           main] c.z.h.HikariDataSource                   : HikariPool-1 - Starting...
2021-10-13 11:07:27.149  WARN MacBook-Pro-di-Francesco.local --- [           main] c.z.h.u.DriverDataSource                 : Registered driver with driverClassName=com.mysql.jdbc.Driver was not found, trying direct instantiation.
2021-10-13 11:07:27.614  INFO MacBook-Pro-di-Francesco.local --- [           main] c.z.h.HikariDataSource                   : HikariPool-1 - Start completed.
2021-10-13 11:07:27.662  INFO MacBook-Pro-di-Francesco.local --- [           main] o.h.d.Dialect                            : HHH000400: Using dialect: org.hibernate.dialect.MySQL8Dialect
2021-10-13 11:07:28.446  INFO MacBook-Pro-di-Francesco.local --- [           main] o.h.e.t.j.p.i.JtaPlatformInitiator       : HHH000490: Using JtaPlatform implementation: [org.hibernate.engine.transaction.jta.platform.internal.NoJtaPlatform]
2021-10-13 11:07:28.455  INFO MacBook-Pro-di-Francesco.local --- [           main] j.LocalContainerEntityManagerFactoryBean : Initialized JPA EntityManagerFactory for persistence unit 'default'
2021-10-13 11:07:28.987  WARN MacBook-Pro-di-Francesco.local --- [           main] JpaBaseConfiguration$JpaWebConfiguration : spring.jpa.open-in-view is enabled by default. Therefore, database queries may be performed during view rendering. Explicitly configure spring.jpa.open-in-view to disable this warning
2021-10-13 11:07:29.020  INFO MacBook-Pro-di-Francesco.local --- [           main] c.p.s.WebSecurityConfig                  : authenticationManagerBean() - start
2021-10-13 11:07:29.020  INFO MacBook-Pro-di-Francesco.local --- [           main] c.p.s.WebSecurityConfig                  : authenticationManagerBean() - end
2021-10-13 11:07:29.202  INFO MacBook-Pro-di-Francesco.local --- [           main] c.p.s.WebSecurityConfig                  : configure(http) - start
2021-10-13 11:07:29.205  INFO MacBook-Pro-di-Francesco.local --- [           main] c.p.s.JwtTokenFilterConfigurer           : JwtTokenFilterConfigurer() - start
2021-10-13 11:07:29.205  INFO MacBook-Pro-di-Francesco.local --- [           main] c.p.s.JwtTokenFilterConfigurer           : JwtTokenFilterConfigurer() - end
2021-10-13 11:07:29.205  INFO MacBook-Pro-di-Francesco.local --- [           main] c.p.s.WebSecurityConfig                  : configure(http) - end
2021-10-13 11:07:29.206  INFO MacBook-Pro-di-Francesco.local --- [           main] c.p.s.WebSecurityConfig                  : configure(web) - start
2021-10-13 11:07:29.206  INFO MacBook-Pro-di-Francesco.local --- [           main] c.p.s.WebSecurityConfig                  : configure(http) - end
2021-10-13 11:07:29.207  INFO MacBook-Pro-di-Francesco.local --- [           main] o.s.s.w.DefaultSecurityFilterChain       : Will secure Ant [pattern='/v2/api-docs'] with []
2021-10-13 11:07:29.207  INFO MacBook-Pro-di-Francesco.local --- [           main] o.s.s.w.DefaultSecurityFilterChain       : Will secure Ant [pattern='/swagger-resources/**'] with []
2021-10-13 11:07:29.207  INFO MacBook-Pro-di-Francesco.local --- [           main] o.s.s.w.DefaultSecurityFilterChain       : Will secure Ant [pattern='/swagger-ui.html'] with []
2021-10-13 11:07:29.207  INFO MacBook-Pro-di-Francesco.local --- [           main] o.s.s.w.DefaultSecurityFilterChain       : Will secure Ant [pattern='/configuration/**'] with []
2021-10-13 11:07:29.208  INFO MacBook-Pro-di-Francesco.local --- [           main] o.s.s.w.DefaultSecurityFilterChain       : Will secure Ant [pattern='/webjars/**'] with []
2021-10-13 11:07:29.208  INFO MacBook-Pro-di-Francesco.local --- [           main] o.s.s.w.DefaultSecurityFilterChain       : Will secure Ant [pattern='/auth/login'] with []
2021-10-13 11:07:29.208  INFO MacBook-Pro-di-Francesco.local --- [           main] o.s.s.w.DefaultSecurityFilterChain       : Will secure Ant [pattern='/h2-console/**/**'] with []
2021-10-13 11:07:29.271  INFO MacBook-Pro-di-Francesco.local --- [           main] c.p.s.WebSecurityConfig                  : addCorsMappings() - start
2021-10-13 11:07:29.272  INFO MacBook-Pro-di-Francesco.local --- [           main] c.p.s.WebSecurityConfig                  : addCorsMappings() - end
2021-10-13 11:07:29.385  INFO MacBook-Pro-di-Francesco.local --- [           main] c.p.s.JwtTokenFilterConfigurer           : configure() - start
2021-10-13 11:07:29.386  INFO MacBook-Pro-di-Francesco.local --- [           main] c.p.s.JwtTokenFilterConfigurer           : configure() - end
2021-10-13 11:07:29.386  INFO MacBook-Pro-di-Francesco.local --- [           main] o.s.s.w.DefaultSecurityFilterChain       : Will secure any request with [org.springframework.security.web.context.request.async.WebAsyncManagerIntegrationFilter@3054cdd3, org.springframework.security.web.context.SecurityContextPersistenceFilter@5cd2adc7, org.springframework.security.web.header.HeaderWriterFilter@4769e70c, org.springframework.web.filter.CorsFilter@755a4ef5, org.springframework.security.web.authentication.logout.LogoutFilter@76ffd052, com.portaleps.security.JwtTokenFilter@6eff05e7, org.springframework.security.web.savedrequest.RequestCacheAwareFilter@35bf6dba, org.springframework.security.web.servletapi.SecurityContextHolderAwareRequestFilter@499445d2, org.springframework.security.web.authentication.AnonymousAuthenticationFilter@1002c49e, org.springframework.security.web.session.SessionManagementFilter@e60c466, org.springframework.security.web.access.ExceptionTranslationFilter@c5e7696, org.springframework.security.web.access.intercept.FilterSecurityInterceptor@3ce4eb42]
2021-10-13 11:07:29.583  INFO MacBook-Pro-di-Francesco.local --- [           main] o.a.c.h.Http11NioProtocol                : Starting ProtocolHandler ["http-nio-8080"]
2021-10-13 11:07:29.614  INFO MacBook-Pro-di-Francesco.local --- [           main] o.s.b.w.e.t.TomcatWebServer              : Tomcat started on port(s): 8080 (http) with context path ''
2021-10-13 11:07:29.622  INFO MacBook-Pro-di-Francesco.local --- [           main] c.p.PortalepsApplication                 : Started PortalepsApplication in 5.43 seconds (JVM running for 11.557)
2021-10-13 11:07:29.795  INFO MacBook-Pro-di-Francesco.local --- [           main] c.p.PortalepsApplication                 : initFolders() - start
2021-10-13 11:07:29.797  INFO MacBook-Pro-di-Francesco.local --- [           main] c.p.PortalepsApplication                 : initFolders() - folders created
2021-10-13 11:07:29.797  INFO MacBook-Pro-di-Francesco.local --- [           main] c.p.PortalepsApplication                 : initFolders() - end
2021-10-13 11:08:07.804  INFO MacBook-Pro-di-Francesco.local --- [nio-8080-exec-1] o.a.c.c.C.[.[.[/]                        : Initializing Spring DispatcherServlet 'dispatcherServlet'
2021-10-13 11:08:07.807  INFO MacBook-Pro-di-Francesco.local --- [nio-8080-exec-1] o.s.w.s.DispatcherServlet                : Initializing Servlet 'dispatcherServlet'
2021-10-13 11:08:07.820  INFO MacBook-Pro-di-Francesco.local --- [nio-8080-exec-1] o.s.w.s.DispatcherServlet                : Completed initialization in 13 ms
2021-10-13 11:08:07.968  INFO MacBook-Pro-di-Francesco.local --- [nio-8080-exec-2] c.p.s.JwtTokenFilter                     : doFilterInternal() - start
2021-10-13 11:08:08.155  INFO MacBook-Pro-di-Francesco.local --- [nio-8080-exec-2] c.p.h.UserHelper                         : loadUserByToken() - start
2021-10-13 11:08:08.157  INFO MacBook-Pro-di-Francesco.local --- [nio-8080-exec-2] c.p.h.UserHelper                         : loadUserByToken() - end
2021-10-13 11:08:08.215  INFO MacBook-Pro-di-Francesco.local --- [nio-8080-exec-2] c.p.c.ArchiveController                  : getMyArchives() - start
2021-10-13 11:08:08.215  INFO MacBook-Pro-di-Francesco.local --- [nio-8080-exec-2] c.p.h.UserHelper                         : getCurrentUser() - start
2021-10-13 11:08:08.215  INFO MacBook-Pro-di-Francesco.local --- [nio-8080-exec-2] c.p.h.UserHelper                         : getCurrentUser() - end
2021-10-13 11:08:08.229  INFO MacBook-Pro-di-Francesco.local --- [nio-8080-exec-2] c.p.c.ArchiveController                  : Richieta da utente [admin]
2021-10-13 11:08:08.239  INFO MacBook-Pro-di-Francesco.local --- [nio-8080-exec-2] c.p.s.ArchiveService                     : getArchivesByUser() - start
2021-10-13 11:08:08.239  INFO MacBook-Pro-di-Francesco.local --- [nio-8080-exec-2] c.p.h.UserHelper                         : getCurrentUser() - start
2021-10-13 11:08:08.239  INFO MacBook-Pro-di-Francesco.local --- [nio-8080-exec-2] c.p.h.UserHelper                         : getCurrentUser() - end
2021-10-13 11:08:08.379  INFO MacBook-Pro-di-Francesco.local --- [nio-8080-exec-2] c.p.s.ArchiveService                     : getArchivesByUser() - end
2021-10-13 11:08:08.380  INFO MacBook-Pro-di-Francesco.local --- [nio-8080-exec-2] c.p.c.ArchiveController                  : getMyArchives() - end
2021-10-13 11:08:08.523  INFO MacBook-Pro-di-Francesco.local --- [nio-8080-exec-2] c.p.s.JwtTokenFilter                     : doFilterInternal() - end
2021-10-13 11:08:13.390  INFO MacBook-Pro-di-Francesco.local --- [nio-8080-exec-4] c.p.s.JwtTokenFilter                     : doFilterInternal() - start
2021-10-13 11:08:13.393  INFO MacBook-Pro-di-Francesco.local --- [nio-8080-exec-4] c.p.h.UserHelper                         : loadUserByToken() - start
2021-10-13 11:08:13.395  INFO MacBook-Pro-di-Francesco.local --- [nio-8080-exec-4] c.p.h.UserHelper                         : loadUserByToken() - end
2021-10-13 11:08:13.454  INFO MacBook-Pro-di-Francesco.local --- [nio-8080-exec-4] c.p.c.VerbaleController                  : getAll() - start
2021-10-13 11:08:13.454  INFO MacBook-Pro-di-Francesco.local --- [nio-8080-exec-4] c.p.h.UserHelper                         : getCurrentUser() - start
2021-10-13 11:08:13.454  INFO MacBook-Pro-di-Francesco.local --- [nio-8080-exec-4] c.p.h.UserHelper                         : getCurrentUser() - end
2021-10-13 11:08:13.476  INFO MacBook-Pro-di-Francesco.local --- [nio-8080-exec-4] c.p.c.VerbaleController                  : Richieta da utente [admin] per archivio: [1] con parametri: [{"filters":{},"pagination":[25,0]}]
2021-10-13 11:08:13.484  INFO MacBook-Pro-di-Francesco.local --- [nio-8080-exec-4] c.p.s.UserService                        : preliminaryChecks() - start
2021-10-13 11:08:13.484  INFO MacBook-Pro-di-Francesco.local --- [nio-8080-exec-4] c.p.h.UserHelper                         : getCurrentUser() - start
2021-10-13 11:08:13.484  INFO MacBook-Pro-di-Francesco.local --- [nio-8080-exec-4] c.p.h.UserHelper                         : getCurrentUser() - end
2021-10-13 11:08:13.520  INFO MacBook-Pro-di-Francesco.local --- [nio-8080-exec-4] c.p.s.UserService                        : userHasAccessToArchive() - start
2021-10-13 11:08:13.520  INFO MacBook-Pro-di-Francesco.local --- [nio-8080-exec-4] c.p.s.UserService                        : userHasAccessToArchive() - end
2021-10-13 11:08:13.528  INFO MacBook-Pro-di-Francesco.local --- [nio-8080-exec-4] c.p.s.UserService                        : preliminaryChecks() - end
2021-10-13 11:08:13.532  INFO MacBook-Pro-di-Francesco.local --- [nio-8080-exec-4] c.p.s.VerbaleService                     : getVerbaliLength() - start
2021-10-13 11:08:13.535  INFO MacBook-Pro-di-Francesco.local --- [nio-8080-exec-4] c.p.h.QueryBuilder                       : buildCountRows() - start
2021-10-13 11:08:13.536  INFO MacBook-Pro-di-Francesco.local --- [nio-8080-exec-4] c.p.h.QueryBuilder                       : appendWhereCondition() - start
2021-10-13 11:08:13.536  INFO MacBook-Pro-di-Francesco.local --- [nio-8080-exec-4] c.p.h.QueryBuilder                       : appendWhereCondition() - end
2021-10-13 11:08:13.536  INFO MacBook-Pro-di-Francesco.local --- [nio-8080-exec-4] c.p.h.QueryBuilder                       : buildCountRows() - end
2021-10-13 11:08:13.537  INFO MacBook-Pro-di-Francesco.local --- [nio-8080-exec-4] c.p.h.DatabaseHelper                     : performQuery() - start
2021-10-13 11:08:13.537  INFO MacBook-Pro-di-Francesco.local --- [nio-8080-exec-4] c.p.h.DatabaseHelper                     : createConnection() - start
2021-10-13 11:08:13.538  INFO MacBook-Pro-di-Francesco.local --- [nio-8080-exec-4] c.p.h.DatabaseHelper                     : mapDriverClassName() - start
2021-10-13 11:08:13.539  INFO MacBook-Pro-di-Francesco.local --- [nio-8080-exec-4] c.p.h.DatabaseHelper                     : mapDriverClassName() - class name found
2021-10-13 11:08:13.539  INFO MacBook-Pro-di-Francesco.local --- [nio-8080-exec-4] c.p.h.DatabaseHelper                     : mapDriverClassName() - end
2021-10-13 11:08:13.980  INFO MacBook-Pro-di-Francesco.local --- [nio-8080-exec-4] c.p.h.DatabaseHelper                     : createConnection() - connection created
2021-10-13 11:08:14.015  INFO MacBook-Pro-di-Francesco.local --- [nio-8080-exec-4] c.p.h.DatabaseHelper                     : performQuery() - connection closed
2021-10-13 11:08:14.016  INFO MacBook-Pro-di-Francesco.local --- [nio-8080-exec-4] c.p.h.DatabaseHelper                     : performQuery() - end
2021-10-13 11:08:14.016  INFO MacBook-Pro-di-Francesco.local --- [nio-8080-exec-4] c.p.s.VerbaleService                     : getVerbaliLength() - end
2021-10-13 11:08:14.016  INFO MacBook-Pro-di-Francesco.local --- [nio-8080-exec-4] c.p.s.VerbaleService                     : populatePagination() - start
2021-10-13 11:08:14.016  INFO MacBook-Pro-di-Francesco.local --- [nio-8080-exec-4] c.p.s.VerbaleService                     : populatePagination() - end
2021-10-13 11:08:14.017  INFO MacBook-Pro-di-Francesco.local --- [nio-8080-exec-4] c.p.s.VerbaleService                     : getVerbali() - start
2021-10-13 11:08:14.017  INFO MacBook-Pro-di-Francesco.local --- [nio-8080-exec-4] c.p.h.QueryBuilder                       : buildSearchQuery() - start
2021-10-13 11:08:14.017  INFO MacBook-Pro-di-Francesco.local --- [nio-8080-exec-4] c.p.h.QueryBuilder                       : appendWhereCondition() - start
2021-10-13 11:08:14.017  INFO MacBook-Pro-di-Francesco.local --- [nio-8080-exec-4] c.p.h.QueryBuilder                       : appendWhereCondition() - end
2021-10-13 11:08:14.017  INFO MacBook-Pro-di-Francesco.local --- [nio-8080-exec-4] c.p.h.QueryBuilder                       : appendPagination() - start
2021-10-13 11:08:14.018  INFO MacBook-Pro-di-Francesco.local --- [nio-8080-exec-4] c.p.h.QueryBuilder                       : appendPagination() - end
2021-10-13 11:08:14.018  INFO MacBook-Pro-di-Francesco.local --- [nio-8080-exec-4] c.p.h.QueryBuilder                       : buildSearchQuery() - end
2021-10-13 11:08:14.019  INFO MacBook-Pro-di-Francesco.local --- [nio-8080-exec-4] c.p.h.DatabaseHelper                     : performQuery() - start
2021-10-13 11:08:14.020  INFO MacBook-Pro-di-Francesco.local --- [nio-8080-exec-4] c.p.h.DatabaseHelper                     : createConnection() - start
2021-10-13 11:08:14.020  INFO MacBook-Pro-di-Francesco.local --- [nio-8080-exec-4] c.p.h.DatabaseHelper                     : mapDriverClassName() - start
2021-10-13 11:08:14.020  INFO MacBook-Pro-di-Francesco.local --- [nio-8080-exec-4] c.p.h.DatabaseHelper                     : mapDriverClassName() - class name found
2021-10-13 11:08:14.020  INFO MacBook-Pro-di-Francesco.local --- [nio-8080-exec-4] c.p.h.DatabaseHelper                     : mapDriverClassName() - end
2021-10-13 11:08:14.388  INFO MacBook-Pro-di-Francesco.local --- [nio-8080-exec-4] c.p.h.DatabaseHelper                     : createConnection() - connection created
2021-10-13 11:08:14.436 ERROR MacBook-Pro-di-Francesco.local --- [nio-8080-exec-4] c.p.h.DatabaseHelper                     : performQuery() - query not executed: SELECT vv.colore AS Colore, vv.id_accesso AS Accesso, vv.nome AS Nome, vv.cognome AS Cognome, vv.cod_fisc AS "Codice Fiscale", vv.problema_accesso AS "Problema Accesso", vv.data_accesso AS "Data Accesso", vv.ora_accesso AS "Ora Accesso", vv.data_dimissione AS "Data Dimissione", vv.ora_dimissione AS "Ora Dimissione", GROUP_CONCAT(vv.diagnosi SEPARATOR ' - ') as Diagnosi, vv.esito AS "Esito Trattamento"  FROM view_verbali vv  LIMIT 25 OFFSET 0  GROUP BY pa.id_accesso ;
2021-10-13 11:08:14.445 ERROR MacBook-Pro-di-Francesco.local --- [nio-8080-exec-4] o.a.c.c.C.[.[.[.[dispatcherServlet]      : Servlet.service() for servlet [dispatcherServlet] in context with path [] threw exception [Request processing failed; nested exception is com.portaleps.exception.CustomException: Bad query] with root cause
com.portaleps.exception.CustomException: Bad query
	at com.portaleps.helper.DatabaseHelper.performQuery(DatabaseHelper.java:75)
	at com.portaleps.service.VerbaleService.getVerbali(VerbaleService.java:48)
	at com.portaleps.controller.VerbaleController.getAll(VerbaleController.java:60)
	at java.base/jdk.internal.reflect.NativeMethodAccessorImpl.invoke0(Native Method)
	at java.base/jdk.internal.reflect.NativeMethodAccessorImpl.invoke(NativeMethodAccessorImpl.java:62)
	at java.base/jdk.internal.reflect.DelegatingMethodAccessorImpl.invoke(DelegatingMethodAccessorImpl.java:43)
	at java.base/java.lang.reflect.Method.invoke(Method.java:566)
	at org.springframework.web.method.support.InvocableHandlerMethod.doInvoke(InvocableHandlerMethod.java:197)
	at org.springframework.web.method.support.InvocableHandlerMethod.invokeForRequest(InvocableHandlerMethod.java:141)
	at org.springframework.web.servlet.mvc.method.annotation.ServletInvocableHandlerMethod.invokeAndHandle(ServletInvocableHandlerMethod.java:106)
	at org.springframework.web.servlet.mvc.method.annotation.RequestMappingHandlerAdapter.invokeHandlerMethod(RequestMappingHandlerAdapter.java:895)
	at org.springframework.web.servlet.mvc.method.annotation.RequestMappingHandlerAdapter.handleInternal(RequestMappingHandlerAdapter.java:808)
	at org.springframework.web.servlet.mvc.method.AbstractHandlerMethodAdapter.handle(AbstractHandlerMethodAdapter.java:87)
	at org.springframework.web.servlet.DispatcherServlet.doDispatch(DispatcherServlet.java:1064)
	at org.springframework.web.servlet.DispatcherServlet.doService(DispatcherServlet.java:963)
	at org.springframework.web.servlet.FrameworkServlet.processRequest(FrameworkServlet.java:1006)
	at org.springframework.web.servlet.FrameworkServlet.doPost(FrameworkServlet.java:909)
	at javax.servlet.http.HttpServlet.service(HttpServlet.java:681)
	at org.springframework.web.servlet.FrameworkServlet.service(FrameworkServlet.java:883)
	at javax.servlet.http.HttpServlet.service(HttpServlet.java:764)
	at org.apache.catalina.core.ApplicationFilterChain.internalDoFilter(ApplicationFilterChain.java:227)
	at org.apache.catalina.core.ApplicationFilterChain.doFilter(ApplicationFilterChain.java:162)
	at org.apache.tomcat.websocket.server.WsFilter.doFilter(WsFilter.java:53)
	at org.apache.catalina.core.ApplicationFilterChain.internalDoFilter(ApplicationFilterChain.java:189)
	at org.apache.catalina.core.ApplicationFilterChain.doFilter(ApplicationFilterChain.java:162)
	at org.springframework.security.web.FilterChainProxy$VirtualFilterChain.doFilter(FilterChainProxy.java:327)
	at org.springframework.security.web.access.intercept.FilterSecurityInterceptor.invoke(FilterSecurityInterceptor.java:115)
	at org.springframework.security.web.access.intercept.FilterSecurityInterceptor.doFilter(FilterSecurityInterceptor.java:81)
	at org.springframework.security.web.FilterChainProxy$VirtualFilterChain.doFilter(FilterChainProxy.java:336)
	at org.springframework.security.web.access.ExceptionTranslationFilter.doFilter(ExceptionTranslationFilter.java:121)
	at org.springframework.security.web.access.ExceptionTranslationFilter.doFilter(ExceptionTranslationFilter.java:115)
	at org.springframework.security.web.FilterChainProxy$VirtualFilterChain.doFilter(FilterChainProxy.java:336)
	at org.springframework.security.web.session.SessionManagementFilter.doFilter(SessionManagementFilter.java:126)
	at org.springframework.security.web.session.SessionManagementFilter.doFilter(SessionManagementFilter.java:81)
	at org.springframework.security.web.FilterChainProxy$VirtualFilterChain.doFilter(FilterChainProxy.java:336)
	at org.springframework.security.web.authentication.AnonymousAuthenticationFilter.doFilter(AnonymousAuthenticationFilter.java:105)
	at org.springframework.security.web.FilterChainProxy$VirtualFilterChain.doFilter(FilterChainProxy.java:336)
	at org.springframework.security.web.servletapi.SecurityContextHolderAwareRequestFilter.doFilter(SecurityContextHolderAwareRequestFilter.java:149)
	at org.springframework.security.web.FilterChainProxy$VirtualFilterChain.doFilter(FilterChainProxy.java:336)
	at org.springframework.security.web.savedrequest.RequestCacheAwareFilter.doFilter(RequestCacheAwareFilter.java:63)
	at org.springframework.security.web.FilterChainProxy$VirtualFilterChain.doFilter(FilterChainProxy.java:336)
	at com.portaleps.security.JwtTokenFilter.doFilterInternal(JwtTokenFilter.java:49)
	at org.springframework.web.filter.OncePerRequestFilter.doFilter(OncePerRequestFilter.java:119)
	at org.springframework.security.web.FilterChainProxy$VirtualFilterChain.doFilter(FilterChainProxy.java:336)
	at org.springframework.security.web.authentication.logout.LogoutFilter.doFilter(LogoutFilter.java:103)
	at org.springframework.security.web.authentication.logout.LogoutFilter.doFilter(LogoutFilter.java:89)
	at org.springframework.security.web.FilterChainProxy$VirtualFilterChain.doFilter(FilterChainProxy.java:336)
	at org.springframework.web.filter.CorsFilter.doFilterInternal(CorsFilter.java:91)
	at org.springframework.web.filter.OncePerRequestFilter.doFilter(OncePerRequestFilter.java:119)
	at org.springframework.security.web.FilterChainProxy$VirtualFilterChain.doFilter(FilterChainProxy.java:336)
	at org.springframework.security.web.header.HeaderWriterFilter.doHeadersAfter(HeaderWriterFilter.java:90)
	at org.springframework.security.web.header.HeaderWriterFilter.doFilterInternal(HeaderWriterFilter.java:75)
	at org.springframework.web.filter.OncePerRequestFilter.doFilter(OncePerRequestFilter.java:119)
	at org.springframework.security.web.FilterChainProxy$VirtualFilterChain.doFilter(FilterChainProxy.java:336)
	at org.springframework.security.web.context.SecurityContextPersistenceFilter.doFilter(SecurityContextPersistenceFilter.java:110)
	at org.springframework.security.web.context.SecurityContextPersistenceFilter.doFilter(SecurityContextPersistenceFilter.java:80)
	at org.springframework.security.web.FilterChainProxy$VirtualFilterChain.doFilter(FilterChainProxy.java:336)
	at org.springframework.security.web.context.request.async.WebAsyncManagerIntegrationFilter.doFilterInternal(WebAsyncManagerIntegrationFilter.java:55)
	at org.springframework.web.filter.OncePerRequestFilter.doFilter(OncePerRequestFilter.java:119)
	at org.springframework.security.web.FilterChainProxy$VirtualFilterChain.doFilter(FilterChainProxy.java:336)
	at org.springframework.security.web.FilterChainProxy.doFilterInternal(FilterChainProxy.java:211)
	at org.springframework.security.web.FilterChainProxy.doFilter(FilterChainProxy.java:183)
	at org.springframework.web.filter.DelegatingFilterProxy.invokeDelegate(DelegatingFilterProxy.java:358)
	at org.springframework.web.filter.DelegatingFilterProxy.doFilter(DelegatingFilterProxy.java:271)
	at org.apache.catalina.core.ApplicationFilterChain.internalDoFilter(ApplicationFilterChain.java:189)
	at org.apache.catalina.core.ApplicationFilterChain.doFilter(ApplicationFilterChain.java:162)
	at org.springframework.web.filter.RequestContextFilter.doFilterInternal(RequestContextFilter.java:100)
	at org.springframework.web.filter.OncePerRequestFilter.doFilter(OncePerRequestFilter.java:119)
	at org.apache.catalina.core.ApplicationFilterChain.internalDoFilter(ApplicationFilterChain.java:189)
	at org.apache.catalina.core.ApplicationFilterChain.doFilter(ApplicationFilterChain.java:162)
	at org.springframework.web.filter.FormContentFilter.doFilterInternal(FormContentFilter.java:93)
	at org.springframework.web.filter.OncePerRequestFilter.doFilter(OncePerRequestFilter.java:119)
	at org.apache.catalina.core.ApplicationFilterChain.internalDoFilter(ApplicationFilterChain.java:189)
	at org.apache.catalina.core.ApplicationFilterChain.doFilter(ApplicationFilterChain.java:162)
	at org.springframework.web.filter.CharacterEncodingFilter.doFilterInternal(CharacterEncodingFilter.java:201)
	at org.springframework.web.filter.OncePerRequestFilter.doFilter(OncePerRequestFilter.java:119)
	at org.apache.catalina.core.ApplicationFilterChain.internalDoFilter(ApplicationFilterChain.java:189)
	at org.apache.catalina.core.ApplicationFilterChain.doFilter(ApplicationFilterChain.java:162)
	at org.apache.catalina.core.StandardWrapperValve.invoke(StandardWrapperValve.java:197)
	at org.apache.catalina.core.StandardContextValve.invoke(StandardContextValve.java:97)
	at org.apache.catalina.authenticator.AuthenticatorBase.invoke(AuthenticatorBase.java:542)
	at org.apache.catalina.core.StandardHostValve.invoke(StandardHostValve.java:135)
	at org.apache.catalina.valves.ErrorReportValve.invoke(ErrorReportValve.java:92)
	at org.apache.catalina.core.StandardEngineValve.invoke(StandardEngineValve.java:78)
	at org.apache.catalina.connector.CoyoteAdapter.service(CoyoteAdapter.java:357)
	at org.apache.coyote.http11.Http11Processor.service(Http11Processor.java:382)
	at org.apache.coyote.AbstractProcessorLight.process(AbstractProcessorLight.java:65)
	at org.apache.coyote.AbstractProtocol$ConnectionHandler.process(AbstractProtocol.java:893)
	at org.apache.tomcat.util.net.NioEndpoint$SocketProcessor.doRun(NioEndpoint.java:1726)
	at org.apache.tomcat.util.net.SocketProcessorBase.run(SocketProcessorBase.java:49)
	at org.apache.tomcat.util.threads.ThreadPoolExecutor.runWorker(ThreadPoolExecutor.java:1191)
	at org.apache.tomcat.util.threads.ThreadPoolExecutor$Worker.run(ThreadPoolExecutor.java:659)
	at org.apache.tomcat.util.threads.TaskThread$WrappingRunnable.run(TaskThread.java:61)
	at java.base/java.lang.Thread.run(Thread.java:834)
2021-10-13 11:08:40.415  INFO MacBook-Pro-di-Francesco.local --- [ionShutdownHook] j.LocalContainerEntityManagerFactoryBean : Closing JPA EntityManagerFactory for persistence unit 'default'
2021-10-13 11:08:40.424  INFO MacBook-Pro-di-Francesco.local --- [ionShutdownHook] c.z.h.HikariDataSource                   : HikariPool-1 - Shutdown initiated...
2021-10-13 11:08:40.442  INFO MacBook-Pro-di-Francesco.local --- [ionShutdownHook] c.z.h.HikariDataSource                   : HikariPool-1 - Shutdown completed.
