2021-10-08 11:34:20.384  INFO MacBook-Pro-di-Francesco.local --- [           main] c.p.PortalepsApplication                 : Starting PortalepsApplication using Java 11.0.12 on MacBook-Pro-di-Francesco.local with PID 7182 (/Users/merjf/Documents/Work/Projects/Messina/Pronto Soccorso Messina/aspme-ps-repo/target/classes started by merjf in /Users/merjf/Documents/Work/Projects/Messina/Pronto Soccorso Messina/aspme-ps-repo)
2021-10-08 11:34:20.395  INFO MacBook-Pro-di-Francesco.local --- [           main] c.p.PortalepsApplication                 : No active profile set, falling back to default profiles: default
2021-10-08 11:34:21.212  INFO MacBook-Pro-di-Francesco.local --- [           main] .s.d.r.c.RepositoryConfigurationDelegate : Bootstrapping Spring Data JPA repositories in DEFAULT mode.
2021-10-08 11:34:21.285  INFO MacBook-Pro-di-Francesco.local --- [           main] .s.d.r.c.RepositoryConfigurationDelegate : Finished Spring Data repository scanning in 63 ms. Found 3 JPA repository interfaces.
2021-10-08 11:34:21.636  INFO MacBook-Pro-di-Francesco.local --- [           main] trationDelegate$BeanPostProcessorChecker : Bean 'org.springframework.security.access.expression.method.DefaultMethodSecurityExpressionHandler@3596b249' of type [org.springframework.security.access.expression.method.DefaultMethodSecurityExpressionHandler] is not eligible for getting processed by all BeanPostProcessors (for example: not eligible for auto-proxying)
2021-10-08 11:34:21.642  INFO MacBook-Pro-di-Francesco.local --- [           main] trationDelegate$BeanPostProcessorChecker : Bean 'methodSecurityMetadataSource' of type [org.springframework.security.access.method.DelegatingMethodSecurityMetadataSource] is not eligible for getting processed by all BeanPostProcessors (for example: not eligible for auto-proxying)
2021-10-08 11:34:21.962  INFO MacBook-Pro-di-Francesco.local --- [           main] o.s.b.w.e.t.TomcatWebServer              : Tomcat initialized with port(s): 8080 (http)
2021-10-08 11:34:21.974  INFO MacBook-Pro-di-Francesco.local --- [           main] o.a.c.h.Http11NioProtocol                : Initializing ProtocolHandler ["http-nio-8080"]
2021-10-08 11:34:21.975  INFO MacBook-Pro-di-Francesco.local --- [           main] o.a.c.c.StandardService                  : Starting service [Tomcat]
2021-10-08 11:34:21.975  INFO MacBook-Pro-di-Francesco.local --- [           main] o.a.c.c.StandardEngine                   : Starting Servlet engine: [Apache Tomcat/9.0.52]
2021-10-08 11:34:22.065  INFO MacBook-Pro-di-Francesco.local --- [           main] o.a.c.c.C.[.[.[/]                        : Initializing Spring embedded WebApplicationContext
2021-10-08 11:34:22.066  INFO MacBook-Pro-di-Francesco.local --- [           main] w.s.c.ServletWebServerApplicationContext : Root WebApplicationContext: initialization completed in 1602 ms
2021-10-08 11:34:22.253  INFO MacBook-Pro-di-Francesco.local --- [           main] o.h.j.i.u.LogHelper                      : HHH000204: Processing PersistenceUnitInfo [name: default]
2021-10-08 11:34:22.330  INFO MacBook-Pro-di-Francesco.local --- [           main] o.h.Version                              : HHH000412: Hibernate ORM core version 5.4.32.Final
2021-10-08 11:34:22.516  INFO MacBook-Pro-di-Francesco.local --- [           main] o.h.a.c.Version                          : HCANN000001: Hibernate Commons Annotations {5.1.2.Final}
2021-10-08 11:34:22.642  INFO MacBook-Pro-di-Francesco.local --- [           main] c.z.h.HikariDataSource                   : HikariPool-1 - Starting...
2021-10-08 11:34:22.647  WARN MacBook-Pro-di-Francesco.local --- [           main] c.z.h.u.DriverDataSource                 : Registered driver with driverClassName=com.mysql.jdbc.Driver was not found, trying direct instantiation.
2021-10-08 11:34:23.096  INFO MacBook-Pro-di-Francesco.local --- [           main] c.z.h.HikariDataSource                   : HikariPool-1 - Start completed.
2021-10-08 11:34:23.145  INFO MacBook-Pro-di-Francesco.local --- [           main] o.h.d.Dialect                            : HHH000400: Using dialect: org.hibernate.dialect.MySQL8Dialect
2021-10-08 11:34:24.028  INFO MacBook-Pro-di-Francesco.local --- [           main] o.h.e.t.j.p.i.JtaPlatformInitiator       : HHH000490: Using JtaPlatform implementation: [org.hibernate.engine.transaction.jta.platform.internal.NoJtaPlatform]
2021-10-08 11:34:24.038  INFO MacBook-Pro-di-Francesco.local --- [           main] j.LocalContainerEntityManagerFactoryBean : Initialized JPA EntityManagerFactory for persistence unit 'default'
2021-10-08 11:34:24.656  WARN MacBook-Pro-di-Francesco.local --- [           main] JpaBaseConfiguration$JpaWebConfiguration : spring.jpa.open-in-view is enabled by default. Therefore, database queries may be performed during view rendering. Explicitly configure spring.jpa.open-in-view to disable this warning
2021-10-08 11:34:24.695  INFO MacBook-Pro-di-Francesco.local --- [           main] c.p.s.WebSecurityConfig                  : authenticationManagerBean() - start
2021-10-08 11:34:24.695  INFO MacBook-Pro-di-Francesco.local --- [           main] c.p.s.WebSecurityConfig                  : authenticationManagerBean() - end
2021-10-08 11:34:24.884  INFO MacBook-Pro-di-Francesco.local --- [           main] c.p.s.WebSecurityConfig                  : configure(http) - start
2021-10-08 11:34:24.886  INFO MacBook-Pro-di-Francesco.local --- [           main] c.p.s.JwtTokenFilterConfigurer           : JwtTokenFilterConfigurer() - start
2021-10-08 11:34:24.887  INFO MacBook-Pro-di-Francesco.local --- [           main] c.p.s.JwtTokenFilterConfigurer           : JwtTokenFilterConfigurer() - end
2021-10-08 11:34:24.887  INFO MacBook-Pro-di-Francesco.local --- [           main] c.p.s.WebSecurityConfig                  : configure(http) - end
2021-10-08 11:34:24.887  INFO MacBook-Pro-di-Francesco.local --- [           main] c.p.s.WebSecurityConfig                  : configure(web) - start
2021-10-08 11:34:24.888  INFO MacBook-Pro-di-Francesco.local --- [           main] c.p.s.WebSecurityConfig                  : configure(http) - end
2021-10-08 11:34:24.889  INFO MacBook-Pro-di-Francesco.local --- [           main] o.s.s.w.DefaultSecurityFilterChain       : Will secure Ant [pattern='/v2/api-docs'] with []
2021-10-08 11:34:24.889  INFO MacBook-Pro-di-Francesco.local --- [           main] o.s.s.w.DefaultSecurityFilterChain       : Will secure Ant [pattern='/swagger-resources/**'] with []
2021-10-08 11:34:24.889  INFO MacBook-Pro-di-Francesco.local --- [           main] o.s.s.w.DefaultSecurityFilterChain       : Will secure Ant [pattern='/swagger-ui.html'] with []
2021-10-08 11:34:24.889  INFO MacBook-Pro-di-Francesco.local --- [           main] o.s.s.w.DefaultSecurityFilterChain       : Will secure Ant [pattern='/configuration/**'] with []
2021-10-08 11:34:24.889  INFO MacBook-Pro-di-Francesco.local --- [           main] o.s.s.w.DefaultSecurityFilterChain       : Will secure Ant [pattern='/webjars/**'] with []
2021-10-08 11:34:24.889  INFO MacBook-Pro-di-Francesco.local --- [           main] o.s.s.w.DefaultSecurityFilterChain       : Will secure Ant [pattern='/auth/login'] with []
2021-10-08 11:34:24.889  INFO MacBook-Pro-di-Francesco.local --- [           main] o.s.s.w.DefaultSecurityFilterChain       : Will secure Ant [pattern='/h2-console/**/**'] with []
2021-10-08 11:34:24.958  INFO MacBook-Pro-di-Francesco.local --- [           main] c.p.s.WebSecurityConfig                  : addCorsMappings() - start
2021-10-08 11:34:24.959  INFO MacBook-Pro-di-Francesco.local --- [           main] c.p.s.WebSecurityConfig                  : addCorsMappings() - end
2021-10-08 11:34:25.107  INFO MacBook-Pro-di-Francesco.local --- [           main] c.p.s.JwtTokenFilterConfigurer           : configure() - start
2021-10-08 11:34:25.108  INFO MacBook-Pro-di-Francesco.local --- [           main] c.p.s.JwtTokenFilterConfigurer           : configure() - end
2021-10-08 11:34:25.108  INFO MacBook-Pro-di-Francesco.local --- [           main] o.s.s.w.DefaultSecurityFilterChain       : Will secure any request with [org.springframework.security.web.context.request.async.WebAsyncManagerIntegrationFilter@3bf4b018, org.springframework.security.web.context.SecurityContextPersistenceFilter@81a56b2, org.springframework.security.web.header.HeaderWriterFilter@3338d29d, org.springframework.web.filter.CorsFilter@d8cece4, org.springframework.security.web.authentication.logout.LogoutFilter@65293ca5, com.portaleps.security.JwtTokenFilter@55d98bbb, org.springframework.security.web.savedrequest.RequestCacheAwareFilter@2530baf6, org.springframework.security.web.servletapi.SecurityContextHolderAwareRequestFilter@6d6ddeb5, org.springframework.security.web.authentication.AnonymousAuthenticationFilter@2e9f5499, org.springframework.security.web.session.SessionManagementFilter@79e28671, org.springframework.security.web.access.ExceptionTranslationFilter@2a6871ad, org.springframework.security.web.access.intercept.FilterSecurityInterceptor@72155315]
2021-10-08 11:34:25.319  INFO MacBook-Pro-di-Francesco.local --- [           main] o.a.c.h.Http11NioProtocol                : Starting ProtocolHandler ["http-nio-8080"]
2021-10-08 11:34:25.349  INFO MacBook-Pro-di-Francesco.local --- [           main] o.s.b.w.e.t.TomcatWebServer              : Tomcat started on port(s): 8080 (http) with context path ''
2021-10-08 11:34:25.358  INFO MacBook-Pro-di-Francesco.local --- [           main] c.p.PortalepsApplication                 : Started PortalepsApplication in 5.78 seconds (JVM running for 12.137)
2021-10-08 11:34:25.926  INFO MacBook-Pro-di-Francesco.local --- [           main] c.p.PortalepsApplication                 : initFolders() - start
2021-10-08 11:34:25.927  INFO MacBook-Pro-di-Francesco.local --- [           main] c.p.PortalepsApplication                 : initFolders() - folders created
2021-10-08 11:34:25.927  INFO MacBook-Pro-di-Francesco.local --- [           main] c.p.PortalepsApplication                 : initFolders() - end
2021-10-08 11:35:15.997  INFO MacBook-Pro-di-Francesco.local --- [nio-8080-exec-1] o.a.c.c.C.[.[.[/]                        : Initializing Spring DispatcherServlet 'dispatcherServlet'
2021-10-08 11:35:15.998  INFO MacBook-Pro-di-Francesco.local --- [nio-8080-exec-1] o.s.w.s.DispatcherServlet                : Initializing Servlet 'dispatcherServlet'
2021-10-08 11:35:16.001  INFO MacBook-Pro-di-Francesco.local --- [nio-8080-exec-1] o.s.w.s.DispatcherServlet                : Completed initialization in 3 ms
2021-10-08 11:35:16.146  INFO MacBook-Pro-di-Francesco.local --- [nio-8080-exec-2] c.p.c.AuthController                     : login() - start
2021-10-08 11:35:16.161  INFO MacBook-Pro-di-Francesco.local --- [nio-8080-exec-2] c.p.c.AuthController                     : Richieta con body [{"username":"admin","password":"admin"}]
2021-10-08 11:35:16.162  INFO MacBook-Pro-di-Francesco.local --- [nio-8080-exec-2] c.p.h.UserHelper                         : login() - start
2021-10-08 11:35:16.510  INFO MacBook-Pro-di-Francesco.local --- [nio-8080-exec-2] c.p.h.UserHelper                         : loadUserByUsername() - start
2021-10-08 11:35:16.512  INFO MacBook-Pro-di-Francesco.local --- [nio-8080-exec-2] c.p.h.UserHelper                         : loadUserByUsername() - end
2021-10-08 11:35:16.883  INFO MacBook-Pro-di-Francesco.local --- [nio-8080-exec-2] c.p.h.UserHelper                         : loadUserByToken() - start
2021-10-08 11:35:16.908  INFO MacBook-Pro-di-Francesco.local --- [nio-8080-exec-2] c.p.h.UserHelper                         : loadUserByToken() - end
2021-10-08 11:35:16.908  INFO MacBook-Pro-di-Francesco.local --- [nio-8080-exec-2] c.p.h.UserHelper                         : login() - end
2021-10-08 11:35:16.913  INFO MacBook-Pro-di-Francesco.local --- [nio-8080-exec-2] c.p.s.UserService                        : getUserDTO() - start
2021-10-08 11:35:16.924  INFO MacBook-Pro-di-Francesco.local --- [nio-8080-exec-2] c.p.s.UserService                        : toDto() - start
2021-10-08 11:35:16.924  INFO MacBook-Pro-di-Francesco.local --- [nio-8080-exec-2] c.p.s.UserService                        : toDto() - end
2021-10-08 11:35:16.967  INFO MacBook-Pro-di-Francesco.local --- [nio-8080-exec-2] c.p.s.ArchiveService                     : getArchivesByUser() - start
2021-10-08 11:35:16.972  INFO MacBook-Pro-di-Francesco.local --- [nio-8080-exec-2] c.p.s.ArchiveService                     : getArchivesByUser() - end
2021-10-08 11:35:16.996  INFO MacBook-Pro-di-Francesco.local --- [nio-8080-exec-2] c.p.c.AuthController                     : login() - login success
2021-10-08 11:35:16.997  INFO MacBook-Pro-di-Francesco.local --- [nio-8080-exec-2] c.p.c.AuthController                     : login() - end
2021-10-08 11:35:17.328  INFO MacBook-Pro-di-Francesco.local --- [nio-8080-exec-4] c.p.s.JwtTokenFilter                     : doFilterInternal() - start
2021-10-08 11:35:17.329  INFO MacBook-Pro-di-Francesco.local --- [nio-8080-exec-4] c.p.h.UserHelper                         : loadUserByToken() - start
2021-10-08 11:35:17.331  INFO MacBook-Pro-di-Francesco.local --- [nio-8080-exec-4] c.p.h.UserHelper                         : loadUserByToken() - end
2021-10-08 11:35:17.355  INFO MacBook-Pro-di-Francesco.local --- [nio-8080-exec-4] c.p.c.ArchiveController                  : getMyArchives() - start
2021-10-08 11:35:17.356  INFO MacBook-Pro-di-Francesco.local --- [nio-8080-exec-4] c.p.h.UserHelper                         : getCurrentUser() - start
2021-10-08 11:35:17.358  INFO MacBook-Pro-di-Francesco.local --- [nio-8080-exec-4] c.p.h.UserHelper                         : getCurrentUser() - end
2021-10-08 11:35:17.367  INFO MacBook-Pro-di-Francesco.local --- [nio-8080-exec-4] c.p.c.ArchiveController                  : Richieta da utente [admin]
2021-10-08 11:35:17.368  INFO MacBook-Pro-di-Francesco.local --- [nio-8080-exec-4] c.p.s.ArchiveService                     : getArchivesByUser() - start
2021-10-08 11:35:17.368  INFO MacBook-Pro-di-Francesco.local --- [nio-8080-exec-4] c.p.h.UserHelper                         : getCurrentUser() - start
2021-10-08 11:35:17.368  INFO MacBook-Pro-di-Francesco.local --- [nio-8080-exec-4] c.p.h.UserHelper                         : getCurrentUser() - end
2021-10-08 11:35:17.372  INFO MacBook-Pro-di-Francesco.local --- [nio-8080-exec-4] c.p.s.ArchiveService                     : getArchivesByUser() - end
2021-10-08 11:35:17.373  INFO MacBook-Pro-di-Francesco.local --- [nio-8080-exec-4] c.p.c.ArchiveController                  : getMyArchives() - end
2021-10-08 11:35:17.386  INFO MacBook-Pro-di-Francesco.local --- [nio-8080-exec-4] c.p.s.JwtTokenFilter                     : doFilterInternal() - end
2021-10-08 11:35:17.767  INFO MacBook-Pro-di-Francesco.local --- [nio-8080-exec-5] c.p.s.JwtTokenFilter                     : doFilterInternal() - start
2021-10-08 11:35:17.769  INFO MacBook-Pro-di-Francesco.local --- [nio-8080-exec-5] c.p.h.UserHelper                         : loadUserByToken() - start
2021-10-08 11:35:17.770  INFO MacBook-Pro-di-Francesco.local --- [nio-8080-exec-5] c.p.h.UserHelper                         : loadUserByToken() - end
2021-10-08 11:35:17.771  INFO MacBook-Pro-di-Francesco.local --- [nio-8080-exec-5] c.p.c.ArchiveController                  : getMyArchives() - start
2021-10-08 11:35:17.771  INFO MacBook-Pro-di-Francesco.local --- [nio-8080-exec-5] c.p.h.UserHelper                         : getCurrentUser() - start
2021-10-08 11:35:17.771  INFO MacBook-Pro-di-Francesco.local --- [nio-8080-exec-5] c.p.h.UserHelper                         : getCurrentUser() - end
2021-10-08 11:35:17.775  INFO MacBook-Pro-di-Francesco.local --- [nio-8080-exec-5] c.p.c.ArchiveController                  : Richieta da utente [admin]
2021-10-08 11:35:17.776  INFO MacBook-Pro-di-Francesco.local --- [nio-8080-exec-5] c.p.s.ArchiveService                     : getArchivesByUser() - start
2021-10-08 11:35:17.776  INFO MacBook-Pro-di-Francesco.local --- [nio-8080-exec-5] c.p.h.UserHelper                         : getCurrentUser() - start
2021-10-08 11:35:17.776  INFO MacBook-Pro-di-Francesco.local --- [nio-8080-exec-5] c.p.h.UserHelper                         : getCurrentUser() - end
2021-10-08 11:35:17.780  INFO MacBook-Pro-di-Francesco.local --- [nio-8080-exec-5] c.p.s.ArchiveService                     : getArchivesByUser() - end
2021-10-08 11:35:17.780  INFO MacBook-Pro-di-Francesco.local --- [nio-8080-exec-5] c.p.c.ArchiveController                  : getMyArchives() - end
2021-10-08 11:35:17.782  INFO MacBook-Pro-di-Francesco.local --- [nio-8080-exec-5] c.p.s.JwtTokenFilter                     : doFilterInternal() - end
2021-10-08 11:37:40.889  INFO MacBook-Pro-di-Francesco.local --- [nio-8080-exec-7] c.p.s.JwtTokenFilter                     : doFilterInternal() - start
2021-10-08 11:37:40.901  INFO MacBook-Pro-di-Francesco.local --- [nio-8080-exec-7] c.p.h.UserHelper                         : loadUserByToken() - start
2021-10-08 11:37:40.903  INFO MacBook-Pro-di-Francesco.local --- [nio-8080-exec-7] c.p.h.UserHelper                         : loadUserByToken() - end
2021-10-08 11:37:40.913  INFO MacBook-Pro-di-Francesco.local --- [nio-8080-exec-7] c.p.c.ArchiveController                  : getMyArchives() - start
2021-10-08 11:37:40.913  INFO MacBook-Pro-di-Francesco.local --- [nio-8080-exec-7] c.p.h.UserHelper                         : getCurrentUser() - start
2021-10-08 11:37:40.913  INFO MacBook-Pro-di-Francesco.local --- [nio-8080-exec-7] c.p.h.UserHelper                         : getCurrentUser() - end
2021-10-08 11:37:40.936  INFO MacBook-Pro-di-Francesco.local --- [nio-8080-exec-7] c.p.c.ArchiveController                  : Richieta da utente [admin]
2021-10-08 11:37:40.936  INFO MacBook-Pro-di-Francesco.local --- [nio-8080-exec-7] c.p.s.ArchiveService                     : getArchivesByUser() - start
2021-10-08 11:37:40.936  INFO MacBook-Pro-di-Francesco.local --- [nio-8080-exec-7] c.p.h.UserHelper                         : getCurrentUser() - start
2021-10-08 11:37:40.936  INFO MacBook-Pro-di-Francesco.local --- [nio-8080-exec-7] c.p.h.UserHelper                         : getCurrentUser() - end
2021-10-08 11:37:40.942  INFO MacBook-Pro-di-Francesco.local --- [nio-8080-exec-7] c.p.s.ArchiveService                     : getArchivesByUser() - end
2021-10-08 11:37:40.943  INFO MacBook-Pro-di-Francesco.local --- [nio-8080-exec-7] c.p.c.ArchiveController                  : getMyArchives() - end
2021-10-08 11:37:40.953  INFO MacBook-Pro-di-Francesco.local --- [nio-8080-exec-7] c.p.s.JwtTokenFilter                     : doFilterInternal() - end
2021-10-08 11:37:47.354  INFO MacBook-Pro-di-Francesco.local --- [io-8080-exec-10] c.p.s.JwtTokenFilter                     : doFilterInternal() - start
2021-10-08 11:37:47.356  INFO MacBook-Pro-di-Francesco.local --- [io-8080-exec-10] c.p.h.UserHelper                         : loadUserByToken() - start
2021-10-08 11:37:47.357  INFO MacBook-Pro-di-Francesco.local --- [nio-8080-exec-1] c.p.s.JwtTokenFilter                     : doFilterInternal() - start
2021-10-08 11:37:47.358  INFO MacBook-Pro-di-Francesco.local --- [io-8080-exec-10] c.p.h.UserHelper                         : loadUserByToken() - end
2021-10-08 11:37:47.359  INFO MacBook-Pro-di-Francesco.local --- [nio-8080-exec-1] c.p.h.UserHelper                         : loadUserByToken() - start
2021-10-08 11:37:47.361  INFO MacBook-Pro-di-Francesco.local --- [nio-8080-exec-1] c.p.h.UserHelper                         : loadUserByToken() - end
2021-10-08 11:37:47.363  INFO MacBook-Pro-di-Francesco.local --- [nio-8080-exec-1] c.p.c.ArchiveController                  : getAllArchives() - start
2021-10-08 11:37:47.363  INFO MacBook-Pro-di-Francesco.local --- [nio-8080-exec-1] c.p.h.UserHelper                         : getCurrentUser() - start
2021-10-08 11:37:47.363  INFO MacBook-Pro-di-Francesco.local --- [nio-8080-exec-1] c.p.h.UserHelper                         : getCurrentUser() - end
2021-10-08 11:37:47.379  INFO MacBook-Pro-di-Francesco.local --- [nio-8080-exec-1] c.p.c.ArchiveController                  : Richieta da utente [admin]
2021-10-08 11:37:47.379  INFO MacBook-Pro-di-Francesco.local --- [nio-8080-exec-1] c.p.h.UserHelper                         : isAdmin() - start
2021-10-08 11:37:47.380  INFO MacBook-Pro-di-Francesco.local --- [nio-8080-exec-1] c.p.h.UserHelper                         : isAdmin() - end
2021-10-08 11:37:47.384  INFO MacBook-Pro-di-Francesco.local --- [nio-8080-exec-1] c.p.s.ArchiveService                     : getArchivesByUser() - start
2021-10-08 11:37:47.384  INFO MacBook-Pro-di-Francesco.local --- [nio-8080-exec-1] c.p.h.UserHelper                         : getCurrentUser() - start
2021-10-08 11:37:47.384  INFO MacBook-Pro-di-Francesco.local --- [nio-8080-exec-1] c.p.h.UserHelper                         : getCurrentUser() - end
2021-10-08 11:37:47.387  INFO MacBook-Pro-di-Francesco.local --- [io-8080-exec-10] c.p.c.UserController                     : getUserList() - start
2021-10-08 11:37:47.388  INFO MacBook-Pro-di-Francesco.local --- [io-8080-exec-10] c.p.h.UserHelper                         : getCurrentUser() - start
2021-10-08 11:37:47.388  INFO MacBook-Pro-di-Francesco.local --- [io-8080-exec-10] c.p.h.UserHelper                         : getCurrentUser() - end
2021-10-08 11:37:47.400  INFO MacBook-Pro-di-Francesco.local --- [nio-8080-exec-1] c.p.s.ArchiveService                     : getArchivesByUser() - end
2021-10-08 11:37:47.406  INFO MacBook-Pro-di-Francesco.local --- [nio-8080-exec-1] c.p.s.JwtTokenFilter                     : doFilterInternal() - end
2021-10-08 11:37:47.410  INFO MacBook-Pro-di-Francesco.local --- [io-8080-exec-10] c.p.c.UserController                     : Richieta da utente [admin]
2021-10-08 11:37:47.410  INFO MacBook-Pro-di-Francesco.local --- [io-8080-exec-10] c.p.h.UserHelper                         : isAdmin() - start
2021-10-08 11:37:47.411  INFO MacBook-Pro-di-Francesco.local --- [io-8080-exec-10] c.p.h.UserHelper                         : isAdmin() - end
2021-10-08 11:37:47.411  INFO MacBook-Pro-di-Francesco.local --- [io-8080-exec-10] c.p.s.UserService                        : getUserList() - start
2021-10-08 11:37:47.448  INFO MacBook-Pro-di-Francesco.local --- [io-8080-exec-10] c.p.s.UserService                        : toDto() - start
2021-10-08 11:37:47.449  INFO MacBook-Pro-di-Francesco.local --- [io-8080-exec-10] c.p.s.UserService                        : toDto() - end
2021-10-08 11:37:47.452  INFO MacBook-Pro-di-Francesco.local --- [io-8080-exec-10] c.p.s.ArchiveService                     : getArchivesByUser() - start
2021-10-08 11:37:47.455  INFO MacBook-Pro-di-Francesco.local --- [io-8080-exec-10] c.p.s.ArchiveService                     : getArchivesByUser() - end
2021-10-08 11:37:47.455  INFO MacBook-Pro-di-Francesco.local --- [io-8080-exec-10] c.p.s.UserService                        : getUserList() - end
2021-10-08 11:37:47.456  INFO MacBook-Pro-di-Francesco.local --- [io-8080-exec-10] c.p.c.UserController                     : getUserList() - user list found
2021-10-08 11:37:47.456  INFO MacBook-Pro-di-Francesco.local --- [io-8080-exec-10] c.p.c.UserController                     : getUserList() - end
2021-10-08 11:37:47.466  INFO MacBook-Pro-di-Francesco.local --- [io-8080-exec-10] c.p.s.JwtTokenFilter                     : doFilterInternal() - end
2021-10-08 11:38:00.326  INFO MacBook-Pro-di-Francesco.local --- [nio-8080-exec-2] c.p.s.JwtTokenFilter                     : doFilterInternal() - start
2021-10-08 11:38:00.328  INFO MacBook-Pro-di-Francesco.local --- [nio-8080-exec-2] c.p.h.UserHelper                         : loadUserByToken() - start
2021-10-08 11:38:00.329  INFO MacBook-Pro-di-Francesco.local --- [nio-8080-exec-2] c.p.h.UserHelper                         : loadUserByToken() - end
2021-10-08 11:38:00.330  INFO MacBook-Pro-di-Francesco.local --- [nio-8080-exec-2] c.p.c.ArchiveController                  : getMyArchives() - start
2021-10-08 11:38:00.330  INFO MacBook-Pro-di-Francesco.local --- [nio-8080-exec-2] c.p.h.UserHelper                         : getCurrentUser() - start
2021-10-08 11:38:00.330  INFO MacBook-Pro-di-Francesco.local --- [nio-8080-exec-2] c.p.h.UserHelper                         : getCurrentUser() - end
2021-10-08 11:38:00.335  INFO MacBook-Pro-di-Francesco.local --- [nio-8080-exec-2] c.p.c.ArchiveController                  : Richieta da utente [admin]
2021-10-08 11:38:00.335  INFO MacBook-Pro-di-Francesco.local --- [nio-8080-exec-2] c.p.s.ArchiveService                     : getArchivesByUser() - start
2021-10-08 11:38:00.335  INFO MacBook-Pro-di-Francesco.local --- [nio-8080-exec-2] c.p.h.UserHelper                         : getCurrentUser() - start
2021-10-08 11:38:00.336  INFO MacBook-Pro-di-Francesco.local --- [nio-8080-exec-2] c.p.h.UserHelper                         : getCurrentUser() - end
2021-10-08 11:38:00.374  INFO MacBook-Pro-di-Francesco.local --- [nio-8080-exec-2] c.p.s.ArchiveService                     : getArchivesByUser() - end
2021-10-08 11:38:00.374  INFO MacBook-Pro-di-Francesco.local --- [nio-8080-exec-2] c.p.c.ArchiveController                  : getMyArchives() - end
2021-10-08 11:38:00.380  INFO MacBook-Pro-di-Francesco.local --- [nio-8080-exec-2] c.p.s.JwtTokenFilter                     : doFilterInternal() - end
2021-10-08 11:38:04.858  INFO MacBook-Pro-di-Francesco.local --- [nio-8080-exec-4] c.p.s.JwtTokenFilter                     : doFilterInternal() - start
2021-10-08 11:38:04.864  INFO MacBook-Pro-di-Francesco.local --- [nio-8080-exec-4] c.p.h.UserHelper                         : loadUserByToken() - start
2021-10-08 11:38:04.867  INFO MacBook-Pro-di-Francesco.local --- [nio-8080-exec-4] c.p.h.UserHelper                         : loadUserByToken() - end
2021-10-08 11:38:04.890  INFO MacBook-Pro-di-Francesco.local --- [nio-8080-exec-4] c.p.c.VerbaleController                  : getAll() - start
2021-10-08 11:38:04.890  INFO MacBook-Pro-di-Francesco.local --- [nio-8080-exec-4] c.p.h.UserHelper                         : getCurrentUser() - start
2021-10-08 11:38:04.890  INFO MacBook-Pro-di-Francesco.local --- [nio-8080-exec-4] c.p.h.UserHelper                         : getCurrentUser() - end
2021-10-08 11:38:04.910  INFO MacBook-Pro-di-Francesco.local --- [nio-8080-exec-4] c.p.c.VerbaleController                  : Richieta da utente [admin] per archivio: [1] con parametri: [{"filters":{},"pagination":[25,0]}]
2021-10-08 11:38:04.911  INFO MacBook-Pro-di-Francesco.local --- [nio-8080-exec-4] c.p.s.UserService                        : preliminaryChecks() - start
2021-10-08 11:38:04.911  INFO MacBook-Pro-di-Francesco.local --- [nio-8080-exec-4] c.p.h.UserHelper                         : getCurrentUser() - start
2021-10-08 11:38:04.911  INFO MacBook-Pro-di-Francesco.local --- [nio-8080-exec-4] c.p.h.UserHelper                         : getCurrentUser() - end
2021-10-08 11:38:04.925  INFO MacBook-Pro-di-Francesco.local --- [nio-8080-exec-4] c.p.s.UserService                        : userHasAccessToArchive() - start
2021-10-08 11:38:04.926  INFO MacBook-Pro-di-Francesco.local --- [nio-8080-exec-4] c.p.s.UserService                        : userHasAccessToArchive() - end
2021-10-08 11:38:04.943  INFO MacBook-Pro-di-Francesco.local --- [nio-8080-exec-4] c.p.s.UserService                        : preliminaryChecks() - end
2021-10-08 11:38:04.950  INFO MacBook-Pro-di-Francesco.local --- [nio-8080-exec-4] c.p.s.VerbaleService                     : getVerbaliLength() - start
2021-10-08 11:38:04.953  INFO MacBook-Pro-di-Francesco.local --- [nio-8080-exec-4] c.p.h.QueryBuilder                       : buildCountRows() - start
2021-10-08 11:38:04.953  INFO MacBook-Pro-di-Francesco.local --- [nio-8080-exec-4] c.p.h.QueryBuilder                       : appendWhereCondition() - start
2021-10-08 11:38:04.954  INFO MacBook-Pro-di-Francesco.local --- [nio-8080-exec-4] c.p.h.QueryBuilder                       : appendWhereCondition() - end
2021-10-08 11:38:04.954  INFO MacBook-Pro-di-Francesco.local --- [nio-8080-exec-4] c.p.h.QueryBuilder                       : buildCountRows() - end
2021-10-08 11:38:04.955  INFO MacBook-Pro-di-Francesco.local --- [nio-8080-exec-4] c.p.h.DatabaseHelper                     : performQuery() - start
2021-10-08 11:38:04.955  INFO MacBook-Pro-di-Francesco.local --- [nio-8080-exec-4] c.p.h.DatabaseHelper                     : createConnection() - start
2021-10-08 11:38:04.957  INFO MacBook-Pro-di-Francesco.local --- [nio-8080-exec-4] c.p.h.DatabaseHelper                     : mapDriverClassName() - start
2021-10-08 11:38:04.958  INFO MacBook-Pro-di-Francesco.local --- [nio-8080-exec-4] c.p.h.DatabaseHelper                     : mapDriverClassName() - class name found
2021-10-08 11:38:04.958  INFO MacBook-Pro-di-Francesco.local --- [nio-8080-exec-4] c.p.h.DatabaseHelper                     : mapDriverClassName() - end
2021-10-08 11:38:05.372  INFO MacBook-Pro-di-Francesco.local --- [nio-8080-exec-4] c.p.h.DatabaseHelper                     : createConnection() - connection created
2021-10-08 11:38:05.409  INFO MacBook-Pro-di-Francesco.local --- [nio-8080-exec-4] c.p.h.DatabaseHelper                     : performQuery() - connection closed
2021-10-08 11:38:05.410  INFO MacBook-Pro-di-Francesco.local --- [nio-8080-exec-4] c.p.h.DatabaseHelper                     : performQuery() - end
2021-10-08 11:38:05.410  INFO MacBook-Pro-di-Francesco.local --- [nio-8080-exec-4] c.p.s.VerbaleService                     : getVerbaliLength() - end
2021-10-08 11:38:05.410  INFO MacBook-Pro-di-Francesco.local --- [nio-8080-exec-4] c.p.s.VerbaleService                     : populatePagination() - start
2021-10-08 11:38:05.410  INFO MacBook-Pro-di-Francesco.local --- [nio-8080-exec-4] c.p.s.VerbaleService                     : populatePagination() - end
2021-10-08 11:38:05.411  INFO MacBook-Pro-di-Francesco.local --- [nio-8080-exec-4] c.p.s.VerbaleService                     : getVerbali() - start
2021-10-08 11:38:05.411  INFO MacBook-Pro-di-Francesco.local --- [nio-8080-exec-4] c.p.h.QueryBuilder                       : buildSearchQuery() - start
2021-10-08 11:38:05.411  INFO MacBook-Pro-di-Francesco.local --- [nio-8080-exec-4] c.p.h.QueryBuilder                       : appendWhereCondition() - start
2021-10-08 11:38:05.411  INFO MacBook-Pro-di-Francesco.local --- [nio-8080-exec-4] c.p.h.QueryBuilder                       : appendWhereCondition() - end
2021-10-08 11:38:05.411  INFO MacBook-Pro-di-Francesco.local --- [nio-8080-exec-4] c.p.h.QueryBuilder                       : appendPagination() - start
2021-10-08 11:38:05.412  INFO MacBook-Pro-di-Francesco.local --- [nio-8080-exec-4] c.p.h.QueryBuilder                       : appendPagination() - end
2021-10-08 11:38:05.412  INFO MacBook-Pro-di-Francesco.local --- [nio-8080-exec-4] c.p.h.QueryBuilder                       : buildSearchQuery() - end
2021-10-08 11:38:05.412  INFO MacBook-Pro-di-Francesco.local --- [nio-8080-exec-4] c.p.h.DatabaseHelper                     : performQuery() - start
2021-10-08 11:38:05.412  INFO MacBook-Pro-di-Francesco.local --- [nio-8080-exec-4] c.p.h.DatabaseHelper                     : createConnection() - start
2021-10-08 11:38:05.412  INFO MacBook-Pro-di-Francesco.local --- [nio-8080-exec-4] c.p.h.DatabaseHelper                     : mapDriverClassName() - start
2021-10-08 11:38:05.413  INFO MacBook-Pro-di-Francesco.local --- [nio-8080-exec-4] c.p.h.DatabaseHelper                     : mapDriverClassName() - class name found
2021-10-08 11:38:05.413  INFO MacBook-Pro-di-Francesco.local --- [nio-8080-exec-4] c.p.h.DatabaseHelper                     : mapDriverClassName() - end
2021-10-08 11:38:05.740  INFO MacBook-Pro-di-Francesco.local --- [nio-8080-exec-4] c.p.h.DatabaseHelper                     : createConnection() - connection created
2021-10-08 11:38:05.770  INFO MacBook-Pro-di-Francesco.local --- [nio-8080-exec-4] c.p.s.VerbaleService                     : extractVerbaliList() - start
2021-10-08 11:38:05.795  INFO MacBook-Pro-di-Francesco.local --- [nio-8080-exec-4] c.p.s.VerbaleService                     : extractVerbaliList() - end
2021-10-08 11:38:05.796  INFO MacBook-Pro-di-Francesco.local --- [nio-8080-exec-4] c.p.h.DatabaseHelper                     : performQuery() - connection closed
2021-10-08 11:38:05.796  INFO MacBook-Pro-di-Francesco.local --- [nio-8080-exec-4] c.p.h.DatabaseHelper                     : performQuery() - end
2021-10-08 11:38:05.796  INFO MacBook-Pro-di-Francesco.local --- [nio-8080-exec-4] c.p.s.VerbaleService                     : getVerbali() - end
2021-10-08 11:38:05.796  INFO MacBook-Pro-di-Francesco.local --- [nio-8080-exec-4] c.p.c.VerbaleController                  : getAll() - action performed
2021-10-08 11:38:05.796  INFO MacBook-Pro-di-Francesco.local --- [nio-8080-exec-4] c.p.c.VerbaleController                  : getAll() - end
2021-10-08 11:38:05.808  INFO MacBook-Pro-di-Francesco.local --- [nio-8080-exec-4] c.p.s.JwtTokenFilter                     : doFilterInternal() - end
2021-10-08 11:38:09.971  INFO MacBook-Pro-di-Francesco.local --- [nio-8080-exec-5] c.p.s.JwtTokenFilter                     : doFilterInternal() - start
2021-10-08 11:38:09.973  INFO MacBook-Pro-di-Francesco.local --- [nio-8080-exec-5] c.p.h.UserHelper                         : loadUserByToken() - start
2021-10-08 11:38:09.975  INFO MacBook-Pro-di-Francesco.local --- [nio-8080-exec-5] c.p.h.UserHelper                         : loadUserByToken() - end
2021-10-08 11:38:09.979  INFO MacBook-Pro-di-Francesco.local --- [nio-8080-exec-5] c.p.c.VerbaleController                  : getAll() - start
2021-10-08 11:38:09.979  INFO MacBook-Pro-di-Francesco.local --- [nio-8080-exec-5] c.p.h.UserHelper                         : getCurrentUser() - start
2021-10-08 11:38:09.979  INFO MacBook-Pro-di-Francesco.local --- [nio-8080-exec-5] c.p.h.UserHelper                         : getCurrentUser() - end
2021-10-08 11:38:09.986  INFO MacBook-Pro-di-Francesco.local --- [nio-8080-exec-5] c.p.c.VerbaleController                  : Richieta da utente [admin] per archivio: [1] con parametri: [{"filters":{},"pagination":[25,0]}]
2021-10-08 11:38:09.986  INFO MacBook-Pro-di-Francesco.local --- [nio-8080-exec-5] c.p.s.UserService                        : preliminaryChecks() - start
2021-10-08 11:38:09.987  INFO MacBook-Pro-di-Francesco.local --- [nio-8080-exec-5] c.p.h.UserHelper                         : getCurrentUser() - start
2021-10-08 11:38:09.987  INFO MacBook-Pro-di-Francesco.local --- [nio-8080-exec-5] c.p.h.UserHelper                         : getCurrentUser() - end
2021-10-08 11:38:09.993  INFO MacBook-Pro-di-Francesco.local --- [nio-8080-exec-5] c.p.s.UserService                        : userHasAccessToArchive() - start
2021-10-08 11:38:09.994  INFO MacBook-Pro-di-Francesco.local --- [nio-8080-exec-5] c.p.s.UserService                        : userHasAccessToArchive() - end
2021-10-08 11:38:09.998  INFO MacBook-Pro-di-Francesco.local --- [nio-8080-exec-5] c.p.s.UserService                        : preliminaryChecks() - end
2021-10-08 11:38:10.008  INFO MacBook-Pro-di-Francesco.local --- [nio-8080-exec-5] c.p.s.VerbaleService                     : getVerbaliLength() - start
2021-10-08 11:38:10.008  INFO MacBook-Pro-di-Francesco.local --- [nio-8080-exec-5] c.p.h.QueryBuilder                       : buildCountRows() - start
2021-10-08 11:38:10.008  INFO MacBook-Pro-di-Francesco.local --- [nio-8080-exec-5] c.p.h.QueryBuilder                       : appendWhereCondition() - start
2021-10-08 11:38:10.008  INFO MacBook-Pro-di-Francesco.local --- [nio-8080-exec-5] c.p.h.QueryBuilder                       : appendWhereCondition() - end
2021-10-08 11:38:10.009  INFO MacBook-Pro-di-Francesco.local --- [nio-8080-exec-5] c.p.h.QueryBuilder                       : buildCountRows() - end
2021-10-08 11:38:10.009  INFO MacBook-Pro-di-Francesco.local --- [nio-8080-exec-5] c.p.h.DatabaseHelper                     : performQuery() - start
2021-10-08 11:38:10.009  INFO MacBook-Pro-di-Francesco.local --- [nio-8080-exec-5] c.p.h.DatabaseHelper                     : createConnection() - start
2021-10-08 11:38:10.012  INFO MacBook-Pro-di-Francesco.local --- [nio-8080-exec-5] c.p.h.DatabaseHelper                     : mapDriverClassName() - start
2021-10-08 11:38:10.013  INFO MacBook-Pro-di-Francesco.local --- [nio-8080-exec-5] c.p.h.DatabaseHelper                     : mapDriverClassName() - class name found
2021-10-08 11:38:10.013  INFO MacBook-Pro-di-Francesco.local --- [nio-8080-exec-5] c.p.h.DatabaseHelper                     : mapDriverClassName() - end
2021-10-08 11:38:10.356  INFO MacBook-Pro-di-Francesco.local --- [nio-8080-exec-5] c.p.h.DatabaseHelper                     : createConnection() - connection created
2021-10-08 11:38:10.386  INFO MacBook-Pro-di-Francesco.local --- [nio-8080-exec-5] c.p.h.DatabaseHelper                     : performQuery() - connection closed
2021-10-08 11:38:10.386  INFO MacBook-Pro-di-Francesco.local --- [nio-8080-exec-5] c.p.h.DatabaseHelper                     : performQuery() - end
2021-10-08 11:38:10.387  INFO MacBook-Pro-di-Francesco.local --- [nio-8080-exec-5] c.p.s.VerbaleService                     : getVerbaliLength() - end
2021-10-08 11:38:10.387  INFO MacBook-Pro-di-Francesco.local --- [nio-8080-exec-5] c.p.s.VerbaleService                     : populatePagination() - start
2021-10-08 11:38:10.387  INFO MacBook-Pro-di-Francesco.local --- [nio-8080-exec-5] c.p.s.VerbaleService                     : populatePagination() - end
2021-10-08 11:38:10.387  INFO MacBook-Pro-di-Francesco.local --- [nio-8080-exec-5] c.p.s.VerbaleService                     : getVerbali() - start
2021-10-08 11:38:10.388  INFO MacBook-Pro-di-Francesco.local --- [nio-8080-exec-5] c.p.h.QueryBuilder                       : buildSearchQuery() - start
2021-10-08 11:38:10.388  INFO MacBook-Pro-di-Francesco.local --- [nio-8080-exec-5] c.p.h.QueryBuilder                       : appendWhereCondition() - start
2021-10-08 11:38:10.388  INFO MacBook-Pro-di-Francesco.local --- [nio-8080-exec-5] c.p.h.QueryBuilder                       : appendWhereCondition() - end
2021-10-08 11:38:10.388  INFO MacBook-Pro-di-Francesco.local --- [nio-8080-exec-5] c.p.h.QueryBuilder                       : appendPagination() - start
2021-10-08 11:38:10.389  INFO MacBook-Pro-di-Francesco.local --- [nio-8080-exec-5] c.p.h.QueryBuilder                       : appendPagination() - end
2021-10-08 11:38:10.389  INFO MacBook-Pro-di-Francesco.local --- [nio-8080-exec-5] c.p.h.QueryBuilder                       : buildSearchQuery() - end
2021-10-08 11:38:10.389  INFO MacBook-Pro-di-Francesco.local --- [nio-8080-exec-5] c.p.h.DatabaseHelper                     : performQuery() - start
2021-10-08 11:38:10.389  INFO MacBook-Pro-di-Francesco.local --- [nio-8080-exec-5] c.p.h.DatabaseHelper                     : createConnection() - start
2021-10-08 11:38:10.390  INFO MacBook-Pro-di-Francesco.local --- [nio-8080-exec-5] c.p.h.DatabaseHelper                     : mapDriverClassName() - start
2021-10-08 11:38:10.390  INFO MacBook-Pro-di-Francesco.local --- [nio-8080-exec-5] c.p.h.DatabaseHelper                     : mapDriverClassName() - class name found
2021-10-08 11:38:10.390  INFO MacBook-Pro-di-Francesco.local --- [nio-8080-exec-5] c.p.h.DatabaseHelper                     : mapDriverClassName() - end
2021-10-08 11:38:10.726  INFO MacBook-Pro-di-Francesco.local --- [nio-8080-exec-5] c.p.h.DatabaseHelper                     : createConnection() - connection created
2021-10-08 11:38:10.758  INFO MacBook-Pro-di-Francesco.local --- [nio-8080-exec-5] c.p.s.VerbaleService                     : extractVerbaliList() - start
2021-10-08 11:38:10.768  INFO MacBook-Pro-di-Francesco.local --- [nio-8080-exec-5] c.p.s.VerbaleService                     : extractVerbaliList() - end
2021-10-08 11:38:10.768  INFO MacBook-Pro-di-Francesco.local --- [nio-8080-exec-5] c.p.h.DatabaseHelper                     : performQuery() - connection closed
2021-10-08 11:38:10.769  INFO MacBook-Pro-di-Francesco.local --- [nio-8080-exec-5] c.p.h.DatabaseHelper                     : performQuery() - end
2021-10-08 11:38:10.769  INFO MacBook-Pro-di-Francesco.local --- [nio-8080-exec-5] c.p.s.VerbaleService                     : getVerbali() - end
2021-10-08 11:38:10.769  INFO MacBook-Pro-di-Francesco.local --- [nio-8080-exec-5] c.p.c.VerbaleController                  : getAll() - action performed
2021-10-08 11:38:10.769  INFO MacBook-Pro-di-Francesco.local --- [nio-8080-exec-5] c.p.c.VerbaleController                  : getAll() - end
2021-10-08 11:38:10.772  INFO MacBook-Pro-di-Francesco.local --- [nio-8080-exec-5] c.p.s.JwtTokenFilter                     : doFilterInternal() - end
2021-10-08 11:38:30.093  INFO MacBook-Pro-di-Francesco.local --- [nio-8080-exec-6] c.p.s.JwtTokenFilter                     : doFilterInternal() - start
2021-10-08 11:38:30.095  INFO MacBook-Pro-di-Francesco.local --- [nio-8080-exec-6] c.p.h.UserHelper                         : loadUserByToken() - start
2021-10-08 11:38:30.097  INFO MacBook-Pro-di-Francesco.local --- [nio-8080-exec-6] c.p.h.UserHelper                         : loadUserByToken() - end
2021-10-08 11:38:30.100  INFO MacBook-Pro-di-Francesco.local --- [nio-8080-exec-6] c.p.c.VerbaleController                  : getAll() - start
2021-10-08 11:38:30.101  INFO MacBook-Pro-di-Francesco.local --- [nio-8080-exec-6] c.p.h.UserHelper                         : getCurrentUser() - start
2021-10-08 11:38:30.101  INFO MacBook-Pro-di-Francesco.local --- [nio-8080-exec-6] c.p.h.UserHelper                         : getCurrentUser() - end
2021-10-08 11:38:30.106  INFO MacBook-Pro-di-Francesco.local --- [nio-8080-exec-6] c.p.c.VerbaleController                  : Richieta da utente [admin] per archivio: [1] con parametri: [{"filters":{},"pagination":[25,0]}]
2021-10-08 11:38:30.107  INFO MacBook-Pro-di-Francesco.local --- [nio-8080-exec-6] c.p.s.UserService                        : preliminaryChecks() - start
2021-10-08 11:38:30.107  INFO MacBook-Pro-di-Francesco.local --- [nio-8080-exec-6] c.p.h.UserHelper                         : getCurrentUser() - start
2021-10-08 11:38:30.108  INFO MacBook-Pro-di-Francesco.local --- [nio-8080-exec-6] c.p.h.UserHelper                         : getCurrentUser() - end
2021-10-08 11:38:30.119  INFO MacBook-Pro-di-Francesco.local --- [nio-8080-exec-6] c.p.s.UserService                        : userHasAccessToArchive() - start
2021-10-08 11:38:30.119  INFO MacBook-Pro-di-Francesco.local --- [nio-8080-exec-6] c.p.s.UserService                        : userHasAccessToArchive() - end
2021-10-08 11:38:30.122  INFO MacBook-Pro-di-Francesco.local --- [nio-8080-exec-6] c.p.s.UserService                        : preliminaryChecks() - end
2021-10-08 11:38:30.126  INFO MacBook-Pro-di-Francesco.local --- [nio-8080-exec-6] c.p.s.VerbaleService                     : getVerbaliLength() - start
2021-10-08 11:38:30.127  INFO MacBook-Pro-di-Francesco.local --- [nio-8080-exec-6] c.p.h.QueryBuilder                       : buildCountRows() - start
2021-10-08 11:38:30.127  INFO MacBook-Pro-di-Francesco.local --- [nio-8080-exec-6] c.p.h.QueryBuilder                       : appendWhereCondition() - start
2021-10-08 11:38:30.127  INFO MacBook-Pro-di-Francesco.local --- [nio-8080-exec-6] c.p.h.QueryBuilder                       : appendWhereCondition() - end
2021-10-08 11:38:30.127  INFO MacBook-Pro-di-Francesco.local --- [nio-8080-exec-6] c.p.h.QueryBuilder                       : buildCountRows() - end
2021-10-08 11:38:30.127  INFO MacBook-Pro-di-Francesco.local --- [nio-8080-exec-6] c.p.h.DatabaseHelper                     : performQuery() - start
2021-10-08 11:38:30.127  INFO MacBook-Pro-di-Francesco.local --- [nio-8080-exec-6] c.p.h.DatabaseHelper                     : createConnection() - start
2021-10-08 11:38:30.132  INFO MacBook-Pro-di-Francesco.local --- [nio-8080-exec-6] c.p.h.DatabaseHelper                     : mapDriverClassName() - start
2021-10-08 11:38:30.132  INFO MacBook-Pro-di-Francesco.local --- [nio-8080-exec-6] c.p.h.DatabaseHelper                     : mapDriverClassName() - class name found
2021-10-08 11:38:30.132  INFO MacBook-Pro-di-Francesco.local --- [nio-8080-exec-6] c.p.h.DatabaseHelper                     : mapDriverClassName() - end
2021-10-08 11:38:30.469  INFO MacBook-Pro-di-Francesco.local --- [nio-8080-exec-6] c.p.h.DatabaseHelper                     : createConnection() - connection created
2021-10-08 11:38:30.497  INFO MacBook-Pro-di-Francesco.local --- [nio-8080-exec-6] c.p.h.DatabaseHelper                     : performQuery() - connection closed
2021-10-08 11:38:30.497  INFO MacBook-Pro-di-Francesco.local --- [nio-8080-exec-6] c.p.h.DatabaseHelper                     : performQuery() - end
2021-10-08 11:38:30.497  INFO MacBook-Pro-di-Francesco.local --- [nio-8080-exec-6] c.p.s.VerbaleService                     : getVerbaliLength() - end
2021-10-08 11:38:30.498  INFO MacBook-Pro-di-Francesco.local --- [nio-8080-exec-6] c.p.s.VerbaleService                     : populatePagination() - start
2021-10-08 11:38:30.498  INFO MacBook-Pro-di-Francesco.local --- [nio-8080-exec-6] c.p.s.VerbaleService                     : populatePagination() - end
2021-10-08 11:38:30.498  INFO MacBook-Pro-di-Francesco.local --- [nio-8080-exec-6] c.p.s.VerbaleService                     : getVerbali() - start
2021-10-08 11:38:30.498  INFO MacBook-Pro-di-Francesco.local --- [nio-8080-exec-6] c.p.h.QueryBuilder                       : buildSearchQuery() - start
2021-10-08 11:38:30.498  INFO MacBook-Pro-di-Francesco.local --- [nio-8080-exec-6] c.p.h.QueryBuilder                       : appendWhereCondition() - start
2021-10-08 11:38:30.498  INFO MacBook-Pro-di-Francesco.local --- [nio-8080-exec-6] c.p.h.QueryBuilder                       : appendWhereCondition() - end
2021-10-08 11:38:30.498  INFO MacBook-Pro-di-Francesco.local --- [nio-8080-exec-6] c.p.h.QueryBuilder                       : appendPagination() - start
2021-10-08 11:38:30.499  INFO MacBook-Pro-di-Francesco.local --- [nio-8080-exec-6] c.p.h.QueryBuilder                       : appendPagination() - end
2021-10-08 11:38:30.499  INFO MacBook-Pro-di-Francesco.local --- [nio-8080-exec-6] c.p.h.QueryBuilder                       : buildSearchQuery() - end
2021-10-08 11:38:30.499  INFO MacBook-Pro-di-Francesco.local --- [nio-8080-exec-6] c.p.h.DatabaseHelper                     : performQuery() - start
2021-10-08 11:38:30.499  INFO MacBook-Pro-di-Francesco.local --- [nio-8080-exec-6] c.p.h.DatabaseHelper                     : createConnection() - start
2021-10-08 11:38:30.499  INFO MacBook-Pro-di-Francesco.local --- [nio-8080-exec-6] c.p.h.DatabaseHelper                     : mapDriverClassName() - start
2021-10-08 11:38:30.499  INFO MacBook-Pro-di-Francesco.local --- [nio-8080-exec-6] c.p.h.DatabaseHelper                     : mapDriverClassName() - class name found
2021-10-08 11:38:30.499  INFO MacBook-Pro-di-Francesco.local --- [nio-8080-exec-6] c.p.h.DatabaseHelper                     : mapDriverClassName() - end
2021-10-08 11:38:30.838  INFO MacBook-Pro-di-Francesco.local --- [nio-8080-exec-6] c.p.h.DatabaseHelper                     : createConnection() - connection created
2021-10-08 11:38:30.868  INFO MacBook-Pro-di-Francesco.local --- [nio-8080-exec-6] c.p.s.VerbaleService                     : extractVerbaliList() - start
2021-10-08 11:38:30.877  INFO MacBook-Pro-di-Francesco.local --- [nio-8080-exec-6] c.p.s.VerbaleService                     : extractVerbaliList() - end
2021-10-08 11:38:30.878  INFO MacBook-Pro-di-Francesco.local --- [nio-8080-exec-6] c.p.h.DatabaseHelper                     : performQuery() - connection closed
2021-10-08 11:38:30.878  INFO MacBook-Pro-di-Francesco.local --- [nio-8080-exec-6] c.p.h.DatabaseHelper                     : performQuery() - end
2021-10-08 11:38:30.878  INFO MacBook-Pro-di-Francesco.local --- [nio-8080-exec-6] c.p.s.VerbaleService                     : getVerbali() - end
2021-10-08 11:38:30.879  INFO MacBook-Pro-di-Francesco.local --- [nio-8080-exec-6] c.p.c.VerbaleController                  : getAll() - action performed
2021-10-08 11:38:30.879  INFO MacBook-Pro-di-Francesco.local --- [nio-8080-exec-6] c.p.c.VerbaleController                  : getAll() - end
2021-10-08 11:38:30.881  INFO MacBook-Pro-di-Francesco.local --- [nio-8080-exec-6] c.p.s.JwtTokenFilter                     : doFilterInternal() - end
2021-10-08 11:39:19.050  INFO MacBook-Pro-di-Francesco.local --- [nio-8080-exec-9] c.p.s.JwtTokenFilter                     : doFilterInternal() - start
2021-10-08 11:39:19.068  INFO MacBook-Pro-di-Francesco.local --- [nio-8080-exec-9] c.p.h.UserHelper                         : loadUserByToken() - start
2021-10-08 11:39:19.069  INFO MacBook-Pro-di-Francesco.local --- [nio-8080-exec-9] c.p.h.UserHelper                         : loadUserByToken() - end
2021-10-08 11:39:19.084  INFO MacBook-Pro-di-Francesco.local --- [nio-8080-exec-9] c.p.c.ArchiveController                  : getMyArchives() - start
2021-10-08 11:39:19.085  INFO MacBook-Pro-di-Francesco.local --- [nio-8080-exec-9] c.p.h.UserHelper                         : getCurrentUser() - start
2021-10-08 11:39:19.085  INFO MacBook-Pro-di-Francesco.local --- [nio-8080-exec-9] c.p.h.UserHelper                         : getCurrentUser() - end
2021-10-08 11:39:19.119  INFO MacBook-Pro-di-Francesco.local --- [nio-8080-exec-9] c.p.c.ArchiveController                  : Richieta da utente [admin]
2021-10-08 11:39:19.120  INFO MacBook-Pro-di-Francesco.local --- [nio-8080-exec-9] c.p.s.ArchiveService                     : getArchivesByUser() - start
2021-10-08 11:39:19.120  INFO MacBook-Pro-di-Francesco.local --- [nio-8080-exec-9] c.p.h.UserHelper                         : getCurrentUser() - start
2021-10-08 11:39:19.120  INFO MacBook-Pro-di-Francesco.local --- [nio-8080-exec-9] c.p.h.UserHelper                         : getCurrentUser() - end
2021-10-08 11:39:19.133  INFO MacBook-Pro-di-Francesco.local --- [nio-8080-exec-9] c.p.s.ArchiveService                     : getArchivesByUser() - end
2021-10-08 11:39:19.133  INFO MacBook-Pro-di-Francesco.local --- [nio-8080-exec-9] c.p.c.ArchiveController                  : getMyArchives() - end
2021-10-08 11:39:19.147  INFO MacBook-Pro-di-Francesco.local --- [nio-8080-exec-9] c.p.s.JwtTokenFilter                     : doFilterInternal() - end
2021-10-08 11:39:21.446  INFO MacBook-Pro-di-Francesco.local --- [nio-8080-exec-1] c.p.s.JwtTokenFilter                     : doFilterInternal() - start
2021-10-08 11:39:21.447  INFO MacBook-Pro-di-Francesco.local --- [nio-8080-exec-1] c.p.h.UserHelper                         : loadUserByToken() - start
2021-10-08 11:39:21.448  INFO MacBook-Pro-di-Francesco.local --- [nio-8080-exec-1] c.p.h.UserHelper                         : loadUserByToken() - end
2021-10-08 11:39:21.449  INFO MacBook-Pro-di-Francesco.local --- [nio-8080-exec-1] c.p.c.ArchiveController                  : getMyArchives() - start
2021-10-08 11:39:21.449  INFO MacBook-Pro-di-Francesco.local --- [nio-8080-exec-1] c.p.h.UserHelper                         : getCurrentUser() - start
2021-10-08 11:39:21.449  INFO MacBook-Pro-di-Francesco.local --- [nio-8080-exec-1] c.p.h.UserHelper                         : getCurrentUser() - end
2021-10-08 11:39:21.452  INFO MacBook-Pro-di-Francesco.local --- [nio-8080-exec-1] c.p.c.ArchiveController                  : Richieta da utente [admin]
2021-10-08 11:39:21.453  INFO MacBook-Pro-di-Francesco.local --- [nio-8080-exec-1] c.p.s.ArchiveService                     : getArchivesByUser() - start
2021-10-08 11:39:21.453  INFO MacBook-Pro-di-Francesco.local --- [nio-8080-exec-1] c.p.h.UserHelper                         : getCurrentUser() - start
2021-10-08 11:39:21.453  INFO MacBook-Pro-di-Francesco.local --- [nio-8080-exec-1] c.p.h.UserHelper                         : getCurrentUser() - end
2021-10-08 11:39:21.458  INFO MacBook-Pro-di-Francesco.local --- [nio-8080-exec-1] c.p.s.ArchiveService                     : getArchivesByUser() - end
2021-10-08 11:39:21.458  INFO MacBook-Pro-di-Francesco.local --- [nio-8080-exec-1] c.p.c.ArchiveController                  : getMyArchives() - end
2021-10-08 11:39:21.460  INFO MacBook-Pro-di-Francesco.local --- [nio-8080-exec-1] c.p.s.JwtTokenFilter                     : doFilterInternal() - end
2021-10-08 11:39:22.592  INFO MacBook-Pro-di-Francesco.local --- [io-8080-exec-10] c.p.s.JwtTokenFilter                     : doFilterInternal() - start
2021-10-08 11:39:22.594  INFO MacBook-Pro-di-Francesco.local --- [io-8080-exec-10] c.p.h.UserHelper                         : loadUserByToken() - start
2021-10-08 11:39:22.595  INFO MacBook-Pro-di-Francesco.local --- [io-8080-exec-10] c.p.h.UserHelper                         : loadUserByToken() - end
2021-10-08 11:39:22.602  INFO MacBook-Pro-di-Francesco.local --- [io-8080-exec-10] c.p.c.VerbaleController                  : getAll() - start
2021-10-08 11:39:22.602  INFO MacBook-Pro-di-Francesco.local --- [io-8080-exec-10] c.p.h.UserHelper                         : getCurrentUser() - start
2021-10-08 11:39:22.602  INFO MacBook-Pro-di-Francesco.local --- [io-8080-exec-10] c.p.h.UserHelper                         : getCurrentUser() - end
2021-10-08 11:39:22.609  INFO MacBook-Pro-di-Francesco.local --- [io-8080-exec-10] c.p.c.VerbaleController                  : Richieta da utente [admin] per archivio: [1] con parametri: [{"filters":{},"pagination":[25,0]}]
2021-10-08 11:39:22.609  INFO MacBook-Pro-di-Francesco.local --- [io-8080-exec-10] c.p.s.UserService                        : preliminaryChecks() - start
2021-10-08 11:39:22.609  INFO MacBook-Pro-di-Francesco.local --- [io-8080-exec-10] c.p.h.UserHelper                         : getCurrentUser() - start
2021-10-08 11:39:22.609  INFO MacBook-Pro-di-Francesco.local --- [io-8080-exec-10] c.p.h.UserHelper                         : getCurrentUser() - end
2021-10-08 11:39:22.623  INFO MacBook-Pro-di-Francesco.local --- [io-8080-exec-10] c.p.s.UserService                        : userHasAccessToArchive() - start
2021-10-08 11:39:22.623  INFO MacBook-Pro-di-Francesco.local --- [io-8080-exec-10] c.p.s.UserService                        : userHasAccessToArchive() - end
2021-10-08 11:39:22.627  INFO MacBook-Pro-di-Francesco.local --- [io-8080-exec-10] c.p.s.UserService                        : preliminaryChecks() - end
2021-10-08 11:39:22.633  INFO MacBook-Pro-di-Francesco.local --- [io-8080-exec-10] c.p.s.VerbaleService                     : getVerbaliLength() - start
2021-10-08 11:39:22.633  INFO MacBook-Pro-di-Francesco.local --- [io-8080-exec-10] c.p.h.QueryBuilder                       : buildCountRows() - start
2021-10-08 11:39:22.633  INFO MacBook-Pro-di-Francesco.local --- [io-8080-exec-10] c.p.h.QueryBuilder                       : appendWhereCondition() - start
2021-10-08 11:39:22.633  INFO MacBook-Pro-di-Francesco.local --- [io-8080-exec-10] c.p.h.QueryBuilder                       : appendWhereCondition() - end
2021-10-08 11:39:22.634  INFO MacBook-Pro-di-Francesco.local --- [io-8080-exec-10] c.p.h.QueryBuilder                       : buildCountRows() - end
2021-10-08 11:39:22.634  INFO MacBook-Pro-di-Francesco.local --- [io-8080-exec-10] c.p.h.DatabaseHelper                     : performQuery() - start
2021-10-08 11:39:22.634  INFO MacBook-Pro-di-Francesco.local --- [io-8080-exec-10] c.p.h.DatabaseHelper                     : createConnection() - start
2021-10-08 11:39:22.636  INFO MacBook-Pro-di-Francesco.local --- [io-8080-exec-10] c.p.h.DatabaseHelper                     : mapDriverClassName() - start
2021-10-08 11:39:22.636  INFO MacBook-Pro-di-Francesco.local --- [io-8080-exec-10] c.p.h.DatabaseHelper                     : mapDriverClassName() - class name found
2021-10-08 11:39:22.636  INFO MacBook-Pro-di-Francesco.local --- [io-8080-exec-10] c.p.h.DatabaseHelper                     : mapDriverClassName() - end
2021-10-08 11:39:23.012  INFO MacBook-Pro-di-Francesco.local --- [io-8080-exec-10] c.p.h.DatabaseHelper                     : createConnection() - connection created
2021-10-08 11:39:23.039  INFO MacBook-Pro-di-Francesco.local --- [io-8080-exec-10] c.p.h.DatabaseHelper                     : performQuery() - connection closed
2021-10-08 11:39:23.039  INFO MacBook-Pro-di-Francesco.local --- [io-8080-exec-10] c.p.h.DatabaseHelper                     : performQuery() - end
2021-10-08 11:39:23.039  INFO MacBook-Pro-di-Francesco.local --- [io-8080-exec-10] c.p.s.VerbaleService                     : getVerbaliLength() - end
2021-10-08 11:39:23.039  INFO MacBook-Pro-di-Francesco.local --- [io-8080-exec-10] c.p.s.VerbaleService                     : populatePagination() - start
2021-10-08 11:39:23.039  INFO MacBook-Pro-di-Francesco.local --- [io-8080-exec-10] c.p.s.VerbaleService                     : populatePagination() - end
2021-10-08 11:39:23.039  INFO MacBook-Pro-di-Francesco.local --- [io-8080-exec-10] c.p.s.VerbaleService                     : getVerbali() - start
2021-10-08 11:39:23.039  INFO MacBook-Pro-di-Francesco.local --- [io-8080-exec-10] c.p.h.QueryBuilder                       : buildSearchQuery() - start
2021-10-08 11:39:23.040  INFO MacBook-Pro-di-Francesco.local --- [io-8080-exec-10] c.p.h.QueryBuilder                       : appendWhereCondition() - start
2021-10-08 11:39:23.040  INFO MacBook-Pro-di-Francesco.local --- [io-8080-exec-10] c.p.h.QueryBuilder                       : appendWhereCondition() - end
2021-10-08 11:39:23.040  INFO MacBook-Pro-di-Francesco.local --- [io-8080-exec-10] c.p.h.QueryBuilder                       : appendPagination() - start
2021-10-08 11:39:23.040  INFO MacBook-Pro-di-Francesco.local --- [io-8080-exec-10] c.p.h.QueryBuilder                       : appendPagination() - end
2021-10-08 11:39:23.040  INFO MacBook-Pro-di-Francesco.local --- [io-8080-exec-10] c.p.h.QueryBuilder                       : buildSearchQuery() - end
2021-10-08 11:39:23.040  INFO MacBook-Pro-di-Francesco.local --- [io-8080-exec-10] c.p.h.DatabaseHelper                     : performQuery() - start
2021-10-08 11:39:23.040  INFO MacBook-Pro-di-Francesco.local --- [io-8080-exec-10] c.p.h.DatabaseHelper                     : createConnection() - start
2021-10-08 11:39:23.041  INFO MacBook-Pro-di-Francesco.local --- [io-8080-exec-10] c.p.h.DatabaseHelper                     : mapDriverClassName() - start
2021-10-08 11:39:23.041  INFO MacBook-Pro-di-Francesco.local --- [io-8080-exec-10] c.p.h.DatabaseHelper                     : mapDriverClassName() - class name found
2021-10-08 11:39:23.041  INFO MacBook-Pro-di-Francesco.local --- [io-8080-exec-10] c.p.h.DatabaseHelper                     : mapDriverClassName() - end
2021-10-08 11:39:23.359  INFO MacBook-Pro-di-Francesco.local --- [io-8080-exec-10] c.p.h.DatabaseHelper                     : createConnection() - connection created
2021-10-08 11:39:23.392  INFO MacBook-Pro-di-Francesco.local --- [io-8080-exec-10] c.p.s.VerbaleService                     : extractVerbaliList() - start
2021-10-08 11:39:23.404  INFO MacBook-Pro-di-Francesco.local --- [io-8080-exec-10] c.p.s.VerbaleService                     : extractVerbaliList() - end
2021-10-08 11:39:23.404  INFO MacBook-Pro-di-Francesco.local --- [io-8080-exec-10] c.p.h.DatabaseHelper                     : performQuery() - connection closed
2021-10-08 11:39:23.405  INFO MacBook-Pro-di-Francesco.local --- [io-8080-exec-10] c.p.h.DatabaseHelper                     : performQuery() - end
2021-10-08 11:39:23.405  INFO MacBook-Pro-di-Francesco.local --- [io-8080-exec-10] c.p.s.VerbaleService                     : getVerbali() - end
2021-10-08 11:39:23.405  INFO MacBook-Pro-di-Francesco.local --- [io-8080-exec-10] c.p.c.VerbaleController                  : getAll() - action performed
2021-10-08 11:39:23.405  INFO MacBook-Pro-di-Francesco.local --- [io-8080-exec-10] c.p.c.VerbaleController                  : getAll() - end
2021-10-08 11:39:23.407  INFO MacBook-Pro-di-Francesco.local --- [io-8080-exec-10] c.p.s.JwtTokenFilter                     : doFilterInternal() - end
2021-10-08 11:39:28.468  INFO MacBook-Pro-di-Francesco.local --- [nio-8080-exec-2] c.p.s.JwtTokenFilter                     : doFilterInternal() - start
2021-10-08 11:39:28.470  INFO MacBook-Pro-di-Francesco.local --- [nio-8080-exec-2] c.p.h.UserHelper                         : loadUserByToken() - start
2021-10-08 11:39:28.472  INFO MacBook-Pro-di-Francesco.local --- [nio-8080-exec-2] c.p.h.UserHelper                         : loadUserByToken() - end
2021-10-08 11:39:28.474  INFO MacBook-Pro-di-Francesco.local --- [nio-8080-exec-2] c.p.c.VerbaleController                  : getAll() - start
2021-10-08 11:39:28.474  INFO MacBook-Pro-di-Francesco.local --- [nio-8080-exec-2] c.p.h.UserHelper                         : getCurrentUser() - start
2021-10-08 11:39:28.474  INFO MacBook-Pro-di-Francesco.local --- [nio-8080-exec-2] c.p.h.UserHelper                         : getCurrentUser() - end
2021-10-08 11:39:28.479  INFO MacBook-Pro-di-Francesco.local --- [nio-8080-exec-2] c.p.c.VerbaleController                  : Richieta da utente [admin] per archivio: [1] con parametri: [{"filters":{"sesso":"M"},"pagination":[25,0]}]
2021-10-08 11:39:28.479  INFO MacBook-Pro-di-Francesco.local --- [nio-8080-exec-2] c.p.s.UserService                        : preliminaryChecks() - start
2021-10-08 11:39:28.480  INFO MacBook-Pro-di-Francesco.local --- [nio-8080-exec-2] c.p.h.UserHelper                         : getCurrentUser() - start
2021-10-08 11:39:28.480  INFO MacBook-Pro-di-Francesco.local --- [nio-8080-exec-2] c.p.h.UserHelper                         : getCurrentUser() - end
2021-10-08 11:39:28.484  INFO MacBook-Pro-di-Francesco.local --- [nio-8080-exec-2] c.p.s.UserService                        : userHasAccessToArchive() - start
2021-10-08 11:39:28.484  INFO MacBook-Pro-di-Francesco.local --- [nio-8080-exec-2] c.p.s.UserService                        : userHasAccessToArchive() - end
2021-10-08 11:39:28.486  INFO MacBook-Pro-di-Francesco.local --- [nio-8080-exec-2] c.p.s.UserService                        : preliminaryChecks() - end
2021-10-08 11:39:28.491  INFO MacBook-Pro-di-Francesco.local --- [nio-8080-exec-2] c.p.s.VerbaleService                     : getVerbaliLength() - start
2021-10-08 11:39:28.491  INFO MacBook-Pro-di-Francesco.local --- [nio-8080-exec-2] c.p.h.QueryBuilder                       : buildCountRows() - start
2021-10-08 11:39:28.492  INFO MacBook-Pro-di-Francesco.local --- [nio-8080-exec-2] c.p.h.QueryBuilder                       : appendWhereCondition() - start
2021-10-08 11:39:28.495  INFO MacBook-Pro-di-Francesco.local --- [nio-8080-exec-2] c.p.h.QueryBuilder                       : appendWhereCondition() - end
2021-10-08 11:39:28.496  INFO MacBook-Pro-di-Francesco.local --- [nio-8080-exec-2] c.p.h.QueryBuilder                       : buildCountRows() - end
2021-10-08 11:39:28.496  INFO MacBook-Pro-di-Francesco.local --- [nio-8080-exec-2] c.p.h.DatabaseHelper                     : performQuery() - start
2021-10-08 11:39:28.496  INFO MacBook-Pro-di-Francesco.local --- [nio-8080-exec-2] c.p.h.DatabaseHelper                     : createConnection() - start
2021-10-08 11:39:28.497  INFO MacBook-Pro-di-Francesco.local --- [nio-8080-exec-2] c.p.h.DatabaseHelper                     : mapDriverClassName() - start
2021-10-08 11:39:28.497  INFO MacBook-Pro-di-Francesco.local --- [nio-8080-exec-2] c.p.h.DatabaseHelper                     : mapDriverClassName() - class name found
2021-10-08 11:39:28.497  INFO MacBook-Pro-di-Francesco.local --- [nio-8080-exec-2] c.p.h.DatabaseHelper                     : mapDriverClassName() - end
2021-10-08 11:39:28.916  INFO MacBook-Pro-di-Francesco.local --- [nio-8080-exec-2] c.p.h.DatabaseHelper                     : createConnection() - connection created
2021-10-08 11:39:28.916  INFO MacBook-Pro-di-Francesco.local --- [nio-8080-exec-2] c.p.h.QueryBuilder                       : applyFilters() - start
2021-10-08 11:39:28.917  INFO MacBook-Pro-di-Francesco.local --- [nio-8080-exec-2] c.p.h.QueryBuilder                       : extractValueParams() - start
2021-10-08 11:39:28.917  INFO MacBook-Pro-di-Francesco.local --- [nio-8080-exec-2] c.p.h.QueryBuilder                       : getValue() - start
2021-10-08 11:39:28.917  INFO MacBook-Pro-di-Francesco.local --- [nio-8080-exec-2] c.p.h.QueryBuilder                       : getValue() - end
2021-10-08 11:39:28.917  INFO MacBook-Pro-di-Francesco.local --- [nio-8080-exec-2] c.p.h.QueryBuilder                       : extractValueParams() - end
2021-10-08 11:39:28.918  INFO MacBook-Pro-di-Francesco.local --- [nio-8080-exec-2] c.p.h.QueryBuilder                       : applyFilters() - end
2021-10-08 11:39:29.107  INFO MacBook-Pro-di-Francesco.local --- [nio-8080-exec-2] c.p.h.DatabaseHelper                     : performQuery() - connection closed
2021-10-08 11:39:29.107  INFO MacBook-Pro-di-Francesco.local --- [nio-8080-exec-2] c.p.h.DatabaseHelper                     : performQuery() - end
2021-10-08 11:39:29.107  INFO MacBook-Pro-di-Francesco.local --- [nio-8080-exec-2] c.p.s.VerbaleService                     : getVerbaliLength() - end
2021-10-08 11:39:29.107  INFO MacBook-Pro-di-Francesco.local --- [nio-8080-exec-2] c.p.s.VerbaleService                     : populatePagination() - start
2021-10-08 11:39:29.108  INFO MacBook-Pro-di-Francesco.local --- [nio-8080-exec-2] c.p.s.VerbaleService                     : populatePagination() - end
2021-10-08 11:39:29.108  INFO MacBook-Pro-di-Francesco.local --- [nio-8080-exec-2] c.p.s.VerbaleService                     : getVerbali() - start
2021-10-08 11:39:29.108  INFO MacBook-Pro-di-Francesco.local --- [nio-8080-exec-2] c.p.h.QueryBuilder                       : buildSearchQuery() - start
2021-10-08 11:39:29.108  INFO MacBook-Pro-di-Francesco.local --- [nio-8080-exec-2] c.p.h.QueryBuilder                       : appendWhereCondition() - start
2021-10-08 11:39:29.108  INFO MacBook-Pro-di-Francesco.local --- [nio-8080-exec-2] c.p.h.QueryBuilder                       : appendWhereCondition() - end
2021-10-08 11:39:29.108  INFO MacBook-Pro-di-Francesco.local --- [nio-8080-exec-2] c.p.h.QueryBuilder                       : appendPagination() - start
2021-10-08 11:39:29.108  INFO MacBook-Pro-di-Francesco.local --- [nio-8080-exec-2] c.p.h.QueryBuilder                       : appendPagination() - end
2021-10-08 11:39:29.109  INFO MacBook-Pro-di-Francesco.local --- [nio-8080-exec-2] c.p.h.QueryBuilder                       : buildSearchQuery() - end
2021-10-08 11:39:29.109  INFO MacBook-Pro-di-Francesco.local --- [nio-8080-exec-2] c.p.h.DatabaseHelper                     : performQuery() - start
2021-10-08 11:39:29.109  INFO MacBook-Pro-di-Francesco.local --- [nio-8080-exec-2] c.p.h.DatabaseHelper                     : createConnection() - start
2021-10-08 11:39:29.109  INFO MacBook-Pro-di-Francesco.local --- [nio-8080-exec-2] c.p.h.DatabaseHelper                     : mapDriverClassName() - start
2021-10-08 11:39:29.109  INFO MacBook-Pro-di-Francesco.local --- [nio-8080-exec-2] c.p.h.DatabaseHelper                     : mapDriverClassName() - class name found
2021-10-08 11:39:29.109  INFO MacBook-Pro-di-Francesco.local --- [nio-8080-exec-2] c.p.h.DatabaseHelper                     : mapDriverClassName() - end
2021-10-08 11:39:29.823  INFO MacBook-Pro-di-Francesco.local --- [nio-8080-exec-2] c.p.h.DatabaseHelper                     : createConnection() - connection created
2021-10-08 11:39:29.823  INFO MacBook-Pro-di-Francesco.local --- [nio-8080-exec-2] c.p.h.QueryBuilder                       : applyFilters() - start
2021-10-08 11:39:29.823  INFO MacBook-Pro-di-Francesco.local --- [nio-8080-exec-2] c.p.h.QueryBuilder                       : extractValueParams() - start
2021-10-08 11:39:29.823  INFO MacBook-Pro-di-Francesco.local --- [nio-8080-exec-2] c.p.h.QueryBuilder                       : getValue() - start
2021-10-08 11:39:29.823  INFO MacBook-Pro-di-Francesco.local --- [nio-8080-exec-2] c.p.h.QueryBuilder                       : getValue() - end
2021-10-08 11:39:29.823  INFO MacBook-Pro-di-Francesco.local --- [nio-8080-exec-2] c.p.h.QueryBuilder                       : extractValueParams() - end
2021-10-08 11:39:29.823  INFO MacBook-Pro-di-Francesco.local --- [nio-8080-exec-2] c.p.h.QueryBuilder                       : applyFilters() - end
2021-10-08 11:39:29.855  INFO MacBook-Pro-di-Francesco.local --- [nio-8080-exec-2] c.p.s.VerbaleService                     : extractVerbaliList() - start
2021-10-08 11:39:29.864  INFO MacBook-Pro-di-Francesco.local --- [nio-8080-exec-2] c.p.s.VerbaleService                     : extractVerbaliList() - end
2021-10-08 11:39:29.865  INFO MacBook-Pro-di-Francesco.local --- [nio-8080-exec-2] c.p.h.DatabaseHelper                     : performQuery() - connection closed
2021-10-08 11:39:29.865  INFO MacBook-Pro-di-Francesco.local --- [nio-8080-exec-2] c.p.h.DatabaseHelper                     : performQuery() - end
2021-10-08 11:39:29.865  INFO MacBook-Pro-di-Francesco.local --- [nio-8080-exec-2] c.p.s.VerbaleService                     : getVerbali() - end
2021-10-08 11:39:29.865  INFO MacBook-Pro-di-Francesco.local --- [nio-8080-exec-2] c.p.c.VerbaleController                  : getAll() - action performed
2021-10-08 11:39:29.865  INFO MacBook-Pro-di-Francesco.local --- [nio-8080-exec-2] c.p.c.VerbaleController                  : getAll() - end
2021-10-08 11:39:29.867  INFO MacBook-Pro-di-Francesco.local --- [nio-8080-exec-2] c.p.s.JwtTokenFilter                     : doFilterInternal() - end
2021-10-08 11:40:44.385  INFO MacBook-Pro-di-Francesco.local --- [nio-8080-exec-5] c.p.s.JwtTokenFilter                     : doFilterInternal() - start
2021-10-08 11:40:44.385  INFO MacBook-Pro-di-Francesco.local --- [nio-8080-exec-4] c.p.s.JwtTokenFilter                     : doFilterInternal() - start
2021-10-08 11:40:44.401  INFO MacBook-Pro-di-Francesco.local --- [nio-8080-exec-5] c.p.h.UserHelper                         : loadUserByToken() - start
2021-10-08 11:40:44.401  INFO MacBook-Pro-di-Francesco.local --- [nio-8080-exec-4] c.p.h.UserHelper                         : loadUserByToken() - start
2021-10-08 11:40:44.402  INFO MacBook-Pro-di-Francesco.local --- [nio-8080-exec-4] c.p.h.UserHelper                         : loadUserByToken() - end
2021-10-08 11:40:44.402  INFO MacBook-Pro-di-Francesco.local --- [nio-8080-exec-5] c.p.h.UserHelper                         : loadUserByToken() - end
2021-10-08 11:40:44.422  INFO MacBook-Pro-di-Francesco.local --- [nio-8080-exec-4] c.p.c.ArchiveController                  : getAllArchives() - start
2021-10-08 11:40:44.423  INFO MacBook-Pro-di-Francesco.local --- [nio-8080-exec-4] c.p.h.UserHelper                         : getCurrentUser() - start
2021-10-08 11:40:44.423  INFO MacBook-Pro-di-Francesco.local --- [nio-8080-exec-5] c.p.c.UserController                     : getUserList() - start
2021-10-08 11:40:44.423  INFO MacBook-Pro-di-Francesco.local --- [nio-8080-exec-4] c.p.h.UserHelper                         : getCurrentUser() - end
2021-10-08 11:40:44.423  INFO MacBook-Pro-di-Francesco.local --- [nio-8080-exec-5] c.p.h.UserHelper                         : getCurrentUser() - start
2021-10-08 11:40:44.423  INFO MacBook-Pro-di-Francesco.local --- [nio-8080-exec-5] c.p.h.UserHelper                         : getCurrentUser() - end
2021-10-08 11:40:44.469  INFO MacBook-Pro-di-Francesco.local --- [nio-8080-exec-4] c.p.c.ArchiveController                  : Richieta da utente [admin]
2021-10-08 11:40:44.469  INFO MacBook-Pro-di-Francesco.local --- [nio-8080-exec-5] c.p.c.UserController                     : Richieta da utente [admin]
2021-10-08 11:40:44.469  INFO MacBook-Pro-di-Francesco.local --- [nio-8080-exec-4] c.p.h.UserHelper                         : isAdmin() - start
2021-10-08 11:40:44.469  INFO MacBook-Pro-di-Francesco.local --- [nio-8080-exec-5] c.p.h.UserHelper                         : isAdmin() - start
2021-10-08 11:40:44.469  INFO MacBook-Pro-di-Francesco.local --- [nio-8080-exec-5] c.p.h.UserHelper                         : isAdmin() - end
2021-10-08 11:40:44.469  INFO MacBook-Pro-di-Francesco.local --- [nio-8080-exec-4] c.p.h.UserHelper                         : isAdmin() - end
2021-10-08 11:40:44.470  INFO MacBook-Pro-di-Francesco.local --- [nio-8080-exec-5] c.p.s.UserService                        : getUserList() - start
2021-10-08 11:40:44.470  INFO MacBook-Pro-di-Francesco.local --- [nio-8080-exec-4] c.p.s.ArchiveService                     : getArchivesByUser() - start
2021-10-08 11:40:44.470  INFO MacBook-Pro-di-Francesco.local --- [nio-8080-exec-4] c.p.h.UserHelper                         : getCurrentUser() - start
2021-10-08 11:40:44.470  INFO MacBook-Pro-di-Francesco.local --- [nio-8080-exec-4] c.p.h.UserHelper                         : getCurrentUser() - end
2021-10-08 11:40:44.478  INFO MacBook-Pro-di-Francesco.local --- [nio-8080-exec-5] c.p.s.UserService                        : toDto() - start
2021-10-08 11:40:44.478  INFO MacBook-Pro-di-Francesco.local --- [nio-8080-exec-5] c.p.s.UserService                        : toDto() - end
2021-10-08 11:40:44.481  INFO MacBook-Pro-di-Francesco.local --- [nio-8080-exec-5] c.p.s.ArchiveService                     : getArchivesByUser() - start
2021-10-08 11:40:44.482  INFO MacBook-Pro-di-Francesco.local --- [nio-8080-exec-4] c.p.s.ArchiveService                     : getArchivesByUser() - end
2021-10-08 11:40:44.485  INFO MacBook-Pro-di-Francesco.local --- [nio-8080-exec-5] c.p.s.ArchiveService                     : getArchivesByUser() - end
2021-10-08 11:40:44.485  INFO MacBook-Pro-di-Francesco.local --- [nio-8080-exec-5] c.p.s.UserService                        : getUserList() - end
2021-10-08 11:40:44.485  INFO MacBook-Pro-di-Francesco.local --- [nio-8080-exec-5] c.p.c.UserController                     : getUserList() - user list found
2021-10-08 11:40:44.485  INFO MacBook-Pro-di-Francesco.local --- [nio-8080-exec-5] c.p.c.UserController                     : getUserList() - end
2021-10-08 11:40:44.494  INFO MacBook-Pro-di-Francesco.local --- [nio-8080-exec-5] c.p.s.JwtTokenFilter                     : doFilterInternal() - end
2021-10-08 11:40:44.494  INFO MacBook-Pro-di-Francesco.local --- [nio-8080-exec-4] c.p.s.JwtTokenFilter                     : doFilterInternal() - end
2021-10-08 11:40:44.967  INFO MacBook-Pro-di-Francesco.local --- [nio-8080-exec-6] c.p.s.JwtTokenFilter                     : doFilterInternal() - start
2021-10-08 11:40:44.970  INFO MacBook-Pro-di-Francesco.local --- [nio-8080-exec-6] c.p.h.UserHelper                         : loadUserByToken() - start
2021-10-08 11:40:44.970  INFO MacBook-Pro-di-Francesco.local --- [nio-8080-exec-6] c.p.h.UserHelper                         : loadUserByToken() - end
2021-10-08 11:40:44.977  INFO MacBook-Pro-di-Francesco.local --- [nio-8080-exec-6] c.p.c.VerbaleController                  : getAll() - start
2021-10-08 11:40:44.977  INFO MacBook-Pro-di-Francesco.local --- [nio-8080-exec-6] c.p.h.UserHelper                         : getCurrentUser() - start
2021-10-08 11:40:44.977  INFO MacBook-Pro-di-Francesco.local --- [nio-8080-exec-6] c.p.h.UserHelper                         : getCurrentUser() - end
2021-10-08 11:40:44.982  INFO MacBook-Pro-di-Francesco.local --- [nio-8080-exec-6] c.p.c.VerbaleController                  : Richieta da utente [admin] per archivio: [1] con parametri: [{"filters":{},"pagination":[25,0]}]
2021-10-08 11:40:44.982  INFO MacBook-Pro-di-Francesco.local --- [nio-8080-exec-6] c.p.s.UserService                        : preliminaryChecks() - start
2021-10-08 11:40:44.982  INFO MacBook-Pro-di-Francesco.local --- [nio-8080-exec-6] c.p.h.UserHelper                         : getCurrentUser() - start
2021-10-08 11:40:44.982  INFO MacBook-Pro-di-Francesco.local --- [nio-8080-exec-6] c.p.h.UserHelper                         : getCurrentUser() - end
2021-10-08 11:40:44.987  INFO MacBook-Pro-di-Francesco.local --- [nio-8080-exec-6] c.p.s.UserService                        : userHasAccessToArchive() - start
2021-10-08 11:40:44.987  INFO MacBook-Pro-di-Francesco.local --- [nio-8080-exec-6] c.p.s.UserService                        : userHasAccessToArchive() - end
2021-10-08 11:40:44.989  INFO MacBook-Pro-di-Francesco.local --- [nio-8080-exec-6] c.p.s.UserService                        : preliminaryChecks() - end
2021-10-08 11:40:44.991  INFO MacBook-Pro-di-Francesco.local --- [nio-8080-exec-6] c.p.s.VerbaleService                     : getVerbaliLength() - start
2021-10-08 11:40:44.991  INFO MacBook-Pro-di-Francesco.local --- [nio-8080-exec-6] c.p.h.QueryBuilder                       : buildCountRows() - start
2021-10-08 11:40:44.991  INFO MacBook-Pro-di-Francesco.local --- [nio-8080-exec-6] c.p.h.QueryBuilder                       : appendWhereCondition() - start
2021-10-08 11:40:44.992  INFO MacBook-Pro-di-Francesco.local --- [nio-8080-exec-6] c.p.h.QueryBuilder                       : appendWhereCondition() - end
2021-10-08 11:40:44.992  INFO MacBook-Pro-di-Francesco.local --- [nio-8080-exec-6] c.p.h.QueryBuilder                       : buildCountRows() - end
2021-10-08 11:40:44.992  INFO MacBook-Pro-di-Francesco.local --- [nio-8080-exec-6] c.p.h.DatabaseHelper                     : performQuery() - start
2021-10-08 11:40:44.992  INFO MacBook-Pro-di-Francesco.local --- [nio-8080-exec-6] c.p.h.DatabaseHelper                     : createConnection() - start
2021-10-08 11:40:44.993  INFO MacBook-Pro-di-Francesco.local --- [nio-8080-exec-6] c.p.h.DatabaseHelper                     : mapDriverClassName() - start
2021-10-08 11:40:44.993  INFO MacBook-Pro-di-Francesco.local --- [nio-8080-exec-6] c.p.h.DatabaseHelper                     : mapDriverClassName() - class name found
2021-10-08 11:40:44.994  INFO MacBook-Pro-di-Francesco.local --- [nio-8080-exec-6] c.p.h.DatabaseHelper                     : mapDriverClassName() - end
2021-10-08 11:40:45.447  INFO MacBook-Pro-di-Francesco.local --- [nio-8080-exec-6] c.p.h.DatabaseHelper                     : createConnection() - connection created
2021-10-08 11:40:45.476  INFO MacBook-Pro-di-Francesco.local --- [nio-8080-exec-6] c.p.h.DatabaseHelper                     : performQuery() - connection closed
2021-10-08 11:40:45.476  INFO MacBook-Pro-di-Francesco.local --- [nio-8080-exec-6] c.p.h.DatabaseHelper                     : performQuery() - end
2021-10-08 11:40:45.476  INFO MacBook-Pro-di-Francesco.local --- [nio-8080-exec-6] c.p.s.VerbaleService                     : getVerbaliLength() - end
2021-10-08 11:40:45.476  INFO MacBook-Pro-di-Francesco.local --- [nio-8080-exec-6] c.p.s.VerbaleService                     : populatePagination() - start
2021-10-08 11:40:45.476  INFO MacBook-Pro-di-Francesco.local --- [nio-8080-exec-6] c.p.s.VerbaleService                     : populatePagination() - end
2021-10-08 11:40:45.476  INFO MacBook-Pro-di-Francesco.local --- [nio-8080-exec-6] c.p.s.VerbaleService                     : getVerbali() - start
2021-10-08 11:40:45.476  INFO MacBook-Pro-di-Francesco.local --- [nio-8080-exec-6] c.p.h.QueryBuilder                       : buildSearchQuery() - start
2021-10-08 11:40:45.476  INFO MacBook-Pro-di-Francesco.local --- [nio-8080-exec-6] c.p.h.QueryBuilder                       : appendWhereCondition() - start
2021-10-08 11:40:45.476  INFO MacBook-Pro-di-Francesco.local --- [nio-8080-exec-6] c.p.h.QueryBuilder                       : appendWhereCondition() - end
2021-10-08 11:40:45.476  INFO MacBook-Pro-di-Francesco.local --- [nio-8080-exec-6] c.p.h.QueryBuilder                       : appendPagination() - start
2021-10-08 11:40:45.477  INFO MacBook-Pro-di-Francesco.local --- [nio-8080-exec-6] c.p.h.QueryBuilder                       : appendPagination() - end
2021-10-08 11:40:45.477  INFO MacBook-Pro-di-Francesco.local --- [nio-8080-exec-6] c.p.h.QueryBuilder                       : buildSearchQuery() - end
2021-10-08 11:40:45.477  INFO MacBook-Pro-di-Francesco.local --- [nio-8080-exec-6] c.p.h.DatabaseHelper                     : performQuery() - start
2021-10-08 11:40:45.477  INFO MacBook-Pro-di-Francesco.local --- [nio-8080-exec-6] c.p.h.DatabaseHelper                     : createConnection() - start
2021-10-08 11:40:45.477  INFO MacBook-Pro-di-Francesco.local --- [nio-8080-exec-6] c.p.h.DatabaseHelper                     : mapDriverClassName() - start
2021-10-08 11:40:45.477  INFO MacBook-Pro-di-Francesco.local --- [nio-8080-exec-6] c.p.h.DatabaseHelper                     : mapDriverClassName() - class name found
2021-10-08 11:40:45.477  INFO MacBook-Pro-di-Francesco.local --- [nio-8080-exec-6] c.p.h.DatabaseHelper                     : mapDriverClassName() - end
2021-10-08 11:40:45.805  INFO MacBook-Pro-di-Francesco.local --- [nio-8080-exec-6] c.p.h.DatabaseHelper                     : createConnection() - connection created
2021-10-08 11:40:45.835  INFO MacBook-Pro-di-Francesco.local --- [nio-8080-exec-6] c.p.s.VerbaleService                     : extractVerbaliList() - start
2021-10-08 11:40:45.844  INFO MacBook-Pro-di-Francesco.local --- [nio-8080-exec-6] c.p.s.VerbaleService                     : extractVerbaliList() - end
2021-10-08 11:40:45.845  INFO MacBook-Pro-di-Francesco.local --- [nio-8080-exec-6] c.p.h.DatabaseHelper                     : performQuery() - connection closed
2021-10-08 11:40:45.845  INFO MacBook-Pro-di-Francesco.local --- [nio-8080-exec-6] c.p.h.DatabaseHelper                     : performQuery() - end
2021-10-08 11:40:45.845  INFO MacBook-Pro-di-Francesco.local --- [nio-8080-exec-6] c.p.s.VerbaleService                     : getVerbali() - end
2021-10-08 11:40:45.845  INFO MacBook-Pro-di-Francesco.local --- [nio-8080-exec-6] c.p.c.VerbaleController                  : getAll() - action performed
2021-10-08 11:40:45.845  INFO MacBook-Pro-di-Francesco.local --- [nio-8080-exec-6] c.p.c.VerbaleController                  : getAll() - end
2021-10-08 11:40:45.849  INFO MacBook-Pro-di-Francesco.local --- [nio-8080-exec-6] c.p.s.JwtTokenFilter                     : doFilterInternal() - end
2021-10-08 11:50:01.346  INFO MacBook-Pro-di-Francesco.local --- [ionShutdownHook] j.LocalContainerEntityManagerFactoryBean : Closing JPA EntityManagerFactory for persistence unit 'default'
2021-10-08 11:50:01.363  INFO MacBook-Pro-di-Francesco.local --- [ionShutdownHook] c.z.h.HikariDataSource                   : HikariPool-1 - Shutdown initiated...
2021-10-08 11:50:01.397  INFO MacBook-Pro-di-Francesco.local --- [ionShutdownHook] c.z.h.HikariDataSource                   : HikariPool-1 - Shutdown completed.
