2021-10-13 10:56:52.883  INFO MacBook-Pro-di-Francesco.local --- [           main] c.p.PortalepsApplication                 : Starting PortalepsApplication using Java 11.0.12 on MacBook-Pro-di-Francesco.local with PID 35461 (/Users/merjf/Documents/Work/Projects/Messina/Pronto Soccorso Messina/aspme-ps-repo/target/classes started by merjf in /Users/merjf/Documents/Work/Projects/Messina/Pronto Soccorso Messina/aspme-ps-repo)
2021-10-13 10:56:52.894  INFO MacBook-Pro-di-Francesco.local --- [           main] c.p.PortalepsApplication                 : No active profile set, falling back to default profiles: default
2021-10-13 10:56:53.764  INFO MacBook-Pro-di-Francesco.local --- [           main] .s.d.r.c.RepositoryConfigurationDelegate : Bootstrapping Spring Data JPA repositories in DEFAULT mode.
2021-10-13 10:56:53.839  INFO MacBook-Pro-di-Francesco.local --- [           main] .s.d.r.c.RepositoryConfigurationDelegate : Finished Spring Data repository scanning in 65 ms. Found 3 JPA repository interfaces.
2021-10-13 10:56:54.197  INFO MacBook-Pro-di-Francesco.local --- [           main] trationDelegate$BeanPostProcessorChecker : Bean 'org.springframework.security.access.expression.method.DefaultMethodSecurityExpressionHandler@56c8e6f0' of type [org.springframework.security.access.expression.method.DefaultMethodSecurityExpressionHandler] is not eligible for getting processed by all BeanPostProcessors (for example: not eligible for auto-proxying)
2021-10-13 10:56:54.203  INFO MacBook-Pro-di-Francesco.local --- [           main] trationDelegate$BeanPostProcessorChecker : Bean 'methodSecurityMetadataSource' of type [org.springframework.security.access.method.DelegatingMethodSecurityMetadataSource] is not eligible for getting processed by all BeanPostProcessors (for example: not eligible for auto-proxying)
2021-10-13 10:56:54.514  INFO MacBook-Pro-di-Francesco.local --- [           main] o.s.b.w.e.t.TomcatWebServer              : Tomcat initialized with port(s): 8080 (http)
2021-10-13 10:56:54.528  INFO MacBook-Pro-di-Francesco.local --- [           main] o.a.c.h.Http11NioProtocol                : Initializing ProtocolHandler ["http-nio-8080"]
2021-10-13 10:56:54.528  INFO MacBook-Pro-di-Francesco.local --- [           main] o.a.c.c.StandardService                  : Starting service [Tomcat]
2021-10-13 10:56:54.529  INFO MacBook-Pro-di-Francesco.local --- [           main] o.a.c.c.StandardEngine                   : Starting Servlet engine: [Apache Tomcat/9.0.52]
2021-10-13 10:56:54.634  INFO MacBook-Pro-di-Francesco.local --- [           main] o.a.c.c.C.[.[.[/]                        : Initializing Spring embedded WebApplicationContext
2021-10-13 10:56:54.634  INFO MacBook-Pro-di-Francesco.local --- [           main] w.s.c.ServletWebServerApplicationContext : Root WebApplicationContext: initialization completed in 1682 ms
2021-10-13 10:56:54.840  INFO MacBook-Pro-di-Francesco.local --- [           main] o.h.j.i.u.LogHelper                      : HHH000204: Processing PersistenceUnitInfo [name: default]
2021-10-13 10:56:54.907  INFO MacBook-Pro-di-Francesco.local --- [           main] o.h.Version                              : HHH000412: Hibernate ORM core version 5.4.32.Final
2021-10-13 10:56:55.103  INFO MacBook-Pro-di-Francesco.local --- [           main] o.h.a.c.Version                          : HCANN000001: Hibernate Commons Annotations {5.1.2.Final}
2021-10-13 10:56:55.242  INFO MacBook-Pro-di-Francesco.local --- [           main] c.z.h.HikariDataSource                   : HikariPool-1 - Starting...
2021-10-13 10:56:55.247  WARN MacBook-Pro-di-Francesco.local --- [           main] c.z.h.u.DriverDataSource                 : Registered driver with driverClassName=com.mysql.jdbc.Driver was not found, trying direct instantiation.
2021-10-13 10:56:55.776  INFO MacBook-Pro-di-Francesco.local --- [           main] c.z.h.HikariDataSource                   : HikariPool-1 - Start completed.
2021-10-13 10:56:55.813  INFO MacBook-Pro-di-Francesco.local --- [           main] o.h.d.Dialect                            : HHH000400: Using dialect: org.hibernate.dialect.MySQL8Dialect
2021-10-13 10:56:56.673  INFO MacBook-Pro-di-Francesco.local --- [           main] o.h.e.t.j.p.i.JtaPlatformInitiator       : HHH000490: Using JtaPlatform implementation: [org.hibernate.engine.transaction.jta.platform.internal.NoJtaPlatform]
2021-10-13 10:56:56.685  INFO MacBook-Pro-di-Francesco.local --- [           main] j.LocalContainerEntityManagerFactoryBean : Initialized JPA EntityManagerFactory for persistence unit 'default'
2021-10-13 10:56:57.348  WARN MacBook-Pro-di-Francesco.local --- [           main] JpaBaseConfiguration$JpaWebConfiguration : spring.jpa.open-in-view is enabled by default. Therefore, database queries may be performed during view rendering. Explicitly configure spring.jpa.open-in-view to disable this warning
2021-10-13 10:56:57.387  INFO MacBook-Pro-di-Francesco.local --- [           main] c.p.s.WebSecurityConfig                  : authenticationManagerBean() - start
2021-10-13 10:56:57.387  INFO MacBook-Pro-di-Francesco.local --- [           main] c.p.s.WebSecurityConfig                  : authenticationManagerBean() - end
2021-10-13 10:56:57.573  INFO MacBook-Pro-di-Francesco.local --- [           main] c.p.s.WebSecurityConfig                  : configure(http) - start
2021-10-13 10:56:57.575  INFO MacBook-Pro-di-Francesco.local --- [           main] c.p.s.JwtTokenFilterConfigurer           : JwtTokenFilterConfigurer() - start
2021-10-13 10:56:57.576  INFO MacBook-Pro-di-Francesco.local --- [           main] c.p.s.JwtTokenFilterConfigurer           : JwtTokenFilterConfigurer() - end
2021-10-13 10:56:57.576  INFO MacBook-Pro-di-Francesco.local --- [           main] c.p.s.WebSecurityConfig                  : configure(http) - end
2021-10-13 10:56:57.576  INFO MacBook-Pro-di-Francesco.local --- [           main] c.p.s.WebSecurityConfig                  : configure(web) - start
2021-10-13 10:56:57.577  INFO MacBook-Pro-di-Francesco.local --- [           main] c.p.s.WebSecurityConfig                  : configure(http) - end
2021-10-13 10:56:57.577  INFO MacBook-Pro-di-Francesco.local --- [           main] o.s.s.w.DefaultSecurityFilterChain       : Will secure Ant [pattern='/v2/api-docs'] with []
2021-10-13 10:56:57.578  INFO MacBook-Pro-di-Francesco.local --- [           main] o.s.s.w.DefaultSecurityFilterChain       : Will secure Ant [pattern='/swagger-resources/**'] with []
2021-10-13 10:56:57.578  INFO MacBook-Pro-di-Francesco.local --- [           main] o.s.s.w.DefaultSecurityFilterChain       : Will secure Ant [pattern='/swagger-ui.html'] with []
2021-10-13 10:56:57.578  INFO MacBook-Pro-di-Francesco.local --- [           main] o.s.s.w.DefaultSecurityFilterChain       : Will secure Ant [pattern='/configuration/**'] with []
2021-10-13 10:56:57.578  INFO MacBook-Pro-di-Francesco.local --- [           main] o.s.s.w.DefaultSecurityFilterChain       : Will secure Ant [pattern='/webjars/**'] with []
2021-10-13 10:56:57.578  INFO MacBook-Pro-di-Francesco.local --- [           main] o.s.s.w.DefaultSecurityFilterChain       : Will secure Ant [pattern='/auth/login'] with []
2021-10-13 10:56:57.578  INFO MacBook-Pro-di-Francesco.local --- [           main] o.s.s.w.DefaultSecurityFilterChain       : Will secure Ant [pattern='/h2-console/**/**'] with []
2021-10-13 10:56:57.655  INFO MacBook-Pro-di-Francesco.local --- [           main] c.p.s.WebSecurityConfig                  : addCorsMappings() - start
2021-10-13 10:56:57.656  INFO MacBook-Pro-di-Francesco.local --- [           main] c.p.s.WebSecurityConfig                  : addCorsMappings() - end
2021-10-13 10:56:57.786  INFO MacBook-Pro-di-Francesco.local --- [           main] c.p.s.JwtTokenFilterConfigurer           : configure() - start
2021-10-13 10:56:57.787  INFO MacBook-Pro-di-Francesco.local --- [           main] c.p.s.JwtTokenFilterConfigurer           : configure() - end
2021-10-13 10:56:57.787  INFO MacBook-Pro-di-Francesco.local --- [           main] o.s.s.w.DefaultSecurityFilterChain       : Will secure any request with [org.springframework.security.web.context.request.async.WebAsyncManagerIntegrationFilter@785477e5, org.springframework.security.web.context.SecurityContextPersistenceFilter@5b5d6f9c, org.springframework.security.web.header.HeaderWriterFilter@47f4dc8d, org.springframework.web.filter.CorsFilter@c950fd, org.springframework.security.web.authentication.logout.LogoutFilter@3545c913, com.portaleps.security.JwtTokenFilter@41962299, org.springframework.security.web.savedrequest.RequestCacheAwareFilter@b0e6d4e, org.springframework.security.web.servletapi.SecurityContextHolderAwareRequestFilter@495e1ad1, org.springframework.security.web.authentication.AnonymousAuthenticationFilter@3f910f36, org.springframework.security.web.session.SessionManagementFilter@6e70861, org.springframework.security.web.access.ExceptionTranslationFilter@6e3acd7, org.springframework.security.web.access.intercept.FilterSecurityInterceptor@363ee411]
2021-10-13 10:56:58.011  INFO MacBook-Pro-di-Francesco.local --- [           main] o.a.c.h.Http11NioProtocol                : Starting ProtocolHandler ["http-nio-8080"]
2021-10-13 10:56:58.045  INFO MacBook-Pro-di-Francesco.local --- [           main] o.s.b.w.e.t.TomcatWebServer              : Tomcat started on port(s): 8080 (http) with context path ''
2021-10-13 10:56:58.054  INFO MacBook-Pro-di-Francesco.local --- [           main] c.p.PortalepsApplication                 : Started PortalepsApplication in 6.058 seconds (JVM running for 12.741)
2021-10-13 10:56:58.254  INFO MacBook-Pro-di-Francesco.local --- [           main] c.p.PortalepsApplication                 : initFolders() - start
2021-10-13 10:56:58.256  INFO MacBook-Pro-di-Francesco.local --- [           main] c.p.PortalepsApplication                 : initFolders() - folders created
2021-10-13 10:56:58.256  INFO MacBook-Pro-di-Francesco.local --- [           main] c.p.PortalepsApplication                 : initFolders() - end
2021-10-13 10:57:18.814  INFO MacBook-Pro-di-Francesco.local --- [nio-8080-exec-1] o.a.c.c.C.[.[.[/]                        : Initializing Spring DispatcherServlet 'dispatcherServlet'
2021-10-13 10:57:18.815  INFO MacBook-Pro-di-Francesco.local --- [nio-8080-exec-1] o.s.w.s.DispatcherServlet                : Initializing Servlet 'dispatcherServlet'
2021-10-13 10:57:18.816  INFO MacBook-Pro-di-Francesco.local --- [nio-8080-exec-1] o.s.w.s.DispatcherServlet                : Completed initialization in 1 ms
2021-10-13 10:57:18.926  INFO MacBook-Pro-di-Francesco.local --- [nio-8080-exec-2] c.p.c.AuthController                     : login() - start
2021-10-13 10:57:18.939  INFO MacBook-Pro-di-Francesco.local --- [nio-8080-exec-2] c.p.c.AuthController                     : Richieta con body [{"username":"admin","password":"admin"}]
2021-10-13 10:57:18.939  INFO MacBook-Pro-di-Francesco.local --- [nio-8080-exec-2] c.p.h.UserHelper                         : login() - start
2021-10-13 10:57:19.320  INFO MacBook-Pro-di-Francesco.local --- [nio-8080-exec-2] c.p.h.UserHelper                         : loadUserByUsername() - start
2021-10-13 10:57:19.322  INFO MacBook-Pro-di-Francesco.local --- [nio-8080-exec-2] c.p.h.UserHelper                         : loadUserByUsername() - end
2021-10-13 10:57:19.767  INFO MacBook-Pro-di-Francesco.local --- [nio-8080-exec-2] c.p.h.UserHelper                         : loadUserByToken() - start
2021-10-13 10:57:19.790  INFO MacBook-Pro-di-Francesco.local --- [nio-8080-exec-2] c.p.h.UserHelper                         : loadUserByToken() - end
2021-10-13 10:57:19.790  INFO MacBook-Pro-di-Francesco.local --- [nio-8080-exec-2] c.p.h.UserHelper                         : login() - end
2021-10-13 10:57:19.795  INFO MacBook-Pro-di-Francesco.local --- [nio-8080-exec-2] c.p.s.UserService                        : getUserDTO() - start
2021-10-13 10:57:19.804  INFO MacBook-Pro-di-Francesco.local --- [nio-8080-exec-2] c.p.s.UserService                        : toDto() - start
2021-10-13 10:57:19.804  INFO MacBook-Pro-di-Francesco.local --- [nio-8080-exec-2] c.p.s.UserService                        : toDto() - end
2021-10-13 10:57:19.845  INFO MacBook-Pro-di-Francesco.local --- [nio-8080-exec-2] c.p.s.ArchiveService                     : getArchivesByUser() - start
2021-10-13 10:57:19.893  INFO MacBook-Pro-di-Francesco.local --- [nio-8080-exec-2] c.p.s.ArchiveService                     : getArchivesByUser() - end
2021-10-13 10:57:19.893  INFO MacBook-Pro-di-Francesco.local --- [nio-8080-exec-2] c.p.c.AuthController                     : login() - login success
2021-10-13 10:57:19.894  INFO MacBook-Pro-di-Francesco.local --- [nio-8080-exec-2] c.p.c.AuthController                     : login() - end
2021-10-13 10:57:20.013  INFO MacBook-Pro-di-Francesco.local --- [nio-8080-exec-4] c.p.s.JwtTokenFilter                     : doFilterInternal() - start
2021-10-13 10:57:20.015  INFO MacBook-Pro-di-Francesco.local --- [nio-8080-exec-4] c.p.h.UserHelper                         : loadUserByToken() - start
2021-10-13 10:57:20.016  INFO MacBook-Pro-di-Francesco.local --- [nio-8080-exec-4] c.p.h.UserHelper                         : loadUserByToken() - end
2021-10-13 10:57:20.033  INFO MacBook-Pro-di-Francesco.local --- [nio-8080-exec-4] c.p.c.ArchiveController                  : getMyArchives() - start
2021-10-13 10:57:20.034  INFO MacBook-Pro-di-Francesco.local --- [nio-8080-exec-4] c.p.h.UserHelper                         : getCurrentUser() - start
2021-10-13 10:57:20.034  INFO MacBook-Pro-di-Francesco.local --- [nio-8080-exec-4] c.p.h.UserHelper                         : getCurrentUser() - end
2021-10-13 10:57:20.041  INFO MacBook-Pro-di-Francesco.local --- [nio-8080-exec-4] c.p.c.ArchiveController                  : Richieta da utente [admin]
2021-10-13 10:57:20.042  INFO MacBook-Pro-di-Francesco.local --- [nio-8080-exec-4] c.p.s.ArchiveService                     : getArchivesByUser() - start
2021-10-13 10:57:20.042  INFO MacBook-Pro-di-Francesco.local --- [nio-8080-exec-4] c.p.h.UserHelper                         : getCurrentUser() - start
2021-10-13 10:57:20.043  INFO MacBook-Pro-di-Francesco.local --- [nio-8080-exec-4] c.p.h.UserHelper                         : getCurrentUser() - end
2021-10-13 10:57:20.052  INFO MacBook-Pro-di-Francesco.local --- [nio-8080-exec-4] c.p.s.ArchiveService                     : getArchivesByUser() - end
2021-10-13 10:57:20.052  INFO MacBook-Pro-di-Francesco.local --- [nio-8080-exec-4] c.p.c.ArchiveController                  : getMyArchives() - end
2021-10-13 10:57:20.070  INFO MacBook-Pro-di-Francesco.local --- [nio-8080-exec-4] c.p.s.JwtTokenFilter                     : doFilterInternal() - end
2021-10-13 10:57:59.689  INFO MacBook-Pro-di-Francesco.local --- [nio-8080-exec-6] c.p.s.JwtTokenFilter                     : doFilterInternal() - start
2021-10-13 10:57:59.704  INFO MacBook-Pro-di-Francesco.local --- [nio-8080-exec-6] c.p.h.UserHelper                         : loadUserByToken() - start
2021-10-13 10:57:59.706  INFO MacBook-Pro-di-Francesco.local --- [nio-8080-exec-6] c.p.h.UserHelper                         : loadUserByToken() - end
2021-10-13 10:57:59.728  INFO MacBook-Pro-di-Francesco.local --- [nio-8080-exec-6] c.p.c.ArchiveController                  : getMyArchives() - start
2021-10-13 10:57:59.728  INFO MacBook-Pro-di-Francesco.local --- [nio-8080-exec-6] c.p.h.UserHelper                         : getCurrentUser() - start
2021-10-13 10:57:59.737  INFO MacBook-Pro-di-Francesco.local --- [nio-8080-exec-6] c.p.h.UserHelper                         : getCurrentUser() - end
2021-10-13 10:57:59.771  INFO MacBook-Pro-di-Francesco.local --- [nio-8080-exec-8] c.p.s.JwtTokenFilter                     : doFilterInternal() - start
2021-10-13 10:57:59.775  INFO MacBook-Pro-di-Francesco.local --- [nio-8080-exec-8] c.p.h.UserHelper                         : loadUserByToken() - start
2021-10-13 10:57:59.776  INFO MacBook-Pro-di-Francesco.local --- [nio-8080-exec-8] c.p.h.UserHelper                         : loadUserByToken() - end
2021-10-13 10:57:59.778  INFO MacBook-Pro-di-Francesco.local --- [nio-8080-exec-8] c.p.c.ArchiveController                  : getMyArchives() - start
2021-10-13 10:57:59.778  INFO MacBook-Pro-di-Francesco.local --- [nio-8080-exec-8] c.p.h.UserHelper                         : getCurrentUser() - start
2021-10-13 10:57:59.778  INFO MacBook-Pro-di-Francesco.local --- [nio-8080-exec-8] c.p.h.UserHelper                         : getCurrentUser() - end
2021-10-13 10:57:59.816  INFO MacBook-Pro-di-Francesco.local --- [nio-8080-exec-8] c.p.c.ArchiveController                  : Richieta da utente [admin]
2021-10-13 10:57:59.816  INFO MacBook-Pro-di-Francesco.local --- [nio-8080-exec-6] c.p.c.ArchiveController                  : Richieta da utente [admin]
2021-10-13 10:57:59.817  INFO MacBook-Pro-di-Francesco.local --- [nio-8080-exec-8] c.p.s.ArchiveService                     : getArchivesByUser() - start
2021-10-13 10:57:59.817  INFO MacBook-Pro-di-Francesco.local --- [nio-8080-exec-8] c.p.h.UserHelper                         : getCurrentUser() - start
2021-10-13 10:57:59.817  INFO MacBook-Pro-di-Francesco.local --- [nio-8080-exec-8] c.p.h.UserHelper                         : getCurrentUser() - end
2021-10-13 10:57:59.817  INFO MacBook-Pro-di-Francesco.local --- [nio-8080-exec-6] c.p.s.ArchiveService                     : getArchivesByUser() - start
2021-10-13 10:57:59.819  INFO MacBook-Pro-di-Francesco.local --- [nio-8080-exec-6] c.p.h.UserHelper                         : getCurrentUser() - start
2021-10-13 10:57:59.819  INFO MacBook-Pro-di-Francesco.local --- [nio-8080-exec-6] c.p.h.UserHelper                         : getCurrentUser() - end
2021-10-13 10:57:59.845  INFO MacBook-Pro-di-Francesco.local --- [nio-8080-exec-6] c.p.s.ArchiveService                     : getArchivesByUser() - end
2021-10-13 10:57:59.845  INFO MacBook-Pro-di-Francesco.local --- [nio-8080-exec-8] c.p.s.ArchiveService                     : getArchivesByUser() - end
2021-10-13 10:57:59.845  INFO MacBook-Pro-di-Francesco.local --- [nio-8080-exec-8] c.p.c.ArchiveController                  : getMyArchives() - end
2021-10-13 10:57:59.845  INFO MacBook-Pro-di-Francesco.local --- [nio-8080-exec-6] c.p.c.ArchiveController                  : getMyArchives() - end
2021-10-13 10:57:59.853  INFO MacBook-Pro-di-Francesco.local --- [nio-8080-exec-8] c.p.s.JwtTokenFilter                     : doFilterInternal() - end
2021-10-13 10:57:59.853  INFO MacBook-Pro-di-Francesco.local --- [nio-8080-exec-6] c.p.s.JwtTokenFilter                     : doFilterInternal() - end
2021-10-13 10:58:14.616  INFO MacBook-Pro-di-Francesco.local --- [nio-8080-exec-1] c.p.s.JwtTokenFilter                     : doFilterInternal() - start
2021-10-13 10:58:14.618  INFO MacBook-Pro-di-Francesco.local --- [nio-8080-exec-2] c.p.s.JwtTokenFilter                     : doFilterInternal() - start
2021-10-13 10:58:14.618  INFO MacBook-Pro-di-Francesco.local --- [nio-8080-exec-1] c.p.h.UserHelper                         : loadUserByToken() - start
2021-10-13 10:58:14.620  INFO MacBook-Pro-di-Francesco.local --- [nio-8080-exec-2] c.p.h.UserHelper                         : loadUserByToken() - start
2021-10-13 10:58:14.620  INFO MacBook-Pro-di-Francesco.local --- [nio-8080-exec-1] c.p.h.UserHelper                         : loadUserByToken() - end
2021-10-13 10:58:14.621  INFO MacBook-Pro-di-Francesco.local --- [nio-8080-exec-2] c.p.h.UserHelper                         : loadUserByToken() - end
2021-10-13 10:58:14.623  INFO MacBook-Pro-di-Francesco.local --- [nio-8080-exec-2] c.p.c.ArchiveController                  : getAllArchives() - start
2021-10-13 10:58:14.624  INFO MacBook-Pro-di-Francesco.local --- [nio-8080-exec-2] c.p.h.UserHelper                         : getCurrentUser() - start
2021-10-13 10:58:14.624  INFO MacBook-Pro-di-Francesco.local --- [nio-8080-exec-2] c.p.h.UserHelper                         : getCurrentUser() - end
2021-10-13 10:58:14.636  INFO MacBook-Pro-di-Francesco.local --- [nio-8080-exec-2] c.p.c.ArchiveController                  : Richieta da utente [admin]
2021-10-13 10:58:14.637  INFO MacBook-Pro-di-Francesco.local --- [nio-8080-exec-2] c.p.h.UserHelper                         : isAdmin() - start
2021-10-13 10:58:14.637  INFO MacBook-Pro-di-Francesco.local --- [nio-8080-exec-2] c.p.h.UserHelper                         : isAdmin() - end
2021-10-13 10:58:14.644  INFO MacBook-Pro-di-Francesco.local --- [nio-8080-exec-2] c.p.s.ArchiveService                     : getArchivesByUser() - start
2021-10-13 10:58:14.644  INFO MacBook-Pro-di-Francesco.local --- [nio-8080-exec-2] c.p.h.UserHelper                         : getCurrentUser() - start
2021-10-13 10:58:14.644  INFO MacBook-Pro-di-Francesco.local --- [nio-8080-exec-2] c.p.h.UserHelper                         : getCurrentUser() - end
2021-10-13 10:58:14.646  INFO MacBook-Pro-di-Francesco.local --- [nio-8080-exec-1] c.p.c.UserController                     : getUserList() - start
2021-10-13 10:58:14.647  INFO MacBook-Pro-di-Francesco.local --- [nio-8080-exec-1] c.p.h.UserHelper                         : getCurrentUser() - start
2021-10-13 10:58:14.648  INFO MacBook-Pro-di-Francesco.local --- [nio-8080-exec-1] c.p.h.UserHelper                         : getCurrentUser() - end
2021-10-13 10:58:14.655  INFO MacBook-Pro-di-Francesco.local --- [nio-8080-exec-1] c.p.c.UserController                     : Richieta da utente [admin]
2021-10-13 10:58:14.656  INFO MacBook-Pro-di-Francesco.local --- [nio-8080-exec-1] c.p.h.UserHelper                         : isAdmin() - start
2021-10-13 10:58:14.656  INFO MacBook-Pro-di-Francesco.local --- [nio-8080-exec-1] c.p.h.UserHelper                         : isAdmin() - end
2021-10-13 10:58:14.657  INFO MacBook-Pro-di-Francesco.local --- [nio-8080-exec-2] c.p.s.ArchiveService                     : getArchivesByUser() - end
2021-10-13 10:58:14.657  INFO MacBook-Pro-di-Francesco.local --- [nio-8080-exec-1] c.p.s.UserService                        : getUserList() - start
2021-10-13 10:58:14.660  INFO MacBook-Pro-di-Francesco.local --- [nio-8080-exec-2] c.p.s.JwtTokenFilter                     : doFilterInternal() - end
2021-10-13 10:58:14.740  INFO MacBook-Pro-di-Francesco.local --- [nio-8080-exec-1] c.p.s.UserService                        : toDto() - start
2021-10-13 10:58:14.740  INFO MacBook-Pro-di-Francesco.local --- [nio-8080-exec-1] c.p.s.UserService                        : toDto() - end
2021-10-13 10:58:14.744  INFO MacBook-Pro-di-Francesco.local --- [nio-8080-exec-1] c.p.s.ArchiveService                     : getArchivesByUser() - start
2021-10-13 10:58:14.751  INFO MacBook-Pro-di-Francesco.local --- [nio-8080-exec-1] c.p.s.ArchiveService                     : getArchivesByUser() - end
2021-10-13 10:58:14.751  INFO MacBook-Pro-di-Francesco.local --- [nio-8080-exec-1] c.p.s.UserService                        : toDto() - start
2021-10-13 10:58:14.751  INFO MacBook-Pro-di-Francesco.local --- [nio-8080-exec-1] c.p.s.UserService                        : toDto() - end
2021-10-13 10:58:14.752  INFO MacBook-Pro-di-Francesco.local --- [nio-8080-exec-1] c.p.s.ArchiveService                     : getArchivesByUser() - start
2021-10-13 10:58:14.754  INFO MacBook-Pro-di-Francesco.local --- [nio-8080-exec-1] c.p.s.ArchiveService                     : getArchivesByUser() - end
2021-10-13 10:58:14.755  INFO MacBook-Pro-di-Francesco.local --- [nio-8080-exec-1] c.p.s.UserService                        : getUserList() - end
2021-10-13 10:58:14.755  INFO MacBook-Pro-di-Francesco.local --- [nio-8080-exec-1] c.p.c.UserController                     : getUserList() - user list found
2021-10-13 10:58:14.755  INFO MacBook-Pro-di-Francesco.local --- [nio-8080-exec-1] c.p.c.UserController                     : getUserList() - end
2021-10-13 10:58:14.766  INFO MacBook-Pro-di-Francesco.local --- [nio-8080-exec-1] c.p.s.JwtTokenFilter                     : doFilterInternal() - end
2021-10-13 10:58:16.139  INFO MacBook-Pro-di-Francesco.local --- [nio-8080-exec-4] c.p.s.JwtTokenFilter                     : doFilterInternal() - start
2021-10-13 10:58:16.140  INFO MacBook-Pro-di-Francesco.local --- [nio-8080-exec-4] c.p.h.UserHelper                         : loadUserByToken() - start
2021-10-13 10:58:16.141  INFO MacBook-Pro-di-Francesco.local --- [nio-8080-exec-4] c.p.h.UserHelper                         : loadUserByToken() - end
2021-10-13 10:58:16.156  INFO MacBook-Pro-di-Francesco.local --- [nio-8080-exec-4] c.p.c.VerbaleController                  : getAll() - start
2021-10-13 10:58:16.156  INFO MacBook-Pro-di-Francesco.local --- [nio-8080-exec-4] c.p.h.UserHelper                         : getCurrentUser() - start
2021-10-13 10:58:16.157  INFO MacBook-Pro-di-Francesco.local --- [nio-8080-exec-4] c.p.h.UserHelper                         : getCurrentUser() - end
2021-10-13 10:58:16.180  INFO MacBook-Pro-di-Francesco.local --- [nio-8080-exec-4] c.p.c.VerbaleController                  : Richieta da utente [admin] per archivio: [1] con parametri: [{"filters":{},"pagination":[25,0]}]
2021-10-13 10:58:16.181  INFO MacBook-Pro-di-Francesco.local --- [nio-8080-exec-4] c.p.s.UserService                        : preliminaryChecks() - start
2021-10-13 10:58:16.181  INFO MacBook-Pro-di-Francesco.local --- [nio-8080-exec-4] c.p.h.UserHelper                         : getCurrentUser() - start
2021-10-13 10:58:16.182  INFO MacBook-Pro-di-Francesco.local --- [nio-8080-exec-4] c.p.h.UserHelper                         : getCurrentUser() - end
2021-10-13 10:58:16.194  INFO MacBook-Pro-di-Francesco.local --- [nio-8080-exec-4] c.p.s.UserService                        : userHasAccessToArchive() - start
2021-10-13 10:58:16.194  INFO MacBook-Pro-di-Francesco.local --- [nio-8080-exec-4] c.p.s.UserService                        : userHasAccessToArchive() - end
2021-10-13 10:58:16.205  INFO MacBook-Pro-di-Francesco.local --- [nio-8080-exec-4] c.p.s.UserService                        : preliminaryChecks() - end
2021-10-13 10:58:16.209  INFO MacBook-Pro-di-Francesco.local --- [nio-8080-exec-4] c.p.s.VerbaleService                     : getVerbaliLength() - start
2021-10-13 10:58:16.211  INFO MacBook-Pro-di-Francesco.local --- [nio-8080-exec-4] c.p.h.QueryBuilder                       : buildCountRows() - start
2021-10-13 10:58:16.212  INFO MacBook-Pro-di-Francesco.local --- [nio-8080-exec-4] c.p.h.QueryBuilder                       : appendWhereCondition() - start
2021-10-13 10:58:16.212  INFO MacBook-Pro-di-Francesco.local --- [nio-8080-exec-4] c.p.h.QueryBuilder                       : appendWhereCondition() - end
2021-10-13 10:58:16.212  INFO MacBook-Pro-di-Francesco.local --- [nio-8080-exec-4] c.p.h.QueryBuilder                       : buildCountRows() - end
2021-10-13 10:58:16.213  INFO MacBook-Pro-di-Francesco.local --- [nio-8080-exec-4] c.p.h.DatabaseHelper                     : performQuery() - start
2021-10-13 10:58:16.213  INFO MacBook-Pro-di-Francesco.local --- [nio-8080-exec-4] c.p.h.DatabaseHelper                     : createConnection() - start
2021-10-13 10:58:16.215  INFO MacBook-Pro-di-Francesco.local --- [nio-8080-exec-4] c.p.h.DatabaseHelper                     : mapDriverClassName() - start
2021-10-13 10:58:16.215  INFO MacBook-Pro-di-Francesco.local --- [nio-8080-exec-4] c.p.h.DatabaseHelper                     : mapDriverClassName() - class name found
2021-10-13 10:58:16.215  INFO MacBook-Pro-di-Francesco.local --- [nio-8080-exec-4] c.p.h.DatabaseHelper                     : mapDriverClassName() - end
2021-10-13 10:58:16.586  INFO MacBook-Pro-di-Francesco.local --- [nio-8080-exec-4] c.p.h.DatabaseHelper                     : createConnection() - connection created
2021-10-13 10:58:24.004  INFO MacBook-Pro-di-Francesco.local --- [nio-8080-exec-4] c.p.h.DatabaseHelper                     : performQuery() - connection closed
2021-10-13 10:58:24.005  INFO MacBook-Pro-di-Francesco.local --- [nio-8080-exec-4] c.p.h.DatabaseHelper                     : performQuery() - end
2021-10-13 10:58:24.007  INFO MacBook-Pro-di-Francesco.local --- [nio-8080-exec-4] c.p.s.VerbaleService                     : getVerbaliLength() - end
2021-10-13 10:58:24.008  INFO MacBook-Pro-di-Francesco.local --- [nio-8080-exec-4] c.p.s.VerbaleService                     : populatePagination() - start
2021-10-13 10:58:24.008  INFO MacBook-Pro-di-Francesco.local --- [nio-8080-exec-4] c.p.s.VerbaleService                     : populatePagination() - end
2021-10-13 10:58:24.012  INFO MacBook-Pro-di-Francesco.local --- [nio-8080-exec-4] c.p.s.VerbaleService                     : getVerbali() - start
2021-10-13 10:58:24.013  INFO MacBook-Pro-di-Francesco.local --- [nio-8080-exec-4] c.p.h.QueryBuilder                       : buildSearchQuery() - start
2021-10-13 10:58:24.014  INFO MacBook-Pro-di-Francesco.local --- [nio-8080-exec-4] c.p.h.QueryBuilder                       : appendWhereCondition() - start
2021-10-13 10:58:24.014  INFO MacBook-Pro-di-Francesco.local --- [nio-8080-exec-4] c.p.h.QueryBuilder                       : appendWhereCondition() - end
2021-10-13 10:58:24.015  INFO MacBook-Pro-di-Francesco.local --- [nio-8080-exec-4] c.p.h.QueryBuilder                       : appendPagination() - start
2021-10-13 10:58:24.017  INFO MacBook-Pro-di-Francesco.local --- [nio-8080-exec-4] c.p.h.QueryBuilder                       : appendPagination() - end
2021-10-13 10:58:24.018  INFO MacBook-Pro-di-Francesco.local --- [nio-8080-exec-4] c.p.h.QueryBuilder                       : buildSearchQuery() - end
2021-10-13 10:58:24.019  INFO MacBook-Pro-di-Francesco.local --- [nio-8080-exec-4] c.p.h.DatabaseHelper                     : performQuery() - start
2021-10-13 10:58:24.019  INFO MacBook-Pro-di-Francesco.local --- [nio-8080-exec-4] c.p.h.DatabaseHelper                     : createConnection() - start
2021-10-13 10:58:24.019  INFO MacBook-Pro-di-Francesco.local --- [nio-8080-exec-4] c.p.h.DatabaseHelper                     : mapDriverClassName() - start
2021-10-13 10:58:24.019  INFO MacBook-Pro-di-Francesco.local --- [nio-8080-exec-4] c.p.h.DatabaseHelper                     : mapDriverClassName() - class name found
2021-10-13 10:58:24.019  INFO MacBook-Pro-di-Francesco.local --- [nio-8080-exec-4] c.p.h.DatabaseHelper                     : mapDriverClassName() - end
2021-10-13 10:58:24.374  INFO MacBook-Pro-di-Francesco.local --- [nio-8080-exec-4] c.p.h.DatabaseHelper                     : createConnection() - connection created
2021-10-13 11:07:14.565  WARN MacBook-Pro-di-Francesco.local --- [l-1 housekeeper] c.z.h.p.HikariPool                       : HikariPool-1 - Thread starvation or clock leap detected (housekeeper delta=9m18s667ms).
2021-10-13 11:07:14.700 ERROR MacBook-Pro-di-Francesco.local --- [nio-8080-exec-4] c.p.h.DatabaseHelper                     : performQuery() - query not executed: SELECT vv.colore AS Colore, vv.id_accesso AS Accesso, vv.nome AS Nome, vv.cognome AS Cognome, vv.cod_fisc AS "Codice Fiscale", vv.problema_accesso AS "Problema Accesso", vv.data_accesso AS "Data Accesso", vv.ora_accesso AS "Ora Accesso", vv.data_dimissione AS "Data Dimissione", vv.ora_dimissione AS "Ora Dimissione", vv.diagnosi AS Diagnosi, vv.esito AS "Esito Trattamento"  FROM view_verbali vv  LIMIT 25 OFFSET 0  GROUP BY pa.id_accesso ;
2021-10-13 11:07:14.844  INFO MacBook-Pro-di-Francesco.local --- [ionShutdownHook] j.LocalContainerEntityManagerFactoryBean : Closing JPA EntityManagerFactory for persistence unit 'default'
2021-10-13 11:07:14.857  INFO MacBook-Pro-di-Francesco.local --- [ionShutdownHook] c.z.h.HikariDataSource                   : HikariPool-1 - Shutdown initiated...
2021-10-13 11:07:14.888  INFO MacBook-Pro-di-Francesco.local --- [ionShutdownHook] c.z.h.HikariDataSource                   : HikariPool-1 - Shutdown completed.
