2021-10-01 10:47:16.750  INFO MacBook-Pro-di-Francesco.local --- [           main] c.p.PortalepsApplication                 : Starting PortalepsApplication using Java 11.0.12 on MacBook-Pro-di-Francesco.local with PID 45650 (/Users/merjf/Documents/Work/Projects/Messina/Pronto Soccorso Messina/aspme-ps-repo/target/classes started by merjf in /Users/merjf/Documents/Work/Projects/Messina/Pronto Soccorso Messina/aspme-ps-repo)
2021-10-01 10:47:16.763  INFO MacBook-Pro-di-Francesco.local --- [           main] c.p.PortalepsApplication                 : No active profile set, falling back to default profiles: default
2021-10-01 10:47:17.556  INFO MacBook-Pro-di-Francesco.local --- [           main] .s.d.r.c.RepositoryConfigurationDelegate : Bootstrapping Spring Data JPA repositories in DEFAULT mode.
2021-10-01 10:47:17.628  INFO MacBook-Pro-di-Francesco.local --- [           main] .s.d.r.c.RepositoryConfigurationDelegate : Finished Spring Data repository scanning in 63 ms. Found 3 JPA repository interfaces.
2021-10-01 10:47:17.966  INFO MacBook-Pro-di-Francesco.local --- [           main] trationDelegate$BeanPostProcessorChecker : Bean 'org.springframework.security.access.expression.method.DefaultMethodSecurityExpressionHandler@3596b249' of type [org.springframework.security.access.expression.method.DefaultMethodSecurityExpressionHandler] is not eligible for getting processed by all BeanPostProcessors (for example: not eligible for auto-proxying)
2021-10-01 10:47:17.971  INFO MacBook-Pro-di-Francesco.local --- [           main] trationDelegate$BeanPostProcessorChecker : Bean 'methodSecurityMetadataSource' of type [org.springframework.security.access.method.DelegatingMethodSecurityMetadataSource] is not eligible for getting processed by all BeanPostProcessors (for example: not eligible for auto-proxying)
2021-10-01 10:47:18.265  INFO MacBook-Pro-di-Francesco.local --- [           main] o.s.b.w.e.t.TomcatWebServer              : Tomcat initialized with port(s): 8080 (http)
2021-10-01 10:47:18.275  INFO MacBook-Pro-di-Francesco.local --- [           main] o.a.c.h.Http11NioProtocol                : Initializing ProtocolHandler ["http-nio-8080"]
2021-10-01 10:47:18.276  INFO MacBook-Pro-di-Francesco.local --- [           main] o.a.c.c.StandardService                  : Starting service [Tomcat]
2021-10-01 10:47:18.276  INFO MacBook-Pro-di-Francesco.local --- [           main] o.a.c.c.StandardEngine                   : Starting Servlet engine: [Apache Tomcat/9.0.52]
2021-10-01 10:47:18.365  INFO MacBook-Pro-di-Francesco.local --- [           main] o.a.c.c.C.[.[.[/]                        : Initializing Spring embedded WebApplicationContext
2021-10-01 10:47:18.365  INFO MacBook-Pro-di-Francesco.local --- [           main] w.s.c.ServletWebServerApplicationContext : Root WebApplicationContext: initialization completed in 1551 ms
2021-10-01 10:47:18.565  INFO MacBook-Pro-di-Francesco.local --- [           main] o.h.j.i.u.LogHelper                      : HHH000204: Processing PersistenceUnitInfo [name: default]
2021-10-01 10:47:18.639  INFO MacBook-Pro-di-Francesco.local --- [           main] o.h.Version                              : HHH000412: Hibernate ORM core version 5.4.32.Final
2021-10-01 10:47:18.826  INFO MacBook-Pro-di-Francesco.local --- [           main] o.h.a.c.Version                          : HCANN000001: Hibernate Commons Annotations {5.1.2.Final}
2021-10-01 10:47:18.949  INFO MacBook-Pro-di-Francesco.local --- [           main] c.z.h.HikariDataSource                   : HikariPool-1 - Starting...
2021-10-01 10:47:19.444  INFO MacBook-Pro-di-Francesco.local --- [           main] c.z.h.HikariDataSource                   : HikariPool-1 - Start completed.
2021-10-01 10:47:19.483  INFO MacBook-Pro-di-Francesco.local --- [           main] o.h.d.Dialect                            : HHH000400: Using dialect: org.hibernate.dialect.MySQL8Dialect
2021-10-01 10:47:20.384  INFO MacBook-Pro-di-Francesco.local --- [           main] o.h.e.t.j.p.i.JtaPlatformInitiator       : HHH000490: Using JtaPlatform implementation: [org.hibernate.engine.transaction.jta.platform.internal.NoJtaPlatform]
2021-10-01 10:47:20.395  INFO MacBook-Pro-di-Francesco.local --- [           main] j.LocalContainerEntityManagerFactoryBean : Initialized JPA EntityManagerFactory for persistence unit 'default'
2021-10-01 10:47:20.972  WARN MacBook-Pro-di-Francesco.local --- [           main] JpaBaseConfiguration$JpaWebConfiguration : spring.jpa.open-in-view is enabled by default. Therefore, database queries may be performed during view rendering. Explicitly configure spring.jpa.open-in-view to disable this warning
2021-10-01 10:47:21.008  INFO MacBook-Pro-di-Francesco.local --- [           main] c.p.s.WebSecurityConfig                  : authenticationManagerBean() - start
2021-10-01 10:47:21.008  INFO MacBook-Pro-di-Francesco.local --- [           main] c.p.s.WebSecurityConfig                  : authenticationManagerBean() - end
2021-10-01 10:47:21.196  INFO MacBook-Pro-di-Francesco.local --- [           main] c.p.s.WebSecurityConfig                  : configure(http) - start
2021-10-01 10:47:21.198  INFO MacBook-Pro-di-Francesco.local --- [           main] c.p.s.JwtTokenFilterConfigurer           : JwtTokenFilterConfigurer() - start
2021-10-01 10:47:21.198  INFO MacBook-Pro-di-Francesco.local --- [           main] c.p.s.JwtTokenFilterConfigurer           : JwtTokenFilterConfigurer() - end
2021-10-01 10:47:21.198  INFO MacBook-Pro-di-Francesco.local --- [           main] c.p.s.WebSecurityConfig                  : configure(http) - end
2021-10-01 10:47:21.199  INFO MacBook-Pro-di-Francesco.local --- [           main] c.p.s.WebSecurityConfig                  : configure(web) - start
2021-10-01 10:47:21.199  INFO MacBook-Pro-di-Francesco.local --- [           main] c.p.s.WebSecurityConfig                  : configure(http) - end
2021-10-01 10:47:21.200  INFO MacBook-Pro-di-Francesco.local --- [           main] o.s.s.w.DefaultSecurityFilterChain       : Will secure Ant [pattern='/v2/api-docs'] with []
2021-10-01 10:47:21.200  INFO MacBook-Pro-di-Francesco.local --- [           main] o.s.s.w.DefaultSecurityFilterChain       : Will secure Ant [pattern='/swagger-resources/**'] with []
2021-10-01 10:47:21.200  INFO MacBook-Pro-di-Francesco.local --- [           main] o.s.s.w.DefaultSecurityFilterChain       : Will secure Ant [pattern='/swagger-ui.html'] with []
2021-10-01 10:47:21.200  INFO MacBook-Pro-di-Francesco.local --- [           main] o.s.s.w.DefaultSecurityFilterChain       : Will secure Ant [pattern='/configuration/**'] with []
2021-10-01 10:47:21.201  INFO MacBook-Pro-di-Francesco.local --- [           main] o.s.s.w.DefaultSecurityFilterChain       : Will secure Ant [pattern='/webjars/**'] with []
2021-10-01 10:47:21.201  INFO MacBook-Pro-di-Francesco.local --- [           main] o.s.s.w.DefaultSecurityFilterChain       : Will secure Ant [pattern='/auth/login'] with []
2021-10-01 10:47:21.201  INFO MacBook-Pro-di-Francesco.local --- [           main] o.s.s.w.DefaultSecurityFilterChain       : Will secure Ant [pattern='/h2-console/**/**'] with []
2021-10-01 10:47:21.271  INFO MacBook-Pro-di-Francesco.local --- [           main] c.p.s.WebSecurityConfig                  : addCorsMappings() - start
2021-10-01 10:47:21.272  INFO MacBook-Pro-di-Francesco.local --- [           main] c.p.s.WebSecurityConfig                  : addCorsMappings() - end
2021-10-01 10:47:21.396  INFO MacBook-Pro-di-Francesco.local --- [           main] c.p.s.JwtTokenFilterConfigurer           : configure() - start
2021-10-01 10:47:21.397  INFO MacBook-Pro-di-Francesco.local --- [           main] c.p.s.JwtTokenFilterConfigurer           : configure() - end
2021-10-01 10:47:21.397  INFO MacBook-Pro-di-Francesco.local --- [           main] o.s.s.w.DefaultSecurityFilterChain       : Will secure any request with [org.springframework.security.web.context.request.async.WebAsyncManagerIntegrationFilter@2cbae0f1, org.springframework.security.web.context.SecurityContextPersistenceFilter@72ad577b, org.springframework.security.web.header.HeaderWriterFilter@488c6c98, org.springframework.web.filter.CorsFilter@3bf4b018, org.springframework.security.web.authentication.logout.LogoutFilter@6ebf9c2d, com.portaleps.security.JwtTokenFilter@d8cece4, org.springframework.security.web.savedrequest.RequestCacheAwareFilter@4c31b6c2, org.springframework.security.web.servletapi.SecurityContextHolderAwareRequestFilter@37823482, org.springframework.security.web.authentication.AnonymousAuthenticationFilter@55d98bbb, org.springframework.security.web.session.SessionManagementFilter@2ebd6a0d, org.springframework.security.web.access.ExceptionTranslationFilter@ad6255e, org.springframework.security.web.access.intercept.FilterSecurityInterceptor@27a23d87]
2021-10-01 10:47:21.589  INFO MacBook-Pro-di-Francesco.local --- [           main] o.a.c.h.Http11NioProtocol                : Starting ProtocolHandler ["http-nio-8080"]
2021-10-01 10:47:21.620  INFO MacBook-Pro-di-Francesco.local --- [           main] o.s.b.w.e.t.TomcatWebServer              : Tomcat started on port(s): 8080 (http) with context path ''
2021-10-01 10:47:21.629  INFO MacBook-Pro-di-Francesco.local --- [           main] c.p.PortalepsApplication                 : Started PortalepsApplication in 5.725 seconds (JVM running for 11.777)
2021-10-01 10:47:21.826  INFO MacBook-Pro-di-Francesco.local --- [           main] c.p.PortalepsApplication                 : initFolders() - start
2021-10-01 10:47:21.828  INFO MacBook-Pro-di-Francesco.local --- [           main] c.p.PortalepsApplication                 : initFolders() - folders created
2021-10-01 10:47:21.828  INFO MacBook-Pro-di-Francesco.local --- [           main] c.p.PortalepsApplication                 : initFolders() - end
2021-10-01 10:49:27.326  INFO MacBook-Pro-di-Francesco.local --- [nio-8080-exec-1] o.a.c.c.C.[.[.[/]                        : Initializing Spring DispatcherServlet 'dispatcherServlet'
2021-10-01 10:49:27.327  INFO MacBook-Pro-di-Francesco.local --- [nio-8080-exec-1] o.s.w.s.DispatcherServlet                : Initializing Servlet 'dispatcherServlet'
2021-10-01 10:49:27.329  INFO MacBook-Pro-di-Francesco.local --- [nio-8080-exec-1] o.s.w.s.DispatcherServlet                : Completed initialization in 2 ms
2021-10-01 10:49:27.387  INFO MacBook-Pro-di-Francesco.local --- [nio-8080-exec-1] c.p.s.JwtTokenFilter                     : doFilterInternal() - start
2021-10-01 10:49:27.490  INFO MacBook-Pro-di-Francesco.local --- [nio-8080-exec-1] c.p.h.UserHelper                         : loadUserByToken() - start
2021-10-01 10:49:27.491  INFO MacBook-Pro-di-Francesco.local --- [nio-8080-exec-1] c.p.h.UserHelper                         : loadUserByToken() - end
2021-10-01 10:49:27.529  INFO MacBook-Pro-di-Francesco.local --- [nio-8080-exec-1] c.p.c.ArchiveController                  : getMyArchives() - start
2021-10-01 10:49:27.530  INFO MacBook-Pro-di-Francesco.local --- [nio-8080-exec-1] c.p.h.UserHelper                         : getCurrentUser() - start
2021-10-01 10:49:27.530  INFO MacBook-Pro-di-Francesco.local --- [nio-8080-exec-1] c.p.h.UserHelper                         : getCurrentUser() - end
2021-10-01 10:49:27.539  INFO MacBook-Pro-di-Francesco.local --- [nio-8080-exec-1] c.p.c.ArchiveController                  : Richieta da utente [admin]
2021-10-01 10:49:27.547  INFO MacBook-Pro-di-Francesco.local --- [nio-8080-exec-1] c.p.s.ArchiveService                     : getArchivesByUser() - start
2021-10-01 10:49:27.547  INFO MacBook-Pro-di-Francesco.local --- [nio-8080-exec-1] c.p.h.UserHelper                         : getCurrentUser() - start
2021-10-01 10:49:27.547  INFO MacBook-Pro-di-Francesco.local --- [nio-8080-exec-1] c.p.h.UserHelper                         : getCurrentUser() - end
2021-10-01 10:49:27.629  INFO MacBook-Pro-di-Francesco.local --- [nio-8080-exec-1] c.p.s.ArchiveService                     : getArchivesByUser() - end
2021-10-01 10:49:27.630  INFO MacBook-Pro-di-Francesco.local --- [nio-8080-exec-1] c.p.c.ArchiveController                  : getMyArchives() - end
2021-10-01 10:49:27.700  INFO MacBook-Pro-di-Francesco.local --- [nio-8080-exec-1] c.p.s.JwtTokenFilter                     : doFilterInternal() - end
2021-10-01 10:49:27.901  INFO MacBook-Pro-di-Francesco.local --- [nio-8080-exec-2] c.p.s.JwtTokenFilter                     : doFilterInternal() - start
2021-10-01 10:49:27.903  INFO MacBook-Pro-di-Francesco.local --- [nio-8080-exec-2] c.p.h.UserHelper                         : loadUserByToken() - start
2021-10-01 10:49:27.904  INFO MacBook-Pro-di-Francesco.local --- [nio-8080-exec-2] c.p.h.UserHelper                         : loadUserByToken() - end
2021-10-01 10:49:27.934  INFO MacBook-Pro-di-Francesco.local --- [nio-8080-exec-2] c.p.c.VerbaleController                  : getAll() - start
2021-10-01 10:49:27.934  INFO MacBook-Pro-di-Francesco.local --- [nio-8080-exec-2] c.p.h.UserHelper                         : getCurrentUser() - start
2021-10-01 10:49:27.934  INFO MacBook-Pro-di-Francesco.local --- [nio-8080-exec-2] c.p.h.UserHelper                         : getCurrentUser() - end
2021-10-01 10:49:27.947  INFO MacBook-Pro-di-Francesco.local --- [nio-8080-exec-2] c.p.c.VerbaleController                  : Richieta da utente [admin] per archivio: [5] con parametri: [{"filters":{},"pagination":[25,0]}]
2021-10-01 10:49:27.951  INFO MacBook-Pro-di-Francesco.local --- [nio-8080-exec-2] c.p.s.UserService                        : preliminaryChecks() - start
2021-10-01 10:49:27.951  INFO MacBook-Pro-di-Francesco.local --- [nio-8080-exec-2] c.p.h.UserHelper                         : getCurrentUser() - start
2021-10-01 10:49:27.951  INFO MacBook-Pro-di-Francesco.local --- [nio-8080-exec-2] c.p.h.UserHelper                         : getCurrentUser() - end
2021-10-01 10:49:27.969  INFO MacBook-Pro-di-Francesco.local --- [nio-8080-exec-2] c.p.s.UserService                        : userHasAccessToArchive() - start
2021-10-01 10:49:27.969  INFO MacBook-Pro-di-Francesco.local --- [nio-8080-exec-2] c.p.s.UserService                        : userHasAccessToArchive() - end
2021-10-01 10:49:27.974  INFO MacBook-Pro-di-Francesco.local --- [nio-8080-exec-2] c.p.s.UserService                        : preliminaryChecks() - end
2021-10-01 10:49:27.975  INFO MacBook-Pro-di-Francesco.local --- [nio-8080-exec-2] c.p.s.VerbaleService                     : getVerbaliLength() - start
2021-10-01 10:49:27.977  INFO MacBook-Pro-di-Francesco.local --- [nio-8080-exec-2] c.p.h.QueryBuilder                       : buildCountRows() - start
2021-10-01 10:49:27.977  INFO MacBook-Pro-di-Francesco.local --- [nio-8080-exec-2] c.p.h.QueryBuilder                       : appendWhereCondition() - start
2021-10-01 10:49:27.977  INFO MacBook-Pro-di-Francesco.local --- [nio-8080-exec-2] c.p.h.QueryBuilder                       : appendWhereCondition() - end
2021-10-01 10:49:27.977  INFO MacBook-Pro-di-Francesco.local --- [nio-8080-exec-2] c.p.h.QueryBuilder                       : buildCountRows() - end
2021-10-01 10:49:27.978  INFO MacBook-Pro-di-Francesco.local --- [nio-8080-exec-2] c.p.h.DatabaseHelper                     : performQuery() - start
2021-10-01 10:49:27.978  INFO MacBook-Pro-di-Francesco.local --- [nio-8080-exec-2] c.p.h.DatabaseHelper                     : createConnection() - start
2021-10-01 10:49:27.979  INFO MacBook-Pro-di-Francesco.local --- [nio-8080-exec-2] c.p.h.DatabaseHelper                     : mapDriverClassName() - start
2021-10-01 10:49:27.979  INFO MacBook-Pro-di-Francesco.local --- [nio-8080-exec-2] c.p.h.DatabaseHelper                     : mapDriverClassName() - class name found
2021-10-01 10:49:27.979  INFO MacBook-Pro-di-Francesco.local --- [nio-8080-exec-2] c.p.h.DatabaseHelper                     : mapDriverClassName() - end
2021-10-01 10:49:28.460  INFO MacBook-Pro-di-Francesco.local --- [nio-8080-exec-2] c.p.h.DatabaseHelper                     : createConnection() - connection created
2021-10-01 10:49:28.629  INFO MacBook-Pro-di-Francesco.local --- [nio-8080-exec-2] c.p.h.DatabaseHelper                     : performQuery() - connection closed
2021-10-01 10:49:28.629  INFO MacBook-Pro-di-Francesco.local --- [nio-8080-exec-2] c.p.h.DatabaseHelper                     : performQuery() - end
2021-10-01 10:49:28.630  INFO MacBook-Pro-di-Francesco.local --- [nio-8080-exec-2] c.p.s.VerbaleService                     : getVerbaliLength() - end
2021-10-01 10:49:28.630  INFO MacBook-Pro-di-Francesco.local --- [nio-8080-exec-2] c.p.s.VerbaleService                     : populatePagination() - start
2021-10-01 10:49:28.630  INFO MacBook-Pro-di-Francesco.local --- [nio-8080-exec-2] c.p.s.VerbaleService                     : populatePagination() - end
2021-10-01 10:49:28.631  INFO MacBook-Pro-di-Francesco.local --- [nio-8080-exec-2] c.p.s.VerbaleService                     : getVerbali() - start
2021-10-01 10:49:28.631  INFO MacBook-Pro-di-Francesco.local --- [nio-8080-exec-2] c.p.h.QueryBuilder                       : buildSearchQuery() - start
2021-10-01 10:49:28.631  INFO MacBook-Pro-di-Francesco.local --- [nio-8080-exec-2] c.p.h.QueryBuilder                       : appendWhereCondition() - start
2021-10-01 10:49:28.631  INFO MacBook-Pro-di-Francesco.local --- [nio-8080-exec-2] c.p.h.QueryBuilder                       : appendWhereCondition() - end
2021-10-01 10:49:28.631  INFO MacBook-Pro-di-Francesco.local --- [nio-8080-exec-2] c.p.h.QueryBuilder                       : appendPagination() - start
2021-10-01 10:49:28.632  INFO MacBook-Pro-di-Francesco.local --- [nio-8080-exec-2] c.p.h.QueryBuilder                       : appendPagination() - end
2021-10-01 10:49:28.632  INFO MacBook-Pro-di-Francesco.local --- [nio-8080-exec-2] c.p.h.QueryBuilder                       : buildSearchQuery() - end
2021-10-01 10:49:28.633  INFO MacBook-Pro-di-Francesco.local --- [nio-8080-exec-2] c.p.h.DatabaseHelper                     : performQuery() - start
2021-10-01 10:49:28.633  INFO MacBook-Pro-di-Francesco.local --- [nio-8080-exec-2] c.p.h.DatabaseHelper                     : createConnection() - start
2021-10-01 10:49:28.633  INFO MacBook-Pro-di-Francesco.local --- [nio-8080-exec-2] c.p.h.DatabaseHelper                     : mapDriverClassName() - start
2021-10-01 10:49:28.633  INFO MacBook-Pro-di-Francesco.local --- [nio-8080-exec-2] c.p.h.DatabaseHelper                     : mapDriverClassName() - class name found
2021-10-01 10:49:28.633  INFO MacBook-Pro-di-Francesco.local --- [nio-8080-exec-2] c.p.h.DatabaseHelper                     : mapDriverClassName() - end
2021-10-01 10:49:29.028  INFO MacBook-Pro-di-Francesco.local --- [nio-8080-exec-2] c.p.h.DatabaseHelper                     : createConnection() - connection created
2021-10-01 10:49:29.063  INFO MacBook-Pro-di-Francesco.local --- [nio-8080-exec-2] c.p.s.VerbaleService                     : extractVerbaliList() - start
2021-10-01 10:49:29.087  INFO MacBook-Pro-di-Francesco.local --- [nio-8080-exec-2] c.p.s.VerbaleService                     : extractVerbaliList() - end
2021-10-01 10:49:29.088  INFO MacBook-Pro-di-Francesco.local --- [nio-8080-exec-2] c.p.h.DatabaseHelper                     : performQuery() - connection closed
2021-10-01 10:49:29.088  INFO MacBook-Pro-di-Francesco.local --- [nio-8080-exec-2] c.p.h.DatabaseHelper                     : performQuery() - end
2021-10-01 10:49:29.088  INFO MacBook-Pro-di-Francesco.local --- [nio-8080-exec-2] c.p.s.VerbaleService                     : getVerbali() - end
2021-10-01 10:49:29.089  INFO MacBook-Pro-di-Francesco.local --- [nio-8080-exec-2] c.p.c.VerbaleController                  : getAll() - action performed
2021-10-01 10:49:29.089  INFO MacBook-Pro-di-Francesco.local --- [nio-8080-exec-2] c.p.c.VerbaleController                  : getAll() - end
2021-10-01 10:49:29.099  INFO MacBook-Pro-di-Francesco.local --- [nio-8080-exec-2] c.p.s.JwtTokenFilter                     : doFilterInternal() - end
2021-10-01 10:49:45.730  INFO MacBook-Pro-di-Francesco.local --- [nio-8080-exec-3] c.p.s.JwtTokenFilter                     : doFilterInternal() - start
2021-10-01 10:49:45.742  INFO MacBook-Pro-di-Francesco.local --- [nio-8080-exec-3] c.p.h.UserHelper                         : loadUserByToken() - start
2021-10-01 10:49:45.744  INFO MacBook-Pro-di-Francesco.local --- [nio-8080-exec-3] c.p.h.UserHelper                         : loadUserByToken() - end
2021-10-01 10:49:45.781  INFO MacBook-Pro-di-Francesco.local --- [nio-8080-exec-3] c.p.c.VerbaleController                  : getAll() - start
2021-10-01 10:49:45.782  INFO MacBook-Pro-di-Francesco.local --- [nio-8080-exec-3] c.p.h.UserHelper                         : getCurrentUser() - start
2021-10-01 10:49:45.783  INFO MacBook-Pro-di-Francesco.local --- [nio-8080-exec-3] c.p.h.UserHelper                         : getCurrentUser() - end
2021-10-01 10:49:45.836  INFO MacBook-Pro-di-Francesco.local --- [nio-8080-exec-3] c.p.c.VerbaleController                  : Richieta da utente [admin] per archivio: [5] con parametri: [{"filters":{"numeroAccesso":201100005057},"pagination":[25,0]}]
2021-10-01 10:49:45.837  INFO MacBook-Pro-di-Francesco.local --- [nio-8080-exec-3] c.p.s.UserService                        : preliminaryChecks() - start
2021-10-01 10:49:45.837  INFO MacBook-Pro-di-Francesco.local --- [nio-8080-exec-3] c.p.h.UserHelper                         : getCurrentUser() - start
2021-10-01 10:49:45.837  INFO MacBook-Pro-di-Francesco.local --- [nio-8080-exec-3] c.p.h.UserHelper                         : getCurrentUser() - end
2021-10-01 10:49:45.851  INFO MacBook-Pro-di-Francesco.local --- [nio-8080-exec-3] c.p.s.UserService                        : userHasAccessToArchive() - start
2021-10-01 10:49:45.851  INFO MacBook-Pro-di-Francesco.local --- [nio-8080-exec-3] c.p.s.UserService                        : userHasAccessToArchive() - end
2021-10-01 10:49:45.859  INFO MacBook-Pro-di-Francesco.local --- [nio-8080-exec-3] c.p.s.UserService                        : preliminaryChecks() - end
2021-10-01 10:49:45.862  INFO MacBook-Pro-di-Francesco.local --- [nio-8080-exec-3] c.p.s.VerbaleService                     : getVerbaliLength() - start
2021-10-01 10:49:45.863  INFO MacBook-Pro-di-Francesco.local --- [nio-8080-exec-3] c.p.h.QueryBuilder                       : buildCountRows() - start
2021-10-01 10:49:45.863  INFO MacBook-Pro-di-Francesco.local --- [nio-8080-exec-3] c.p.h.QueryBuilder                       : appendWhereCondition() - start
2021-10-01 10:49:45.869  INFO MacBook-Pro-di-Francesco.local --- [nio-8080-exec-3] c.p.h.QueryBuilder                       : appendWhereCondition() - end
2021-10-01 10:49:45.869  INFO MacBook-Pro-di-Francesco.local --- [nio-8080-exec-3] c.p.h.QueryBuilder                       : buildCountRows() - end
2021-10-01 10:49:45.869  INFO MacBook-Pro-di-Francesco.local --- [nio-8080-exec-3] c.p.h.DatabaseHelper                     : performQuery() - start
2021-10-01 10:49:45.870  INFO MacBook-Pro-di-Francesco.local --- [nio-8080-exec-3] c.p.h.DatabaseHelper                     : createConnection() - start
2021-10-01 10:49:45.874  INFO MacBook-Pro-di-Francesco.local --- [nio-8080-exec-3] c.p.h.DatabaseHelper                     : mapDriverClassName() - start
2021-10-01 10:49:45.874  INFO MacBook-Pro-di-Francesco.local --- [nio-8080-exec-3] c.p.h.DatabaseHelper                     : mapDriverClassName() - class name found
2021-10-01 10:49:45.874  INFO MacBook-Pro-di-Francesco.local --- [nio-8080-exec-3] c.p.h.DatabaseHelper                     : mapDriverClassName() - end
2021-10-01 10:49:46.248  INFO MacBook-Pro-di-Francesco.local --- [nio-8080-exec-3] c.p.h.DatabaseHelper                     : createConnection() - connection created
2021-10-01 10:49:46.248  INFO MacBook-Pro-di-Francesco.local --- [nio-8080-exec-3] c.p.h.QueryBuilder                       : applyFilters() - start
2021-10-01 10:49:46.249  INFO MacBook-Pro-di-Francesco.local --- [nio-8080-exec-3] c.p.h.QueryBuilder                       : extractValueParams() - start
2021-10-01 10:49:46.249  INFO MacBook-Pro-di-Francesco.local --- [nio-8080-exec-3] c.p.h.QueryBuilder                       : getValue() - start
2021-10-01 10:49:46.249  INFO MacBook-Pro-di-Francesco.local --- [nio-8080-exec-3] c.p.h.QueryBuilder                       : getValue() - end
2021-10-01 10:49:46.249  INFO MacBook-Pro-di-Francesco.local --- [nio-8080-exec-3] c.p.h.QueryBuilder                       : extractValueParams() - end
2021-10-01 10:49:46.249  INFO MacBook-Pro-di-Francesco.local --- [nio-8080-exec-3] c.p.h.QueryBuilder                       : applyFilters() - end
2021-10-01 10:49:46.413  INFO MacBook-Pro-di-Francesco.local --- [nio-8080-exec-3] c.p.h.DatabaseHelper                     : performQuery() - connection closed
2021-10-01 10:49:46.414  INFO MacBook-Pro-di-Francesco.local --- [nio-8080-exec-3] c.p.h.DatabaseHelper                     : performQuery() - end
2021-10-01 10:49:46.414  INFO MacBook-Pro-di-Francesco.local --- [nio-8080-exec-3] c.p.s.VerbaleService                     : getVerbaliLength() - end
2021-10-01 10:49:46.414  INFO MacBook-Pro-di-Francesco.local --- [nio-8080-exec-3] c.p.s.VerbaleService                     : populatePagination() - start
2021-10-01 10:49:46.414  INFO MacBook-Pro-di-Francesco.local --- [nio-8080-exec-3] c.p.s.VerbaleService                     : populatePagination() - end
2021-10-01 10:49:46.414  INFO MacBook-Pro-di-Francesco.local --- [nio-8080-exec-3] c.p.s.VerbaleService                     : getVerbali() - start
2021-10-01 10:49:46.414  INFO MacBook-Pro-di-Francesco.local --- [nio-8080-exec-3] c.p.h.QueryBuilder                       : buildSearchQuery() - start
2021-10-01 10:49:46.415  INFO MacBook-Pro-di-Francesco.local --- [nio-8080-exec-3] c.p.h.QueryBuilder                       : appendWhereCondition() - start
2021-10-01 10:49:46.415  INFO MacBook-Pro-di-Francesco.local --- [nio-8080-exec-3] c.p.h.QueryBuilder                       : appendWhereCondition() - end
2021-10-01 10:49:46.415  INFO MacBook-Pro-di-Francesco.local --- [nio-8080-exec-3] c.p.h.QueryBuilder                       : appendPagination() - start
2021-10-01 10:49:46.416  INFO MacBook-Pro-di-Francesco.local --- [nio-8080-exec-3] c.p.h.QueryBuilder                       : appendPagination() - end
2021-10-01 10:49:46.416  INFO MacBook-Pro-di-Francesco.local --- [nio-8080-exec-3] c.p.h.QueryBuilder                       : buildSearchQuery() - end
2021-10-01 10:49:46.416  INFO MacBook-Pro-di-Francesco.local --- [nio-8080-exec-3] c.p.h.DatabaseHelper                     : performQuery() - start
2021-10-01 10:49:46.416  INFO MacBook-Pro-di-Francesco.local --- [nio-8080-exec-3] c.p.h.DatabaseHelper                     : createConnection() - start
2021-10-01 10:49:46.416  INFO MacBook-Pro-di-Francesco.local --- [nio-8080-exec-3] c.p.h.DatabaseHelper                     : mapDriverClassName() - start
2021-10-01 10:49:46.416  INFO MacBook-Pro-di-Francesco.local --- [nio-8080-exec-3] c.p.h.DatabaseHelper                     : mapDriverClassName() - class name found
2021-10-01 10:49:46.416  INFO MacBook-Pro-di-Francesco.local --- [nio-8080-exec-3] c.p.h.DatabaseHelper                     : mapDriverClassName() - end
2021-10-01 10:49:46.804  INFO MacBook-Pro-di-Francesco.local --- [nio-8080-exec-3] c.p.h.DatabaseHelper                     : createConnection() - connection created
2021-10-01 10:49:46.804  INFO MacBook-Pro-di-Francesco.local --- [nio-8080-exec-3] c.p.h.QueryBuilder                       : applyFilters() - start
2021-10-01 10:49:46.804  INFO MacBook-Pro-di-Francesco.local --- [nio-8080-exec-3] c.p.h.QueryBuilder                       : extractValueParams() - start
2021-10-01 10:49:46.805  INFO MacBook-Pro-di-Francesco.local --- [nio-8080-exec-3] c.p.h.QueryBuilder                       : getValue() - start
2021-10-01 10:49:46.805  INFO MacBook-Pro-di-Francesco.local --- [nio-8080-exec-3] c.p.h.QueryBuilder                       : getValue() - end
2021-10-01 10:49:46.805  INFO MacBook-Pro-di-Francesco.local --- [nio-8080-exec-3] c.p.h.QueryBuilder                       : extractValueParams() - end
2021-10-01 10:49:46.805  INFO MacBook-Pro-di-Francesco.local --- [nio-8080-exec-3] c.p.h.QueryBuilder                       : applyFilters() - end
2021-10-01 10:49:47.030  INFO MacBook-Pro-di-Francesco.local --- [nio-8080-exec-3] c.p.s.VerbaleService                     : extractVerbaliList() - start
2021-10-01 10:49:47.037  INFO MacBook-Pro-di-Francesco.local --- [nio-8080-exec-3] c.p.s.VerbaleService                     : extractVerbaliList() - end
2021-10-01 10:49:47.039  INFO MacBook-Pro-di-Francesco.local --- [nio-8080-exec-3] c.p.h.DatabaseHelper                     : performQuery() - connection closed
2021-10-01 10:49:47.039  INFO MacBook-Pro-di-Francesco.local --- [nio-8080-exec-3] c.p.h.DatabaseHelper                     : performQuery() - end
2021-10-01 10:49:47.039  INFO MacBook-Pro-di-Francesco.local --- [nio-8080-exec-3] c.p.s.VerbaleService                     : getVerbali() - end
2021-10-01 10:49:47.039  INFO MacBook-Pro-di-Francesco.local --- [nio-8080-exec-3] c.p.c.VerbaleController                  : getAll() - action performed
2021-10-01 10:49:47.039  INFO MacBook-Pro-di-Francesco.local --- [nio-8080-exec-3] c.p.c.VerbaleController                  : getAll() - end
2021-10-01 10:49:47.049  INFO MacBook-Pro-di-Francesco.local --- [nio-8080-exec-3] c.p.s.JwtTokenFilter                     : doFilterInternal() - end
2021-10-01 10:49:48.534  INFO MacBook-Pro-di-Francesco.local --- [nio-8080-exec-5] c.p.s.JwtTokenFilter                     : doFilterInternal() - start
2021-10-01 10:49:48.537  INFO MacBook-Pro-di-Francesco.local --- [nio-8080-exec-5] c.p.h.UserHelper                         : loadUserByToken() - start
2021-10-01 10:49:48.539  INFO MacBook-Pro-di-Francesco.local --- [nio-8080-exec-5] c.p.h.UserHelper                         : loadUserByToken() - end
2021-10-01 10:49:48.577  INFO MacBook-Pro-di-Francesco.local --- [nio-8080-exec-5] c.p.c.VerbaleController                  : printVerbale() - start
2021-10-01 10:49:48.577  INFO MacBook-Pro-di-Francesco.local --- [nio-8080-exec-5] c.p.h.UserHelper                         : getCurrentUser() - start
2021-10-01 10:49:48.578  INFO MacBook-Pro-di-Francesco.local --- [nio-8080-exec-5] c.p.h.UserHelper                         : getCurrentUser() - end
2021-10-01 10:49:48.593  INFO MacBook-Pro-di-Francesco.local --- [nio-8080-exec-5] c.p.c.VerbaleController                  : Richieta da utente [admin] per archivio: [5] per verbale: [201100005057]
2021-10-01 10:49:48.593  INFO MacBook-Pro-di-Francesco.local --- [nio-8080-exec-5] c.p.s.UserService                        : preliminaryChecks() - start
2021-10-01 10:49:48.593  INFO MacBook-Pro-di-Francesco.local --- [nio-8080-exec-5] c.p.h.UserHelper                         : getCurrentUser() - start
2021-10-01 10:49:48.593  INFO MacBook-Pro-di-Francesco.local --- [nio-8080-exec-5] c.p.h.UserHelper                         : getCurrentUser() - end
2021-10-01 10:49:48.597  INFO MacBook-Pro-di-Francesco.local --- [nio-8080-exec-5] c.p.s.UserService                        : userHasAccessToArchive() - start
2021-10-01 10:49:48.597  INFO MacBook-Pro-di-Francesco.local --- [nio-8080-exec-5] c.p.s.UserService                        : userHasAccessToArchive() - end
2021-10-01 10:49:48.599  INFO MacBook-Pro-di-Francesco.local --- [nio-8080-exec-5] c.p.s.UserService                        : preliminaryChecks() - end
2021-10-01 10:49:48.602  INFO MacBook-Pro-di-Francesco.local --- [nio-8080-exec-5] c.p.s.VerbaleService                     : printVerbale() - start
2021-10-01 10:49:48.603  INFO MacBook-Pro-di-Francesco.local --- [nio-8080-exec-5] c.p.h.UserHelper                         : getCurrentUser() - start
2021-10-01 10:49:48.603  INFO MacBook-Pro-di-Francesco.local --- [nio-8080-exec-5] c.p.h.UserHelper                         : getCurrentUser() - end
2021-10-01 10:49:48.618  INFO MacBook-Pro-di-Francesco.local --- [nio-8080-exec-5] c.p.h.QueryBuilder                       : buildSearchPaziente() - start
2021-10-01 10:49:48.618  INFO MacBook-Pro-di-Francesco.local --- [nio-8080-exec-5] c.p.h.QueryBuilder                       : buildSearchPaziente() - end
2021-10-01 10:49:48.619  INFO MacBook-Pro-di-Francesco.local --- [nio-8080-exec-5] c.p.h.DatabaseHelper                     : performQuery() - start
2021-10-01 10:49:48.619  INFO MacBook-Pro-di-Francesco.local --- [nio-8080-exec-5] c.p.h.DatabaseHelper                     : createConnection() - start
2021-10-01 10:49:48.619  INFO MacBook-Pro-di-Francesco.local --- [nio-8080-exec-5] c.p.h.DatabaseHelper                     : mapDriverClassName() - start
2021-10-01 10:49:48.620  INFO MacBook-Pro-di-Francesco.local --- [nio-8080-exec-5] c.p.h.DatabaseHelper                     : mapDriverClassName() - class name found
2021-10-01 10:49:48.620  INFO MacBook-Pro-di-Francesco.local --- [nio-8080-exec-5] c.p.h.DatabaseHelper                     : mapDriverClassName() - end
2021-10-01 10:49:49.175  INFO MacBook-Pro-di-Francesco.local --- [nio-8080-exec-5] c.p.h.DatabaseHelper                     : createConnection() - connection created
2021-10-01 10:49:49.176  INFO MacBook-Pro-di-Francesco.local --- [nio-8080-exec-5] c.p.h.QueryBuilder                       : applyFilters() - start
2021-10-01 10:49:49.176  INFO MacBook-Pro-di-Francesco.local --- [nio-8080-exec-5] c.p.h.QueryBuilder                       : extractValueParams() - start
2021-10-01 10:49:49.176  INFO MacBook-Pro-di-Francesco.local --- [nio-8080-exec-5] c.p.h.QueryBuilder                       : getValue() - start
2021-10-01 10:49:49.176  INFO MacBook-Pro-di-Francesco.local --- [nio-8080-exec-5] c.p.h.QueryBuilder                       : getValue() - end
2021-10-01 10:49:49.177  INFO MacBook-Pro-di-Francesco.local --- [nio-8080-exec-5] c.p.h.QueryBuilder                       : extractValueParams() - end
2021-10-01 10:49:49.177  INFO MacBook-Pro-di-Francesco.local --- [nio-8080-exec-5] c.p.h.QueryBuilder                       : applyFilters() - end
2021-10-01 10:49:49.209  INFO MacBook-Pro-di-Francesco.local --- [nio-8080-exec-5] c.p.s.VerbaleService                     : extractPaziente() - start
2021-10-01 10:49:49.212  INFO MacBook-Pro-di-Francesco.local --- [nio-8080-exec-5] c.p.h.DatabaseHelper                     : performQuery() - connection closed
2021-10-01 10:49:49.212  INFO MacBook-Pro-di-Francesco.local --- [nio-8080-exec-5] c.p.h.DatabaseHelper                     : performQuery() - end
2021-10-01 10:49:49.212  INFO MacBook-Pro-di-Francesco.local --- [nio-8080-exec-5] c.p.h.QueryBuilder                       : buildSearchAccettazioneTriage() - start
2021-10-01 10:49:49.212  INFO MacBook-Pro-di-Francesco.local --- [nio-8080-exec-5] c.p.h.QueryBuilder                       : buildSearchAccettazioneTriage() - end
2021-10-01 10:49:49.213  INFO MacBook-Pro-di-Francesco.local --- [nio-8080-exec-5] c.p.h.DatabaseHelper                     : performQuery() - start
2021-10-01 10:49:49.213  INFO MacBook-Pro-di-Francesco.local --- [nio-8080-exec-5] c.p.h.DatabaseHelper                     : createConnection() - start
2021-10-01 10:49:49.213  INFO MacBook-Pro-di-Francesco.local --- [nio-8080-exec-5] c.p.h.DatabaseHelper                     : mapDriverClassName() - start
2021-10-01 10:49:49.213  INFO MacBook-Pro-di-Francesco.local --- [nio-8080-exec-5] c.p.h.DatabaseHelper                     : mapDriverClassName() - class name found
2021-10-01 10:49:49.213  INFO MacBook-Pro-di-Francesco.local --- [nio-8080-exec-5] c.p.h.DatabaseHelper                     : mapDriverClassName() - end
2021-10-01 10:49:49.563  INFO MacBook-Pro-di-Francesco.local --- [nio-8080-exec-5] c.p.h.DatabaseHelper                     : createConnection() - connection created
2021-10-01 10:49:49.563  INFO MacBook-Pro-di-Francesco.local --- [nio-8080-exec-5] c.p.h.QueryBuilder                       : applyFilters() - start
2021-10-01 10:49:49.563  INFO MacBook-Pro-di-Francesco.local --- [nio-8080-exec-5] c.p.h.QueryBuilder                       : extractValueParams() - start
2021-10-01 10:49:49.563  INFO MacBook-Pro-di-Francesco.local --- [nio-8080-exec-5] c.p.h.QueryBuilder                       : getValue() - start
2021-10-01 10:49:49.563  INFO MacBook-Pro-di-Francesco.local --- [nio-8080-exec-5] c.p.h.QueryBuilder                       : getValue() - end
2021-10-01 10:49:49.563  INFO MacBook-Pro-di-Francesco.local --- [nio-8080-exec-5] c.p.h.QueryBuilder                       : extractValueParams() - end
2021-10-01 10:49:49.564  INFO MacBook-Pro-di-Francesco.local --- [nio-8080-exec-5] c.p.h.QueryBuilder                       : applyFilters() - end
2021-10-01 10:49:49.609  INFO MacBook-Pro-di-Francesco.local --- [nio-8080-exec-5] c.p.s.VerbaleService                     : extractAccettazioneTriage() - start
2021-10-01 10:49:49.612  INFO MacBook-Pro-di-Francesco.local --- [nio-8080-exec-5] c.p.h.DatabaseHelper                     : performQuery() - connection closed
2021-10-01 10:49:49.612  INFO MacBook-Pro-di-Francesco.local --- [nio-8080-exec-5] c.p.h.DatabaseHelper                     : performQuery() - end
2021-10-01 10:49:49.612  INFO MacBook-Pro-di-Francesco.local --- [nio-8080-exec-5] c.p.h.QueryBuilder                       : buildSearchCronologiaTriage() - start
2021-10-01 10:49:49.612  INFO MacBook-Pro-di-Francesco.local --- [nio-8080-exec-5] c.p.h.QueryBuilder                       : buildSearchCronologiaTriage() - end
2021-10-01 10:49:49.612  INFO MacBook-Pro-di-Francesco.local --- [nio-8080-exec-5] c.p.h.DatabaseHelper                     : performQuery() - start
2021-10-01 10:49:49.612  INFO MacBook-Pro-di-Francesco.local --- [nio-8080-exec-5] c.p.h.DatabaseHelper                     : createConnection() - start
2021-10-01 10:49:49.612  INFO MacBook-Pro-di-Francesco.local --- [nio-8080-exec-5] c.p.h.DatabaseHelper                     : mapDriverClassName() - start
2021-10-01 10:49:49.612  INFO MacBook-Pro-di-Francesco.local --- [nio-8080-exec-5] c.p.h.DatabaseHelper                     : mapDriverClassName() - class name found
2021-10-01 10:49:49.613  INFO MacBook-Pro-di-Francesco.local --- [nio-8080-exec-5] c.p.h.DatabaseHelper                     : mapDriverClassName() - end
2021-10-01 10:49:49.968  INFO MacBook-Pro-di-Francesco.local --- [nio-8080-exec-5] c.p.h.DatabaseHelper                     : createConnection() - connection created
2021-10-01 10:49:49.969  INFO MacBook-Pro-di-Francesco.local --- [nio-8080-exec-5] c.p.h.QueryBuilder                       : applyFilters() - start
2021-10-01 10:49:49.969  INFO MacBook-Pro-di-Francesco.local --- [nio-8080-exec-5] c.p.h.QueryBuilder                       : extractValueParams() - start
2021-10-01 10:49:49.969  INFO MacBook-Pro-di-Francesco.local --- [nio-8080-exec-5] c.p.h.QueryBuilder                       : getValue() - start
2021-10-01 10:49:49.969  INFO MacBook-Pro-di-Francesco.local --- [nio-8080-exec-5] c.p.h.QueryBuilder                       : getValue() - end
2021-10-01 10:49:49.969  INFO MacBook-Pro-di-Francesco.local --- [nio-8080-exec-5] c.p.h.QueryBuilder                       : extractValueParams() - end
2021-10-01 10:49:49.969  INFO MacBook-Pro-di-Francesco.local --- [nio-8080-exec-5] c.p.h.QueryBuilder                       : applyFilters() - end
2021-10-01 10:49:50.001  INFO MacBook-Pro-di-Francesco.local --- [nio-8080-exec-5] c.p.s.VerbaleService                     : extractCronologiaTriage() - start
2021-10-01 10:49:50.006  INFO MacBook-Pro-di-Francesco.local --- [nio-8080-exec-5] c.p.s.VerbaleService                     : extractCronologiaTriage() - end
2021-10-01 10:49:50.007  INFO MacBook-Pro-di-Francesco.local --- [nio-8080-exec-5] c.p.h.DatabaseHelper                     : performQuery() - connection closed
2021-10-01 10:49:50.007  INFO MacBook-Pro-di-Francesco.local --- [nio-8080-exec-5] c.p.h.DatabaseHelper                     : performQuery() - end
2021-10-01 10:49:50.008  INFO MacBook-Pro-di-Francesco.local --- [nio-8080-exec-5] c.p.h.QueryBuilder                       : buildSearchCondizioniCliniche() - start
2021-10-01 10:49:50.008  INFO MacBook-Pro-di-Francesco.local --- [nio-8080-exec-5] c.p.h.QueryBuilder                       : buildSearchCondizioniCliniche() - end
2021-10-01 10:49:50.008  INFO MacBook-Pro-di-Francesco.local --- [nio-8080-exec-5] c.p.h.DatabaseHelper                     : performQuery() - start
2021-10-01 10:49:50.008  INFO MacBook-Pro-di-Francesco.local --- [nio-8080-exec-5] c.p.h.DatabaseHelper                     : createConnection() - start
2021-10-01 10:49:50.009  INFO MacBook-Pro-di-Francesco.local --- [nio-8080-exec-5] c.p.h.DatabaseHelper                     : mapDriverClassName() - start
2021-10-01 10:49:50.009  INFO MacBook-Pro-di-Francesco.local --- [nio-8080-exec-5] c.p.h.DatabaseHelper                     : mapDriverClassName() - class name found
2021-10-01 10:49:50.009  INFO MacBook-Pro-di-Francesco.local --- [nio-8080-exec-5] c.p.h.DatabaseHelper                     : mapDriverClassName() - end
2021-10-01 10:49:50.396  INFO MacBook-Pro-di-Francesco.local --- [nio-8080-exec-5] c.p.h.DatabaseHelper                     : createConnection() - connection created
2021-10-01 10:49:50.396  INFO MacBook-Pro-di-Francesco.local --- [nio-8080-exec-5] c.p.h.QueryBuilder                       : applyFilters() - start
2021-10-01 10:49:50.397  INFO MacBook-Pro-di-Francesco.local --- [nio-8080-exec-5] c.p.h.QueryBuilder                       : extractValueParams() - start
2021-10-01 10:49:50.397  INFO MacBook-Pro-di-Francesco.local --- [nio-8080-exec-5] c.p.h.QueryBuilder                       : getValue() - start
2021-10-01 10:49:50.397  INFO MacBook-Pro-di-Francesco.local --- [nio-8080-exec-5] c.p.h.QueryBuilder                       : getValue() - end
2021-10-01 10:49:50.397  INFO MacBook-Pro-di-Francesco.local --- [nio-8080-exec-5] c.p.h.QueryBuilder                       : extractValueParams() - end
2021-10-01 10:49:50.397  INFO MacBook-Pro-di-Francesco.local --- [nio-8080-exec-5] c.p.h.QueryBuilder                       : applyFilters() - end
2021-10-01 10:49:50.431  INFO MacBook-Pro-di-Francesco.local --- [nio-8080-exec-5] c.p.s.VerbaleService                     : extractCronologiaCondizioniCliniche() - start
2021-10-01 10:49:50.436  INFO MacBook-Pro-di-Francesco.local --- [nio-8080-exec-5] c.p.s.VerbaleService                     : extractCronologiaCondizioniCliniche() - end
2021-10-01 10:49:50.437  INFO MacBook-Pro-di-Francesco.local --- [nio-8080-exec-5] c.p.h.DatabaseHelper                     : performQuery() - connection closed
2021-10-01 10:49:50.437  INFO MacBook-Pro-di-Francesco.local --- [nio-8080-exec-5] c.p.h.DatabaseHelper                     : performQuery() - end
2021-10-01 10:49:50.437  INFO MacBook-Pro-di-Francesco.local --- [nio-8080-exec-5] c.p.h.QueryBuilder                       : buildSearchAccettazioniMedici() - start
2021-10-01 10:49:50.437  INFO MacBook-Pro-di-Francesco.local --- [nio-8080-exec-5] c.p.h.QueryBuilder                       : buildSearchAccettazioniMedici() - end
2021-10-01 10:49:50.438  INFO MacBook-Pro-di-Francesco.local --- [nio-8080-exec-5] c.p.h.DatabaseHelper                     : performQuery() - start
2021-10-01 10:49:50.438  INFO MacBook-Pro-di-Francesco.local --- [nio-8080-exec-5] c.p.h.DatabaseHelper                     : createConnection() - start
2021-10-01 10:49:50.438  INFO MacBook-Pro-di-Francesco.local --- [nio-8080-exec-5] c.p.h.DatabaseHelper                     : mapDriverClassName() - start
2021-10-01 10:49:50.438  INFO MacBook-Pro-di-Francesco.local --- [nio-8080-exec-5] c.p.h.DatabaseHelper                     : mapDriverClassName() - class name found
2021-10-01 10:49:50.438  INFO MacBook-Pro-di-Francesco.local --- [nio-8080-exec-5] c.p.h.DatabaseHelper                     : mapDriverClassName() - end
2021-10-01 10:49:50.814  INFO MacBook-Pro-di-Francesco.local --- [nio-8080-exec-5] c.p.h.DatabaseHelper                     : createConnection() - connection created
2021-10-01 10:49:50.814  INFO MacBook-Pro-di-Francesco.local --- [nio-8080-exec-5] c.p.h.QueryBuilder                       : applyFilters() - start
2021-10-01 10:49:50.815  INFO MacBook-Pro-di-Francesco.local --- [nio-8080-exec-5] c.p.h.QueryBuilder                       : extractValueParams() - start
2021-10-01 10:49:50.815  INFO MacBook-Pro-di-Francesco.local --- [nio-8080-exec-5] c.p.h.QueryBuilder                       : getValue() - start
2021-10-01 10:49:50.815  INFO MacBook-Pro-di-Francesco.local --- [nio-8080-exec-5] c.p.h.QueryBuilder                       : getValue() - end
2021-10-01 10:49:50.815  INFO MacBook-Pro-di-Francesco.local --- [nio-8080-exec-5] c.p.h.QueryBuilder                       : extractValueParams() - end
2021-10-01 10:49:50.815  INFO MacBook-Pro-di-Francesco.local --- [nio-8080-exec-5] c.p.h.QueryBuilder                       : applyFilters() - end
2021-10-01 10:49:50.847  INFO MacBook-Pro-di-Francesco.local --- [nio-8080-exec-5] c.p.s.VerbaleService                     : extractCronologiaAccettazioniMedici() - start
2021-10-01 10:49:50.852  INFO MacBook-Pro-di-Francesco.local --- [nio-8080-exec-5] c.p.s.VerbaleService                     : extractCronologiaAccettazioniMedici() - end
2021-10-01 10:49:50.853  INFO MacBook-Pro-di-Francesco.local --- [nio-8080-exec-5] c.p.h.DatabaseHelper                     : performQuery() - connection closed
2021-10-01 10:49:50.853  INFO MacBook-Pro-di-Francesco.local --- [nio-8080-exec-5] c.p.h.DatabaseHelper                     : performQuery() - end
2021-10-01 10:49:50.853  INFO MacBook-Pro-di-Francesco.local --- [nio-8080-exec-5] c.p.h.QueryBuilder                       : buildSearchIterDiagnostico() - start
2021-10-01 10:49:50.853  INFO MacBook-Pro-di-Francesco.local --- [nio-8080-exec-5] c.p.h.QueryBuilder                       : buildSearchIterDiagnostico() - end
2021-10-01 10:49:50.854  INFO MacBook-Pro-di-Francesco.local --- [nio-8080-exec-5] c.p.h.DatabaseHelper                     : performQuery() - start
2021-10-01 10:49:50.854  INFO MacBook-Pro-di-Francesco.local --- [nio-8080-exec-5] c.p.h.DatabaseHelper                     : createConnection() - start
2021-10-01 10:49:50.854  INFO MacBook-Pro-di-Francesco.local --- [nio-8080-exec-5] c.p.h.DatabaseHelper                     : mapDriverClassName() - start
2021-10-01 10:49:50.854  INFO MacBook-Pro-di-Francesco.local --- [nio-8080-exec-5] c.p.h.DatabaseHelper                     : mapDriverClassName() - class name found
2021-10-01 10:49:50.854  INFO MacBook-Pro-di-Francesco.local --- [nio-8080-exec-5] c.p.h.DatabaseHelper                     : mapDriverClassName() - end
2021-10-01 10:49:51.211  INFO MacBook-Pro-di-Francesco.local --- [nio-8080-exec-5] c.p.h.DatabaseHelper                     : createConnection() - connection created
2021-10-01 10:49:51.212  INFO MacBook-Pro-di-Francesco.local --- [nio-8080-exec-5] c.p.h.QueryBuilder                       : applyFilters() - start
2021-10-01 10:49:51.212  INFO MacBook-Pro-di-Francesco.local --- [nio-8080-exec-5] c.p.h.QueryBuilder                       : extractValueParams() - start
2021-10-01 10:49:51.212  INFO MacBook-Pro-di-Francesco.local --- [nio-8080-exec-5] c.p.h.QueryBuilder                       : getValue() - start
2021-10-01 10:49:51.212  INFO MacBook-Pro-di-Francesco.local --- [nio-8080-exec-5] c.p.h.QueryBuilder                       : getValue() - end
2021-10-01 10:49:51.212  INFO MacBook-Pro-di-Francesco.local --- [nio-8080-exec-5] c.p.h.QueryBuilder                       : extractValueParams() - end
2021-10-01 10:49:51.212  INFO MacBook-Pro-di-Francesco.local --- [nio-8080-exec-5] c.p.h.QueryBuilder                       : applyFilters() - end
2021-10-01 10:49:51.254  INFO MacBook-Pro-di-Francesco.local --- [nio-8080-exec-5] c.p.s.VerbaleService                     : extractIterDiagnostico() - start
2021-10-01 10:49:51.265  INFO MacBook-Pro-di-Francesco.local --- [nio-8080-exec-5] c.p.s.VerbaleService                     : extractIterDiagnostico() - end
2021-10-01 10:49:51.266  INFO MacBook-Pro-di-Francesco.local --- [nio-8080-exec-5] c.p.h.DatabaseHelper                     : performQuery() - connection closed
2021-10-01 10:49:51.266  INFO MacBook-Pro-di-Francesco.local --- [nio-8080-exec-5] c.p.h.DatabaseHelper                     : performQuery() - end
2021-10-01 10:49:51.266  INFO MacBook-Pro-di-Francesco.local --- [nio-8080-exec-5] c.p.h.QueryBuilder                       : buildSearchSomministrazioni() - start
2021-10-01 10:49:51.266  INFO MacBook-Pro-di-Francesco.local --- [nio-8080-exec-5] c.p.h.QueryBuilder                       : buildSearchSomministrazioni() - end
2021-10-01 10:49:51.267  INFO MacBook-Pro-di-Francesco.local --- [nio-8080-exec-5] c.p.h.DatabaseHelper                     : performQuery() - start
2021-10-01 10:49:51.267  INFO MacBook-Pro-di-Francesco.local --- [nio-8080-exec-5] c.p.h.DatabaseHelper                     : createConnection() - start
2021-10-01 10:49:51.268  INFO MacBook-Pro-di-Francesco.local --- [nio-8080-exec-5] c.p.h.DatabaseHelper                     : mapDriverClassName() - start
2021-10-01 10:49:51.268  INFO MacBook-Pro-di-Francesco.local --- [nio-8080-exec-5] c.p.h.DatabaseHelper                     : mapDriverClassName() - class name found
2021-10-01 10:49:51.268  INFO MacBook-Pro-di-Francesco.local --- [nio-8080-exec-5] c.p.h.DatabaseHelper                     : mapDriverClassName() - end
2021-10-01 10:49:51.697  INFO MacBook-Pro-di-Francesco.local --- [nio-8080-exec-5] c.p.h.DatabaseHelper                     : createConnection() - connection created
2021-10-01 10:49:51.698  INFO MacBook-Pro-di-Francesco.local --- [nio-8080-exec-5] c.p.h.QueryBuilder                       : applyFilters() - start
2021-10-01 10:49:51.698  INFO MacBook-Pro-di-Francesco.local --- [nio-8080-exec-5] c.p.h.QueryBuilder                       : extractValueParams() - start
2021-10-01 10:49:51.698  INFO MacBook-Pro-di-Francesco.local --- [nio-8080-exec-5] c.p.h.QueryBuilder                       : getValue() - start
2021-10-01 10:49:51.698  INFO MacBook-Pro-di-Francesco.local --- [nio-8080-exec-5] c.p.h.QueryBuilder                       : getValue() - end
2021-10-01 10:49:51.699  INFO MacBook-Pro-di-Francesco.local --- [nio-8080-exec-5] c.p.h.QueryBuilder                       : extractValueParams() - end
2021-10-01 10:49:51.699  INFO MacBook-Pro-di-Francesco.local --- [nio-8080-exec-5] c.p.h.QueryBuilder                       : applyFilters() - end
2021-10-01 10:49:51.741  INFO MacBook-Pro-di-Francesco.local --- [nio-8080-exec-5] c.p.s.VerbaleService                     : extractFarmaciSomministrati() - start
2021-10-01 10:49:51.747  INFO MacBook-Pro-di-Francesco.local --- [nio-8080-exec-5] c.p.s.VerbaleService                     : extractFarmaciSomministrati() - end
2021-10-01 10:49:51.748  INFO MacBook-Pro-di-Francesco.local --- [nio-8080-exec-5] c.p.h.DatabaseHelper                     : performQuery() - connection closed
2021-10-01 10:49:51.748  INFO MacBook-Pro-di-Francesco.local --- [nio-8080-exec-5] c.p.h.DatabaseHelper                     : performQuery() - end
2021-10-01 10:49:51.748  INFO MacBook-Pro-di-Francesco.local --- [nio-8080-exec-5] c.p.h.QueryBuilder                       : buildSearchEsitoDimissione() - start
2021-10-01 10:49:51.748  INFO MacBook-Pro-di-Francesco.local --- [nio-8080-exec-5] c.p.h.QueryBuilder                       : buildSearchEsitoDimissione() - end
2021-10-01 10:49:51.749  INFO MacBook-Pro-di-Francesco.local --- [nio-8080-exec-5] c.p.h.DatabaseHelper                     : performQuery() - start
2021-10-01 10:49:51.749  INFO MacBook-Pro-di-Francesco.local --- [nio-8080-exec-5] c.p.h.DatabaseHelper                     : createConnection() - start
2021-10-01 10:49:51.749  INFO MacBook-Pro-di-Francesco.local --- [nio-8080-exec-5] c.p.h.DatabaseHelper                     : mapDriverClassName() - start
2021-10-01 10:49:51.749  INFO MacBook-Pro-di-Francesco.local --- [nio-8080-exec-5] c.p.h.DatabaseHelper                     : mapDriverClassName() - class name found
2021-10-01 10:49:51.749  INFO MacBook-Pro-di-Francesco.local --- [nio-8080-exec-5] c.p.h.DatabaseHelper                     : mapDriverClassName() - end
2021-10-01 10:49:52.102  INFO MacBook-Pro-di-Francesco.local --- [nio-8080-exec-5] c.p.h.DatabaseHelper                     : createConnection() - connection created
2021-10-01 10:49:52.103  INFO MacBook-Pro-di-Francesco.local --- [nio-8080-exec-5] c.p.h.QueryBuilder                       : applyFilters() - start
2021-10-01 10:49:52.103  INFO MacBook-Pro-di-Francesco.local --- [nio-8080-exec-5] c.p.h.QueryBuilder                       : extractValueParams() - start
2021-10-01 10:49:52.103  INFO MacBook-Pro-di-Francesco.local --- [nio-8080-exec-5] c.p.h.QueryBuilder                       : getValue() - start
2021-10-01 10:49:52.104  INFO MacBook-Pro-di-Francesco.local --- [nio-8080-exec-5] c.p.h.QueryBuilder                       : getValue() - end
2021-10-01 10:49:52.104  INFO MacBook-Pro-di-Francesco.local --- [nio-8080-exec-5] c.p.h.QueryBuilder                       : extractValueParams() - end
2021-10-01 10:49:52.104  INFO MacBook-Pro-di-Francesco.local --- [nio-8080-exec-5] c.p.h.QueryBuilder                       : applyFilters() - end
2021-10-01 10:49:52.140  INFO MacBook-Pro-di-Francesco.local --- [nio-8080-exec-5] c.p.s.VerbaleService                     : extractEsitoDimissione() - start
2021-10-01 10:49:52.144  INFO MacBook-Pro-di-Francesco.local --- [nio-8080-exec-5] c.p.h.DatabaseHelper                     : performQuery() - connection closed
2021-10-01 10:49:52.144  INFO MacBook-Pro-di-Francesco.local --- [nio-8080-exec-5] c.p.h.DatabaseHelper                     : performQuery() - end
2021-10-01 10:49:52.144  INFO MacBook-Pro-di-Francesco.local --- [nio-8080-exec-5] c.p.h.PrinterHelper                      : printPDF() - start
2021-10-01 10:49:52.144  INFO MacBook-Pro-di-Francesco.local --- [nio-8080-exec-5] c.p.h.PrinterHelper                      : createXMLDataFile() - start
2021-10-01 10:49:52.217  INFO MacBook-Pro-di-Francesco.local --- [nio-8080-exec-5] c.p.h.PrinterHelper                      : createXMLDataFile() - end
2021-10-01 10:49:53.871  WARN MacBook-Pro-di-Francesco.local --- [nio-8080-exec-5] o.a.f.a.FOUserAgent                      : Font "Symbol,normal,700" not found. Substituting with "Symbol,normal,400".
2021-10-01 10:49:53.872  WARN MacBook-Pro-di-Francesco.local --- [nio-8080-exec-5] o.a.f.a.FOUserAgent                      : Font "ZapfDingbats,normal,700" not found. Substituting with "ZapfDingbats,normal,400".
2021-10-01 10:49:54.207  INFO MacBook-Pro-di-Francesco.local --- [nio-8080-exec-5] o.a.f.a.FOUserAgent                      : Rendered page #1.
2021-10-01 10:49:54.247  INFO MacBook-Pro-di-Francesco.local --- [nio-8080-exec-5] o.a.f.a.FOUserAgent                      : Rendered page #2.
2021-10-01 10:49:54.261  INFO MacBook-Pro-di-Francesco.local --- [nio-8080-exec-5] o.a.f.a.FOUserAgent                      : Rendered page #3.
2021-10-01 10:49:54.269  INFO MacBook-Pro-di-Francesco.local --- [nio-8080-exec-5] c.p.h.PrinterHelper                      : printPDF() - document printed
2021-10-01 10:49:54.269  INFO MacBook-Pro-di-Francesco.local --- [nio-8080-exec-5] c.p.h.PrinterHelper                      : printPDF() - end
2021-10-01 10:49:54.269  INFO MacBook-Pro-di-Francesco.local --- [nio-8080-exec-5] c.p.s.VerbaleService                     : printVerbale() - end
2021-10-01 10:49:54.269  INFO MacBook-Pro-di-Francesco.local --- [nio-8080-exec-5] c.p.c.VerbaleController                  : printVerbale() - resource printed and returned
2021-10-01 10:49:54.275  INFO MacBook-Pro-di-Francesco.local --- [nio-8080-exec-5] c.p.s.JwtTokenFilter                     : doFilterInternal() - end
2021-10-01 10:54:43.271  INFO MacBook-Pro-di-Francesco.local --- [io-8080-exec-10] c.p.s.JwtTokenFilter                     : doFilterInternal() - start
2021-10-01 10:54:43.271  INFO MacBook-Pro-di-Francesco.local --- [nio-8080-exec-9] c.p.s.JwtTokenFilter                     : doFilterInternal() - start
2021-10-01 10:54:43.295  INFO MacBook-Pro-di-Francesco.local --- [io-8080-exec-10] c.p.h.UserHelper                         : loadUserByToken() - start
2021-10-01 10:54:43.295  INFO MacBook-Pro-di-Francesco.local --- [nio-8080-exec-9] c.p.h.UserHelper                         : loadUserByToken() - start
2021-10-01 10:54:43.297  INFO MacBook-Pro-di-Francesco.local --- [nio-8080-exec-9] c.p.h.UserHelper                         : loadUserByToken() - end
2021-10-01 10:54:43.297  INFO MacBook-Pro-di-Francesco.local --- [io-8080-exec-10] c.p.h.UserHelper                         : loadUserByToken() - end
2021-10-01 10:54:43.312  INFO MacBook-Pro-di-Francesco.local --- [io-8080-exec-10] c.p.c.ArchiveController                  : getAllArchives() - start
2021-10-01 10:54:43.313  INFO MacBook-Pro-di-Francesco.local --- [io-8080-exec-10] c.p.h.UserHelper                         : getCurrentUser() - start
2021-10-01 10:54:43.313  INFO MacBook-Pro-di-Francesco.local --- [io-8080-exec-10] c.p.h.UserHelper                         : getCurrentUser() - end
2021-10-01 10:54:43.341  INFO MacBook-Pro-di-Francesco.local --- [nio-8080-exec-9] c.p.c.UserController                     : getUserList() - start
2021-10-01 10:54:43.342  INFO MacBook-Pro-di-Francesco.local --- [nio-8080-exec-9] c.p.h.UserHelper                         : getCurrentUser() - start
2021-10-01 10:54:43.342  INFO MacBook-Pro-di-Francesco.local --- [nio-8080-exec-9] c.p.h.UserHelper                         : getCurrentUser() - end
2021-10-01 10:54:43.352  INFO MacBook-Pro-di-Francesco.local --- [io-8080-exec-10] c.p.c.ArchiveController                  : Richieta da utente [admin]
2021-10-01 10:54:43.353  INFO MacBook-Pro-di-Francesco.local --- [io-8080-exec-10] c.p.h.UserHelper                         : isAdmin() - start
2021-10-01 10:54:43.353  INFO MacBook-Pro-di-Francesco.local --- [io-8080-exec-10] c.p.h.UserHelper                         : isAdmin() - end
2021-10-01 10:54:43.359  INFO MacBook-Pro-di-Francesco.local --- [nio-8080-exec-9] c.p.c.UserController                     : Richieta da utente [admin]
2021-10-01 10:54:43.359  INFO MacBook-Pro-di-Francesco.local --- [io-8080-exec-10] c.p.s.ArchiveService                     : getArchivesByUser() - start
2021-10-01 10:54:43.359  INFO MacBook-Pro-di-Francesco.local --- [nio-8080-exec-9] c.p.h.UserHelper                         : isAdmin() - start
2021-10-01 10:54:43.359  INFO MacBook-Pro-di-Francesco.local --- [io-8080-exec-10] c.p.h.UserHelper                         : getCurrentUser() - start
2021-10-01 10:54:43.360  INFO MacBook-Pro-di-Francesco.local --- [nio-8080-exec-9] c.p.h.UserHelper                         : isAdmin() - end
2021-10-01 10:54:43.360  INFO MacBook-Pro-di-Francesco.local --- [io-8080-exec-10] c.p.h.UserHelper                         : getCurrentUser() - end
2021-10-01 10:54:43.360  INFO MacBook-Pro-di-Francesco.local --- [nio-8080-exec-9] c.p.s.UserService                        : getUserList() - start
2021-10-01 10:54:43.385  INFO MacBook-Pro-di-Francesco.local --- [io-8080-exec-10] c.p.s.ArchiveService                     : getArchivesByUser() - end
2021-10-01 10:54:43.396  INFO MacBook-Pro-di-Francesco.local --- [io-8080-exec-10] c.p.s.JwtTokenFilter                     : doFilterInternal() - end
2021-10-01 10:54:43.406  INFO MacBook-Pro-di-Francesco.local --- [nio-8080-exec-9] c.p.s.UserService                        : toDto() - start
2021-10-01 10:54:43.406  INFO MacBook-Pro-di-Francesco.local --- [nio-8080-exec-9] c.p.s.UserService                        : toDto() - end
2021-10-01 10:54:43.423  INFO MacBook-Pro-di-Francesco.local --- [nio-8080-exec-9] c.p.s.ArchiveService                     : getArchivesByUser() - start
2021-10-01 10:54:43.436  INFO MacBook-Pro-di-Francesco.local --- [nio-8080-exec-9] c.p.s.ArchiveService                     : getArchivesByUser() - end
2021-10-01 10:54:43.436  INFO MacBook-Pro-di-Francesco.local --- [nio-8080-exec-9] c.p.s.UserService                        : getUserList() - end
2021-10-01 10:54:43.436  INFO MacBook-Pro-di-Francesco.local --- [nio-8080-exec-9] c.p.c.UserController                     : getUserList() - user list found
2021-10-01 10:54:43.436  INFO MacBook-Pro-di-Francesco.local --- [nio-8080-exec-9] c.p.c.UserController                     : getUserList() - end
2021-10-01 10:54:43.454  INFO MacBook-Pro-di-Francesco.local --- [nio-8080-exec-9] c.p.s.JwtTokenFilter                     : doFilterInternal() - end
2021-10-01 10:55:37.933  INFO MacBook-Pro-di-Francesco.local --- [nio-8080-exec-2] c.p.s.JwtTokenFilter                     : doFilterInternal() - start
2021-10-01 10:55:37.935  INFO MacBook-Pro-di-Francesco.local --- [nio-8080-exec-2] c.p.h.UserHelper                         : loadUserByToken() - start
2021-10-01 10:55:37.936  INFO MacBook-Pro-di-Francesco.local --- [nio-8080-exec-2] c.p.h.UserHelper                         : loadUserByToken() - end
2021-10-01 10:55:37.943  INFO MacBook-Pro-di-Francesco.local --- [nio-8080-exec-2] c.p.c.UserController                     : createNewUser() - start
2021-10-01 10:55:37.944  INFO MacBook-Pro-di-Francesco.local --- [nio-8080-exec-2] c.p.h.UserHelper                         : getCurrentUser() - start
2021-10-01 10:55:37.944  INFO MacBook-Pro-di-Francesco.local --- [nio-8080-exec-2] c.p.h.UserHelper                         : getCurrentUser() - end
2021-10-01 10:55:37.956  INFO MacBook-Pro-di-Francesco.local --- [nio-8080-exec-2] c.p.c.UserController                     : Richieta da utente [admin] con parametri: [{"name":"Riccardino","surname":"Testino","username":"rickyino","email":"riccard@esempio.com","password":"ciaociaoA1aa","roles":"ROLE_RESEARCHER","archives":[{"id":5,"name":"Taormina"}],"active":true}]
2021-10-01 10:55:37.957  INFO MacBook-Pro-di-Francesco.local --- [nio-8080-exec-2] c.p.h.UserHelper                         : isAdmin() - start
2021-10-01 10:55:37.957  INFO MacBook-Pro-di-Francesco.local --- [nio-8080-exec-2] c.p.h.UserHelper                         : isAdmin() - end
2021-10-01 10:55:37.961  INFO MacBook-Pro-di-Francesco.local --- [nio-8080-exec-2] c.p.s.UserService                        : createNewUser() - start
2021-10-01 10:55:37.961  INFO MacBook-Pro-di-Francesco.local --- [nio-8080-exec-2] c.p.s.UserService                        : checkIntegrityBody() - start
2021-10-01 10:55:37.961  INFO MacBook-Pro-di-Francesco.local --- [nio-8080-exec-2] c.p.s.UserService                        : checkIntegrityBody() - end
2021-10-01 10:55:37.997  INFO MacBook-Pro-di-Francesco.local --- [nio-8080-exec-2] c.p.s.UserService                        : storeUser() - start
2021-10-01 10:55:38.042 ERROR MacBook-Pro-di-Francesco.local --- [nio-8080-exec-2] o.a.c.c.C.[.[.[.[dispatcherServlet]      : Servlet.service() for servlet [dispatcherServlet] in context with path [] threw exception [Request processing failed; nested exception is org.springframework.dao.DataIntegrityViolationException: not-null property references a null or transient value : com.portaleps.model.entity.User.password; nested exception is org.hibernate.PropertyValueException: not-null property references a null or transient value : com.portaleps.model.entity.User.password] with root cause
org.hibernate.PropertyValueException: not-null property references a null or transient value : com.portaleps.model.entity.User.password
	at org.hibernate.engine.internal.Nullability.checkNullability(Nullability.java:111)
	at org.hibernate.engine.internal.Nullability.checkNullability(Nullability.java:55)
	at org.hibernate.action.internal.AbstractEntityInsertAction.nullifyTransientReferencesIfNotAlready(AbstractEntityInsertAction.java:116)
	at org.hibernate.action.internal.EntityIdentityInsertAction.execute(EntityIdentityInsertAction.java:72)
	at org.hibernate.engine.spi.ActionQueue.execute(ActionQueue.java:645)
	at org.hibernate.engine.spi.ActionQueue.addResolvedEntityInsertAction(ActionQueue.java:282)
	at org.hibernate.engine.spi.ActionQueue.addInsertAction(ActionQueue.java:263)
	at org.hibernate.engine.spi.ActionQueue.addAction(ActionQueue.java:317)
	at org.hibernate.event.internal.AbstractSaveEventListener.addInsertAction(AbstractSaveEventListener.java:330)
	at org.hibernate.event.internal.AbstractSaveEventListener.performSaveOrReplicate(AbstractSaveEventListener.java:287)
	at org.hibernate.event.internal.AbstractSaveEventListener.performSave(AbstractSaveEventListener.java:193)
	at org.hibernate.event.internal.AbstractSaveEventListener.saveWithGeneratedId(AbstractSaveEventListener.java:123)
	at org.hibernate.event.internal.DefaultPersistEventListener.entityIsTransient(DefaultPersistEventListener.java:185)
	at org.hibernate.event.internal.DefaultPersistEventListener.onPersist(DefaultPersistEventListener.java:128)
	at org.hibernate.event.internal.DefaultPersistEventListener.onPersist(DefaultPersistEventListener.java:55)
	at org.hibernate.event.service.internal.EventListenerGroupImpl.fireEventOnEachListener(EventListenerGroupImpl.java:99)
	at org.hibernate.internal.SessionImpl.firePersist(SessionImpl.java:720)
	at org.hibernate.internal.SessionImpl.persist(SessionImpl.java:706)
	at java.base/jdk.internal.reflect.NativeMethodAccessorImpl.invoke0(Native Method)
	at java.base/jdk.internal.reflect.NativeMethodAccessorImpl.invoke(NativeMethodAccessorImpl.java:62)
	at java.base/jdk.internal.reflect.DelegatingMethodAccessorImpl.invoke(DelegatingMethodAccessorImpl.java:43)
	at java.base/java.lang.reflect.Method.invoke(Method.java:566)
	at org.springframework.orm.jpa.ExtendedEntityManagerCreator$ExtendedEntityManagerInvocationHandler.invoke(ExtendedEntityManagerCreator.java:362)
	at com.sun.proxy.$Proxy102.persist(Unknown Source)
	at java.base/jdk.internal.reflect.NativeMethodAccessorImpl.invoke0(Native Method)
	at java.base/jdk.internal.reflect.NativeMethodAccessorImpl.invoke(NativeMethodAccessorImpl.java:62)
	at java.base/jdk.internal.reflect.DelegatingMethodAccessorImpl.invoke(DelegatingMethodAccessorImpl.java:43)
	at java.base/java.lang.reflect.Method.invoke(Method.java:566)
	at org.springframework.orm.jpa.SharedEntityManagerCreator$SharedEntityManagerInvocationHandler.invoke(SharedEntityManagerCreator.java:311)
	at com.sun.proxy.$Proxy102.persist(Unknown Source)
	at org.springframework.data.jpa.repository.support.SimpleJpaRepository.save(SimpleJpaRepository.java:597)
	at org.springframework.data.jpa.repository.support.SimpleJpaRepository.saveAndFlush(SimpleJpaRepository.java:612)
	at java.base/jdk.internal.reflect.NativeMethodAccessorImpl.invoke0(Native Method)
	at java.base/jdk.internal.reflect.NativeMethodAccessorImpl.invoke(NativeMethodAccessorImpl.java:62)
	at java.base/jdk.internal.reflect.DelegatingMethodAccessorImpl.invoke(DelegatingMethodAccessorImpl.java:43)
	at java.base/java.lang.reflect.Method.invoke(Method.java:566)
	at org.springframework.data.repository.core.support.RepositoryMethodInvoker$RepositoryFragmentMethodInvoker.lambda$new$0(RepositoryMethodInvoker.java:289)
	at org.springframework.data.repository.core.support.RepositoryMethodInvoker.doInvoke(RepositoryMethodInvoker.java:137)
	at org.springframework.data.repository.core.support.RepositoryMethodInvoker.invoke(RepositoryMethodInvoker.java:121)
	at org.springframework.data.repository.core.support.RepositoryComposition$RepositoryFragments.invoke(RepositoryComposition.java:529)
	at org.springframework.data.repository.core.support.RepositoryComposition.invoke(RepositoryComposition.java:285)
	at org.springframework.data.repository.core.support.RepositoryFactorySupport$ImplementationMethodExecutionInterceptor.invoke(RepositoryFactorySupport.java:599)
	at org.springframework.aop.framework.ReflectiveMethodInvocation.proceed(ReflectiveMethodInvocation.java:186)
	at org.springframework.data.repository.core.support.QueryExecutorMethodInterceptor.doInvoke(QueryExecutorMethodInterceptor.java:163)
	at org.springframework.data.repository.core.support.QueryExecutorMethodInterceptor.invoke(QueryExecutorMethodInterceptor.java:138)
	at org.springframework.aop.framework.ReflectiveMethodInvocation.proceed(ReflectiveMethodInvocation.java:186)
	at org.springframework.data.projection.DefaultMethodInvokingMethodInterceptor.invoke(DefaultMethodInvokingMethodInterceptor.java:80)
	at org.springframework.aop.framework.ReflectiveMethodInvocation.proceed(ReflectiveMethodInvocation.java:186)
	at org.springframework.transaction.interceptor.TransactionInterceptor$1.proceedWithInvocation(TransactionInterceptor.java:123)
	at org.springframework.transaction.interceptor.TransactionAspectSupport.invokeWithinTransaction(TransactionAspectSupport.java:388)
	at org.springframework.transaction.interceptor.TransactionInterceptor.invoke(TransactionInterceptor.java:119)
	at org.springframework.aop.framework.ReflectiveMethodInvocation.proceed(ReflectiveMethodInvocation.java:186)
	at org.springframework.dao.support.PersistenceExceptionTranslationInterceptor.invoke(PersistenceExceptionTranslationInterceptor.java:137)
	at org.springframework.aop.framework.ReflectiveMethodInvocation.proceed(ReflectiveMethodInvocation.java:186)
	at org.springframework.data.jpa.repository.support.CrudMethodMetadataPostProcessor$CrudMethodMetadataPopulatingMethodInterceptor.invoke(CrudMethodMetadataPostProcessor.java:174)
	at org.springframework.aop.framework.ReflectiveMethodInvocation.proceed(ReflectiveMethodInvocation.java:186)
	at org.springframework.aop.interceptor.ExposeInvocationInterceptor.invoke(ExposeInvocationInterceptor.java:97)
	at org.springframework.aop.framework.ReflectiveMethodInvocation.proceed(ReflectiveMethodInvocation.java:186)
	at org.springframework.aop.framework.JdkDynamicAopProxy.invoke(JdkDynamicAopProxy.java:215)
	at com.sun.proxy.$Proxy104.saveAndFlush(Unknown Source)
	at com.portaleps.service.UserService.storeUser(UserService.java:166)
	at com.portaleps.service.UserService.createOrModifyUser(UserService.java:82)
	at com.portaleps.service.UserService$$FastClassBySpringCGLIB$$b3838f32.invoke(<generated>)
	at org.springframework.cglib.proxy.MethodProxy.invoke(MethodProxy.java:218)
	at org.springframework.aop.framework.CglibAopProxy$CglibMethodInvocation.invokeJoinpoint(CglibAopProxy.java:779)
	at org.springframework.aop.framework.ReflectiveMethodInvocation.proceed(ReflectiveMethodInvocation.java:163)
	at org.springframework.aop.framework.CglibAopProxy$CglibMethodInvocation.proceed(CglibAopProxy.java:750)
	at org.springframework.transaction.interceptor.TransactionInterceptor$1.proceedWithInvocation(TransactionInterceptor.java:123)
	at org.springframework.transaction.interceptor.TransactionAspectSupport.invokeWithinTransaction(TransactionAspectSupport.java:388)
	at org.springframework.transaction.interceptor.TransactionInterceptor.invoke(TransactionInterceptor.java:119)
	at org.springframework.aop.framework.ReflectiveMethodInvocation.proceed(ReflectiveMethodInvocation.java:186)
	at org.springframework.aop.framework.CglibAopProxy$CglibMethodInvocation.proceed(CglibAopProxy.java:750)
	at org.springframework.aop.framework.CglibAopProxy$DynamicAdvisedInterceptor.intercept(CglibAopProxy.java:692)
	at com.portaleps.service.UserService$$EnhancerBySpringCGLIB$$405f7553.createOrModifyUser(<generated>)
	at com.portaleps.controller.UserController.createOrModifyUser(UserController.java:38)
	at com.portaleps.controller.UserController$$FastClassBySpringCGLIB$$d9a4ea5a.invoke(<generated>)
	at org.springframework.cglib.proxy.MethodProxy.invoke(MethodProxy.java:218)
	at org.springframework.aop.framework.CglibAopProxy$DynamicAdvisedInterceptor.intercept(CglibAopProxy.java:688)
	at com.portaleps.controller.UserController$$EnhancerBySpringCGLIB$$d0135fea.createOrModifyUser(<generated>)
	at java.base/jdk.internal.reflect.NativeMethodAccessorImpl.invoke0(Native Method)
	at java.base/jdk.internal.reflect.NativeMethodAccessorImpl.invoke(NativeMethodAccessorImpl.java:62)
	at java.base/jdk.internal.reflect.DelegatingMethodAccessorImpl.invoke(DelegatingMethodAccessorImpl.java:43)
	at java.base/java.lang.reflect.Method.invoke(Method.java:566)
	at org.springframework.web.method.support.InvocableHandlerMethod.doInvoke(InvocableHandlerMethod.java:197)
	at org.springframework.web.method.support.InvocableHandlerMethod.invokeForRequest(InvocableHandlerMethod.java:141)
	at org.springframework.web.servlet.mvc.method.annotation.ServletInvocableHandlerMethod.invokeAndHandle(ServletInvocableHandlerMethod.java:106)
	at org.springframework.web.servlet.mvc.method.annotation.RequestMappingHandlerAdapter.invokeHandlerMethod(RequestMappingHandlerAdapter.java:895)
	at org.springframework.web.servlet.mvc.method.annotation.RequestMappingHandlerAdapter.handleInternal(RequestMappingHandlerAdapter.java:808)
	at org.springframework.web.servlet.mvc.method.AbstractHandlerMethodAdapter.handle(AbstractHandlerMethodAdapter.java:87)
	at org.springframework.web.servlet.DispatcherServlet.doDispatch(DispatcherServlet.java:1064)
	at org.springframework.web.servlet.DispatcherServlet.doService(DispatcherServlet.java:963)
	at org.springframework.web.servlet.FrameworkServlet.processRequest(FrameworkServlet.java:1006)
	at org.springframework.web.servlet.FrameworkServlet.doPost(FrameworkServlet.java:909)
	at javax.servlet.http.HttpServlet.service(HttpServlet.java:681)
	at org.springframework.web.servlet.FrameworkServlet.service(FrameworkServlet.java:883)
	at javax.servlet.http.HttpServlet.service(HttpServlet.java:764)
	at org.apache.catalina.core.ApplicationFilterChain.internalDoFilter(ApplicationFilterChain.java:227)
	at org.apache.catalina.core.ApplicationFilterChain.doFilter(ApplicationFilterChain.java:162)
	at org.apache.tomcat.websocket.server.WsFilter.doFilter(WsFilter.java:53)
	at org.apache.catalina.core.ApplicationFilterChain.internalDoFilter(ApplicationFilterChain.java:189)
	at org.apache.catalina.core.ApplicationFilterChain.doFilter(ApplicationFilterChain.java:162)
	at org.springframework.security.web.FilterChainProxy$VirtualFilterChain.doFilter(FilterChainProxy.java:327)
	at org.springframework.security.web.access.intercept.FilterSecurityInterceptor.invoke(FilterSecurityInterceptor.java:115)
	at org.springframework.security.web.access.intercept.FilterSecurityInterceptor.doFilter(FilterSecurityInterceptor.java:81)
	at org.springframework.security.web.FilterChainProxy$VirtualFilterChain.doFilter(FilterChainProxy.java:336)
	at org.springframework.security.web.access.ExceptionTranslationFilter.doFilter(ExceptionTranslationFilter.java:121)
	at org.springframework.security.web.access.ExceptionTranslationFilter.doFilter(ExceptionTranslationFilter.java:115)
	at org.springframework.security.web.FilterChainProxy$VirtualFilterChain.doFilter(FilterChainProxy.java:336)
	at org.springframework.security.web.session.SessionManagementFilter.doFilter(SessionManagementFilter.java:126)
	at org.springframework.security.web.session.SessionManagementFilter.doFilter(SessionManagementFilter.java:81)
	at org.springframework.security.web.FilterChainProxy$VirtualFilterChain.doFilter(FilterChainProxy.java:336)
	at org.springframework.security.web.authentication.AnonymousAuthenticationFilter.doFilter(AnonymousAuthenticationFilter.java:105)
	at org.springframework.security.web.FilterChainProxy$VirtualFilterChain.doFilter(FilterChainProxy.java:336)
	at org.springframework.security.web.servletapi.SecurityContextHolderAwareRequestFilter.doFilter(SecurityContextHolderAwareRequestFilter.java:149)
	at org.springframework.security.web.FilterChainProxy$VirtualFilterChain.doFilter(FilterChainProxy.java:336)
	at org.springframework.security.web.savedrequest.RequestCacheAwareFilter.doFilter(RequestCacheAwareFilter.java:63)
	at org.springframework.security.web.FilterChainProxy$VirtualFilterChain.doFilter(FilterChainProxy.java:336)
	at com.portaleps.security.JwtTokenFilter.doFilterInternal(JwtTokenFilter.java:49)
	at org.springframework.web.filter.OncePerRequestFilter.doFilter(OncePerRequestFilter.java:119)
	at org.springframework.security.web.FilterChainProxy$VirtualFilterChain.doFilter(FilterChainProxy.java:336)
	at org.springframework.security.web.authentication.logout.LogoutFilter.doFilter(LogoutFilter.java:103)
	at org.springframework.security.web.authentication.logout.LogoutFilter.doFilter(LogoutFilter.java:89)
	at org.springframework.security.web.FilterChainProxy$VirtualFilterChain.doFilter(FilterChainProxy.java:336)
	at org.springframework.web.filter.CorsFilter.doFilterInternal(CorsFilter.java:91)
	at org.springframework.web.filter.OncePerRequestFilter.doFilter(OncePerRequestFilter.java:119)
	at org.springframework.security.web.FilterChainProxy$VirtualFilterChain.doFilter(FilterChainProxy.java:336)
	at org.springframework.security.web.header.HeaderWriterFilter.doHeadersAfter(HeaderWriterFilter.java:90)
	at org.springframework.security.web.header.HeaderWriterFilter.doFilterInternal(HeaderWriterFilter.java:75)
	at org.springframework.web.filter.OncePerRequestFilter.doFilter(OncePerRequestFilter.java:119)
	at org.springframework.security.web.FilterChainProxy$VirtualFilterChain.doFilter(FilterChainProxy.java:336)
	at org.springframework.security.web.context.SecurityContextPersistenceFilter.doFilter(SecurityContextPersistenceFilter.java:110)
	at org.springframework.security.web.context.SecurityContextPersistenceFilter.doFilter(SecurityContextPersistenceFilter.java:80)
	at org.springframework.security.web.FilterChainProxy$VirtualFilterChain.doFilter(FilterChainProxy.java:336)
	at org.springframework.security.web.context.request.async.WebAsyncManagerIntegrationFilter.doFilterInternal(WebAsyncManagerIntegrationFilter.java:55)
	at org.springframework.web.filter.OncePerRequestFilter.doFilter(OncePerRequestFilter.java:119)
	at org.springframework.security.web.FilterChainProxy$VirtualFilterChain.doFilter(FilterChainProxy.java:336)
	at org.springframework.security.web.FilterChainProxy.doFilterInternal(FilterChainProxy.java:211)
	at org.springframework.security.web.FilterChainProxy.doFilter(FilterChainProxy.java:183)
	at org.springframework.web.filter.DelegatingFilterProxy.invokeDelegate(DelegatingFilterProxy.java:358)
	at org.springframework.web.filter.DelegatingFilterProxy.doFilter(DelegatingFilterProxy.java:271)
	at org.apache.catalina.core.ApplicationFilterChain.internalDoFilter(ApplicationFilterChain.java:189)
	at org.apache.catalina.core.ApplicationFilterChain.doFilter(ApplicationFilterChain.java:162)
	at org.springframework.web.filter.RequestContextFilter.doFilterInternal(RequestContextFilter.java:100)
	at org.springframework.web.filter.OncePerRequestFilter.doFilter(OncePerRequestFilter.java:119)
	at org.apache.catalina.core.ApplicationFilterChain.internalDoFilter(ApplicationFilterChain.java:189)
	at org.apache.catalina.core.ApplicationFilterChain.doFilter(ApplicationFilterChain.java:162)
	at org.springframework.web.filter.FormContentFilter.doFilterInternal(FormContentFilter.java:93)
	at org.springframework.web.filter.OncePerRequestFilter.doFilter(OncePerRequestFilter.java:119)
	at org.apache.catalina.core.ApplicationFilterChain.internalDoFilter(ApplicationFilterChain.java:189)
	at org.apache.catalina.core.ApplicationFilterChain.doFilter(ApplicationFilterChain.java:162)
	at org.springframework.web.filter.CharacterEncodingFilter.doFilterInternal(CharacterEncodingFilter.java:201)
	at org.springframework.web.filter.OncePerRequestFilter.doFilter(OncePerRequestFilter.java:119)
	at org.apache.catalina.core.ApplicationFilterChain.internalDoFilter(ApplicationFilterChain.java:189)
	at org.apache.catalina.core.ApplicationFilterChain.doFilter(ApplicationFilterChain.java:162)
	at org.apache.catalina.core.StandardWrapperValve.invoke(StandardWrapperValve.java:197)
	at org.apache.catalina.core.StandardContextValve.invoke(StandardContextValve.java:97)
	at org.apache.catalina.authenticator.AuthenticatorBase.invoke(AuthenticatorBase.java:542)
	at org.apache.catalina.core.StandardHostValve.invoke(StandardHostValve.java:135)
	at org.apache.catalina.valves.ErrorReportValve.invoke(ErrorReportValve.java:92)
	at org.apache.catalina.core.StandardEngineValve.invoke(StandardEngineValve.java:78)
	at org.apache.catalina.connector.CoyoteAdapter.service(CoyoteAdapter.java:357)
	at org.apache.coyote.http11.Http11Processor.service(Http11Processor.java:382)
	at org.apache.coyote.AbstractProcessorLight.process(AbstractProcessorLight.java:65)
	at org.apache.coyote.AbstractProtocol$ConnectionHandler.process(AbstractProtocol.java:893)
	at org.apache.tomcat.util.net.NioEndpoint$SocketProcessor.doRun(NioEndpoint.java:1726)
	at org.apache.tomcat.util.net.SocketProcessorBase.run(SocketProcessorBase.java:49)
	at org.apache.tomcat.util.threads.ThreadPoolExecutor.runWorker(ThreadPoolExecutor.java:1191)
	at org.apache.tomcat.util.threads.ThreadPoolExecutor$Worker.run(ThreadPoolExecutor.java:659)
	at org.apache.tomcat.util.threads.TaskThread$WrappingRunnable.run(TaskThread.java:61)
	at java.base/java.lang.Thread.run(Thread.java:834)
2021-10-01 10:56:15.946  INFO MacBook-Pro-di-Francesco.local --- [ionShutdownHook] j.LocalContainerEntityManagerFactoryBean : Closing JPA EntityManagerFactory for persistence unit 'default'
2021-10-01 10:56:15.961  INFO MacBook-Pro-di-Francesco.local --- [ionShutdownHook] c.z.h.HikariDataSource                   : HikariPool-1 - Shutdown initiated...
2021-10-01 10:56:16.002  INFO MacBook-Pro-di-Francesco.local --- [ionShutdownHook] c.z.h.HikariDataSource                   : HikariPool-1 - Shutdown completed.
