2021-10-13 12:08:37.463  INFO MacBook-Pro-di-Francesco.local --- [           main] c.p.PortalepsApplication                 : Starting PortalepsApplication using Java 11.0.12 on MacBook-Pro-di-Francesco.local with PID 42162 (/Users/merjf/Documents/Work/Projects/Messina/Pronto Soccorso Messina/aspme-ps-repo/target/classes started by merjf in /Users/merjf/Documents/Work/Projects/Messina/Pronto Soccorso Messina/aspme-ps-repo)
2021-10-13 12:08:37.473  INFO MacBook-Pro-di-Francesco.local --- [           main] c.p.PortalepsApplication                 : No active profile set, falling back to default profiles: default
2021-10-13 12:08:38.300  INFO MacBook-Pro-di-Francesco.local --- [           main] .s.d.r.c.RepositoryConfigurationDelegate : Bootstrapping Spring Data JPA repositories in DEFAULT mode.
2021-10-13 12:08:38.370  INFO MacBook-Pro-di-Francesco.local --- [           main] .s.d.r.c.RepositoryConfigurationDelegate : Finished Spring Data repository scanning in 61 ms. Found 3 JPA repository interfaces.
2021-10-13 12:08:38.755  INFO MacBook-Pro-di-Francesco.local --- [           main] trationDelegate$BeanPostProcessorChecker : Bean 'org.springframework.security.access.expression.method.DefaultMethodSecurityExpressionHandler@456bcb74' of type [org.springframework.security.access.expression.method.DefaultMethodSecurityExpressionHandler] is not eligible for getting processed by all BeanPostProcessors (for example: not eligible for auto-proxying)
2021-10-13 12:08:38.760  INFO MacBook-Pro-di-Francesco.local --- [           main] trationDelegate$BeanPostProcessorChecker : Bean 'methodSecurityMetadataSource' of type [org.springframework.security.access.method.DelegatingMethodSecurityMetadataSource] is not eligible for getting processed by all BeanPostProcessors (for example: not eligible for auto-proxying)
2021-10-13 12:08:39.168  INFO MacBook-Pro-di-Francesco.local --- [           main] o.s.b.w.e.t.TomcatWebServer              : Tomcat initialized with port(s): 8080 (http)
2021-10-13 12:08:39.183  INFO MacBook-Pro-di-Francesco.local --- [           main] o.a.c.h.Http11NioProtocol                : Initializing ProtocolHandler ["http-nio-8080"]
2021-10-13 12:08:39.184  INFO MacBook-Pro-di-Francesco.local --- [           main] o.a.c.c.StandardService                  : Starting service [Tomcat]
2021-10-13 12:08:39.185  INFO MacBook-Pro-di-Francesco.local --- [           main] o.a.c.c.StandardEngine                   : Starting Servlet engine: [Apache Tomcat/9.0.52]
2021-10-13 12:08:39.318  INFO MacBook-Pro-di-Francesco.local --- [           main] o.a.c.c.C.[.[.[/]                        : Initializing Spring embedded WebApplicationContext
2021-10-13 12:08:39.318  INFO MacBook-Pro-di-Francesco.local --- [           main] w.s.c.ServletWebServerApplicationContext : Root WebApplicationContext: initialization completed in 1783 ms
2021-10-13 12:08:39.552  INFO MacBook-Pro-di-Francesco.local --- [           main] o.h.j.i.u.LogHelper                      : HHH000204: Processing PersistenceUnitInfo [name: default]
2021-10-13 12:08:39.633  INFO MacBook-Pro-di-Francesco.local --- [           main] o.h.Version                              : HHH000412: Hibernate ORM core version 5.4.32.Final
2021-10-13 12:08:39.838  INFO MacBook-Pro-di-Francesco.local --- [           main] o.h.a.c.Version                          : HCANN000001: Hibernate Commons Annotations {5.1.2.Final}
2021-10-13 12:08:39.957  INFO MacBook-Pro-di-Francesco.local --- [           main] c.z.h.HikariDataSource                   : HikariPool-1 - Starting...
2021-10-13 12:08:39.963  WARN MacBook-Pro-di-Francesco.local --- [           main] c.z.h.u.DriverDataSource                 : Registered driver with driverClassName=com.mysql.jdbc.Driver was not found, trying direct instantiation.
2021-10-13 12:08:40.338  INFO MacBook-Pro-di-Francesco.local --- [           main] c.z.h.HikariDataSource                   : HikariPool-1 - Start completed.
2021-10-13 12:08:40.386  INFO MacBook-Pro-di-Francesco.local --- [           main] o.h.d.Dialect                            : HHH000400: Using dialect: org.hibernate.dialect.MySQL8Dialect
2021-10-13 12:08:41.221  INFO MacBook-Pro-di-Francesco.local --- [           main] o.h.e.t.j.p.i.JtaPlatformInitiator       : HHH000490: Using JtaPlatform implementation: [org.hibernate.engine.transaction.jta.platform.internal.NoJtaPlatform]
2021-10-13 12:08:41.231  INFO MacBook-Pro-di-Francesco.local --- [           main] j.LocalContainerEntityManagerFactoryBean : Initialized JPA EntityManagerFactory for persistence unit 'default'
2021-10-13 12:08:41.809  WARN MacBook-Pro-di-Francesco.local --- [           main] JpaBaseConfiguration$JpaWebConfiguration : spring.jpa.open-in-view is enabled by default. Therefore, database queries may be performed during view rendering. Explicitly configure spring.jpa.open-in-view to disable this warning
2021-10-13 12:08:41.859  INFO MacBook-Pro-di-Francesco.local --- [           main] c.p.s.WebSecurityConfig                  : authenticationManagerBean() - start
2021-10-13 12:08:41.859  INFO MacBook-Pro-di-Francesco.local --- [           main] c.p.s.WebSecurityConfig                  : authenticationManagerBean() - end
2021-10-13 12:08:42.060  INFO MacBook-Pro-di-Francesco.local --- [           main] c.p.s.WebSecurityConfig                  : configure(http) - start
2021-10-13 12:08:42.063  INFO MacBook-Pro-di-Francesco.local --- [           main] c.p.s.JwtTokenFilterConfigurer           : JwtTokenFilterConfigurer() - start
2021-10-13 12:08:42.063  INFO MacBook-Pro-di-Francesco.local --- [           main] c.p.s.JwtTokenFilterConfigurer           : JwtTokenFilterConfigurer() - end
2021-10-13 12:08:42.063  INFO MacBook-Pro-di-Francesco.local --- [           main] c.p.s.WebSecurityConfig                  : configure(http) - end
2021-10-13 12:08:42.063  INFO MacBook-Pro-di-Francesco.local --- [           main] c.p.s.WebSecurityConfig                  : configure(web) - start
2021-10-13 12:08:42.064  INFO MacBook-Pro-di-Francesco.local --- [           main] c.p.s.WebSecurityConfig                  : configure(http) - end
2021-10-13 12:08:42.064  INFO MacBook-Pro-di-Francesco.local --- [           main] o.s.s.w.DefaultSecurityFilterChain       : Will secure Ant [pattern='/v2/api-docs'] with []
2021-10-13 12:08:42.065  INFO MacBook-Pro-di-Francesco.local --- [           main] o.s.s.w.DefaultSecurityFilterChain       : Will secure Ant [pattern='/swagger-resources/**'] with []
2021-10-13 12:08:42.065  INFO MacBook-Pro-di-Francesco.local --- [           main] o.s.s.w.DefaultSecurityFilterChain       : Will secure Ant [pattern='/swagger-ui.html'] with []
2021-10-13 12:08:42.065  INFO MacBook-Pro-di-Francesco.local --- [           main] o.s.s.w.DefaultSecurityFilterChain       : Will secure Ant [pattern='/configuration/**'] with []
2021-10-13 12:08:42.066  INFO MacBook-Pro-di-Francesco.local --- [           main] o.s.s.w.DefaultSecurityFilterChain       : Will secure Ant [pattern='/webjars/**'] with []
2021-10-13 12:08:42.066  INFO MacBook-Pro-di-Francesco.local --- [           main] o.s.s.w.DefaultSecurityFilterChain       : Will secure Ant [pattern='/auth/login'] with []
2021-10-13 12:08:42.066  INFO MacBook-Pro-di-Francesco.local --- [           main] o.s.s.w.DefaultSecurityFilterChain       : Will secure Ant [pattern='/h2-console/**/**'] with []
2021-10-13 12:08:42.135  INFO MacBook-Pro-di-Francesco.local --- [           main] c.p.s.WebSecurityConfig                  : addCorsMappings() - start
2021-10-13 12:08:42.137  INFO MacBook-Pro-di-Francesco.local --- [           main] c.p.s.WebSecurityConfig                  : addCorsMappings() - end
2021-10-13 12:08:42.255  INFO MacBook-Pro-di-Francesco.local --- [           main] c.p.s.JwtTokenFilterConfigurer           : configure() - start
2021-10-13 12:08:42.256  INFO MacBook-Pro-di-Francesco.local --- [           main] c.p.s.JwtTokenFilterConfigurer           : configure() - end
2021-10-13 12:08:42.256  INFO MacBook-Pro-di-Francesco.local --- [           main] o.s.s.w.DefaultSecurityFilterChain       : Will secure any request with [org.springframework.security.web.context.request.async.WebAsyncManagerIntegrationFilter@d408c5d, org.springframework.security.web.context.SecurityContextPersistenceFilter@202b5293, org.springframework.security.web.header.HeaderWriterFilter@5cfa9e8a, org.springframework.web.filter.CorsFilter@74ed1d35, org.springframework.security.web.authentication.logout.LogoutFilter@1c0a143, com.portaleps.security.JwtTokenFilter@7acf07b2, org.springframework.security.web.savedrequest.RequestCacheAwareFilter@501b15b9, org.springframework.security.web.servletapi.SecurityContextHolderAwareRequestFilter@69346100, org.springframework.security.web.authentication.AnonymousAuthenticationFilter@5d50e7f6, org.springframework.security.web.session.SessionManagementFilter@4cd079fe, org.springframework.security.web.access.ExceptionTranslationFilter@6d6ddeb5, org.springframework.security.web.access.intercept.FilterSecurityInterceptor@43e9a8a2]
2021-10-13 12:08:42.466  INFO MacBook-Pro-di-Francesco.local --- [           main] o.a.c.h.Http11NioProtocol                : Starting ProtocolHandler ["http-nio-8080"]
2021-10-13 12:08:42.498  INFO MacBook-Pro-di-Francesco.local --- [           main] o.s.b.w.e.t.TomcatWebServer              : Tomcat started on port(s): 8080 (http) with context path ''
2021-10-13 12:08:42.506  INFO MacBook-Pro-di-Francesco.local --- [           main] c.p.PortalepsApplication                 : Started PortalepsApplication in 5.799 seconds (JVM running for 11.931)
2021-10-13 12:08:42.700  INFO MacBook-Pro-di-Francesco.local --- [           main] c.p.PortalepsApplication                 : initFolders() - start
2021-10-13 12:08:42.701  INFO MacBook-Pro-di-Francesco.local --- [           main] c.p.PortalepsApplication                 : initFolders() - folders created
2021-10-13 12:08:42.701  INFO MacBook-Pro-di-Francesco.local --- [           main] c.p.PortalepsApplication                 : initFolders() - end
2021-10-13 12:09:21.636  INFO MacBook-Pro-di-Francesco.local --- [nio-8080-exec-1] o.a.c.c.C.[.[.[/]                        : Initializing Spring DispatcherServlet 'dispatcherServlet'
2021-10-13 12:09:21.638  INFO MacBook-Pro-di-Francesco.local --- [nio-8080-exec-1] o.s.w.s.DispatcherServlet                : Initializing Servlet 'dispatcherServlet'
2021-10-13 12:09:21.644  INFO MacBook-Pro-di-Francesco.local --- [nio-8080-exec-1] o.s.w.s.DispatcherServlet                : Completed initialization in 6 ms
2021-10-13 12:09:21.769  INFO MacBook-Pro-di-Francesco.local --- [nio-8080-exec-2] c.p.c.AuthController                     : login() - start
2021-10-13 12:09:21.784  INFO MacBook-Pro-di-Francesco.local --- [nio-8080-exec-2] c.p.c.AuthController                     : Richieta con body [{"username":"admin","password":"admin"}]
2021-10-13 12:09:21.785  INFO MacBook-Pro-di-Francesco.local --- [nio-8080-exec-2] c.p.h.UserHelper                         : login() - start
2021-10-13 12:09:22.130  INFO MacBook-Pro-di-Francesco.local --- [nio-8080-exec-2] c.p.h.UserHelper                         : loadUserByUsername() - start
2021-10-13 12:09:22.140  INFO MacBook-Pro-di-Francesco.local --- [nio-8080-exec-2] c.p.h.UserHelper                         : loadUserByUsername() - end
2021-10-13 12:09:22.619  INFO MacBook-Pro-di-Francesco.local --- [nio-8080-exec-2] c.p.h.UserHelper                         : loadUserByToken() - start
2021-10-13 12:09:22.646  INFO MacBook-Pro-di-Francesco.local --- [nio-8080-exec-2] c.p.h.UserHelper                         : loadUserByToken() - end
2021-10-13 12:09:22.646  INFO MacBook-Pro-di-Francesco.local --- [nio-8080-exec-2] c.p.h.UserHelper                         : login() - end
2021-10-13 12:09:22.652  INFO MacBook-Pro-di-Francesco.local --- [nio-8080-exec-2] c.p.s.UserService                        : getUserDTO() - start
2021-10-13 12:09:22.670  INFO MacBook-Pro-di-Francesco.local --- [nio-8080-exec-2] c.p.s.UserService                        : toDto() - start
2021-10-13 12:09:22.670  INFO MacBook-Pro-di-Francesco.local --- [nio-8080-exec-2] c.p.s.UserService                        : toDto() - end
2021-10-13 12:09:22.716  INFO MacBook-Pro-di-Francesco.local --- [nio-8080-exec-2] c.p.s.ArchiveService                     : getArchivesByUser() - start
2021-10-13 12:09:22.752  INFO MacBook-Pro-di-Francesco.local --- [nio-8080-exec-2] c.p.s.ArchiveService                     : getArchivesByUser() - end
2021-10-13 12:09:22.753  INFO MacBook-Pro-di-Francesco.local --- [nio-8080-exec-2] c.p.c.AuthController                     : login() - login success
2021-10-13 12:09:22.753  INFO MacBook-Pro-di-Francesco.local --- [nio-8080-exec-2] c.p.c.AuthController                     : login() - end
2021-10-13 12:09:22.832  INFO MacBook-Pro-di-Francesco.local --- [nio-8080-exec-3] c.p.s.JwtTokenFilter                     : doFilterInternal() - start
2021-10-13 12:09:22.835  INFO MacBook-Pro-di-Francesco.local --- [nio-8080-exec-3] c.p.h.UserHelper                         : loadUserByToken() - start
2021-10-13 12:09:22.836  INFO MacBook-Pro-di-Francesco.local --- [nio-8080-exec-3] c.p.h.UserHelper                         : loadUserByToken() - end
2021-10-13 12:09:22.937  INFO MacBook-Pro-di-Francesco.local --- [nio-8080-exec-3] c.p.c.ArchiveController                  : getMyArchives() - start
2021-10-13 12:09:22.937  INFO MacBook-Pro-di-Francesco.local --- [nio-8080-exec-3] c.p.h.UserHelper                         : getCurrentUser() - start
2021-10-13 12:09:22.937  INFO MacBook-Pro-di-Francesco.local --- [nio-8080-exec-3] c.p.h.UserHelper                         : getCurrentUser() - end
2021-10-13 12:09:22.943  INFO MacBook-Pro-di-Francesco.local --- [nio-8080-exec-3] c.p.c.ArchiveController                  : Richieta da utente [admin]
2021-10-13 12:09:22.943  INFO MacBook-Pro-di-Francesco.local --- [nio-8080-exec-3] c.p.s.ArchiveService                     : getArchivesByUser() - start
2021-10-13 12:09:22.944  INFO MacBook-Pro-di-Francesco.local --- [nio-8080-exec-3] c.p.h.UserHelper                         : getCurrentUser() - start
2021-10-13 12:09:22.944  INFO MacBook-Pro-di-Francesco.local --- [nio-8080-exec-3] c.p.h.UserHelper                         : getCurrentUser() - end
2021-10-13 12:09:22.958  INFO MacBook-Pro-di-Francesco.local --- [nio-8080-exec-3] c.p.s.ArchiveService                     : getArchivesByUser() - end
2021-10-13 12:09:22.958  INFO MacBook-Pro-di-Francesco.local --- [nio-8080-exec-3] c.p.c.ArchiveController                  : getMyArchives() - end
2021-10-13 12:09:22.974  INFO MacBook-Pro-di-Francesco.local --- [nio-8080-exec-3] c.p.s.JwtTokenFilter                     : doFilterInternal() - end
2021-10-13 12:09:23.227  INFO MacBook-Pro-di-Francesco.local --- [nio-8080-exec-4] c.p.s.JwtTokenFilter                     : doFilterInternal() - start
2021-10-13 12:09:23.229  INFO MacBook-Pro-di-Francesco.local --- [nio-8080-exec-4] c.p.h.UserHelper                         : loadUserByToken() - start
2021-10-13 12:09:23.230  INFO MacBook-Pro-di-Francesco.local --- [nio-8080-exec-4] c.p.h.UserHelper                         : loadUserByToken() - end
2021-10-13 12:09:23.232  INFO MacBook-Pro-di-Francesco.local --- [nio-8080-exec-4] c.p.c.ArchiveController                  : getMyArchives() - start
2021-10-13 12:09:23.232  INFO MacBook-Pro-di-Francesco.local --- [nio-8080-exec-4] c.p.h.UserHelper                         : getCurrentUser() - start
2021-10-13 12:09:23.232  INFO MacBook-Pro-di-Francesco.local --- [nio-8080-exec-4] c.p.h.UserHelper                         : getCurrentUser() - end
2021-10-13 12:09:23.236  INFO MacBook-Pro-di-Francesco.local --- [nio-8080-exec-4] c.p.c.ArchiveController                  : Richieta da utente [admin]
2021-10-13 12:09:23.236  INFO MacBook-Pro-di-Francesco.local --- [nio-8080-exec-4] c.p.s.ArchiveService                     : getArchivesByUser() - start
2021-10-13 12:09:23.236  INFO MacBook-Pro-di-Francesco.local --- [nio-8080-exec-4] c.p.h.UserHelper                         : getCurrentUser() - start
2021-10-13 12:09:23.236  INFO MacBook-Pro-di-Francesco.local --- [nio-8080-exec-4] c.p.h.UserHelper                         : getCurrentUser() - end
2021-10-13 12:09:23.244  INFO MacBook-Pro-di-Francesco.local --- [nio-8080-exec-4] c.p.s.ArchiveService                     : getArchivesByUser() - end
2021-10-13 12:09:23.244  INFO MacBook-Pro-di-Francesco.local --- [nio-8080-exec-4] c.p.c.ArchiveController                  : getMyArchives() - end
2021-10-13 12:09:23.250  INFO MacBook-Pro-di-Francesco.local --- [nio-8080-exec-4] c.p.s.JwtTokenFilter                     : doFilterInternal() - end
2021-10-13 12:09:23.253  INFO MacBook-Pro-di-Francesco.local --- [nio-8080-exec-5] c.p.s.JwtTokenFilter                     : doFilterInternal() - start
2021-10-13 12:09:23.255  INFO MacBook-Pro-di-Francesco.local --- [nio-8080-exec-5] c.p.h.UserHelper                         : loadUserByToken() - start
2021-10-13 12:09:23.257  INFO MacBook-Pro-di-Francesco.local --- [nio-8080-exec-5] c.p.h.UserHelper                         : loadUserByToken() - end
2021-10-13 12:09:23.258  INFO MacBook-Pro-di-Francesco.local --- [nio-8080-exec-5] c.p.c.ArchiveController                  : getMyArchives() - start
2021-10-13 12:09:23.258  INFO MacBook-Pro-di-Francesco.local --- [nio-8080-exec-5] c.p.h.UserHelper                         : getCurrentUser() - start
2021-10-13 12:09:23.258  INFO MacBook-Pro-di-Francesco.local --- [nio-8080-exec-5] c.p.h.UserHelper                         : getCurrentUser() - end
2021-10-13 12:09:23.263  INFO MacBook-Pro-di-Francesco.local --- [nio-8080-exec-5] c.p.c.ArchiveController                  : Richieta da utente [admin]
2021-10-13 12:09:23.264  INFO MacBook-Pro-di-Francesco.local --- [nio-8080-exec-5] c.p.s.ArchiveService                     : getArchivesByUser() - start
2021-10-13 12:09:23.264  INFO MacBook-Pro-di-Francesco.local --- [nio-8080-exec-5] c.p.h.UserHelper                         : getCurrentUser() - start
2021-10-13 12:09:23.264  INFO MacBook-Pro-di-Francesco.local --- [nio-8080-exec-5] c.p.h.UserHelper                         : getCurrentUser() - end
2021-10-13 12:09:23.269  INFO MacBook-Pro-di-Francesco.local --- [nio-8080-exec-5] c.p.s.ArchiveService                     : getArchivesByUser() - end
2021-10-13 12:09:23.269  INFO MacBook-Pro-di-Francesco.local --- [nio-8080-exec-5] c.p.c.ArchiveController                  : getMyArchives() - end
2021-10-13 12:09:23.271  INFO MacBook-Pro-di-Francesco.local --- [nio-8080-exec-5] c.p.s.JwtTokenFilter                     : doFilterInternal() - end
2021-10-13 12:09:26.650  INFO MacBook-Pro-di-Francesco.local --- [nio-8080-exec-8] c.p.s.JwtTokenFilter                     : doFilterInternal() - start
2021-10-13 12:09:26.651  INFO MacBook-Pro-di-Francesco.local --- [nio-8080-exec-9] c.p.s.JwtTokenFilter                     : doFilterInternal() - start
2021-10-13 12:09:26.652  INFO MacBook-Pro-di-Francesco.local --- [nio-8080-exec-8] c.p.h.UserHelper                         : loadUserByToken() - start
2021-10-13 12:09:26.652  INFO MacBook-Pro-di-Francesco.local --- [nio-8080-exec-9] c.p.h.UserHelper                         : loadUserByToken() - start
2021-10-13 12:09:26.652  INFO MacBook-Pro-di-Francesco.local --- [nio-8080-exec-8] c.p.h.UserHelper                         : loadUserByToken() - end
2021-10-13 12:09:26.653  INFO MacBook-Pro-di-Francesco.local --- [nio-8080-exec-9] c.p.h.UserHelper                         : loadUserByToken() - end
2021-10-13 12:09:26.654  INFO MacBook-Pro-di-Francesco.local --- [nio-8080-exec-8] c.p.c.ArchiveController                  : getAllArchives() - start
2021-10-13 12:09:26.654  INFO MacBook-Pro-di-Francesco.local --- [nio-8080-exec-8] c.p.h.UserHelper                         : getCurrentUser() - start
2021-10-13 12:09:26.654  INFO MacBook-Pro-di-Francesco.local --- [nio-8080-exec-8] c.p.h.UserHelper                         : getCurrentUser() - end
2021-10-13 12:09:26.660  INFO MacBook-Pro-di-Francesco.local --- [nio-8080-exec-8] c.p.c.ArchiveController                  : Richieta da utente [admin]
2021-10-13 12:09:26.660  INFO MacBook-Pro-di-Francesco.local --- [nio-8080-exec-8] c.p.h.UserHelper                         : isAdmin() - start
2021-10-13 12:09:26.660  INFO MacBook-Pro-di-Francesco.local --- [nio-8080-exec-8] c.p.h.UserHelper                         : isAdmin() - end
2021-10-13 12:09:26.661  INFO MacBook-Pro-di-Francesco.local --- [nio-8080-exec-8] c.p.s.ArchiveService                     : getArchivesByUser() - start
2021-10-13 12:09:26.661  INFO MacBook-Pro-di-Francesco.local --- [nio-8080-exec-8] c.p.h.UserHelper                         : getCurrentUser() - start
2021-10-13 12:09:26.661  INFO MacBook-Pro-di-Francesco.local --- [nio-8080-exec-8] c.p.h.UserHelper                         : getCurrentUser() - end
2021-10-13 12:09:26.661  INFO MacBook-Pro-di-Francesco.local --- [nio-8080-exec-9] c.p.c.UserController                     : getUserList() - start
2021-10-13 12:09:26.661  INFO MacBook-Pro-di-Francesco.local --- [nio-8080-exec-9] c.p.h.UserHelper                         : getCurrentUser() - start
2021-10-13 12:09:26.661  INFO MacBook-Pro-di-Francesco.local --- [nio-8080-exec-9] c.p.h.UserHelper                         : getCurrentUser() - end
2021-10-13 12:09:26.669  INFO MacBook-Pro-di-Francesco.local --- [nio-8080-exec-8] c.p.s.ArchiveService                     : getArchivesByUser() - end
2021-10-13 12:09:26.669  INFO MacBook-Pro-di-Francesco.local --- [nio-8080-exec-9] c.p.c.UserController                     : Richieta da utente [admin]
2021-10-13 12:09:26.669  INFO MacBook-Pro-di-Francesco.local --- [nio-8080-exec-9] c.p.h.UserHelper                         : isAdmin() - start
2021-10-13 12:09:26.669  INFO MacBook-Pro-di-Francesco.local --- [nio-8080-exec-9] c.p.h.UserHelper                         : isAdmin() - end
2021-10-13 12:09:26.669  INFO MacBook-Pro-di-Francesco.local --- [nio-8080-exec-9] c.p.s.UserService                        : getUserList() - start
2021-10-13 12:09:26.671  INFO MacBook-Pro-di-Francesco.local --- [nio-8080-exec-8] c.p.s.JwtTokenFilter                     : doFilterInternal() - end
2021-10-13 12:09:26.698  INFO MacBook-Pro-di-Francesco.local --- [nio-8080-exec-9] c.p.s.UserService                        : toDto() - start
2021-10-13 12:09:26.698  INFO MacBook-Pro-di-Francesco.local --- [nio-8080-exec-9] c.p.s.UserService                        : toDto() - end
2021-10-13 12:09:26.699  INFO MacBook-Pro-di-Francesco.local --- [nio-8080-exec-9] c.p.s.ArchiveService                     : getArchivesByUser() - start
2021-10-13 12:09:26.702  INFO MacBook-Pro-di-Francesco.local --- [nio-8080-exec-9] c.p.s.ArchiveService                     : getArchivesByUser() - end
2021-10-13 12:09:26.702  INFO MacBook-Pro-di-Francesco.local --- [nio-8080-exec-9] c.p.s.UserService                        : toDto() - start
2021-10-13 12:09:26.703  INFO MacBook-Pro-di-Francesco.local --- [nio-8080-exec-9] c.p.s.UserService                        : toDto() - end
2021-10-13 12:09:26.703  INFO MacBook-Pro-di-Francesco.local --- [nio-8080-exec-9] c.p.s.ArchiveService                     : getArchivesByUser() - start
2021-10-13 12:09:26.705  INFO MacBook-Pro-di-Francesco.local --- [nio-8080-exec-9] c.p.s.ArchiveService                     : getArchivesByUser() - end
2021-10-13 12:09:26.705  INFO MacBook-Pro-di-Francesco.local --- [nio-8080-exec-9] c.p.s.UserService                        : getUserList() - end
2021-10-13 12:09:26.705  INFO MacBook-Pro-di-Francesco.local --- [nio-8080-exec-9] c.p.c.UserController                     : getUserList() - user list found
2021-10-13 12:09:26.705  INFO MacBook-Pro-di-Francesco.local --- [nio-8080-exec-9] c.p.c.UserController                     : getUserList() - end
2021-10-13 12:09:26.709  INFO MacBook-Pro-di-Francesco.local --- [nio-8080-exec-9] c.p.s.JwtTokenFilter                     : doFilterInternal() - end
2021-10-13 12:10:54.172  INFO MacBook-Pro-di-Francesco.local --- [nio-8080-exec-2] c.p.s.JwtTokenFilter                     : doFilterInternal() - start
2021-10-13 12:10:54.181  INFO MacBook-Pro-di-Francesco.local --- [nio-8080-exec-2] c.p.h.UserHelper                         : loadUserByToken() - start
2021-10-13 12:10:54.182  INFO MacBook-Pro-di-Francesco.local --- [nio-8080-exec-2] c.p.h.UserHelper                         : loadUserByToken() - end
2021-10-13 12:10:54.190  INFO MacBook-Pro-di-Francesco.local --- [nio-8080-exec-2] c.p.c.ArchiveController                  : getMyArchives() - start
2021-10-13 12:10:54.190  INFO MacBook-Pro-di-Francesco.local --- [nio-8080-exec-2] c.p.h.UserHelper                         : getCurrentUser() - start
2021-10-13 12:10:54.190  INFO MacBook-Pro-di-Francesco.local --- [nio-8080-exec-2] c.p.h.UserHelper                         : getCurrentUser() - end
2021-10-13 12:10:54.212  INFO MacBook-Pro-di-Francesco.local --- [nio-8080-exec-2] c.p.c.ArchiveController                  : Richieta da utente [admin]
2021-10-13 12:10:54.212  INFO MacBook-Pro-di-Francesco.local --- [nio-8080-exec-2] c.p.s.ArchiveService                     : getArchivesByUser() - start
2021-10-13 12:10:54.212  INFO MacBook-Pro-di-Francesco.local --- [nio-8080-exec-2] c.p.h.UserHelper                         : getCurrentUser() - start
2021-10-13 12:10:54.212  INFO MacBook-Pro-di-Francesco.local --- [nio-8080-exec-2] c.p.h.UserHelper                         : getCurrentUser() - end
2021-10-13 12:10:54.221  INFO MacBook-Pro-di-Francesco.local --- [nio-8080-exec-2] c.p.s.ArchiveService                     : getArchivesByUser() - end
2021-10-13 12:10:54.221  INFO MacBook-Pro-di-Francesco.local --- [nio-8080-exec-2] c.p.c.ArchiveController                  : getMyArchives() - end
2021-10-13 12:10:54.231  INFO MacBook-Pro-di-Francesco.local --- [nio-8080-exec-2] c.p.s.JwtTokenFilter                     : doFilterInternal() - end
2021-10-13 12:10:54.235  INFO MacBook-Pro-di-Francesco.local --- [nio-8080-exec-3] c.p.s.JwtTokenFilter                     : doFilterInternal() - start
2021-10-13 12:10:54.236  INFO MacBook-Pro-di-Francesco.local --- [nio-8080-exec-3] c.p.h.UserHelper                         : loadUserByToken() - start
2021-10-13 12:10:54.237  INFO MacBook-Pro-di-Francesco.local --- [nio-8080-exec-4] c.p.s.JwtTokenFilter                     : doFilterInternal() - start
2021-10-13 12:10:54.237  INFO MacBook-Pro-di-Francesco.local --- [nio-8080-exec-4] c.p.h.UserHelper                         : loadUserByToken() - start
2021-10-13 12:10:54.237  INFO MacBook-Pro-di-Francesco.local --- [nio-8080-exec-3] c.p.h.UserHelper                         : loadUserByToken() - end
2021-10-13 12:10:54.238  INFO MacBook-Pro-di-Francesco.local --- [nio-8080-exec-4] c.p.h.UserHelper                         : loadUserByToken() - end
2021-10-13 12:10:54.239  INFO MacBook-Pro-di-Francesco.local --- [nio-8080-exec-3] c.p.c.UserController                     : getUserList() - start
2021-10-13 12:10:54.239  INFO MacBook-Pro-di-Francesco.local --- [nio-8080-exec-4] c.p.c.ArchiveController                  : getAllArchives() - start
2021-10-13 12:10:54.239  INFO MacBook-Pro-di-Francesco.local --- [nio-8080-exec-3] c.p.h.UserHelper                         : getCurrentUser() - start
2021-10-13 12:10:54.239  INFO MacBook-Pro-di-Francesco.local --- [nio-8080-exec-4] c.p.h.UserHelper                         : getCurrentUser() - start
2021-10-13 12:10:54.239  INFO MacBook-Pro-di-Francesco.local --- [nio-8080-exec-3] c.p.h.UserHelper                         : getCurrentUser() - end
2021-10-13 12:10:54.239  INFO MacBook-Pro-di-Francesco.local --- [nio-8080-exec-4] c.p.h.UserHelper                         : getCurrentUser() - end
2021-10-13 12:10:54.243  INFO MacBook-Pro-di-Francesco.local --- [nio-8080-exec-3] c.p.c.UserController                     : Richieta da utente [admin]
2021-10-13 12:10:54.243  INFO MacBook-Pro-di-Francesco.local --- [nio-8080-exec-3] c.p.h.UserHelper                         : isAdmin() - start
2021-10-13 12:10:54.243  INFO MacBook-Pro-di-Francesco.local --- [nio-8080-exec-3] c.p.h.UserHelper                         : isAdmin() - end
2021-10-13 12:10:54.243  INFO MacBook-Pro-di-Francesco.local --- [nio-8080-exec-4] c.p.c.ArchiveController                  : Richieta da utente [admin]
2021-10-13 12:10:54.243  INFO MacBook-Pro-di-Francesco.local --- [nio-8080-exec-4] c.p.h.UserHelper                         : isAdmin() - start
2021-10-13 12:10:54.243  INFO MacBook-Pro-di-Francesco.local --- [nio-8080-exec-4] c.p.h.UserHelper                         : isAdmin() - end
2021-10-13 12:10:54.243  INFO MacBook-Pro-di-Francesco.local --- [nio-8080-exec-3] c.p.s.UserService                        : getUserList() - start
2021-10-13 12:10:54.243  INFO MacBook-Pro-di-Francesco.local --- [nio-8080-exec-4] c.p.s.ArchiveService                     : getArchivesByUser() - start
2021-10-13 12:10:54.244  INFO MacBook-Pro-di-Francesco.local --- [nio-8080-exec-4] c.p.h.UserHelper                         : getCurrentUser() - start
2021-10-13 12:10:54.244  INFO MacBook-Pro-di-Francesco.local --- [nio-8080-exec-4] c.p.h.UserHelper                         : getCurrentUser() - end
2021-10-13 12:10:54.252  INFO MacBook-Pro-di-Francesco.local --- [nio-8080-exec-4] c.p.s.ArchiveService                     : getArchivesByUser() - end
2021-10-13 12:10:54.254  INFO MacBook-Pro-di-Francesco.local --- [nio-8080-exec-3] c.p.s.UserService                        : toDto() - start
2021-10-13 12:10:54.254  INFO MacBook-Pro-di-Francesco.local --- [nio-8080-exec-3] c.p.s.UserService                        : toDto() - end
2021-10-13 12:10:54.255  INFO MacBook-Pro-di-Francesco.local --- [nio-8080-exec-4] c.p.s.JwtTokenFilter                     : doFilterInternal() - end
2021-10-13 12:10:54.256  INFO MacBook-Pro-di-Francesco.local --- [nio-8080-exec-3] c.p.s.ArchiveService                     : getArchivesByUser() - start
2021-10-13 12:10:54.260  INFO MacBook-Pro-di-Francesco.local --- [nio-8080-exec-3] c.p.s.ArchiveService                     : getArchivesByUser() - end
2021-10-13 12:10:54.260  INFO MacBook-Pro-di-Francesco.local --- [nio-8080-exec-3] c.p.s.UserService                        : toDto() - start
2021-10-13 12:10:54.260  INFO MacBook-Pro-di-Francesco.local --- [nio-8080-exec-3] c.p.s.UserService                        : toDto() - end
2021-10-13 12:10:54.260  INFO MacBook-Pro-di-Francesco.local --- [nio-8080-exec-3] c.p.s.ArchiveService                     : getArchivesByUser() - start
2021-10-13 12:10:54.265  INFO MacBook-Pro-di-Francesco.local --- [nio-8080-exec-3] c.p.s.ArchiveService                     : getArchivesByUser() - end
2021-10-13 12:10:54.265  INFO MacBook-Pro-di-Francesco.local --- [nio-8080-exec-3] c.p.s.UserService                        : getUserList() - end
2021-10-13 12:10:54.265  INFO MacBook-Pro-di-Francesco.local --- [nio-8080-exec-3] c.p.c.UserController                     : getUserList() - user list found
2021-10-13 12:10:54.265  INFO MacBook-Pro-di-Francesco.local --- [nio-8080-exec-3] c.p.c.UserController                     : getUserList() - end
2021-10-13 12:10:54.267  INFO MacBook-Pro-di-Francesco.local --- [nio-8080-exec-3] c.p.s.JwtTokenFilter                     : doFilterInternal() - end
2021-10-13 12:10:58.081  INFO MacBook-Pro-di-Francesco.local --- [nio-8080-exec-5] c.p.s.JwtTokenFilter                     : doFilterInternal() - start
2021-10-13 12:10:58.091  INFO MacBook-Pro-di-Francesco.local --- [nio-8080-exec-5] c.p.h.UserHelper                         : loadUserByToken() - start
2021-10-13 12:10:58.092  INFO MacBook-Pro-di-Francesco.local --- [nio-8080-exec-5] c.p.h.UserHelper                         : loadUserByToken() - end
2021-10-13 12:10:58.095  INFO MacBook-Pro-di-Francesco.local --- [nio-8080-exec-5] c.p.c.ArchiveController                  : getMyArchives() - start
2021-10-13 12:10:58.095  INFO MacBook-Pro-di-Francesco.local --- [nio-8080-exec-5] c.p.h.UserHelper                         : getCurrentUser() - start
2021-10-13 12:10:58.095  INFO MacBook-Pro-di-Francesco.local --- [nio-8080-exec-5] c.p.h.UserHelper                         : getCurrentUser() - end
2021-10-13 12:10:58.101  INFO MacBook-Pro-di-Francesco.local --- [nio-8080-exec-5] c.p.c.ArchiveController                  : Richieta da utente [admin]
2021-10-13 12:10:58.101  INFO MacBook-Pro-di-Francesco.local --- [nio-8080-exec-5] c.p.s.ArchiveService                     : getArchivesByUser() - start
2021-10-13 12:10:58.101  INFO MacBook-Pro-di-Francesco.local --- [nio-8080-exec-5] c.p.h.UserHelper                         : getCurrentUser() - start
2021-10-13 12:10:58.101  INFO MacBook-Pro-di-Francesco.local --- [nio-8080-exec-5] c.p.h.UserHelper                         : getCurrentUser() - end
2021-10-13 12:10:58.129  INFO MacBook-Pro-di-Francesco.local --- [nio-8080-exec-5] c.p.s.ArchiveService                     : getArchivesByUser() - end
2021-10-13 12:10:58.129  INFO MacBook-Pro-di-Francesco.local --- [nio-8080-exec-5] c.p.c.ArchiveController                  : getMyArchives() - end
2021-10-13 12:10:58.131  INFO MacBook-Pro-di-Francesco.local --- [nio-8080-exec-5] c.p.s.JwtTokenFilter                     : doFilterInternal() - end
2021-10-13 12:10:58.187  INFO MacBook-Pro-di-Francesco.local --- [nio-8080-exec-7] c.p.s.JwtTokenFilter                     : doFilterInternal() - start
2021-10-13 12:10:58.187  INFO MacBook-Pro-di-Francesco.local --- [nio-8080-exec-6] c.p.s.JwtTokenFilter                     : doFilterInternal() - start
2021-10-13 12:10:58.189  INFO MacBook-Pro-di-Francesco.local --- [nio-8080-exec-7] c.p.h.UserHelper                         : loadUserByToken() - start
2021-10-13 12:10:58.190  INFO MacBook-Pro-di-Francesco.local --- [nio-8080-exec-7] c.p.h.UserHelper                         : loadUserByToken() - end
2021-10-13 12:10:58.191  INFO MacBook-Pro-di-Francesco.local --- [nio-8080-exec-6] c.p.h.UserHelper                         : loadUserByToken() - start
2021-10-13 12:10:58.192  INFO MacBook-Pro-di-Francesco.local --- [nio-8080-exec-7] c.p.c.ArchiveController                  : getAllArchives() - start
2021-10-13 12:10:58.192  INFO MacBook-Pro-di-Francesco.local --- [nio-8080-exec-7] c.p.h.UserHelper                         : getCurrentUser() - start
2021-10-13 12:10:58.192  INFO MacBook-Pro-di-Francesco.local --- [nio-8080-exec-7] c.p.h.UserHelper                         : getCurrentUser() - end
2021-10-13 12:10:58.192  INFO MacBook-Pro-di-Francesco.local --- [nio-8080-exec-6] c.p.h.UserHelper                         : loadUserByToken() - end
2021-10-13 12:10:58.193  INFO MacBook-Pro-di-Francesco.local --- [nio-8080-exec-6] c.p.c.UserController                     : getUserList() - start
2021-10-13 12:10:58.193  INFO MacBook-Pro-di-Francesco.local --- [nio-8080-exec-6] c.p.h.UserHelper                         : getCurrentUser() - start
2021-10-13 12:10:58.193  INFO MacBook-Pro-di-Francesco.local --- [nio-8080-exec-6] c.p.h.UserHelper                         : getCurrentUser() - end
2021-10-13 12:10:58.199  INFO MacBook-Pro-di-Francesco.local --- [nio-8080-exec-7] c.p.c.ArchiveController                  : Richieta da utente [admin]
2021-10-13 12:10:58.199  INFO MacBook-Pro-di-Francesco.local --- [nio-8080-exec-7] c.p.h.UserHelper                         : isAdmin() - start
2021-10-13 12:10:58.200  INFO MacBook-Pro-di-Francesco.local --- [nio-8080-exec-7] c.p.h.UserHelper                         : isAdmin() - end
2021-10-13 12:10:58.200  INFO MacBook-Pro-di-Francesco.local --- [nio-8080-exec-7] c.p.s.ArchiveService                     : getArchivesByUser() - start
2021-10-13 12:10:58.200  INFO MacBook-Pro-di-Francesco.local --- [nio-8080-exec-7] c.p.h.UserHelper                         : getCurrentUser() - start
2021-10-13 12:10:58.200  INFO MacBook-Pro-di-Francesco.local --- [nio-8080-exec-7] c.p.h.UserHelper                         : getCurrentUser() - end
2021-10-13 12:10:58.202  INFO MacBook-Pro-di-Francesco.local --- [nio-8080-exec-6] c.p.c.UserController                     : Richieta da utente [admin]
2021-10-13 12:10:58.203  INFO MacBook-Pro-di-Francesco.local --- [nio-8080-exec-6] c.p.h.UserHelper                         : isAdmin() - start
2021-10-13 12:10:58.203  INFO MacBook-Pro-di-Francesco.local --- [nio-8080-exec-6] c.p.h.UserHelper                         : isAdmin() - end
2021-10-13 12:10:58.203  INFO MacBook-Pro-di-Francesco.local --- [nio-8080-exec-6] c.p.s.UserService                        : getUserList() - start
2021-10-13 12:10:58.208  INFO MacBook-Pro-di-Francesco.local --- [nio-8080-exec-7] c.p.s.ArchiveService                     : getArchivesByUser() - end
2021-10-13 12:10:58.210  INFO MacBook-Pro-di-Francesco.local --- [nio-8080-exec-7] c.p.s.JwtTokenFilter                     : doFilterInternal() - end
2021-10-13 12:10:58.211  INFO MacBook-Pro-di-Francesco.local --- [nio-8080-exec-6] c.p.s.UserService                        : toDto() - start
2021-10-13 12:10:58.212  INFO MacBook-Pro-di-Francesco.local --- [nio-8080-exec-6] c.p.s.UserService                        : toDto() - end
2021-10-13 12:10:58.212  INFO MacBook-Pro-di-Francesco.local --- [nio-8080-exec-6] c.p.s.ArchiveService                     : getArchivesByUser() - start
2021-10-13 12:10:58.217  INFO MacBook-Pro-di-Francesco.local --- [nio-8080-exec-6] c.p.s.ArchiveService                     : getArchivesByUser() - end
2021-10-13 12:10:58.217  INFO MacBook-Pro-di-Francesco.local --- [nio-8080-exec-6] c.p.s.UserService                        : toDto() - start
2021-10-13 12:10:58.217  INFO MacBook-Pro-di-Francesco.local --- [nio-8080-exec-6] c.p.s.UserService                        : toDto() - end
2021-10-13 12:10:58.218  INFO MacBook-Pro-di-Francesco.local --- [nio-8080-exec-6] c.p.s.ArchiveService                     : getArchivesByUser() - start
2021-10-13 12:10:58.220  INFO MacBook-Pro-di-Francesco.local --- [nio-8080-exec-6] c.p.s.ArchiveService                     : getArchivesByUser() - end
2021-10-13 12:10:58.221  INFO MacBook-Pro-di-Francesco.local --- [nio-8080-exec-6] c.p.s.UserService                        : getUserList() - end
2021-10-13 12:10:58.221  INFO MacBook-Pro-di-Francesco.local --- [nio-8080-exec-6] c.p.c.UserController                     : getUserList() - user list found
2021-10-13 12:10:58.221  INFO MacBook-Pro-di-Francesco.local --- [nio-8080-exec-6] c.p.c.UserController                     : getUserList() - end
2021-10-13 12:10:58.223  INFO MacBook-Pro-di-Francesco.local --- [nio-8080-exec-6] c.p.s.JwtTokenFilter                     : doFilterInternal() - end
2021-10-13 12:11:45.974  INFO MacBook-Pro-di-Francesco.local --- [nio-8080-exec-9] c.p.s.JwtTokenFilter                     : doFilterInternal() - start
2021-10-13 12:11:45.976  INFO MacBook-Pro-di-Francesco.local --- [nio-8080-exec-9] c.p.h.UserHelper                         : loadUserByToken() - start
2021-10-13 12:11:45.977  INFO MacBook-Pro-di-Francesco.local --- [nio-8080-exec-9] c.p.h.UserHelper                         : loadUserByToken() - end
2021-10-13 12:11:45.978  INFO MacBook-Pro-di-Francesco.local --- [nio-8080-exec-9] c.p.c.ArchiveController                  : getMyArchives() - start
2021-10-13 12:11:45.978  INFO MacBook-Pro-di-Francesco.local --- [nio-8080-exec-9] c.p.h.UserHelper                         : getCurrentUser() - start
2021-10-13 12:11:45.979  INFO MacBook-Pro-di-Francesco.local --- [nio-8080-exec-9] c.p.h.UserHelper                         : getCurrentUser() - end
2021-10-13 12:11:45.983  INFO MacBook-Pro-di-Francesco.local --- [nio-8080-exec-9] c.p.c.ArchiveController                  : Richieta da utente [admin]
2021-10-13 12:11:45.984  INFO MacBook-Pro-di-Francesco.local --- [nio-8080-exec-9] c.p.s.ArchiveService                     : getArchivesByUser() - start
2021-10-13 12:11:45.984  INFO MacBook-Pro-di-Francesco.local --- [nio-8080-exec-9] c.p.h.UserHelper                         : getCurrentUser() - start
2021-10-13 12:11:45.984  INFO MacBook-Pro-di-Francesco.local --- [nio-8080-exec-9] c.p.h.UserHelper                         : getCurrentUser() - end
2021-10-13 12:11:45.997  INFO MacBook-Pro-di-Francesco.local --- [nio-8080-exec-9] c.p.s.ArchiveService                     : getArchivesByUser() - end
2021-10-13 12:11:45.997  INFO MacBook-Pro-di-Francesco.local --- [nio-8080-exec-9] c.p.c.ArchiveController                  : getMyArchives() - end
2021-10-13 12:11:46.000  INFO MacBook-Pro-di-Francesco.local --- [nio-8080-exec-9] c.p.s.JwtTokenFilter                     : doFilterInternal() - end
2021-10-13 12:11:46.065  INFO MacBook-Pro-di-Francesco.local --- [nio-8080-exec-2] c.p.s.JwtTokenFilter                     : doFilterInternal() - start
2021-10-13 12:11:46.065  INFO MacBook-Pro-di-Francesco.local --- [nio-8080-exec-4] c.p.s.JwtTokenFilter                     : doFilterInternal() - start
2021-10-13 12:11:46.066  INFO MacBook-Pro-di-Francesco.local --- [nio-8080-exec-2] c.p.h.UserHelper                         : loadUserByToken() - start
2021-10-13 12:11:46.069  INFO MacBook-Pro-di-Francesco.local --- [nio-8080-exec-2] c.p.h.UserHelper                         : loadUserByToken() - end
2021-10-13 12:11:46.066  INFO MacBook-Pro-di-Francesco.local --- [nio-8080-exec-4] c.p.h.UserHelper                         : loadUserByToken() - start
2021-10-13 12:11:46.071  INFO MacBook-Pro-di-Francesco.local --- [nio-8080-exec-2] c.p.c.UserController                     : getUserList() - start
2021-10-13 12:11:46.071  INFO MacBook-Pro-di-Francesco.local --- [nio-8080-exec-2] c.p.h.UserHelper                         : getCurrentUser() - start
2021-10-13 12:11:46.071  INFO MacBook-Pro-di-Francesco.local --- [nio-8080-exec-2] c.p.h.UserHelper                         : getCurrentUser() - end
2021-10-13 12:11:46.072  INFO MacBook-Pro-di-Francesco.local --- [nio-8080-exec-4] c.p.h.UserHelper                         : loadUserByToken() - end
2021-10-13 12:11:46.073  INFO MacBook-Pro-di-Francesco.local --- [nio-8080-exec-4] c.p.c.ArchiveController                  : getAllArchives() - start
2021-10-13 12:11:46.073  INFO MacBook-Pro-di-Francesco.local --- [nio-8080-exec-4] c.p.h.UserHelper                         : getCurrentUser() - start
2021-10-13 12:11:46.073  INFO MacBook-Pro-di-Francesco.local --- [nio-8080-exec-4] c.p.h.UserHelper                         : getCurrentUser() - end
2021-10-13 12:11:46.079  INFO MacBook-Pro-di-Francesco.local --- [nio-8080-exec-4] c.p.c.ArchiveController                  : Richieta da utente [admin]
2021-10-13 12:11:46.080  INFO MacBook-Pro-di-Francesco.local --- [nio-8080-exec-4] c.p.h.UserHelper                         : isAdmin() - start
2021-10-13 12:11:46.080  INFO MacBook-Pro-di-Francesco.local --- [nio-8080-exec-2] c.p.c.UserController                     : Richieta da utente [admin]
2021-10-13 12:11:46.080  INFO MacBook-Pro-di-Francesco.local --- [nio-8080-exec-2] c.p.h.UserHelper                         : isAdmin() - start
2021-10-13 12:11:46.080  INFO MacBook-Pro-di-Francesco.local --- [nio-8080-exec-2] c.p.h.UserHelper                         : isAdmin() - end
2021-10-13 12:11:46.080  INFO MacBook-Pro-di-Francesco.local --- [nio-8080-exec-4] c.p.h.UserHelper                         : isAdmin() - end
2021-10-13 12:11:46.080  INFO MacBook-Pro-di-Francesco.local --- [nio-8080-exec-4] c.p.s.ArchiveService                     : getArchivesByUser() - start
2021-10-13 12:11:46.080  INFO MacBook-Pro-di-Francesco.local --- [nio-8080-exec-2] c.p.s.UserService                        : getUserList() - start
2021-10-13 12:11:46.080  INFO MacBook-Pro-di-Francesco.local --- [nio-8080-exec-4] c.p.h.UserHelper                         : getCurrentUser() - start
2021-10-13 12:11:46.080  INFO MacBook-Pro-di-Francesco.local --- [nio-8080-exec-4] c.p.h.UserHelper                         : getCurrentUser() - end
2021-10-13 12:11:46.089  INFO MacBook-Pro-di-Francesco.local --- [nio-8080-exec-4] c.p.s.ArchiveService                     : getArchivesByUser() - end
2021-10-13 12:11:46.094  INFO MacBook-Pro-di-Francesco.local --- [nio-8080-exec-4] c.p.s.JwtTokenFilter                     : doFilterInternal() - end
2021-10-13 12:11:46.098  INFO MacBook-Pro-di-Francesco.local --- [nio-8080-exec-2] c.p.s.UserService                        : toDto() - start
2021-10-13 12:11:46.099  INFO MacBook-Pro-di-Francesco.local --- [nio-8080-exec-2] c.p.s.UserService                        : toDto() - end
2021-10-13 12:11:46.099  INFO MacBook-Pro-di-Francesco.local --- [nio-8080-exec-2] c.p.s.ArchiveService                     : getArchivesByUser() - start
2021-10-13 12:11:46.109  INFO MacBook-Pro-di-Francesco.local --- [nio-8080-exec-2] c.p.s.ArchiveService                     : getArchivesByUser() - end
2021-10-13 12:11:46.109  INFO MacBook-Pro-di-Francesco.local --- [nio-8080-exec-2] c.p.s.UserService                        : toDto() - start
2021-10-13 12:11:46.109  INFO MacBook-Pro-di-Francesco.local --- [nio-8080-exec-2] c.p.s.UserService                        : toDto() - end
2021-10-13 12:11:46.110  INFO MacBook-Pro-di-Francesco.local --- [nio-8080-exec-2] c.p.s.ArchiveService                     : getArchivesByUser() - start
2021-10-13 12:11:46.113  INFO MacBook-Pro-di-Francesco.local --- [nio-8080-exec-2] c.p.s.ArchiveService                     : getArchivesByUser() - end
2021-10-13 12:11:46.113  INFO MacBook-Pro-di-Francesco.local --- [nio-8080-exec-2] c.p.s.UserService                        : getUserList() - end
2021-10-13 12:11:46.113  INFO MacBook-Pro-di-Francesco.local --- [nio-8080-exec-2] c.p.c.UserController                     : getUserList() - user list found
2021-10-13 12:11:46.114  INFO MacBook-Pro-di-Francesco.local --- [nio-8080-exec-2] c.p.c.UserController                     : getUserList() - end
2021-10-13 12:11:46.115  INFO MacBook-Pro-di-Francesco.local --- [nio-8080-exec-2] c.p.s.JwtTokenFilter                     : doFilterInternal() - end
2021-10-13 12:12:03.587  INFO MacBook-Pro-di-Francesco.local --- [nio-8080-exec-5] c.p.s.JwtTokenFilter                     : doFilterInternal() - start
2021-10-13 12:12:03.597  INFO MacBook-Pro-di-Francesco.local --- [nio-8080-exec-5] c.p.h.UserHelper                         : loadUserByToken() - start
2021-10-13 12:12:03.598  INFO MacBook-Pro-di-Francesco.local --- [nio-8080-exec-5] c.p.h.UserHelper                         : loadUserByToken() - end
2021-10-13 12:12:03.607  INFO MacBook-Pro-di-Francesco.local --- [nio-8080-exec-5] c.p.c.ArchiveController                  : getMyArchives() - start
2021-10-13 12:12:03.607  INFO MacBook-Pro-di-Francesco.local --- [nio-8080-exec-5] c.p.h.UserHelper                         : getCurrentUser() - start
2021-10-13 12:12:03.607  INFO MacBook-Pro-di-Francesco.local --- [nio-8080-exec-5] c.p.h.UserHelper                         : getCurrentUser() - end
2021-10-13 12:12:03.647  INFO MacBook-Pro-di-Francesco.local --- [nio-8080-exec-5] c.p.c.ArchiveController                  : Richieta da utente [admin]
2021-10-13 12:12:03.648  INFO MacBook-Pro-di-Francesco.local --- [nio-8080-exec-5] c.p.s.ArchiveService                     : getArchivesByUser() - start
2021-10-13 12:12:03.648  INFO MacBook-Pro-di-Francesco.local --- [nio-8080-exec-5] c.p.h.UserHelper                         : getCurrentUser() - start
2021-10-13 12:12:03.648  INFO MacBook-Pro-di-Francesco.local --- [nio-8080-exec-5] c.p.h.UserHelper                         : getCurrentUser() - end
2021-10-13 12:12:03.666  INFO MacBook-Pro-di-Francesco.local --- [nio-8080-exec-5] c.p.s.ArchiveService                     : getArchivesByUser() - end
2021-10-13 12:12:03.666  INFO MacBook-Pro-di-Francesco.local --- [nio-8080-exec-5] c.p.c.ArchiveController                  : getMyArchives() - end
2021-10-13 12:12:03.675  INFO MacBook-Pro-di-Francesco.local --- [nio-8080-exec-5] c.p.s.JwtTokenFilter                     : doFilterInternal() - end
2021-10-13 12:12:03.686  INFO MacBook-Pro-di-Francesco.local --- [nio-8080-exec-6] c.p.s.JwtTokenFilter                     : doFilterInternal() - start
2021-10-13 12:12:03.687  INFO MacBook-Pro-di-Francesco.local --- [nio-8080-exec-6] c.p.h.UserHelper                         : loadUserByToken() - start
2021-10-13 12:12:03.688  INFO MacBook-Pro-di-Francesco.local --- [nio-8080-exec-6] c.p.h.UserHelper                         : loadUserByToken() - end
2021-10-13 12:12:03.690  INFO MacBook-Pro-di-Francesco.local --- [nio-8080-exec-6] c.p.c.UserController                     : getUserList() - start
2021-10-13 12:12:03.690  INFO MacBook-Pro-di-Francesco.local --- [nio-8080-exec-6] c.p.h.UserHelper                         : getCurrentUser() - start
2021-10-13 12:12:03.690  INFO MacBook-Pro-di-Francesco.local --- [nio-8080-exec-6] c.p.h.UserHelper                         : getCurrentUser() - end
2021-10-13 12:12:03.692  INFO MacBook-Pro-di-Francesco.local --- [nio-8080-exec-9] c.p.s.JwtTokenFilter                     : doFilterInternal() - start
2021-10-13 12:12:03.694  INFO MacBook-Pro-di-Francesco.local --- [nio-8080-exec-9] c.p.h.UserHelper                         : loadUserByToken() - start
2021-10-13 12:12:03.695  INFO MacBook-Pro-di-Francesco.local --- [nio-8080-exec-9] c.p.h.UserHelper                         : loadUserByToken() - end
2021-10-13 12:12:03.695  INFO MacBook-Pro-di-Francesco.local --- [nio-8080-exec-6] c.p.c.UserController                     : Richieta da utente [admin]
2021-10-13 12:12:03.695  INFO MacBook-Pro-di-Francesco.local --- [nio-8080-exec-6] c.p.h.UserHelper                         : isAdmin() - start
2021-10-13 12:12:03.695  INFO MacBook-Pro-di-Francesco.local --- [nio-8080-exec-6] c.p.h.UserHelper                         : isAdmin() - end
2021-10-13 12:12:03.696  INFO MacBook-Pro-di-Francesco.local --- [nio-8080-exec-6] c.p.s.UserService                        : getUserList() - start
2021-10-13 12:12:03.696  INFO MacBook-Pro-di-Francesco.local --- [nio-8080-exec-9] c.p.c.ArchiveController                  : getAllArchives() - start
2021-10-13 12:12:03.696  INFO MacBook-Pro-di-Francesco.local --- [nio-8080-exec-9] c.p.h.UserHelper                         : getCurrentUser() - start
2021-10-13 12:12:03.696  INFO MacBook-Pro-di-Francesco.local --- [nio-8080-exec-9] c.p.h.UserHelper                         : getCurrentUser() - end
2021-10-13 12:12:03.700  INFO MacBook-Pro-di-Francesco.local --- [nio-8080-exec-9] c.p.c.ArchiveController                  : Richieta da utente [admin]
2021-10-13 12:12:03.701  INFO MacBook-Pro-di-Francesco.local --- [nio-8080-exec-9] c.p.h.UserHelper                         : isAdmin() - start
2021-10-13 12:12:03.701  INFO MacBook-Pro-di-Francesco.local --- [nio-8080-exec-9] c.p.h.UserHelper                         : isAdmin() - end
2021-10-13 12:12:03.701  INFO MacBook-Pro-di-Francesco.local --- [nio-8080-exec-9] c.p.s.ArchiveService                     : getArchivesByUser() - start
2021-10-13 12:12:03.702  INFO MacBook-Pro-di-Francesco.local --- [nio-8080-exec-9] c.p.h.UserHelper                         : getCurrentUser() - start
2021-10-13 12:12:03.702  INFO MacBook-Pro-di-Francesco.local --- [nio-8080-exec-9] c.p.h.UserHelper                         : getCurrentUser() - end
2021-10-13 12:12:03.704  INFO MacBook-Pro-di-Francesco.local --- [nio-8080-exec-6] c.p.s.UserService                        : toDto() - start
2021-10-13 12:12:03.705  INFO MacBook-Pro-di-Francesco.local --- [nio-8080-exec-6] c.p.s.UserService                        : toDto() - end
2021-10-13 12:12:03.706  INFO MacBook-Pro-di-Francesco.local --- [nio-8080-exec-6] c.p.s.ArchiveService                     : getArchivesByUser() - start
2021-10-13 12:12:03.707  INFO MacBook-Pro-di-Francesco.local --- [nio-8080-exec-9] c.p.s.ArchiveService                     : getArchivesByUser() - end
2021-10-13 12:12:03.710  INFO MacBook-Pro-di-Francesco.local --- [nio-8080-exec-6] c.p.s.ArchiveService                     : getArchivesByUser() - end
2021-10-13 12:12:03.710  INFO MacBook-Pro-di-Francesco.local --- [nio-8080-exec-9] c.p.s.JwtTokenFilter                     : doFilterInternal() - end
2021-10-13 12:12:03.710  INFO MacBook-Pro-di-Francesco.local --- [nio-8080-exec-6] c.p.s.UserService                        : toDto() - start
2021-10-13 12:12:03.710  INFO MacBook-Pro-di-Francesco.local --- [nio-8080-exec-6] c.p.s.UserService                        : toDto() - end
2021-10-13 12:12:03.711  INFO MacBook-Pro-di-Francesco.local --- [nio-8080-exec-6] c.p.s.ArchiveService                     : getArchivesByUser() - start
2021-10-13 12:12:03.712  INFO MacBook-Pro-di-Francesco.local --- [nio-8080-exec-6] c.p.s.ArchiveService                     : getArchivesByUser() - end
2021-10-13 12:12:03.713  INFO MacBook-Pro-di-Francesco.local --- [nio-8080-exec-6] c.p.s.UserService                        : getUserList() - end
2021-10-13 12:12:03.713  INFO MacBook-Pro-di-Francesco.local --- [nio-8080-exec-6] c.p.c.UserController                     : getUserList() - user list found
2021-10-13 12:12:03.713  INFO MacBook-Pro-di-Francesco.local --- [nio-8080-exec-6] c.p.c.UserController                     : getUserList() - end
2021-10-13 12:12:03.715  INFO MacBook-Pro-di-Francesco.local --- [nio-8080-exec-6] c.p.s.JwtTokenFilter                     : doFilterInternal() - end
2021-10-13 12:12:43.323  INFO MacBook-Pro-di-Francesco.local --- [nio-8080-exec-1] c.p.s.JwtTokenFilter                     : doFilterInternal() - start
2021-10-13 12:12:43.324  INFO MacBook-Pro-di-Francesco.local --- [nio-8080-exec-1] c.p.h.UserHelper                         : loadUserByToken() - start
2021-10-13 12:12:43.325  INFO MacBook-Pro-di-Francesco.local --- [nio-8080-exec-1] c.p.h.UserHelper                         : loadUserByToken() - end
2021-10-13 12:12:43.326  INFO MacBook-Pro-di-Francesco.local --- [nio-8080-exec-1] c.p.c.ArchiveController                  : getMyArchives() - start
2021-10-13 12:12:43.326  INFO MacBook-Pro-di-Francesco.local --- [nio-8080-exec-1] c.p.h.UserHelper                         : getCurrentUser() - start
2021-10-13 12:12:43.326  INFO MacBook-Pro-di-Francesco.local --- [nio-8080-exec-1] c.p.h.UserHelper                         : getCurrentUser() - end
2021-10-13 12:12:43.331  INFO MacBook-Pro-di-Francesco.local --- [nio-8080-exec-1] c.p.c.ArchiveController                  : Richieta da utente [admin]
2021-10-13 12:12:43.331  INFO MacBook-Pro-di-Francesco.local --- [nio-8080-exec-1] c.p.s.ArchiveService                     : getArchivesByUser() - start
2021-10-13 12:12:43.331  INFO MacBook-Pro-di-Francesco.local --- [nio-8080-exec-1] c.p.h.UserHelper                         : getCurrentUser() - start
2021-10-13 12:12:43.331  INFO MacBook-Pro-di-Francesco.local --- [nio-8080-exec-1] c.p.h.UserHelper                         : getCurrentUser() - end
2021-10-13 12:12:43.348  INFO MacBook-Pro-di-Francesco.local --- [nio-8080-exec-1] c.p.s.ArchiveService                     : getArchivesByUser() - end
2021-10-13 12:12:43.348  INFO MacBook-Pro-di-Francesco.local --- [nio-8080-exec-1] c.p.c.ArchiveController                  : getMyArchives() - end
2021-10-13 12:12:43.351  INFO MacBook-Pro-di-Francesco.local --- [nio-8080-exec-1] c.p.s.JwtTokenFilter                     : doFilterInternal() - end
2021-10-13 12:12:43.419  INFO MacBook-Pro-di-Francesco.local --- [nio-8080-exec-3] c.p.s.JwtTokenFilter                     : doFilterInternal() - start
2021-10-13 12:12:43.421  INFO MacBook-Pro-di-Francesco.local --- [nio-8080-exec-5] c.p.s.JwtTokenFilter                     : doFilterInternal() - start
2021-10-13 12:12:43.425  INFO MacBook-Pro-di-Francesco.local --- [nio-8080-exec-3] c.p.h.UserHelper                         : loadUserByToken() - start
2021-10-13 12:12:43.425  INFO MacBook-Pro-di-Francesco.local --- [nio-8080-exec-3] c.p.h.UserHelper                         : loadUserByToken() - end
2021-10-13 12:12:43.426  INFO MacBook-Pro-di-Francesco.local --- [nio-8080-exec-3] c.p.c.ArchiveController                  : getAllArchives() - start
2021-10-13 12:12:43.427  INFO MacBook-Pro-di-Francesco.local --- [nio-8080-exec-3] c.p.h.UserHelper                         : getCurrentUser() - start
2021-10-13 12:12:43.427  INFO MacBook-Pro-di-Francesco.local --- [nio-8080-exec-3] c.p.h.UserHelper                         : getCurrentUser() - end
2021-10-13 12:12:43.428  INFO MacBook-Pro-di-Francesco.local --- [nio-8080-exec-5] c.p.h.UserHelper                         : loadUserByToken() - start
2021-10-13 12:12:43.429  INFO MacBook-Pro-di-Francesco.local --- [nio-8080-exec-5] c.p.h.UserHelper                         : loadUserByToken() - end
2021-10-13 12:12:43.430  INFO MacBook-Pro-di-Francesco.local --- [nio-8080-exec-5] c.p.c.UserController                     : getUserList() - start
2021-10-13 12:12:43.431  INFO MacBook-Pro-di-Francesco.local --- [nio-8080-exec-5] c.p.h.UserHelper                         : getCurrentUser() - start
2021-10-13 12:12:43.431  INFO MacBook-Pro-di-Francesco.local --- [nio-8080-exec-5] c.p.h.UserHelper                         : getCurrentUser() - end
2021-10-13 12:12:43.433  INFO MacBook-Pro-di-Francesco.local --- [nio-8080-exec-3] c.p.c.ArchiveController                  : Richieta da utente [admin]
2021-10-13 12:12:43.434  INFO MacBook-Pro-di-Francesco.local --- [nio-8080-exec-3] c.p.h.UserHelper                         : isAdmin() - start
2021-10-13 12:12:43.434  INFO MacBook-Pro-di-Francesco.local --- [nio-8080-exec-3] c.p.h.UserHelper                         : isAdmin() - end
2021-10-13 12:12:43.434  INFO MacBook-Pro-di-Francesco.local --- [nio-8080-exec-3] c.p.s.ArchiveService                     : getArchivesByUser() - start
2021-10-13 12:12:43.434  INFO MacBook-Pro-di-Francesco.local --- [nio-8080-exec-3] c.p.h.UserHelper                         : getCurrentUser() - start
2021-10-13 12:12:43.434  INFO MacBook-Pro-di-Francesco.local --- [nio-8080-exec-3] c.p.h.UserHelper                         : getCurrentUser() - end
2021-10-13 12:12:43.436  INFO MacBook-Pro-di-Francesco.local --- [nio-8080-exec-5] c.p.c.UserController                     : Richieta da utente [admin]
2021-10-13 12:12:43.437  INFO MacBook-Pro-di-Francesco.local --- [nio-8080-exec-5] c.p.h.UserHelper                         : isAdmin() - start
2021-10-13 12:12:43.437  INFO MacBook-Pro-di-Francesco.local --- [nio-8080-exec-5] c.p.h.UserHelper                         : isAdmin() - end
2021-10-13 12:12:43.437  INFO MacBook-Pro-di-Francesco.local --- [nio-8080-exec-5] c.p.s.UserService                        : getUserList() - start
2021-10-13 12:12:43.441  INFO MacBook-Pro-di-Francesco.local --- [nio-8080-exec-3] c.p.s.ArchiveService                     : getArchivesByUser() - end
2021-10-13 12:12:43.443  INFO MacBook-Pro-di-Francesco.local --- [nio-8080-exec-3] c.p.s.JwtTokenFilter                     : doFilterInternal() - end
2021-10-13 12:12:43.447  INFO MacBook-Pro-di-Francesco.local --- [nio-8080-exec-5] c.p.s.UserService                        : toDto() - start
2021-10-13 12:12:43.448  INFO MacBook-Pro-di-Francesco.local --- [nio-8080-exec-5] c.p.s.UserService                        : toDto() - end
2021-10-13 12:12:43.448  INFO MacBook-Pro-di-Francesco.local --- [nio-8080-exec-5] c.p.s.ArchiveService                     : getArchivesByUser() - start
2021-10-13 12:12:43.452  INFO MacBook-Pro-di-Francesco.local --- [nio-8080-exec-5] c.p.s.ArchiveService                     : getArchivesByUser() - end
2021-10-13 12:12:43.453  INFO MacBook-Pro-di-Francesco.local --- [nio-8080-exec-5] c.p.s.UserService                        : toDto() - start
2021-10-13 12:12:43.453  INFO MacBook-Pro-di-Francesco.local --- [nio-8080-exec-5] c.p.s.UserService                        : toDto() - end
2021-10-13 12:12:43.453  INFO MacBook-Pro-di-Francesco.local --- [nio-8080-exec-5] c.p.s.ArchiveService                     : getArchivesByUser() - start
2021-10-13 12:12:43.456  INFO MacBook-Pro-di-Francesco.local --- [nio-8080-exec-5] c.p.s.ArchiveService                     : getArchivesByUser() - end
2021-10-13 12:12:43.456  INFO MacBook-Pro-di-Francesco.local --- [nio-8080-exec-5] c.p.s.UserService                        : getUserList() - end
2021-10-13 12:12:43.456  INFO MacBook-Pro-di-Francesco.local --- [nio-8080-exec-5] c.p.c.UserController                     : getUserList() - user list found
2021-10-13 12:12:43.456  INFO MacBook-Pro-di-Francesco.local --- [nio-8080-exec-5] c.p.c.UserController                     : getUserList() - end
2021-10-13 12:12:43.458  INFO MacBook-Pro-di-Francesco.local --- [nio-8080-exec-5] c.p.s.JwtTokenFilter                     : doFilterInternal() - end
2021-10-13 12:13:00.871  INFO MacBook-Pro-di-Francesco.local --- [nio-8080-exec-8] c.p.s.JwtTokenFilter                     : doFilterInternal() - start
2021-10-13 12:13:00.882  INFO MacBook-Pro-di-Francesco.local --- [nio-8080-exec-8] c.p.h.UserHelper                         : loadUserByToken() - start
2021-10-13 12:13:00.883  INFO MacBook-Pro-di-Francesco.local --- [nio-8080-exec-8] c.p.h.UserHelper                         : loadUserByToken() - end
2021-10-13 12:13:00.892  INFO MacBook-Pro-di-Francesco.local --- [nio-8080-exec-8] c.p.c.ArchiveController                  : getMyArchives() - start
2021-10-13 12:13:00.892  INFO MacBook-Pro-di-Francesco.local --- [nio-8080-exec-8] c.p.h.UserHelper                         : getCurrentUser() - start
2021-10-13 12:13:00.892  INFO MacBook-Pro-di-Francesco.local --- [nio-8080-exec-8] c.p.h.UserHelper                         : getCurrentUser() - end
2021-10-13 12:13:00.916  INFO MacBook-Pro-di-Francesco.local --- [nio-8080-exec-8] c.p.c.ArchiveController                  : Richieta da utente [admin]
2021-10-13 12:13:00.916  INFO MacBook-Pro-di-Francesco.local --- [nio-8080-exec-8] c.p.s.ArchiveService                     : getArchivesByUser() - start
2021-10-13 12:13:00.918  INFO MacBook-Pro-di-Francesco.local --- [nio-8080-exec-8] c.p.h.UserHelper                         : getCurrentUser() - start
2021-10-13 12:13:00.918  INFO MacBook-Pro-di-Francesco.local --- [nio-8080-exec-8] c.p.h.UserHelper                         : getCurrentUser() - end
2021-10-13 12:13:00.931  INFO MacBook-Pro-di-Francesco.local --- [nio-8080-exec-8] c.p.s.ArchiveService                     : getArchivesByUser() - end
2021-10-13 12:13:00.931  INFO MacBook-Pro-di-Francesco.local --- [nio-8080-exec-8] c.p.c.ArchiveController                  : getMyArchives() - end
2021-10-13 12:13:00.938  INFO MacBook-Pro-di-Francesco.local --- [nio-8080-exec-8] c.p.s.JwtTokenFilter                     : doFilterInternal() - end
2021-10-13 12:13:00.949  INFO MacBook-Pro-di-Francesco.local --- [io-8080-exec-10] c.p.s.JwtTokenFilter                     : doFilterInternal() - start
2021-10-13 12:13:00.951  INFO MacBook-Pro-di-Francesco.local --- [io-8080-exec-10] c.p.h.UserHelper                         : loadUserByToken() - start
2021-10-13 12:13:00.951  INFO MacBook-Pro-di-Francesco.local --- [io-8080-exec-10] c.p.h.UserHelper                         : loadUserByToken() - end
2021-10-13 12:13:00.952  INFO MacBook-Pro-di-Francesco.local --- [io-8080-exec-10] c.p.c.UserController                     : getUserList() - start
2021-10-13 12:13:00.952  INFO MacBook-Pro-di-Francesco.local --- [io-8080-exec-10] c.p.h.UserHelper                         : getCurrentUser() - start
2021-10-13 12:13:00.952  INFO MacBook-Pro-di-Francesco.local --- [io-8080-exec-10] c.p.h.UserHelper                         : getCurrentUser() - end
2021-10-13 12:13:00.953  INFO MacBook-Pro-di-Francesco.local --- [nio-8080-exec-1] c.p.s.JwtTokenFilter                     : doFilterInternal() - start
2021-10-13 12:13:00.954  INFO MacBook-Pro-di-Francesco.local --- [nio-8080-exec-1] c.p.h.UserHelper                         : loadUserByToken() - start
2021-10-13 12:13:00.955  INFO MacBook-Pro-di-Francesco.local --- [nio-8080-exec-1] c.p.h.UserHelper                         : loadUserByToken() - end
2021-10-13 12:13:00.956  INFO MacBook-Pro-di-Francesco.local --- [nio-8080-exec-1] c.p.c.ArchiveController                  : getAllArchives() - start
2021-10-13 12:13:00.956  INFO MacBook-Pro-di-Francesco.local --- [nio-8080-exec-1] c.p.h.UserHelper                         : getCurrentUser() - start
2021-10-13 12:13:00.956  INFO MacBook-Pro-di-Francesco.local --- [nio-8080-exec-1] c.p.h.UserHelper                         : getCurrentUser() - end
2021-10-13 12:13:00.958  INFO MacBook-Pro-di-Francesco.local --- [io-8080-exec-10] c.p.c.UserController                     : Richieta da utente [admin]
2021-10-13 12:13:00.958  INFO MacBook-Pro-di-Francesco.local --- [io-8080-exec-10] c.p.h.UserHelper                         : isAdmin() - start
2021-10-13 12:13:00.958  INFO MacBook-Pro-di-Francesco.local --- [io-8080-exec-10] c.p.h.UserHelper                         : isAdmin() - end
2021-10-13 12:13:00.959  INFO MacBook-Pro-di-Francesco.local --- [io-8080-exec-10] c.p.s.UserService                        : getUserList() - start
2021-10-13 12:13:00.961  INFO MacBook-Pro-di-Francesco.local --- [nio-8080-exec-1] c.p.c.ArchiveController                  : Richieta da utente [admin]
2021-10-13 12:13:00.961  INFO MacBook-Pro-di-Francesco.local --- [nio-8080-exec-1] c.p.h.UserHelper                         : isAdmin() - start
2021-10-13 12:13:00.961  INFO MacBook-Pro-di-Francesco.local --- [nio-8080-exec-1] c.p.h.UserHelper                         : isAdmin() - end
2021-10-13 12:13:00.961  INFO MacBook-Pro-di-Francesco.local --- [nio-8080-exec-1] c.p.s.ArchiveService                     : getArchivesByUser() - start
2021-10-13 12:13:00.961  INFO MacBook-Pro-di-Francesco.local --- [nio-8080-exec-1] c.p.h.UserHelper                         : getCurrentUser() - start
2021-10-13 12:13:00.961  INFO MacBook-Pro-di-Francesco.local --- [nio-8080-exec-1] c.p.h.UserHelper                         : getCurrentUser() - end
2021-10-13 12:13:00.966  INFO MacBook-Pro-di-Francesco.local --- [io-8080-exec-10] c.p.s.UserService                        : toDto() - start
2021-10-13 12:13:00.967  INFO MacBook-Pro-di-Francesco.local --- [io-8080-exec-10] c.p.s.UserService                        : toDto() - end
2021-10-13 12:13:00.967  INFO MacBook-Pro-di-Francesco.local --- [nio-8080-exec-1] c.p.s.ArchiveService                     : getArchivesByUser() - end
2021-10-13 12:13:00.968  INFO MacBook-Pro-di-Francesco.local --- [io-8080-exec-10] c.p.s.ArchiveService                     : getArchivesByUser() - start
2021-10-13 12:13:00.971  INFO MacBook-Pro-di-Francesco.local --- [io-8080-exec-10] c.p.s.ArchiveService                     : getArchivesByUser() - end
2021-10-13 12:13:00.971  INFO MacBook-Pro-di-Francesco.local --- [io-8080-exec-10] c.p.s.UserService                        : toDto() - start
2021-10-13 12:13:00.971  INFO MacBook-Pro-di-Francesco.local --- [io-8080-exec-10] c.p.s.UserService                        : toDto() - end
2021-10-13 12:13:00.971  INFO MacBook-Pro-di-Francesco.local --- [io-8080-exec-10] c.p.s.ArchiveService                     : getArchivesByUser() - start
2021-10-13 12:13:00.972  INFO MacBook-Pro-di-Francesco.local --- [nio-8080-exec-1] c.p.s.JwtTokenFilter                     : doFilterInternal() - end
2021-10-13 12:13:00.974  INFO MacBook-Pro-di-Francesco.local --- [io-8080-exec-10] c.p.s.ArchiveService                     : getArchivesByUser() - end
2021-10-13 12:13:00.974  INFO MacBook-Pro-di-Francesco.local --- [io-8080-exec-10] c.p.s.UserService                        : getUserList() - end
2021-10-13 12:13:00.974  INFO MacBook-Pro-di-Francesco.local --- [io-8080-exec-10] c.p.c.UserController                     : getUserList() - user list found
2021-10-13 12:13:00.974  INFO MacBook-Pro-di-Francesco.local --- [io-8080-exec-10] c.p.c.UserController                     : getUserList() - end
2021-10-13 12:13:00.977  INFO MacBook-Pro-di-Francesco.local --- [io-8080-exec-10] c.p.s.JwtTokenFilter                     : doFilterInternal() - end
2021-10-13 12:15:32.256  INFO MacBook-Pro-di-Francesco.local --- [ionShutdownHook] j.LocalContainerEntityManagerFactoryBean : Closing JPA EntityManagerFactory for persistence unit 'default'
2021-10-13 12:15:32.281  INFO MacBook-Pro-di-Francesco.local --- [ionShutdownHook] c.z.h.HikariDataSource                   : HikariPool-1 - Shutdown initiated...
2021-10-13 12:15:32.334  INFO MacBook-Pro-di-Francesco.local --- [ionShutdownHook] c.z.h.HikariDataSource                   : HikariPool-1 - Shutdown completed.
