2021-10-01 12:41:18.911  INFO MacBook-Pro-di-Francesco.local --- [           main] c.p.PortalepsApplication                 : Starting PortalepsApplication using Java 11.0.12 on MacBook-Pro-di-Francesco.local with PID 51787 (/Users/merjf/Documents/Work/Projects/Messina/Pronto Soccorso Messina/aspme-ps-repo/target/classes started by merjf in /Users/merjf/Documents/Work/Projects/Messina/Pronto Soccorso Messina/aspme-ps-repo)
2021-10-01 12:41:18.928  INFO MacBook-Pro-di-Francesco.local --- [           main] c.p.PortalepsApplication                 : No active profile set, falling back to default profiles: default
2021-10-01 12:41:19.771  INFO MacBook-Pro-di-Francesco.local --- [           main] .s.d.r.c.RepositoryConfigurationDelegate : Bootstrapping Spring Data JPA repositories in DEFAULT mode.
2021-10-01 12:41:19.844  INFO MacBook-Pro-di-Francesco.local --- [           main] .s.d.r.c.RepositoryConfigurationDelegate : Finished Spring Data repository scanning in 63 ms. Found 3 JPA repository interfaces.
2021-10-01 12:41:20.219  INFO MacBook-Pro-di-Francesco.local --- [           main] trationDelegate$BeanPostProcessorChecker : Bean 'org.springframework.security.access.expression.method.DefaultMethodSecurityExpressionHandler@7237f3c1' of type [org.springframework.security.access.expression.method.DefaultMethodSecurityExpressionHandler] is not eligible for getting processed by all BeanPostProcessors (for example: not eligible for auto-proxying)
2021-10-01 12:41:20.226  INFO MacBook-Pro-di-Francesco.local --- [           main] trationDelegate$BeanPostProcessorChecker : Bean 'methodSecurityMetadataSource' of type [org.springframework.security.access.method.DelegatingMethodSecurityMetadataSource] is not eligible for getting processed by all BeanPostProcessors (for example: not eligible for auto-proxying)
2021-10-01 12:41:20.538  INFO MacBook-Pro-di-Francesco.local --- [           main] o.s.b.w.e.t.TomcatWebServer              : Tomcat initialized with port(s): 8080 (http)
2021-10-01 12:41:20.551  INFO MacBook-Pro-di-Francesco.local --- [           main] o.a.c.h.Http11NioProtocol                : Initializing ProtocolHandler ["http-nio-8080"]
2021-10-01 12:41:20.551  INFO MacBook-Pro-di-Francesco.local --- [           main] o.a.c.c.StandardService                  : Starting service [Tomcat]
2021-10-01 12:41:20.552  INFO MacBook-Pro-di-Francesco.local --- [           main] o.a.c.c.StandardEngine                   : Starting Servlet engine: [Apache Tomcat/9.0.52]
2021-10-01 12:41:20.649  INFO MacBook-Pro-di-Francesco.local --- [           main] o.a.c.c.C.[.[.[/]                        : Initializing Spring embedded WebApplicationContext
2021-10-01 12:41:20.650  INFO MacBook-Pro-di-Francesco.local --- [           main] w.s.c.ServletWebServerApplicationContext : Root WebApplicationContext: initialization completed in 1653 ms
2021-10-01 12:41:20.872  INFO MacBook-Pro-di-Francesco.local --- [           main] o.h.j.i.u.LogHelper                      : HHH000204: Processing PersistenceUnitInfo [name: default]
2021-10-01 12:41:20.940  INFO MacBook-Pro-di-Francesco.local --- [           main] o.h.Version                              : HHH000412: Hibernate ORM core version 5.4.32.Final
2021-10-01 12:41:21.121  INFO MacBook-Pro-di-Francesco.local --- [           main] o.h.a.c.Version                          : HCANN000001: Hibernate Commons Annotations {5.1.2.Final}
2021-10-01 12:41:21.285  INFO MacBook-Pro-di-Francesco.local --- [           main] c.z.h.HikariDataSource                   : HikariPool-1 - Starting...
2021-10-01 12:41:21.867  INFO MacBook-Pro-di-Francesco.local --- [           main] c.z.h.HikariDataSource                   : HikariPool-1 - Start completed.
2021-10-01 12:41:21.925  INFO MacBook-Pro-di-Francesco.local --- [           main] o.h.d.Dialect                            : HHH000400: Using dialect: org.hibernate.dialect.MySQL8Dialect
2021-10-01 12:41:22.839  INFO MacBook-Pro-di-Francesco.local --- [           main] o.h.e.t.j.p.i.JtaPlatformInitiator       : HHH000490: Using JtaPlatform implementation: [org.hibernate.engine.transaction.jta.platform.internal.NoJtaPlatform]
2021-10-01 12:41:22.850  INFO MacBook-Pro-di-Francesco.local --- [           main] j.LocalContainerEntityManagerFactoryBean : Initialized JPA EntityManagerFactory for persistence unit 'default'
2021-10-01 12:41:23.461  WARN MacBook-Pro-di-Francesco.local --- [           main] JpaBaseConfiguration$JpaWebConfiguration : spring.jpa.open-in-view is enabled by default. Therefore, database queries may be performed during view rendering. Explicitly configure spring.jpa.open-in-view to disable this warning
2021-10-01 12:41:23.516  INFO MacBook-Pro-di-Francesco.local --- [           main] c.p.s.WebSecurityConfig                  : authenticationManagerBean() - start
2021-10-01 12:41:23.516  INFO MacBook-Pro-di-Francesco.local --- [           main] c.p.s.WebSecurityConfig                  : authenticationManagerBean() - end
2021-10-01 12:41:23.732  INFO MacBook-Pro-di-Francesco.local --- [           main] c.p.s.WebSecurityConfig                  : configure(http) - start
2021-10-01 12:41:23.734  INFO MacBook-Pro-di-Francesco.local --- [           main] c.p.s.JwtTokenFilterConfigurer           : JwtTokenFilterConfigurer() - start
2021-10-01 12:41:23.735  INFO MacBook-Pro-di-Francesco.local --- [           main] c.p.s.JwtTokenFilterConfigurer           : JwtTokenFilterConfigurer() - end
2021-10-01 12:41:23.735  INFO MacBook-Pro-di-Francesco.local --- [           main] c.p.s.WebSecurityConfig                  : configure(http) - end
2021-10-01 12:41:23.735  INFO MacBook-Pro-di-Francesco.local --- [           main] c.p.s.WebSecurityConfig                  : configure(web) - start
2021-10-01 12:41:23.736  INFO MacBook-Pro-di-Francesco.local --- [           main] c.p.s.WebSecurityConfig                  : configure(http) - end
2021-10-01 12:41:23.736  INFO MacBook-Pro-di-Francesco.local --- [           main] o.s.s.w.DefaultSecurityFilterChain       : Will secure Ant [pattern='/v2/api-docs'] with []
2021-10-01 12:41:23.737  INFO MacBook-Pro-di-Francesco.local --- [           main] o.s.s.w.DefaultSecurityFilterChain       : Will secure Ant [pattern='/swagger-resources/**'] with []
2021-10-01 12:41:23.737  INFO MacBook-Pro-di-Francesco.local --- [           main] o.s.s.w.DefaultSecurityFilterChain       : Will secure Ant [pattern='/swagger-ui.html'] with []
2021-10-01 12:41:23.737  INFO MacBook-Pro-di-Francesco.local --- [           main] o.s.s.w.DefaultSecurityFilterChain       : Will secure Ant [pattern='/configuration/**'] with []
2021-10-01 12:41:23.737  INFO MacBook-Pro-di-Francesco.local --- [           main] o.s.s.w.DefaultSecurityFilterChain       : Will secure Ant [pattern='/webjars/**'] with []
2021-10-01 12:41:23.737  INFO MacBook-Pro-di-Francesco.local --- [           main] o.s.s.w.DefaultSecurityFilterChain       : Will secure Ant [pattern='/auth/login'] with []
2021-10-01 12:41:23.737  INFO MacBook-Pro-di-Francesco.local --- [           main] o.s.s.w.DefaultSecurityFilterChain       : Will secure Ant [pattern='/h2-console/**/**'] with []
2021-10-01 12:41:23.813  INFO MacBook-Pro-di-Francesco.local --- [           main] c.p.s.WebSecurityConfig                  : addCorsMappings() - start
2021-10-01 12:41:23.814  INFO MacBook-Pro-di-Francesco.local --- [           main] c.p.s.WebSecurityConfig                  : addCorsMappings() - end
2021-10-01 12:41:23.976  INFO MacBook-Pro-di-Francesco.local --- [           main] c.p.s.JwtTokenFilterConfigurer           : configure() - start
2021-10-01 12:41:23.977  INFO MacBook-Pro-di-Francesco.local --- [           main] c.p.s.JwtTokenFilterConfigurer           : configure() - end
2021-10-01 12:41:23.977  INFO MacBook-Pro-di-Francesco.local --- [           main] o.s.s.w.DefaultSecurityFilterChain       : Will secure any request with [org.springframework.security.web.context.request.async.WebAsyncManagerIntegrationFilter@178617da, org.springframework.security.web.context.SecurityContextPersistenceFilter@1f4b8027, org.springframework.security.web.header.HeaderWriterFilter@218fc40d, org.springframework.web.filter.CorsFilter@d408c5d, org.springframework.security.web.authentication.logout.LogoutFilter@58267ba1, com.portaleps.security.JwtTokenFilter@74ed1d35, org.springframework.security.web.savedrequest.RequestCacheAwareFilter@769b1d1c, org.springframework.security.web.servletapi.SecurityContextHolderAwareRequestFilter@16a14076, org.springframework.security.web.authentication.AnonymousAuthenticationFilter@7acf07b2, org.springframework.security.web.session.SessionManagementFilter@37823482, org.springframework.security.web.access.ExceptionTranslationFilter@3e574f9c, org.springframework.security.web.access.intercept.FilterSecurityInterceptor@5af47414]
2021-10-01 12:41:24.207  INFO MacBook-Pro-di-Francesco.local --- [           main] o.a.c.h.Http11NioProtocol                : Starting ProtocolHandler ["http-nio-8080"]
2021-10-01 12:41:24.236  INFO MacBook-Pro-di-Francesco.local --- [           main] o.s.b.w.e.t.TomcatWebServer              : Tomcat started on port(s): 8080 (http) with context path ''
2021-10-01 12:41:24.244  INFO MacBook-Pro-di-Francesco.local --- [           main] c.p.PortalepsApplication                 : Started PortalepsApplication in 6.385 seconds (JVM running for 12.541)
2021-10-01 12:41:24.430  INFO MacBook-Pro-di-Francesco.local --- [           main] c.p.PortalepsApplication                 : initFolders() - start
2021-10-01 12:41:24.432  INFO MacBook-Pro-di-Francesco.local --- [           main] c.p.PortalepsApplication                 : initFolders() - folders created
2021-10-01 12:41:24.432  INFO MacBook-Pro-di-Francesco.local --- [           main] c.p.PortalepsApplication                 : initFolders() - end
2021-10-01 12:48:33.121  INFO MacBook-Pro-di-Francesco.local --- [ionShutdownHook] j.LocalContainerEntityManagerFactoryBean : Closing JPA EntityManagerFactory for persistence unit 'default'
2021-10-01 12:48:33.134  INFO MacBook-Pro-di-Francesco.local --- [ionShutdownHook] c.z.h.HikariDataSource                   : HikariPool-1 - Shutdown initiated...
2021-10-01 12:48:33.174  INFO MacBook-Pro-di-Francesco.local --- [ionShutdownHook] c.z.h.HikariDataSource                   : HikariPool-1 - Shutdown completed.
