2021-10-13 11:36:38.208  INFO MacBook-Pro-di-Francesco.local --- [           main] c.p.PortalepsApplication                 : Starting PortalepsApplication using Java 11.0.12 on MacBook-Pro-di-Francesco.local with PID 38703 (/Users/merjf/Documents/Work/Projects/Messina/Pronto Soccorso Messina/aspme-ps-repo/target/classes started by merjf in /Users/merjf/Documents/Work/Projects/Messina/Pronto Soccorso Messina/aspme-ps-repo)
2021-10-13 11:36:38.220  INFO MacBook-Pro-di-Francesco.local --- [           main] c.p.PortalepsApplication                 : No active profile set, falling back to default profiles: default
2021-10-13 11:36:39.127  INFO MacBook-Pro-di-Francesco.local --- [           main] .s.d.r.c.RepositoryConfigurationDelegate : Bootstrapping Spring Data JPA repositories in DEFAULT mode.
2021-10-13 11:36:39.217  INFO MacBook-Pro-di-Francesco.local --- [           main] .s.d.r.c.RepositoryConfigurationDelegate : Finished Spring Data repository scanning in 78 ms. Found 3 JPA repository interfaces.
2021-10-13 11:36:39.591  INFO MacBook-Pro-di-Francesco.local --- [           main] trationDelegate$BeanPostProcessorChecker : Bean 'org.springframework.security.access.expression.method.DefaultMethodSecurityExpressionHandler@7237f3c1' of type [org.springframework.security.access.expression.method.DefaultMethodSecurityExpressionHandler] is not eligible for getting processed by all BeanPostProcessors (for example: not eligible for auto-proxying)
2021-10-13 11:36:39.596  INFO MacBook-Pro-di-Francesco.local --- [           main] trationDelegate$BeanPostProcessorChecker : Bean 'methodSecurityMetadataSource' of type [org.springframework.security.access.method.DelegatingMethodSecurityMetadataSource] is not eligible for getting processed by all BeanPostProcessors (for example: not eligible for auto-proxying)
2021-10-13 11:36:39.891  INFO MacBook-Pro-di-Francesco.local --- [           main] o.s.b.w.e.t.TomcatWebServer              : Tomcat initialized with port(s): 8080 (http)
2021-10-13 11:36:39.902  INFO MacBook-Pro-di-Francesco.local --- [           main] o.a.c.h.Http11NioProtocol                : Initializing ProtocolHandler ["http-nio-8080"]
2021-10-13 11:36:39.903  INFO MacBook-Pro-di-Francesco.local --- [           main] o.a.c.c.StandardService                  : Starting service [Tomcat]
2021-10-13 11:36:39.904  INFO MacBook-Pro-di-Francesco.local --- [           main] o.a.c.c.StandardEngine                   : Starting Servlet engine: [Apache Tomcat/9.0.52]
2021-10-13 11:36:40.014  INFO MacBook-Pro-di-Francesco.local --- [           main] o.a.c.c.C.[.[.[/]                        : Initializing Spring embedded WebApplicationContext
2021-10-13 11:36:40.014  INFO MacBook-Pro-di-Francesco.local --- [           main] w.s.c.ServletWebServerApplicationContext : Root WebApplicationContext: initialization completed in 1729 ms
2021-10-13 11:36:40.227  INFO MacBook-Pro-di-Francesco.local --- [           main] o.h.j.i.u.LogHelper                      : HHH000204: Processing PersistenceUnitInfo [name: default]
2021-10-13 11:36:40.297  INFO MacBook-Pro-di-Francesco.local --- [           main] o.h.Version                              : HHH000412: Hibernate ORM core version 5.4.32.Final
2021-10-13 11:36:40.485  INFO MacBook-Pro-di-Francesco.local --- [           main] o.h.a.c.Version                          : HCANN000001: Hibernate Commons Annotations {5.1.2.Final}
2021-10-13 11:36:40.621  INFO MacBook-Pro-di-Francesco.local --- [           main] c.z.h.HikariDataSource                   : HikariPool-1 - Starting...
2021-10-13 11:36:40.627  WARN MacBook-Pro-di-Francesco.local --- [           main] c.z.h.u.DriverDataSource                 : Registered driver with driverClassName=com.mysql.jdbc.Driver was not found, trying direct instantiation.
2021-10-13 11:36:41.138  INFO MacBook-Pro-di-Francesco.local --- [           main] c.z.h.HikariDataSource                   : HikariPool-1 - Start completed.
2021-10-13 11:36:41.177  INFO MacBook-Pro-di-Francesco.local --- [           main] o.h.d.Dialect                            : HHH000400: Using dialect: org.hibernate.dialect.MySQL8Dialect
2021-10-13 11:36:42.110  INFO MacBook-Pro-di-Francesco.local --- [           main] o.h.e.t.j.p.i.JtaPlatformInitiator       : HHH000490: Using JtaPlatform implementation: [org.hibernate.engine.transaction.jta.platform.internal.NoJtaPlatform]
2021-10-13 11:36:42.124  INFO MacBook-Pro-di-Francesco.local --- [           main] j.LocalContainerEntityManagerFactoryBean : Initialized JPA EntityManagerFactory for persistence unit 'default'
2021-10-13 11:36:42.879  WARN MacBook-Pro-di-Francesco.local --- [           main] JpaBaseConfiguration$JpaWebConfiguration : spring.jpa.open-in-view is enabled by default. Therefore, database queries may be performed during view rendering. Explicitly configure spring.jpa.open-in-view to disable this warning
2021-10-13 11:36:42.926  INFO MacBook-Pro-di-Francesco.local --- [           main] c.p.s.WebSecurityConfig                  : authenticationManagerBean() - start
2021-10-13 11:36:42.926  INFO MacBook-Pro-di-Francesco.local --- [           main] c.p.s.WebSecurityConfig                  : authenticationManagerBean() - end
2021-10-13 11:36:43.131  INFO MacBook-Pro-di-Francesco.local --- [           main] c.p.s.WebSecurityConfig                  : configure(http) - start
2021-10-13 11:36:43.134  INFO MacBook-Pro-di-Francesco.local --- [           main] c.p.s.JwtTokenFilterConfigurer           : JwtTokenFilterConfigurer() - start
2021-10-13 11:36:43.134  INFO MacBook-Pro-di-Francesco.local --- [           main] c.p.s.JwtTokenFilterConfigurer           : JwtTokenFilterConfigurer() - end
2021-10-13 11:36:43.135  INFO MacBook-Pro-di-Francesco.local --- [           main] c.p.s.WebSecurityConfig                  : configure(http) - end
2021-10-13 11:36:43.135  INFO MacBook-Pro-di-Francesco.local --- [           main] c.p.s.WebSecurityConfig                  : configure(web) - start
2021-10-13 11:36:43.135  INFO MacBook-Pro-di-Francesco.local --- [           main] c.p.s.WebSecurityConfig                  : configure(http) - end
2021-10-13 11:36:43.136  INFO MacBook-Pro-di-Francesco.local --- [           main] o.s.s.w.DefaultSecurityFilterChain       : Will secure Ant [pattern='/v2/api-docs'] with []
2021-10-13 11:36:43.136  INFO MacBook-Pro-di-Francesco.local --- [           main] o.s.s.w.DefaultSecurityFilterChain       : Will secure Ant [pattern='/swagger-resources/**'] with []
2021-10-13 11:36:43.137  INFO MacBook-Pro-di-Francesco.local --- [           main] o.s.s.w.DefaultSecurityFilterChain       : Will secure Ant [pattern='/swagger-ui.html'] with []
2021-10-13 11:36:43.137  INFO MacBook-Pro-di-Francesco.local --- [           main] o.s.s.w.DefaultSecurityFilterChain       : Will secure Ant [pattern='/configuration/**'] with []
2021-10-13 11:36:43.137  INFO MacBook-Pro-di-Francesco.local --- [           main] o.s.s.w.DefaultSecurityFilterChain       : Will secure Ant [pattern='/webjars/**'] with []
2021-10-13 11:36:43.137  INFO MacBook-Pro-di-Francesco.local --- [           main] o.s.s.w.DefaultSecurityFilterChain       : Will secure Ant [pattern='/auth/login'] with []
2021-10-13 11:36:43.137  INFO MacBook-Pro-di-Francesco.local --- [           main] o.s.s.w.DefaultSecurityFilterChain       : Will secure Ant [pattern='/h2-console/**/**'] with []
2021-10-13 11:36:43.215  INFO MacBook-Pro-di-Francesco.local --- [           main] c.p.s.WebSecurityConfig                  : addCorsMappings() - start
2021-10-13 11:36:43.216  INFO MacBook-Pro-di-Francesco.local --- [           main] c.p.s.WebSecurityConfig                  : addCorsMappings() - end
2021-10-13 11:36:43.369  INFO MacBook-Pro-di-Francesco.local --- [           main] c.p.s.JwtTokenFilterConfigurer           : configure() - start
2021-10-13 11:36:43.370  INFO MacBook-Pro-di-Francesco.local --- [           main] c.p.s.JwtTokenFilterConfigurer           : configure() - end
2021-10-13 11:36:43.370  INFO MacBook-Pro-di-Francesco.local --- [           main] o.s.s.w.DefaultSecurityFilterChain       : Will secure any request with [org.springframework.security.web.context.request.async.WebAsyncManagerIntegrationFilter@3054cdd3, org.springframework.security.web.context.SecurityContextPersistenceFilter@5cd2adc7, org.springframework.security.web.header.HeaderWriterFilter@4769e70c, org.springframework.web.filter.CorsFilter@755a4ef5, org.springframework.security.web.authentication.logout.LogoutFilter@76ffd052, com.portaleps.security.JwtTokenFilter@6eff05e7, org.springframework.security.web.savedrequest.RequestCacheAwareFilter@35bf6dba, org.springframework.security.web.servletapi.SecurityContextHolderAwareRequestFilter@499445d2, org.springframework.security.web.authentication.AnonymousAuthenticationFilter@1002c49e, org.springframework.security.web.session.SessionManagementFilter@e60c466, org.springframework.security.web.access.ExceptionTranslationFilter@c5e7696, org.springframework.security.web.access.intercept.FilterSecurityInterceptor@3ce4eb42]
2021-10-13 11:36:43.644  INFO MacBook-Pro-di-Francesco.local --- [           main] o.a.c.h.Http11NioProtocol                : Starting ProtocolHandler ["http-nio-8080"]
2021-10-13 11:36:43.684  INFO MacBook-Pro-di-Francesco.local --- [           main] o.s.b.w.e.t.TomcatWebServer              : Tomcat started on port(s): 8080 (http) with context path ''
2021-10-13 11:36:43.694  INFO MacBook-Pro-di-Francesco.local --- [           main] c.p.PortalepsApplication                 : Started PortalepsApplication in 6.3 seconds (JVM running for 12.433)
2021-10-13 11:36:43.980  INFO MacBook-Pro-di-Francesco.local --- [           main] c.p.PortalepsApplication                 : initFolders() - start
2021-10-13 11:36:43.982  INFO MacBook-Pro-di-Francesco.local --- [           main] c.p.PortalepsApplication                 : initFolders() - folders created
2021-10-13 11:36:43.982  INFO MacBook-Pro-di-Francesco.local --- [           main] c.p.PortalepsApplication                 : initFolders() - end
2021-10-13 11:36:53.314  INFO MacBook-Pro-di-Francesco.local --- [nio-8080-exec-1] o.a.c.c.C.[.[.[/]                        : Initializing Spring DispatcherServlet 'dispatcherServlet'
2021-10-13 11:36:53.315  INFO MacBook-Pro-di-Francesco.local --- [nio-8080-exec-1] o.s.w.s.DispatcherServlet                : Initializing Servlet 'dispatcherServlet'
2021-10-13 11:36:53.316  INFO MacBook-Pro-di-Francesco.local --- [nio-8080-exec-1] o.s.w.s.DispatcherServlet                : Completed initialization in 1 ms
2021-10-13 11:36:53.433  INFO MacBook-Pro-di-Francesco.local --- [nio-8080-exec-2] c.p.c.AuthController                     : login() - start
2021-10-13 11:36:53.447  INFO MacBook-Pro-di-Francesco.local --- [nio-8080-exec-2] c.p.c.AuthController                     : Richieta con body [{"username":"admin","password":"admin"}]
2021-10-13 11:36:53.448  INFO MacBook-Pro-di-Francesco.local --- [nio-8080-exec-2] c.p.h.UserHelper                         : login() - start
2021-10-13 11:36:53.840  INFO MacBook-Pro-di-Francesco.local --- [nio-8080-exec-2] c.p.h.UserHelper                         : loadUserByUsername() - start
2021-10-13 11:36:53.841  INFO MacBook-Pro-di-Francesco.local --- [nio-8080-exec-2] c.p.h.UserHelper                         : loadUserByUsername() - end
2021-10-13 11:36:54.230  INFO MacBook-Pro-di-Francesco.local --- [nio-8080-exec-2] c.p.h.UserHelper                         : loadUserByToken() - start
2021-10-13 11:36:54.253  INFO MacBook-Pro-di-Francesco.local --- [nio-8080-exec-2] c.p.h.UserHelper                         : loadUserByToken() - end
2021-10-13 11:36:54.253  INFO MacBook-Pro-di-Francesco.local --- [nio-8080-exec-2] c.p.h.UserHelper                         : login() - end
2021-10-13 11:36:54.258  INFO MacBook-Pro-di-Francesco.local --- [nio-8080-exec-2] c.p.s.UserService                        : getUserDTO() - start
2021-10-13 11:36:54.268  INFO MacBook-Pro-di-Francesco.local --- [nio-8080-exec-2] c.p.s.UserService                        : toDto() - start
2021-10-13 11:36:54.268  INFO MacBook-Pro-di-Francesco.local --- [nio-8080-exec-2] c.p.s.UserService                        : toDto() - end
2021-10-13 11:36:54.306  INFO MacBook-Pro-di-Francesco.local --- [nio-8080-exec-2] c.p.s.ArchiveService                     : getArchivesByUser() - start
2021-10-13 11:36:54.332  INFO MacBook-Pro-di-Francesco.local --- [nio-8080-exec-2] c.p.s.ArchiveService                     : getArchivesByUser() - end
2021-10-13 11:36:54.332  INFO MacBook-Pro-di-Francesco.local --- [nio-8080-exec-2] c.p.c.AuthController                     : login() - login success
2021-10-13 11:36:54.332  INFO MacBook-Pro-di-Francesco.local --- [nio-8080-exec-2] c.p.c.AuthController                     : login() - end
2021-10-13 11:36:54.400  INFO MacBook-Pro-di-Francesco.local --- [nio-8080-exec-3] c.p.s.JwtTokenFilter                     : doFilterInternal() - start
2021-10-13 11:36:54.402  INFO MacBook-Pro-di-Francesco.local --- [nio-8080-exec-3] c.p.h.UserHelper                         : loadUserByToken() - start
2021-10-13 11:36:54.403  INFO MacBook-Pro-di-Francesco.local --- [nio-8080-exec-3] c.p.h.UserHelper                         : loadUserByToken() - end
2021-10-13 11:36:54.416  INFO MacBook-Pro-di-Francesco.local --- [nio-8080-exec-3] c.p.c.ArchiveController                  : getMyArchives() - start
2021-10-13 11:36:54.416  INFO MacBook-Pro-di-Francesco.local --- [nio-8080-exec-3] c.p.h.UserHelper                         : getCurrentUser() - start
2021-10-13 11:36:54.417  INFO MacBook-Pro-di-Francesco.local --- [nio-8080-exec-3] c.p.h.UserHelper                         : getCurrentUser() - end
2021-10-13 11:36:54.428  INFO MacBook-Pro-di-Francesco.local --- [nio-8080-exec-3] c.p.c.ArchiveController                  : Richieta da utente [admin]
2021-10-13 11:36:54.428  INFO MacBook-Pro-di-Francesco.local --- [nio-8080-exec-3] c.p.s.ArchiveService                     : getArchivesByUser() - start
2021-10-13 11:36:54.428  INFO MacBook-Pro-di-Francesco.local --- [nio-8080-exec-3] c.p.h.UserHelper                         : getCurrentUser() - start
2021-10-13 11:36:54.429  INFO MacBook-Pro-di-Francesco.local --- [nio-8080-exec-3] c.p.h.UserHelper                         : getCurrentUser() - end
2021-10-13 11:36:54.441  INFO MacBook-Pro-di-Francesco.local --- [nio-8080-exec-3] c.p.s.ArchiveService                     : getArchivesByUser() - end
2021-10-13 11:36:54.442  INFO MacBook-Pro-di-Francesco.local --- [nio-8080-exec-3] c.p.c.ArchiveController                  : getMyArchives() - end
2021-10-13 11:36:54.453  INFO MacBook-Pro-di-Francesco.local --- [nio-8080-exec-3] c.p.s.JwtTokenFilter                     : doFilterInternal() - end
2021-10-13 11:36:54.719  INFO MacBook-Pro-di-Francesco.local --- [nio-8080-exec-4] c.p.s.JwtTokenFilter                     : doFilterInternal() - start
2021-10-13 11:36:54.720  INFO MacBook-Pro-di-Francesco.local --- [nio-8080-exec-4] c.p.h.UserHelper                         : loadUserByToken() - start
2021-10-13 11:36:54.721  INFO MacBook-Pro-di-Francesco.local --- [nio-8080-exec-4] c.p.h.UserHelper                         : loadUserByToken() - end
2021-10-13 11:36:54.722  INFO MacBook-Pro-di-Francesco.local --- [nio-8080-exec-4] c.p.c.ArchiveController                  : getMyArchives() - start
2021-10-13 11:36:54.722  INFO MacBook-Pro-di-Francesco.local --- [nio-8080-exec-4] c.p.h.UserHelper                         : getCurrentUser() - start
2021-10-13 11:36:54.722  INFO MacBook-Pro-di-Francesco.local --- [nio-8080-exec-4] c.p.h.UserHelper                         : getCurrentUser() - end
2021-10-13 11:36:54.725  INFO MacBook-Pro-di-Francesco.local --- [nio-8080-exec-4] c.p.c.ArchiveController                  : Richieta da utente [admin]
2021-10-13 11:36:54.725  INFO MacBook-Pro-di-Francesco.local --- [nio-8080-exec-4] c.p.s.ArchiveService                     : getArchivesByUser() - start
2021-10-13 11:36:54.725  INFO MacBook-Pro-di-Francesco.local --- [nio-8080-exec-4] c.p.h.UserHelper                         : getCurrentUser() - start
2021-10-13 11:36:54.725  INFO MacBook-Pro-di-Francesco.local --- [nio-8080-exec-4] c.p.h.UserHelper                         : getCurrentUser() - end
2021-10-13 11:36:54.730  INFO MacBook-Pro-di-Francesco.local --- [nio-8080-exec-4] c.p.s.ArchiveService                     : getArchivesByUser() - end
2021-10-13 11:36:54.730  INFO MacBook-Pro-di-Francesco.local --- [nio-8080-exec-4] c.p.c.ArchiveController                  : getMyArchives() - end
2021-10-13 11:36:54.732  INFO MacBook-Pro-di-Francesco.local --- [nio-8080-exec-4] c.p.s.JwtTokenFilter                     : doFilterInternal() - end
2021-10-13 11:36:54.740  INFO MacBook-Pro-di-Francesco.local --- [nio-8080-exec-5] c.p.s.JwtTokenFilter                     : doFilterInternal() - start
2021-10-13 11:36:54.741  INFO MacBook-Pro-di-Francesco.local --- [nio-8080-exec-5] c.p.h.UserHelper                         : loadUserByToken() - start
2021-10-13 11:36:54.742  INFO MacBook-Pro-di-Francesco.local --- [nio-8080-exec-5] c.p.h.UserHelper                         : loadUserByToken() - end
2021-10-13 11:36:54.744  INFO MacBook-Pro-di-Francesco.local --- [nio-8080-exec-5] c.p.c.ArchiveController                  : getMyArchives() - start
2021-10-13 11:36:54.744  INFO MacBook-Pro-di-Francesco.local --- [nio-8080-exec-5] c.p.h.UserHelper                         : getCurrentUser() - start
2021-10-13 11:36:54.744  INFO MacBook-Pro-di-Francesco.local --- [nio-8080-exec-5] c.p.h.UserHelper                         : getCurrentUser() - end
2021-10-13 11:36:54.748  INFO MacBook-Pro-di-Francesco.local --- [nio-8080-exec-5] c.p.c.ArchiveController                  : Richieta da utente [admin]
2021-10-13 11:36:54.748  INFO MacBook-Pro-di-Francesco.local --- [nio-8080-exec-5] c.p.s.ArchiveService                     : getArchivesByUser() - start
2021-10-13 11:36:54.748  INFO MacBook-Pro-di-Francesco.local --- [nio-8080-exec-5] c.p.h.UserHelper                         : getCurrentUser() - start
2021-10-13 11:36:54.748  INFO MacBook-Pro-di-Francesco.local --- [nio-8080-exec-5] c.p.h.UserHelper                         : getCurrentUser() - end
2021-10-13 11:36:54.753  INFO MacBook-Pro-di-Francesco.local --- [nio-8080-exec-5] c.p.s.ArchiveService                     : getArchivesByUser() - end
2021-10-13 11:36:54.753  INFO MacBook-Pro-di-Francesco.local --- [nio-8080-exec-5] c.p.c.ArchiveController                  : getMyArchives() - end
2021-10-13 11:36:54.755  INFO MacBook-Pro-di-Francesco.local --- [nio-8080-exec-5] c.p.s.JwtTokenFilter                     : doFilterInternal() - end
2021-10-13 11:36:57.827  INFO MacBook-Pro-di-Francesco.local --- [nio-8080-exec-8] c.p.s.JwtTokenFilter                     : doFilterInternal() - start
2021-10-13 11:36:57.829  INFO MacBook-Pro-di-Francesco.local --- [nio-8080-exec-8] c.p.h.UserHelper                         : loadUserByToken() - start
2021-10-13 11:36:57.830  INFO MacBook-Pro-di-Francesco.local --- [nio-8080-exec-9] c.p.s.JwtTokenFilter                     : doFilterInternal() - start
2021-10-13 11:36:57.831  INFO MacBook-Pro-di-Francesco.local --- [nio-8080-exec-8] c.p.h.UserHelper                         : loadUserByToken() - end
2021-10-13 11:36:57.832  INFO MacBook-Pro-di-Francesco.local --- [nio-8080-exec-9] c.p.h.UserHelper                         : loadUserByToken() - start
2021-10-13 11:36:57.833  INFO MacBook-Pro-di-Francesco.local --- [nio-8080-exec-9] c.p.h.UserHelper                         : loadUserByToken() - end
2021-10-13 11:36:57.834  INFO MacBook-Pro-di-Francesco.local --- [nio-8080-exec-9] c.p.c.ArchiveController                  : getAllArchives() - start
2021-10-13 11:36:57.834  INFO MacBook-Pro-di-Francesco.local --- [nio-8080-exec-9] c.p.h.UserHelper                         : getCurrentUser() - start
2021-10-13 11:36:57.835  INFO MacBook-Pro-di-Francesco.local --- [nio-8080-exec-9] c.p.h.UserHelper                         : getCurrentUser() - end
2021-10-13 11:36:57.839  INFO MacBook-Pro-di-Francesco.local --- [nio-8080-exec-8] c.p.c.UserController                     : getUserList() - start
2021-10-13 11:36:57.839  INFO MacBook-Pro-di-Francesco.local --- [nio-8080-exec-8] c.p.h.UserHelper                         : getCurrentUser() - start
2021-10-13 11:36:57.840  INFO MacBook-Pro-di-Francesco.local --- [nio-8080-exec-8] c.p.h.UserHelper                         : getCurrentUser() - end
2021-10-13 11:36:57.840  INFO MacBook-Pro-di-Francesco.local --- [nio-8080-exec-9] c.p.c.ArchiveController                  : Richieta da utente [admin]
2021-10-13 11:36:57.840  INFO MacBook-Pro-di-Francesco.local --- [nio-8080-exec-9] c.p.h.UserHelper                         : isAdmin() - start
2021-10-13 11:36:57.840  INFO MacBook-Pro-di-Francesco.local --- [nio-8080-exec-9] c.p.h.UserHelper                         : isAdmin() - end
2021-10-13 11:36:57.841  INFO MacBook-Pro-di-Francesco.local --- [nio-8080-exec-9] c.p.s.ArchiveService                     : getArchivesByUser() - start
2021-10-13 11:36:57.842  INFO MacBook-Pro-di-Francesco.local --- [nio-8080-exec-9] c.p.h.UserHelper                         : getCurrentUser() - start
2021-10-13 11:36:57.842  INFO MacBook-Pro-di-Francesco.local --- [nio-8080-exec-9] c.p.h.UserHelper                         : getCurrentUser() - end
2021-10-13 11:36:57.846  INFO MacBook-Pro-di-Francesco.local --- [nio-8080-exec-8] c.p.c.UserController                     : Richieta da utente [admin]
2021-10-13 11:36:57.846  INFO MacBook-Pro-di-Francesco.local --- [nio-8080-exec-8] c.p.h.UserHelper                         : isAdmin() - start
2021-10-13 11:36:57.846  INFO MacBook-Pro-di-Francesco.local --- [nio-8080-exec-8] c.p.h.UserHelper                         : isAdmin() - end
2021-10-13 11:36:57.846  INFO MacBook-Pro-di-Francesco.local --- [nio-8080-exec-8] c.p.s.UserService                        : getUserList() - start
2021-10-13 11:36:57.848  INFO MacBook-Pro-di-Francesco.local --- [nio-8080-exec-9] c.p.s.ArchiveService                     : getArchivesByUser() - end
2021-10-13 11:36:57.850  INFO MacBook-Pro-di-Francesco.local --- [nio-8080-exec-9] c.p.s.JwtTokenFilter                     : doFilterInternal() - end
2021-10-13 11:36:57.874  INFO MacBook-Pro-di-Francesco.local --- [nio-8080-exec-8] c.p.s.UserService                        : toDto() - start
2021-10-13 11:36:57.874  INFO MacBook-Pro-di-Francesco.local --- [nio-8080-exec-8] c.p.s.UserService                        : toDto() - end
2021-10-13 11:36:57.875  INFO MacBook-Pro-di-Francesco.local --- [nio-8080-exec-8] c.p.s.ArchiveService                     : getArchivesByUser() - start
2021-10-13 11:36:57.878  INFO MacBook-Pro-di-Francesco.local --- [nio-8080-exec-8] c.p.s.ArchiveService                     : getArchivesByUser() - end
2021-10-13 11:36:57.879  INFO MacBook-Pro-di-Francesco.local --- [nio-8080-exec-8] c.p.s.UserService                        : toDto() - start
2021-10-13 11:36:57.879  INFO MacBook-Pro-di-Francesco.local --- [nio-8080-exec-8] c.p.s.UserService                        : toDto() - end
2021-10-13 11:36:57.879  INFO MacBook-Pro-di-Francesco.local --- [nio-8080-exec-8] c.p.s.ArchiveService                     : getArchivesByUser() - start
2021-10-13 11:36:57.881  INFO MacBook-Pro-di-Francesco.local --- [nio-8080-exec-8] c.p.s.ArchiveService                     : getArchivesByUser() - end
2021-10-13 11:36:57.882  INFO MacBook-Pro-di-Francesco.local --- [nio-8080-exec-8] c.p.s.UserService                        : getUserList() - end
2021-10-13 11:36:57.882  INFO MacBook-Pro-di-Francesco.local --- [nio-8080-exec-8] c.p.c.UserController                     : getUserList() - user list found
2021-10-13 11:36:57.882  INFO MacBook-Pro-di-Francesco.local --- [nio-8080-exec-8] c.p.c.UserController                     : getUserList() - end
2021-10-13 11:36:57.886  INFO MacBook-Pro-di-Francesco.local --- [nio-8080-exec-8] c.p.s.JwtTokenFilter                     : doFilterInternal() - end
2021-10-13 11:39:46.064  INFO MacBook-Pro-di-Francesco.local --- [nio-8080-exec-2] c.p.s.JwtTokenFilter                     : doFilterInternal() - start
2021-10-13 11:39:46.078  INFO MacBook-Pro-di-Francesco.local --- [nio-8080-exec-2] c.p.h.UserHelper                         : loadUserByToken() - start
2021-10-13 11:39:46.079  INFO MacBook-Pro-di-Francesco.local --- [nio-8080-exec-2] c.p.h.UserHelper                         : loadUserByToken() - end
2021-10-13 11:39:46.089  INFO MacBook-Pro-di-Francesco.local --- [nio-8080-exec-2] c.p.c.ArchiveController                  : getMyArchives() - start
2021-10-13 11:39:46.089  INFO MacBook-Pro-di-Francesco.local --- [nio-8080-exec-2] c.p.h.UserHelper                         : getCurrentUser() - start
2021-10-13 11:39:46.089  INFO MacBook-Pro-di-Francesco.local --- [nio-8080-exec-2] c.p.h.UserHelper                         : getCurrentUser() - end
2021-10-13 11:39:46.117  INFO MacBook-Pro-di-Francesco.local --- [nio-8080-exec-2] c.p.c.ArchiveController                  : Richieta da utente [admin]
2021-10-13 11:39:46.118  INFO MacBook-Pro-di-Francesco.local --- [nio-8080-exec-2] c.p.s.ArchiveService                     : getArchivesByUser() - start
2021-10-13 11:39:46.118  INFO MacBook-Pro-di-Francesco.local --- [nio-8080-exec-2] c.p.h.UserHelper                         : getCurrentUser() - start
2021-10-13 11:39:46.118  INFO MacBook-Pro-di-Francesco.local --- [nio-8080-exec-2] c.p.h.UserHelper                         : getCurrentUser() - end
2021-10-13 11:39:46.128  INFO MacBook-Pro-di-Francesco.local --- [nio-8080-exec-2] c.p.s.ArchiveService                     : getArchivesByUser() - end
2021-10-13 11:39:46.129  INFO MacBook-Pro-di-Francesco.local --- [nio-8080-exec-2] c.p.c.ArchiveController                  : getMyArchives() - end
2021-10-13 11:39:46.141  INFO MacBook-Pro-di-Francesco.local --- [nio-8080-exec-3] c.p.s.JwtTokenFilter                     : doFilterInternal() - start
2021-10-13 11:39:46.143  INFO MacBook-Pro-di-Francesco.local --- [nio-8080-exec-3] c.p.h.UserHelper                         : loadUserByToken() - start
2021-10-13 11:39:46.143  INFO MacBook-Pro-di-Francesco.local --- [nio-8080-exec-4] c.p.s.JwtTokenFilter                     : doFilterInternal() - start
2021-10-13 11:39:46.144  INFO MacBook-Pro-di-Francesco.local --- [nio-8080-exec-3] c.p.h.UserHelper                         : loadUserByToken() - end
2021-10-13 11:39:46.144  INFO MacBook-Pro-di-Francesco.local --- [nio-8080-exec-4] c.p.h.UserHelper                         : loadUserByToken() - start
2021-10-13 11:39:46.145  INFO MacBook-Pro-di-Francesco.local --- [nio-8080-exec-2] c.p.s.JwtTokenFilter                     : doFilterInternal() - end
2021-10-13 11:39:46.145  INFO MacBook-Pro-di-Francesco.local --- [nio-8080-exec-4] c.p.h.UserHelper                         : loadUserByToken() - end
2021-10-13 11:39:46.145  INFO MacBook-Pro-di-Francesco.local --- [nio-8080-exec-3] c.p.c.UserController                     : getUserList() - start
2021-10-13 11:39:46.145  INFO MacBook-Pro-di-Francesco.local --- [nio-8080-exec-3] c.p.h.UserHelper                         : getCurrentUser() - start
2021-10-13 11:39:46.145  INFO MacBook-Pro-di-Francesco.local --- [nio-8080-exec-3] c.p.h.UserHelper                         : getCurrentUser() - end
2021-10-13 11:39:46.146  INFO MacBook-Pro-di-Francesco.local --- [nio-8080-exec-4] c.p.c.ArchiveController                  : getAllArchives() - start
2021-10-13 11:39:46.146  INFO MacBook-Pro-di-Francesco.local --- [nio-8080-exec-4] c.p.h.UserHelper                         : getCurrentUser() - start
2021-10-13 11:39:46.147  INFO MacBook-Pro-di-Francesco.local --- [nio-8080-exec-4] c.p.h.UserHelper                         : getCurrentUser() - end
2021-10-13 11:39:46.151  INFO MacBook-Pro-di-Francesco.local --- [nio-8080-exec-3] c.p.c.UserController                     : Richieta da utente [admin]
2021-10-13 11:39:46.152  INFO MacBook-Pro-di-Francesco.local --- [nio-8080-exec-3] c.p.h.UserHelper                         : isAdmin() - start
2021-10-13 11:39:46.152  INFO MacBook-Pro-di-Francesco.local --- [nio-8080-exec-3] c.p.h.UserHelper                         : isAdmin() - end
2021-10-13 11:39:46.154  INFO MacBook-Pro-di-Francesco.local --- [nio-8080-exec-3] c.p.s.UserService                        : getUserList() - start
2021-10-13 11:39:46.156  INFO MacBook-Pro-di-Francesco.local --- [nio-8080-exec-4] c.p.c.ArchiveController                  : Richieta da utente [admin]
2021-10-13 11:39:46.157  INFO MacBook-Pro-di-Francesco.local --- [nio-8080-exec-4] c.p.h.UserHelper                         : isAdmin() - start
2021-10-13 11:39:46.157  INFO MacBook-Pro-di-Francesco.local --- [nio-8080-exec-4] c.p.h.UserHelper                         : isAdmin() - end
2021-10-13 11:39:46.157  INFO MacBook-Pro-di-Francesco.local --- [nio-8080-exec-4] c.p.s.ArchiveService                     : getArchivesByUser() - start
2021-10-13 11:39:46.157  INFO MacBook-Pro-di-Francesco.local --- [nio-8080-exec-4] c.p.h.UserHelper                         : getCurrentUser() - start
2021-10-13 11:39:46.157  INFO MacBook-Pro-di-Francesco.local --- [nio-8080-exec-4] c.p.h.UserHelper                         : getCurrentUser() - end
2021-10-13 11:39:46.164  INFO MacBook-Pro-di-Francesco.local --- [nio-8080-exec-4] c.p.s.ArchiveService                     : getArchivesByUser() - end
2021-10-13 11:39:46.165  INFO MacBook-Pro-di-Francesco.local --- [nio-8080-exec-3] c.p.s.UserService                        : toDto() - start
2021-10-13 11:39:46.165  INFO MacBook-Pro-di-Francesco.local --- [nio-8080-exec-3] c.p.s.UserService                        : toDto() - end
2021-10-13 11:39:46.166  INFO MacBook-Pro-di-Francesco.local --- [nio-8080-exec-4] c.p.s.JwtTokenFilter                     : doFilterInternal() - end
2021-10-13 11:39:46.166  INFO MacBook-Pro-di-Francesco.local --- [nio-8080-exec-3] c.p.s.ArchiveService                     : getArchivesByUser() - start
2021-10-13 11:39:46.176  INFO MacBook-Pro-di-Francesco.local --- [nio-8080-exec-3] c.p.s.ArchiveService                     : getArchivesByUser() - end
2021-10-13 11:39:46.176  INFO MacBook-Pro-di-Francesco.local --- [nio-8080-exec-3] c.p.s.UserService                        : toDto() - start
2021-10-13 11:39:46.176  INFO MacBook-Pro-di-Francesco.local --- [nio-8080-exec-3] c.p.s.UserService                        : toDto() - end
2021-10-13 11:39:46.177  INFO MacBook-Pro-di-Francesco.local --- [nio-8080-exec-3] c.p.s.ArchiveService                     : getArchivesByUser() - start
2021-10-13 11:39:46.181  INFO MacBook-Pro-di-Francesco.local --- [nio-8080-exec-3] c.p.s.ArchiveService                     : getArchivesByUser() - end
2021-10-13 11:39:46.181  INFO MacBook-Pro-di-Francesco.local --- [nio-8080-exec-3] c.p.s.UserService                        : getUserList() - end
2021-10-13 11:39:46.181  INFO MacBook-Pro-di-Francesco.local --- [nio-8080-exec-3] c.p.c.UserController                     : getUserList() - user list found
2021-10-13 11:39:46.181  INFO MacBook-Pro-di-Francesco.local --- [nio-8080-exec-3] c.p.c.UserController                     : getUserList() - end
2021-10-13 11:39:46.183  INFO MacBook-Pro-di-Francesco.local --- [nio-8080-exec-3] c.p.s.JwtTokenFilter                     : doFilterInternal() - end
2021-10-13 11:42:50.024  INFO MacBook-Pro-di-Francesco.local --- [nio-8080-exec-8] c.p.s.JwtTokenFilter                     : doFilterInternal() - start
2021-10-13 11:42:50.040  INFO MacBook-Pro-di-Francesco.local --- [nio-8080-exec-8] c.p.h.UserHelper                         : loadUserByToken() - start
2021-10-13 11:42:50.041  INFO MacBook-Pro-di-Francesco.local --- [nio-8080-exec-8] c.p.h.UserHelper                         : loadUserByToken() - end
2021-10-13 11:42:50.053  INFO MacBook-Pro-di-Francesco.local --- [nio-8080-exec-8] c.p.c.ArchiveController                  : getMyArchives() - start
2021-10-13 11:42:50.053  INFO MacBook-Pro-di-Francesco.local --- [nio-8080-exec-8] c.p.h.UserHelper                         : getCurrentUser() - start
2021-10-13 11:42:50.053  INFO MacBook-Pro-di-Francesco.local --- [nio-8080-exec-8] c.p.h.UserHelper                         : getCurrentUser() - end
2021-10-13 11:42:50.083  INFO MacBook-Pro-di-Francesco.local --- [nio-8080-exec-8] c.p.c.ArchiveController                  : Richieta da utente [admin]
2021-10-13 11:42:50.083  INFO MacBook-Pro-di-Francesco.local --- [nio-8080-exec-8] c.p.s.ArchiveService                     : getArchivesByUser() - start
2021-10-13 11:42:50.083  INFO MacBook-Pro-di-Francesco.local --- [nio-8080-exec-8] c.p.h.UserHelper                         : getCurrentUser() - start
2021-10-13 11:42:50.084  INFO MacBook-Pro-di-Francesco.local --- [nio-8080-exec-8] c.p.h.UserHelper                         : getCurrentUser() - end
2021-10-13 11:42:50.095  INFO MacBook-Pro-di-Francesco.local --- [nio-8080-exec-1] c.p.s.JwtTokenFilter                     : doFilterInternal() - start
2021-10-13 11:42:50.096  INFO MacBook-Pro-di-Francesco.local --- [io-8080-exec-10] c.p.s.JwtTokenFilter                     : doFilterInternal() - start
2021-10-13 11:42:50.096  INFO MacBook-Pro-di-Francesco.local --- [nio-8080-exec-1] c.p.h.UserHelper                         : loadUserByToken() - start
2021-10-13 11:42:50.097  INFO MacBook-Pro-di-Francesco.local --- [io-8080-exec-10] c.p.h.UserHelper                         : loadUserByToken() - start
2021-10-13 11:42:50.097  INFO MacBook-Pro-di-Francesco.local --- [nio-8080-exec-1] c.p.h.UserHelper                         : loadUserByToken() - end
2021-10-13 11:42:50.098  INFO MacBook-Pro-di-Francesco.local --- [io-8080-exec-10] c.p.h.UserHelper                         : loadUserByToken() - end
2021-10-13 11:42:50.098  INFO MacBook-Pro-di-Francesco.local --- [nio-8080-exec-1] c.p.c.UserController                     : getUserList() - start
2021-10-13 11:42:50.098  INFO MacBook-Pro-di-Francesco.local --- [nio-8080-exec-1] c.p.h.UserHelper                         : getCurrentUser() - start
2021-10-13 11:42:50.099  INFO MacBook-Pro-di-Francesco.local --- [nio-8080-exec-1] c.p.h.UserHelper                         : getCurrentUser() - end
2021-10-13 11:42:50.099  INFO MacBook-Pro-di-Francesco.local --- [io-8080-exec-10] c.p.c.ArchiveController                  : getAllArchives() - start
2021-10-13 11:42:50.099  INFO MacBook-Pro-di-Francesco.local --- [io-8080-exec-10] c.p.h.UserHelper                         : getCurrentUser() - start
2021-10-13 11:42:50.100  INFO MacBook-Pro-di-Francesco.local --- [io-8080-exec-10] c.p.h.UserHelper                         : getCurrentUser() - end
2021-10-13 11:42:50.104  INFO MacBook-Pro-di-Francesco.local --- [nio-8080-exec-8] c.p.s.ArchiveService                     : getArchivesByUser() - end
2021-10-13 11:42:50.104  INFO MacBook-Pro-di-Francesco.local --- [nio-8080-exec-8] c.p.c.ArchiveController                  : getMyArchives() - end
2021-10-13 11:42:50.107  INFO MacBook-Pro-di-Francesco.local --- [nio-8080-exec-1] c.p.c.UserController                     : Richieta da utente [admin]
2021-10-13 11:42:50.108  INFO MacBook-Pro-di-Francesco.local --- [nio-8080-exec-1] c.p.h.UserHelper                         : isAdmin() - start
2021-10-13 11:42:50.108  INFO MacBook-Pro-di-Francesco.local --- [nio-8080-exec-1] c.p.h.UserHelper                         : isAdmin() - end
2021-10-13 11:42:50.108  INFO MacBook-Pro-di-Francesco.local --- [nio-8080-exec-1] c.p.s.UserService                        : getUserList() - start
2021-10-13 11:42:50.114  INFO MacBook-Pro-di-Francesco.local --- [nio-8080-exec-8] c.p.s.JwtTokenFilter                     : doFilterInternal() - end
2021-10-13 11:42:50.117  INFO MacBook-Pro-di-Francesco.local --- [io-8080-exec-10] c.p.c.ArchiveController                  : Richieta da utente [admin]
2021-10-13 11:42:50.118  INFO MacBook-Pro-di-Francesco.local --- [io-8080-exec-10] c.p.h.UserHelper                         : isAdmin() - start
2021-10-13 11:42:50.118  INFO MacBook-Pro-di-Francesco.local --- [io-8080-exec-10] c.p.h.UserHelper                         : isAdmin() - end
2021-10-13 11:42:50.118  INFO MacBook-Pro-di-Francesco.local --- [io-8080-exec-10] c.p.s.ArchiveService                     : getArchivesByUser() - start
2021-10-13 11:42:50.118  INFO MacBook-Pro-di-Francesco.local --- [io-8080-exec-10] c.p.h.UserHelper                         : getCurrentUser() - start
2021-10-13 11:42:50.118  INFO MacBook-Pro-di-Francesco.local --- [io-8080-exec-10] c.p.h.UserHelper                         : getCurrentUser() - end
2021-10-13 11:42:50.127  INFO MacBook-Pro-di-Francesco.local --- [nio-8080-exec-1] c.p.s.UserService                        : toDto() - start
2021-10-13 11:42:50.127  INFO MacBook-Pro-di-Francesco.local --- [nio-8080-exec-1] c.p.s.UserService                        : toDto() - end
2021-10-13 11:42:50.128  INFO MacBook-Pro-di-Francesco.local --- [nio-8080-exec-1] c.p.s.ArchiveService                     : getArchivesByUser() - start
2021-10-13 11:42:50.129  INFO MacBook-Pro-di-Francesco.local --- [io-8080-exec-10] c.p.s.ArchiveService                     : getArchivesByUser() - end
2021-10-13 11:42:50.131  INFO MacBook-Pro-di-Francesco.local --- [io-8080-exec-10] c.p.s.JwtTokenFilter                     : doFilterInternal() - end
2021-10-13 11:42:50.133  INFO MacBook-Pro-di-Francesco.local --- [nio-8080-exec-1] c.p.s.ArchiveService                     : getArchivesByUser() - end
2021-10-13 11:42:50.134  INFO MacBook-Pro-di-Francesco.local --- [nio-8080-exec-1] c.p.s.UserService                        : toDto() - start
2021-10-13 11:42:50.134  INFO MacBook-Pro-di-Francesco.local --- [nio-8080-exec-1] c.p.s.UserService                        : toDto() - end
2021-10-13 11:42:50.134  INFO MacBook-Pro-di-Francesco.local --- [nio-8080-exec-1] c.p.s.ArchiveService                     : getArchivesByUser() - start
2021-10-13 11:42:50.138  INFO MacBook-Pro-di-Francesco.local --- [nio-8080-exec-1] c.p.s.ArchiveService                     : getArchivesByUser() - end
2021-10-13 11:42:50.138  INFO MacBook-Pro-di-Francesco.local --- [nio-8080-exec-1] c.p.s.UserService                        : getUserList() - end
2021-10-13 11:42:50.138  INFO MacBook-Pro-di-Francesco.local --- [nio-8080-exec-1] c.p.c.UserController                     : getUserList() - user list found
2021-10-13 11:42:50.138  INFO MacBook-Pro-di-Francesco.local --- [nio-8080-exec-1] c.p.c.UserController                     : getUserList() - end
2021-10-13 11:42:50.141  INFO MacBook-Pro-di-Francesco.local --- [nio-8080-exec-1] c.p.s.JwtTokenFilter                     : doFilterInternal() - end
2021-10-13 11:43:20.193  INFO MacBook-Pro-di-Francesco.local --- [nio-8080-exec-5] c.p.s.JwtTokenFilter                     : doFilterInternal() - start
2021-10-13 11:43:20.195  INFO MacBook-Pro-di-Francesco.local --- [nio-8080-exec-5] c.p.h.UserHelper                         : loadUserByToken() - start
2021-10-13 11:43:20.196  INFO MacBook-Pro-di-Francesco.local --- [nio-8080-exec-5] c.p.h.UserHelper                         : loadUserByToken() - end
2021-10-13 11:43:20.198  INFO MacBook-Pro-di-Francesco.local --- [nio-8080-exec-5] c.p.c.ArchiveController                  : getMyArchives() - start
2021-10-13 11:43:20.198  INFO MacBook-Pro-di-Francesco.local --- [nio-8080-exec-5] c.p.h.UserHelper                         : getCurrentUser() - start
2021-10-13 11:43:20.198  INFO MacBook-Pro-di-Francesco.local --- [nio-8080-exec-5] c.p.h.UserHelper                         : getCurrentUser() - end
2021-10-13 11:43:20.207  INFO MacBook-Pro-di-Francesco.local --- [nio-8080-exec-5] c.p.c.ArchiveController                  : Richieta da utente [admin]
2021-10-13 11:43:20.207  INFO MacBook-Pro-di-Francesco.local --- [nio-8080-exec-5] c.p.s.ArchiveService                     : getArchivesByUser() - start
2021-10-13 11:43:20.207  INFO MacBook-Pro-di-Francesco.local --- [nio-8080-exec-5] c.p.h.UserHelper                         : getCurrentUser() - start
2021-10-13 11:43:20.207  INFO MacBook-Pro-di-Francesco.local --- [nio-8080-exec-5] c.p.h.UserHelper                         : getCurrentUser() - end
2021-10-13 11:43:20.216  INFO MacBook-Pro-di-Francesco.local --- [nio-8080-exec-5] c.p.s.ArchiveService                     : getArchivesByUser() - end
2021-10-13 11:43:20.217  INFO MacBook-Pro-di-Francesco.local --- [nio-8080-exec-5] c.p.c.ArchiveController                  : getMyArchives() - end
2021-10-13 11:43:20.220  INFO MacBook-Pro-di-Francesco.local --- [nio-8080-exec-5] c.p.s.JwtTokenFilter                     : doFilterInternal() - end
2021-10-13 11:43:20.285  INFO MacBook-Pro-di-Francesco.local --- [nio-8080-exec-6] c.p.s.JwtTokenFilter                     : doFilterInternal() - start
2021-10-13 11:43:20.285  INFO MacBook-Pro-di-Francesco.local --- [nio-8080-exec-7] c.p.s.JwtTokenFilter                     : doFilterInternal() - start
2021-10-13 11:43:20.288  INFO MacBook-Pro-di-Francesco.local --- [nio-8080-exec-7] c.p.h.UserHelper                         : loadUserByToken() - start
2021-10-13 11:43:20.288  INFO MacBook-Pro-di-Francesco.local --- [nio-8080-exec-6] c.p.h.UserHelper                         : loadUserByToken() - start
2021-10-13 11:43:20.291  INFO MacBook-Pro-di-Francesco.local --- [nio-8080-exec-7] c.p.h.UserHelper                         : loadUserByToken() - end
2021-10-13 11:43:20.291  INFO MacBook-Pro-di-Francesco.local --- [nio-8080-exec-6] c.p.h.UserHelper                         : loadUserByToken() - end
2021-10-13 11:43:20.296  INFO MacBook-Pro-di-Francesco.local --- [nio-8080-exec-7] c.p.c.ArchiveController                  : getAllArchives() - start
2021-10-13 11:43:20.299  INFO MacBook-Pro-di-Francesco.local --- [nio-8080-exec-7] c.p.h.UserHelper                         : getCurrentUser() - start
2021-10-13 11:43:20.299  INFO MacBook-Pro-di-Francesco.local --- [nio-8080-exec-7] c.p.h.UserHelper                         : getCurrentUser() - end
2021-10-13 11:43:20.301  INFO MacBook-Pro-di-Francesco.local --- [nio-8080-exec-6] c.p.c.UserController                     : getUserList() - start
2021-10-13 11:43:20.301  INFO MacBook-Pro-di-Francesco.local --- [nio-8080-exec-6] c.p.h.UserHelper                         : getCurrentUser() - start
2021-10-13 11:43:20.301  INFO MacBook-Pro-di-Francesco.local --- [nio-8080-exec-6] c.p.h.UserHelper                         : getCurrentUser() - end
2021-10-13 11:43:20.305  INFO MacBook-Pro-di-Francesco.local --- [nio-8080-exec-7] c.p.c.ArchiveController                  : Richieta da utente [admin]
2021-10-13 11:43:20.305  INFO MacBook-Pro-di-Francesco.local --- [nio-8080-exec-7] c.p.h.UserHelper                         : isAdmin() - start
2021-10-13 11:43:20.305  INFO MacBook-Pro-di-Francesco.local --- [nio-8080-exec-7] c.p.h.UserHelper                         : isAdmin() - end
2021-10-13 11:43:20.305  INFO MacBook-Pro-di-Francesco.local --- [nio-8080-exec-7] c.p.s.ArchiveService                     : getArchivesByUser() - start
2021-10-13 11:43:20.305  INFO MacBook-Pro-di-Francesco.local --- [nio-8080-exec-6] c.p.c.UserController                     : Richieta da utente [admin]
2021-10-13 11:43:20.305  INFO MacBook-Pro-di-Francesco.local --- [nio-8080-exec-7] c.p.h.UserHelper                         : getCurrentUser() - start
2021-10-13 11:43:20.306  INFO MacBook-Pro-di-Francesco.local --- [nio-8080-exec-6] c.p.h.UserHelper                         : isAdmin() - start
2021-10-13 11:43:20.306  INFO MacBook-Pro-di-Francesco.local --- [nio-8080-exec-7] c.p.h.UserHelper                         : getCurrentUser() - end
2021-10-13 11:43:20.306  INFO MacBook-Pro-di-Francesco.local --- [nio-8080-exec-6] c.p.h.UserHelper                         : isAdmin() - end
2021-10-13 11:43:20.306  INFO MacBook-Pro-di-Francesco.local --- [nio-8080-exec-6] c.p.s.UserService                        : getUserList() - start
2021-10-13 11:43:20.311  INFO MacBook-Pro-di-Francesco.local --- [nio-8080-exec-7] c.p.s.ArchiveService                     : getArchivesByUser() - end
2021-10-13 11:43:20.312  INFO MacBook-Pro-di-Francesco.local --- [nio-8080-exec-6] c.p.s.UserService                        : toDto() - start
2021-10-13 11:43:20.312  INFO MacBook-Pro-di-Francesco.local --- [nio-8080-exec-6] c.p.s.UserService                        : toDto() - end
2021-10-13 11:43:20.312  INFO MacBook-Pro-di-Francesco.local --- [nio-8080-exec-6] c.p.s.ArchiveService                     : getArchivesByUser() - start
2021-10-13 11:43:20.313  INFO MacBook-Pro-di-Francesco.local --- [nio-8080-exec-7] c.p.s.JwtTokenFilter                     : doFilterInternal() - end
2021-10-13 11:43:20.317  INFO MacBook-Pro-di-Francesco.local --- [nio-8080-exec-6] c.p.s.ArchiveService                     : getArchivesByUser() - end
2021-10-13 11:43:20.317  INFO MacBook-Pro-di-Francesco.local --- [nio-8080-exec-6] c.p.s.UserService                        : toDto() - start
2021-10-13 11:43:20.317  INFO MacBook-Pro-di-Francesco.local --- [nio-8080-exec-6] c.p.s.UserService                        : toDto() - end
2021-10-13 11:43:20.318  INFO MacBook-Pro-di-Francesco.local --- [nio-8080-exec-6] c.p.s.ArchiveService                     : getArchivesByUser() - start
2021-10-13 11:43:20.320  INFO MacBook-Pro-di-Francesco.local --- [nio-8080-exec-6] c.p.s.ArchiveService                     : getArchivesByUser() - end
2021-10-13 11:43:20.320  INFO MacBook-Pro-di-Francesco.local --- [nio-8080-exec-6] c.p.s.UserService                        : getUserList() - end
2021-10-13 11:43:20.320  INFO MacBook-Pro-di-Francesco.local --- [nio-8080-exec-6] c.p.c.UserController                     : getUserList() - user list found
2021-10-13 11:43:20.320  INFO MacBook-Pro-di-Francesco.local --- [nio-8080-exec-6] c.p.c.UserController                     : getUserList() - end
2021-10-13 11:43:20.322  INFO MacBook-Pro-di-Francesco.local --- [nio-8080-exec-6] c.p.s.JwtTokenFilter                     : doFilterInternal() - end
2021-10-13 11:43:40.245  INFO MacBook-Pro-di-Francesco.local --- [nio-8080-exec-9] c.p.s.JwtTokenFilter                     : doFilterInternal() - start
2021-10-13 11:43:40.249  INFO MacBook-Pro-di-Francesco.local --- [nio-8080-exec-9] c.p.h.UserHelper                         : loadUserByToken() - start
2021-10-13 11:43:40.250  INFO MacBook-Pro-di-Francesco.local --- [nio-8080-exec-9] c.p.h.UserHelper                         : loadUserByToken() - end
2021-10-13 11:43:40.252  INFO MacBook-Pro-di-Francesco.local --- [nio-8080-exec-9] c.p.c.ArchiveController                  : getMyArchives() - start
2021-10-13 11:43:40.252  INFO MacBook-Pro-di-Francesco.local --- [nio-8080-exec-9] c.p.h.UserHelper                         : getCurrentUser() - start
2021-10-13 11:43:40.252  INFO MacBook-Pro-di-Francesco.local --- [nio-8080-exec-9] c.p.h.UserHelper                         : getCurrentUser() - end
2021-10-13 11:43:40.256  INFO MacBook-Pro-di-Francesco.local --- [nio-8080-exec-9] c.p.c.ArchiveController                  : Richieta da utente [admin]
2021-10-13 11:43:40.256  INFO MacBook-Pro-di-Francesco.local --- [nio-8080-exec-9] c.p.s.ArchiveService                     : getArchivesByUser() - start
2021-10-13 11:43:40.256  INFO MacBook-Pro-di-Francesco.local --- [nio-8080-exec-9] c.p.h.UserHelper                         : getCurrentUser() - start
2021-10-13 11:43:40.256  INFO MacBook-Pro-di-Francesco.local --- [nio-8080-exec-9] c.p.h.UserHelper                         : getCurrentUser() - end
2021-10-13 11:43:40.268  INFO MacBook-Pro-di-Francesco.local --- [nio-8080-exec-9] c.p.s.ArchiveService                     : getArchivesByUser() - end
2021-10-13 11:43:40.268  INFO MacBook-Pro-di-Francesco.local --- [nio-8080-exec-9] c.p.c.ArchiveController                  : getMyArchives() - end
2021-10-13 11:43:40.270  INFO MacBook-Pro-di-Francesco.local --- [nio-8080-exec-9] c.p.s.JwtTokenFilter                     : doFilterInternal() - end
2021-10-13 11:43:40.315  INFO MacBook-Pro-di-Francesco.local --- [nio-8080-exec-8] c.p.s.JwtTokenFilter                     : doFilterInternal() - start
2021-10-13 11:43:40.316  INFO MacBook-Pro-di-Francesco.local --- [io-8080-exec-10] c.p.s.JwtTokenFilter                     : doFilterInternal() - start
2021-10-13 11:43:40.316  INFO MacBook-Pro-di-Francesco.local --- [nio-8080-exec-8] c.p.h.UserHelper                         : loadUserByToken() - start
2021-10-13 11:43:40.317  INFO MacBook-Pro-di-Francesco.local --- [io-8080-exec-10] c.p.h.UserHelper                         : loadUserByToken() - start
2021-10-13 11:43:40.319  INFO MacBook-Pro-di-Francesco.local --- [nio-8080-exec-8] c.p.h.UserHelper                         : loadUserByToken() - end
2021-10-13 11:43:40.320  INFO MacBook-Pro-di-Francesco.local --- [io-8080-exec-10] c.p.h.UserHelper                         : loadUserByToken() - end
2021-10-13 11:43:40.323  INFO MacBook-Pro-di-Francesco.local --- [nio-8080-exec-8] c.p.c.UserController                     : getUserList() - start
2021-10-13 11:43:40.323  INFO MacBook-Pro-di-Francesco.local --- [nio-8080-exec-8] c.p.h.UserHelper                         : getCurrentUser() - start
2021-10-13 11:43:40.323  INFO MacBook-Pro-di-Francesco.local --- [nio-8080-exec-8] c.p.h.UserHelper                         : getCurrentUser() - end
2021-10-13 11:43:40.323  INFO MacBook-Pro-di-Francesco.local --- [io-8080-exec-10] c.p.c.ArchiveController                  : getAllArchives() - start
2021-10-13 11:43:40.323  INFO MacBook-Pro-di-Francesco.local --- [io-8080-exec-10] c.p.h.UserHelper                         : getCurrentUser() - start
2021-10-13 11:43:40.323  INFO MacBook-Pro-di-Francesco.local --- [io-8080-exec-10] c.p.h.UserHelper                         : getCurrentUser() - end
2021-10-13 11:43:40.329  INFO MacBook-Pro-di-Francesco.local --- [nio-8080-exec-8] c.p.c.UserController                     : Richieta da utente [admin]
2021-10-13 11:43:40.330  INFO MacBook-Pro-di-Francesco.local --- [nio-8080-exec-8] c.p.h.UserHelper                         : isAdmin() - start
2021-10-13 11:43:40.330  INFO MacBook-Pro-di-Francesco.local --- [nio-8080-exec-8] c.p.h.UserHelper                         : isAdmin() - end
2021-10-13 11:43:40.330  INFO MacBook-Pro-di-Francesco.local --- [nio-8080-exec-8] c.p.s.UserService                        : getUserList() - start
2021-10-13 11:43:40.330  INFO MacBook-Pro-di-Francesco.local --- [io-8080-exec-10] c.p.c.ArchiveController                  : Richieta da utente [admin]
2021-10-13 11:43:40.330  INFO MacBook-Pro-di-Francesco.local --- [io-8080-exec-10] c.p.h.UserHelper                         : isAdmin() - start
2021-10-13 11:43:40.331  INFO MacBook-Pro-di-Francesco.local --- [io-8080-exec-10] c.p.h.UserHelper                         : isAdmin() - end
2021-10-13 11:43:40.331  INFO MacBook-Pro-di-Francesco.local --- [io-8080-exec-10] c.p.s.ArchiveService                     : getArchivesByUser() - start
2021-10-13 11:43:40.331  INFO MacBook-Pro-di-Francesco.local --- [io-8080-exec-10] c.p.h.UserHelper                         : getCurrentUser() - start
2021-10-13 11:43:40.331  INFO MacBook-Pro-di-Francesco.local --- [io-8080-exec-10] c.p.h.UserHelper                         : getCurrentUser() - end
2021-10-13 11:43:40.335  INFO MacBook-Pro-di-Francesco.local --- [nio-8080-exec-8] c.p.s.UserService                        : toDto() - start
2021-10-13 11:43:40.335  INFO MacBook-Pro-di-Francesco.local --- [nio-8080-exec-8] c.p.s.UserService                        : toDto() - end
2021-10-13 11:43:40.336  INFO MacBook-Pro-di-Francesco.local --- [io-8080-exec-10] c.p.s.ArchiveService                     : getArchivesByUser() - end
2021-10-13 11:43:40.336  INFO MacBook-Pro-di-Francesco.local --- [nio-8080-exec-8] c.p.s.ArchiveService                     : getArchivesByUser() - start
2021-10-13 11:43:40.339  INFO MacBook-Pro-di-Francesco.local --- [io-8080-exec-10] c.p.s.JwtTokenFilter                     : doFilterInternal() - end
2021-10-13 11:43:40.340  INFO MacBook-Pro-di-Francesco.local --- [nio-8080-exec-8] c.p.s.ArchiveService                     : getArchivesByUser() - end
2021-10-13 11:43:40.340  INFO MacBook-Pro-di-Francesco.local --- [nio-8080-exec-8] c.p.s.UserService                        : toDto() - start
2021-10-13 11:43:40.340  INFO MacBook-Pro-di-Francesco.local --- [nio-8080-exec-8] c.p.s.UserService                        : toDto() - end
2021-10-13 11:43:40.341  INFO MacBook-Pro-di-Francesco.local --- [nio-8080-exec-8] c.p.s.ArchiveService                     : getArchivesByUser() - start
2021-10-13 11:43:40.344  INFO MacBook-Pro-di-Francesco.local --- [nio-8080-exec-8] c.p.s.ArchiveService                     : getArchivesByUser() - end
2021-10-13 11:43:40.345  INFO MacBook-Pro-di-Francesco.local --- [nio-8080-exec-8] c.p.s.UserService                        : getUserList() - end
2021-10-13 11:43:40.345  INFO MacBook-Pro-di-Francesco.local --- [nio-8080-exec-8] c.p.c.UserController                     : getUserList() - user list found
2021-10-13 11:43:40.345  INFO MacBook-Pro-di-Francesco.local --- [nio-8080-exec-8] c.p.c.UserController                     : getUserList() - end
2021-10-13 11:43:40.347  INFO MacBook-Pro-di-Francesco.local --- [nio-8080-exec-8] c.p.s.JwtTokenFilter                     : doFilterInternal() - end
2021-10-13 11:44:06.575  INFO MacBook-Pro-di-Francesco.local --- [nio-8080-exec-1] c.p.s.JwtTokenFilter                     : doFilterInternal() - start
2021-10-13 11:44:06.579  INFO MacBook-Pro-di-Francesco.local --- [nio-8080-exec-1] c.p.h.UserHelper                         : loadUserByToken() - start
2021-10-13 11:44:06.580  INFO MacBook-Pro-di-Francesco.local --- [nio-8080-exec-1] c.p.h.UserHelper                         : loadUserByToken() - end
2021-10-13 11:44:06.581  INFO MacBook-Pro-di-Francesco.local --- [nio-8080-exec-1] c.p.c.UserController                     : getUserList() - start
2021-10-13 11:44:06.581  INFO MacBook-Pro-di-Francesco.local --- [nio-8080-exec-1] c.p.h.UserHelper                         : getCurrentUser() - start
2021-10-13 11:44:06.581  INFO MacBook-Pro-di-Francesco.local --- [nio-8080-exec-1] c.p.h.UserHelper                         : getCurrentUser() - end
2021-10-13 11:44:06.585  INFO MacBook-Pro-di-Francesco.local --- [nio-8080-exec-1] c.p.c.UserController                     : Richieta da utente [admin]
2021-10-13 11:44:06.586  INFO MacBook-Pro-di-Francesco.local --- [nio-8080-exec-1] c.p.h.UserHelper                         : isAdmin() - start
2021-10-13 11:44:06.586  INFO MacBook-Pro-di-Francesco.local --- [nio-8080-exec-1] c.p.h.UserHelper                         : isAdmin() - end
2021-10-13 11:44:06.586  INFO MacBook-Pro-di-Francesco.local --- [nio-8080-exec-1] c.p.s.UserService                        : getUserList() - start
2021-10-13 11:44:06.593  INFO MacBook-Pro-di-Francesco.local --- [nio-8080-exec-1] c.p.s.UserService                        : toDto() - start
2021-10-13 11:44:06.593  INFO MacBook-Pro-di-Francesco.local --- [nio-8080-exec-1] c.p.s.UserService                        : toDto() - end
2021-10-13 11:44:06.594  INFO MacBook-Pro-di-Francesco.local --- [nio-8080-exec-1] c.p.s.ArchiveService                     : getArchivesByUser() - start
2021-10-13 11:44:06.598  INFO MacBook-Pro-di-Francesco.local --- [nio-8080-exec-1] c.p.s.ArchiveService                     : getArchivesByUser() - end
2021-10-13 11:44:06.598  INFO MacBook-Pro-di-Francesco.local --- [nio-8080-exec-1] c.p.s.UserService                        : toDto() - start
2021-10-13 11:44:06.598  INFO MacBook-Pro-di-Francesco.local --- [nio-8080-exec-1] c.p.s.UserService                        : toDto() - end
2021-10-13 11:44:06.598  INFO MacBook-Pro-di-Francesco.local --- [nio-8080-exec-1] c.p.s.ArchiveService                     : getArchivesByUser() - start
2021-10-13 11:44:06.600  INFO MacBook-Pro-di-Francesco.local --- [nio-8080-exec-1] c.p.s.ArchiveService                     : getArchivesByUser() - end
2021-10-13 11:44:06.601  INFO MacBook-Pro-di-Francesco.local --- [nio-8080-exec-1] c.p.s.UserService                        : getUserList() - end
2021-10-13 11:44:06.601  INFO MacBook-Pro-di-Francesco.local --- [nio-8080-exec-1] c.p.c.UserController                     : getUserList() - user list found
2021-10-13 11:44:06.601  INFO MacBook-Pro-di-Francesco.local --- [nio-8080-exec-1] c.p.c.UserController                     : getUserList() - end
2021-10-13 11:44:06.603  INFO MacBook-Pro-di-Francesco.local --- [nio-8080-exec-1] c.p.s.JwtTokenFilter                     : doFilterInternal() - end
2021-10-13 11:47:10.488  INFO MacBook-Pro-di-Francesco.local --- [nio-8080-exec-4] c.p.s.JwtTokenFilter                     : doFilterInternal() - start
2021-10-13 11:47:10.502  INFO MacBook-Pro-di-Francesco.local --- [nio-8080-exec-4] c.p.h.UserHelper                         : loadUserByToken() - start
2021-10-13 11:47:10.503  INFO MacBook-Pro-di-Francesco.local --- [nio-8080-exec-4] c.p.h.UserHelper                         : loadUserByToken() - end
2021-10-13 11:47:10.512  INFO MacBook-Pro-di-Francesco.local --- [nio-8080-exec-4] c.p.c.UserController                     : getUserList() - start
2021-10-13 11:47:10.512  INFO MacBook-Pro-di-Francesco.local --- [nio-8080-exec-4] c.p.h.UserHelper                         : getCurrentUser() - start
2021-10-13 11:47:10.513  INFO MacBook-Pro-di-Francesco.local --- [nio-8080-exec-4] c.p.h.UserHelper                         : getCurrentUser() - end
2021-10-13 11:47:10.545  INFO MacBook-Pro-di-Francesco.local --- [nio-8080-exec-4] c.p.c.UserController                     : Richieta da utente [admin]
2021-10-13 11:47:10.546  INFO MacBook-Pro-di-Francesco.local --- [nio-8080-exec-4] c.p.h.UserHelper                         : isAdmin() - start
2021-10-13 11:47:10.546  INFO MacBook-Pro-di-Francesco.local --- [nio-8080-exec-4] c.p.h.UserHelper                         : isAdmin() - end
2021-10-13 11:47:10.546  INFO MacBook-Pro-di-Francesco.local --- [nio-8080-exec-4] c.p.s.UserService                        : getUserList() - start
2021-10-13 11:47:10.571  INFO MacBook-Pro-di-Francesco.local --- [nio-8080-exec-4] c.p.s.UserService                        : toDto() - start
2021-10-13 11:47:10.571  INFO MacBook-Pro-di-Francesco.local --- [nio-8080-exec-4] c.p.s.UserService                        : toDto() - end
2021-10-13 11:47:10.574  INFO MacBook-Pro-di-Francesco.local --- [nio-8080-exec-4] c.p.s.ArchiveService                     : getArchivesByUser() - start
2021-10-13 11:47:10.586  INFO MacBook-Pro-di-Francesco.local --- [nio-8080-exec-4] c.p.s.ArchiveService                     : getArchivesByUser() - end
2021-10-13 11:47:10.586  INFO MacBook-Pro-di-Francesco.local --- [nio-8080-exec-4] c.p.s.UserService                        : toDto() - start
2021-10-13 11:47:10.586  INFO MacBook-Pro-di-Francesco.local --- [nio-8080-exec-4] c.p.s.UserService                        : toDto() - end
2021-10-13 11:47:10.587  INFO MacBook-Pro-di-Francesco.local --- [nio-8080-exec-4] c.p.s.ArchiveService                     : getArchivesByUser() - start
2021-10-13 11:47:10.590  INFO MacBook-Pro-di-Francesco.local --- [nio-8080-exec-4] c.p.s.ArchiveService                     : getArchivesByUser() - end
2021-10-13 11:47:10.591  INFO MacBook-Pro-di-Francesco.local --- [nio-8080-exec-4] c.p.s.UserService                        : getUserList() - end
2021-10-13 11:47:10.592  INFO MacBook-Pro-di-Francesco.local --- [nio-8080-exec-4] c.p.c.UserController                     : getUserList() - user list found
2021-10-13 11:47:10.592  INFO MacBook-Pro-di-Francesco.local --- [nio-8080-exec-4] c.p.c.UserController                     : getUserList() - end
2021-10-13 11:47:10.602  INFO MacBook-Pro-di-Francesco.local --- [nio-8080-exec-4] c.p.s.JwtTokenFilter                     : doFilterInternal() - end
2021-10-13 11:47:48.188  INFO MacBook-Pro-di-Francesco.local --- [ionShutdownHook] j.LocalContainerEntityManagerFactoryBean : Closing JPA EntityManagerFactory for persistence unit 'default'
2021-10-13 11:47:48.199  INFO MacBook-Pro-di-Francesco.local --- [ionShutdownHook] c.z.h.HikariDataSource                   : HikariPool-1 - Shutdown initiated...
2021-10-13 11:47:48.225  INFO MacBook-Pro-di-Francesco.local --- [ionShutdownHook] c.z.h.HikariDataSource                   : HikariPool-1 - Shutdown completed.
