2021-09-30 11:02:39.937  INFO MacBook-Pro-di-Francesco.local --- [nio-8080-exec-6] c.p.h.UserHelper                         : getCurrentUser() - start
2021-09-30 11:02:39.937  INFO MacBook-Pro-di-Francesco.local --- [nio-8080-exec-8] c.p.h.UserHelper                         : isAdmin() - end
2021-09-30 11:02:39.945  INFO MacBook-Pro-di-Francesco.local --- [nio-8080-exec-7] c.p.s.UserService                        : getUserList() - start
2021-09-30 11:02:39.995  INFO MacBook-Pro-di-Francesco.local --- [nio-8080-exec-8] c.p.s.ArchiveService                     : getArchivesByUser() - start
2021-09-30 11:02:39.995  INFO MacBook-Pro-di-Francesco.local --- [nio-8080-exec-6] c.p.h.UserHelper                         : getCurrentUser() - end
2021-09-30 11:02:39.997  INFO MacBook-Pro-di-Francesco.local --- [nio-8080-exec-8] c.p.h.UserHelper                         : getCurrentUser() - start
2021-09-30 11:02:39.997  INFO MacBook-Pro-di-Francesco.local --- [nio-8080-exec-8] c.p.h.UserHelper                         : getCurrentUser() - end
2021-09-30 11:02:40.009  INFO MacBook-Pro-di-Francesco.local --- [nio-8080-exec-7] c.p.s.UserService                        : toDto() - start
2021-09-30 11:02:40.009  INFO MacBook-Pro-di-Francesco.local --- [nio-8080-exec-7] c.p.s.UserService                        : toDto() - end
2021-09-30 11:02:40.014  INFO MacBook-Pro-di-Francesco.local --- [nio-8080-exec-7] c.p.s.ArchiveService                     : getArchivesByUser() - start
2021-09-30 11:02:40.025  INFO MacBook-Pro-di-Francesco.local --- [nio-8080-exec-6] c.p.s.ArchiveService                     : getArchivesByUser() - end
2021-09-30 11:02:40.025  INFO MacBook-Pro-di-Francesco.local --- [nio-8080-exec-6] c.p.c.ArchiveController                  : getMyArchives() - end
2021-09-30 11:02:40.026  INFO MacBook-Pro-di-Francesco.local --- [nio-8080-exec-8] c.p.s.ArchiveService                     : getArchivesByUser() - end
2021-09-30 11:02:40.030  INFO MacBook-Pro-di-Francesco.local --- [nio-8080-exec-7] c.p.s.ArchiveService                     : getArchivesByUser() - end
2021-09-30 11:02:40.031  INFO MacBook-Pro-di-Francesco.local --- [nio-8080-exec-7] c.p.s.UserService                        : getUserList() - end
2021-09-30 11:02:40.031  INFO MacBook-Pro-di-Francesco.local --- [nio-8080-exec-7] c.p.c.UserController                     : getUserList() - user list found
2021-09-30 11:02:40.031  INFO MacBook-Pro-di-Francesco.local --- [nio-8080-exec-7] c.p.c.UserController                     : getUserList() - end
2021-09-30 11:02:40.040  INFO MacBook-Pro-di-Francesco.local --- [nio-8080-exec-7] c.p.s.JwtTokenFilter                     : doFilterInternal() - end
2021-09-30 11:02:40.040  INFO MacBook-Pro-di-Francesco.local --- [nio-8080-exec-6] c.p.s.JwtTokenFilter                     : doFilterInternal() - end
2021-09-30 11:02:40.040  INFO MacBook-Pro-di-Francesco.local --- [nio-8080-exec-8] c.p.s.JwtTokenFilter                     : doFilterInternal() - end
2021-09-30 11:13:07.340  INFO MacBook-Pro-di-Francesco.local --- [nio-8080-exec-3] c.p.s.JwtTokenFilter                     : doFilterInternal() - start
2021-09-30 11:13:07.363  INFO MacBook-Pro-di-Francesco.local --- [nio-8080-exec-3] c.p.h.UserHelper                         : loadUserByToken() - start
2021-09-30 11:13:07.366  INFO MacBook-Pro-di-Francesco.local --- [nio-8080-exec-3] c.p.h.UserHelper                         : loadUserByToken() - end
2021-09-30 11:13:07.383  INFO MacBook-Pro-di-Francesco.local --- [nio-8080-exec-3] c.p.c.ArchiveController                  : getMyArchives() - start
2021-09-30 11:13:07.383  INFO MacBook-Pro-di-Francesco.local --- [nio-8080-exec-3] c.p.h.UserHelper                         : getCurrentUser() - start
2021-09-30 11:13:07.383  INFO MacBook-Pro-di-Francesco.local --- [nio-8080-exec-3] c.p.h.UserHelper                         : getCurrentUser() - end
2021-09-30 11:13:07.420  INFO MacBook-Pro-di-Francesco.local --- [nio-8080-exec-2] c.p.s.JwtTokenFilter                     : doFilterInternal() - start
2021-09-30 11:13:07.424  INFO MacBook-Pro-di-Francesco.local --- [nio-8080-exec-2] c.p.h.UserHelper                         : loadUserByToken() - start
2021-09-30 11:13:07.426  INFO MacBook-Pro-di-Francesco.local --- [nio-8080-exec-2] c.p.h.UserHelper                         : loadUserByToken() - end
2021-09-30 11:13:07.427  INFO MacBook-Pro-di-Francesco.local --- [nio-8080-exec-5] c.p.s.JwtTokenFilter                     : doFilterInternal() - start
2021-09-30 11:13:07.429  INFO MacBook-Pro-di-Francesco.local --- [nio-8080-exec-2] c.p.c.UserController                     : getUserList() - start
2021-09-30 11:13:07.429  INFO MacBook-Pro-di-Francesco.local --- [nio-8080-exec-2] c.p.h.UserHelper                         : getCurrentUser() - start
2021-09-30 11:13:07.429  INFO MacBook-Pro-di-Francesco.local --- [nio-8080-exec-2] c.p.h.UserHelper                         : getCurrentUser() - end
2021-09-30 11:13:07.431  INFO MacBook-Pro-di-Francesco.local --- [nio-8080-exec-5] c.p.h.UserHelper                         : loadUserByToken() - start
2021-09-30 11:13:07.432  INFO MacBook-Pro-di-Francesco.local --- [nio-8080-exec-5] c.p.h.UserHelper                         : loadUserByToken() - end
2021-09-30 11:13:07.432  INFO MacBook-Pro-di-Francesco.local --- [nio-8080-exec-3] c.p.c.ArchiveController                  : Richieta da utente [admin]
2021-09-30 11:13:07.433  INFO MacBook-Pro-di-Francesco.local --- [nio-8080-exec-3] c.p.s.ArchiveService                     : getArchivesByUser() - start
2021-09-30 11:13:07.433  INFO MacBook-Pro-di-Francesco.local --- [nio-8080-exec-3] c.p.h.UserHelper                         : getCurrentUser() - start
2021-09-30 11:13:07.433  INFO MacBook-Pro-di-Francesco.local --- [nio-8080-exec-3] c.p.h.UserHelper                         : getCurrentUser() - end
2021-09-30 11:13:07.434  INFO MacBook-Pro-di-Francesco.local --- [nio-8080-exec-5] c.p.c.ArchiveController                  : getAllArchives() - start
2021-09-30 11:13:07.434  INFO MacBook-Pro-di-Francesco.local --- [nio-8080-exec-5] c.p.h.UserHelper                         : getCurrentUser() - start
2021-09-30 11:13:07.434  INFO MacBook-Pro-di-Francesco.local --- [nio-8080-exec-5] c.p.h.UserHelper                         : getCurrentUser() - end
2021-09-30 11:13:07.439  INFO MacBook-Pro-di-Francesco.local --- [nio-8080-exec-2] c.p.c.UserController                     : Richieta da utente [admin]
2021-09-30 11:13:07.439  INFO MacBook-Pro-di-Francesco.local --- [nio-8080-exec-2] c.p.h.UserHelper                         : isAdmin() - start
2021-09-30 11:13:07.439  INFO MacBook-Pro-di-Francesco.local --- [nio-8080-exec-2] c.p.h.UserHelper                         : isAdmin() - end
2021-09-30 11:13:07.440  INFO MacBook-Pro-di-Francesco.local --- [nio-8080-exec-2] c.p.s.UserService                        : getUserList() - start
2021-09-30 11:13:07.443  INFO MacBook-Pro-di-Francesco.local --- [nio-8080-exec-5] c.p.c.ArchiveController                  : Richieta da utente [admin]
2021-09-30 11:13:07.443  INFO MacBook-Pro-di-Francesco.local --- [nio-8080-exec-5] c.p.h.UserHelper                         : isAdmin() - start
2021-09-30 11:13:07.443  INFO MacBook-Pro-di-Francesco.local --- [nio-8080-exec-5] c.p.h.UserHelper                         : isAdmin() - end
2021-09-30 11:13:07.443  INFO MacBook-Pro-di-Francesco.local --- [nio-8080-exec-5] c.p.s.ArchiveService                     : getArchivesByUser() - start
2021-09-30 11:13:07.443  INFO MacBook-Pro-di-Francesco.local --- [nio-8080-exec-5] c.p.h.UserHelper                         : getCurrentUser() - start
2021-09-30 11:13:07.443  INFO MacBook-Pro-di-Francesco.local --- [nio-8080-exec-5] c.p.h.UserHelper                         : getCurrentUser() - end
2021-09-30 11:13:07.447  INFO MacBook-Pro-di-Francesco.local --- [nio-8080-exec-2] c.p.s.UserService                        : toDto() - start
2021-09-30 11:13:07.447  INFO MacBook-Pro-di-Francesco.local --- [nio-8080-exec-2] c.p.s.UserService                        : toDto() - end
2021-09-30 11:13:07.450  INFO MacBook-Pro-di-Francesco.local --- [nio-8080-exec-2] c.p.s.ArchiveService                     : getArchivesByUser() - start
2021-09-30 11:13:07.455  INFO MacBook-Pro-di-Francesco.local --- [nio-8080-exec-5] c.p.s.ArchiveService                     : getArchivesByUser() - end
2021-09-30 11:13:07.457  INFO MacBook-Pro-di-Francesco.local --- [nio-8080-exec-3] c.p.s.ArchiveService                     : getArchivesByUser() - end
2021-09-30 11:13:07.457  INFO MacBook-Pro-di-Francesco.local --- [nio-8080-exec-3] c.p.c.ArchiveController                  : getMyArchives() - end
2021-09-30 11:13:07.461  INFO MacBook-Pro-di-Francesco.local --- [nio-8080-exec-2] c.p.s.ArchiveService                     : getArchivesByUser() - end
2021-09-30 11:13:07.462  INFO MacBook-Pro-di-Francesco.local --- [nio-8080-exec-2] c.p.s.UserService                        : getUserList() - end
2021-09-30 11:13:07.462  INFO MacBook-Pro-di-Francesco.local --- [nio-8080-exec-2] c.p.c.UserController                     : getUserList() - user list found
2021-09-30 11:13:07.462  INFO MacBook-Pro-di-Francesco.local --- [nio-8080-exec-2] c.p.c.UserController                     : getUserList() - end
2021-09-30 11:13:07.465  INFO MacBook-Pro-di-Francesco.local --- [nio-8080-exec-5] c.p.s.JwtTokenFilter                     : doFilterInternal() - end
2021-09-30 11:13:07.465  INFO MacBook-Pro-di-Francesco.local --- [nio-8080-exec-3] c.p.s.JwtTokenFilter                     : doFilterInternal() - end
2021-09-30 11:13:07.465  INFO MacBook-Pro-di-Francesco.local --- [nio-8080-exec-2] c.p.s.JwtTokenFilter                     : doFilterInternal() - end
2021-09-30 11:17:56.335  INFO MacBook-Pro-di-Francesco.local --- [nio-8080-exec-6] c.p.s.JwtTokenFilter                     : doFilterInternal() - start
2021-09-30 11:17:56.356  INFO MacBook-Pro-di-Francesco.local --- [nio-8080-exec-6] c.p.h.UserHelper                         : loadUserByToken() - start
2021-09-30 11:17:56.359  INFO MacBook-Pro-di-Francesco.local --- [nio-8080-exec-6] c.p.h.UserHelper                         : loadUserByToken() - end
2021-09-30 11:17:56.371  INFO MacBook-Pro-di-Francesco.local --- [nio-8080-exec-6] c.p.c.ArchiveController                  : getMyArchives() - start
2021-09-30 11:17:56.372  INFO MacBook-Pro-di-Francesco.local --- [nio-8080-exec-6] c.p.h.UserHelper                         : getCurrentUser() - start
2021-09-30 11:17:56.372  INFO MacBook-Pro-di-Francesco.local --- [nio-8080-exec-6] c.p.h.UserHelper                         : getCurrentUser() - end
2021-09-30 11:17:56.417  INFO MacBook-Pro-di-Francesco.local --- [nio-8080-exec-6] c.p.c.ArchiveController                  : Richieta da utente [admin]
2021-09-30 11:17:56.418  INFO MacBook-Pro-di-Francesco.local --- [nio-8080-exec-6] c.p.s.ArchiveService                     : getArchivesByUser() - start
2021-09-30 11:17:56.418  INFO MacBook-Pro-di-Francesco.local --- [nio-8080-exec-6] c.p.h.UserHelper                         : getCurrentUser() - start
2021-09-30 11:17:56.419  INFO MacBook-Pro-di-Francesco.local --- [nio-8080-exec-6] c.p.h.UserHelper                         : getCurrentUser() - end
2021-09-30 11:17:56.456  INFO MacBook-Pro-di-Francesco.local --- [nio-8080-exec-6] c.p.s.ArchiveService                     : getArchivesByUser() - end
2021-09-30 11:17:56.456  INFO MacBook-Pro-di-Francesco.local --- [nio-8080-exec-6] c.p.c.ArchiveController                  : getMyArchives() - end
2021-09-30 11:17:56.467  INFO MacBook-Pro-di-Francesco.local --- [nio-8080-exec-6] c.p.s.JwtTokenFilter                     : doFilterInternal() - end
2021-09-30 11:17:56.671  INFO MacBook-Pro-di-Francesco.local --- [io-8080-exec-10] c.p.s.JwtTokenFilter                     : doFilterInternal() - start
2021-09-30 11:17:56.674  INFO MacBook-Pro-di-Francesco.local --- [io-8080-exec-10] c.p.h.UserHelper                         : loadUserByToken() - start
2021-09-30 11:17:56.675  INFO MacBook-Pro-di-Francesco.local --- [nio-8080-exec-1] c.p.s.JwtTokenFilter                     : doFilterInternal() - start
2021-09-30 11:17:56.676  INFO MacBook-Pro-di-Francesco.local --- [nio-8080-exec-1] c.p.h.UserHelper                         : loadUserByToken() - start
2021-09-30 11:17:56.676  INFO MacBook-Pro-di-Francesco.local --- [io-8080-exec-10] c.p.h.UserHelper                         : loadUserByToken() - end
2021-09-30 11:17:56.678  INFO MacBook-Pro-di-Francesco.local --- [nio-8080-exec-1] c.p.h.UserHelper                         : loadUserByToken() - end
2021-09-30 11:17:56.694  INFO MacBook-Pro-di-Francesco.local --- [io-8080-exec-10] c.p.c.UserController                     : getUserList() - start
2021-09-30 11:17:56.695  INFO MacBook-Pro-di-Francesco.local --- [io-8080-exec-10] c.p.h.UserHelper                         : getCurrentUser() - start
2021-09-30 11:17:56.695  INFO MacBook-Pro-di-Francesco.local --- [io-8080-exec-10] c.p.h.UserHelper                         : getCurrentUser() - end
2021-09-30 11:17:56.695  INFO MacBook-Pro-di-Francesco.local --- [nio-8080-exec-1] c.p.c.ArchiveController                  : getAllArchives() - start
2021-09-30 11:17:56.695  INFO MacBook-Pro-di-Francesco.local --- [nio-8080-exec-1] c.p.h.UserHelper                         : getCurrentUser() - start
2021-09-30 11:17:56.695  INFO MacBook-Pro-di-Francesco.local --- [nio-8080-exec-1] c.p.h.UserHelper                         : getCurrentUser() - end
2021-09-30 11:17:56.703  INFO MacBook-Pro-di-Francesco.local --- [io-8080-exec-10] c.p.c.UserController                     : Richieta da utente [admin]
2021-09-30 11:17:56.703  INFO MacBook-Pro-di-Francesco.local --- [io-8080-exec-10] c.p.h.UserHelper                         : isAdmin() - start
2021-09-30 11:17:56.703  INFO MacBook-Pro-di-Francesco.local --- [io-8080-exec-10] c.p.h.UserHelper                         : isAdmin() - end
2021-09-30 11:17:56.704  INFO MacBook-Pro-di-Francesco.local --- [io-8080-exec-10] c.p.s.UserService                        : getUserList() - start
2021-09-30 11:17:56.705  INFO MacBook-Pro-di-Francesco.local --- [nio-8080-exec-1] c.p.c.ArchiveController                  : Richieta da utente [admin]
2021-09-30 11:17:56.706  INFO MacBook-Pro-di-Francesco.local --- [nio-8080-exec-1] c.p.h.UserHelper                         : isAdmin() - start
2021-09-30 11:17:56.706  INFO MacBook-Pro-di-Francesco.local --- [nio-8080-exec-1] c.p.h.UserHelper                         : isAdmin() - end
2021-09-30 11:17:56.706  INFO MacBook-Pro-di-Francesco.local --- [nio-8080-exec-1] c.p.s.ArchiveService                     : getArchivesByUser() - start
2021-09-30 11:17:56.707  INFO MacBook-Pro-di-Francesco.local --- [nio-8080-exec-1] c.p.h.UserHelper                         : getCurrentUser() - start
2021-09-30 11:17:56.707  INFO MacBook-Pro-di-Francesco.local --- [nio-8080-exec-1] c.p.h.UserHelper                         : getCurrentUser() - end
2021-09-30 11:17:56.715  INFO MacBook-Pro-di-Francesco.local --- [io-8080-exec-10] c.p.s.UserService                        : toDto() - start
2021-09-30 11:17:56.715  INFO MacBook-Pro-di-Francesco.local --- [io-8080-exec-10] c.p.s.UserService                        : toDto() - end
2021-09-30 11:17:56.719  INFO MacBook-Pro-di-Francesco.local --- [io-8080-exec-10] c.p.s.ArchiveService                     : getArchivesByUser() - start
2021-09-30 11:17:56.722  INFO MacBook-Pro-di-Francesco.local --- [nio-8080-exec-1] c.p.s.ArchiveService                     : getArchivesByUser() - end
2021-09-30 11:17:56.726  INFO MacBook-Pro-di-Francesco.local --- [nio-8080-exec-1] c.p.s.JwtTokenFilter                     : doFilterInternal() - end
2021-09-30 11:17:56.735  INFO MacBook-Pro-di-Francesco.local --- [io-8080-exec-10] c.p.s.ArchiveService                     : getArchivesByUser() - end
2021-09-30 11:17:56.736  INFO MacBook-Pro-di-Francesco.local --- [io-8080-exec-10] c.p.s.UserService                        : getUserList() - end
2021-09-30 11:17:56.736  INFO MacBook-Pro-di-Francesco.local --- [io-8080-exec-10] c.p.c.UserController                     : getUserList() - user list found
2021-09-30 11:17:56.736  INFO MacBook-Pro-di-Francesco.local --- [io-8080-exec-10] c.p.c.UserController                     : getUserList() - end
2021-09-30 11:17:56.738  INFO MacBook-Pro-di-Francesco.local --- [io-8080-exec-10] c.p.s.JwtTokenFilter                     : doFilterInternal() - end
2021-09-30 11:18:06.696  INFO MacBook-Pro-di-Francesco.local --- [nio-8080-exec-9] c.p.s.JwtTokenFilter                     : doFilterInternal() - start
2021-09-30 11:18:06.698  INFO MacBook-Pro-di-Francesco.local --- [nio-8080-exec-9] c.p.h.UserHelper                         : loadUserByToken() - start
2021-09-30 11:18:06.700  INFO MacBook-Pro-di-Francesco.local --- [nio-8080-exec-9] c.p.h.UserHelper                         : loadUserByToken() - end
2021-09-30 11:18:06.704  INFO MacBook-Pro-di-Francesco.local --- [nio-8080-exec-9] c.p.c.ArchiveController                  : getMyArchives() - start
2021-09-30 11:18:06.704  INFO MacBook-Pro-di-Francesco.local --- [nio-8080-exec-9] c.p.h.UserHelper                         : getCurrentUser() - start
2021-09-30 11:18:06.704  INFO MacBook-Pro-di-Francesco.local --- [nio-8080-exec-9] c.p.h.UserHelper                         : getCurrentUser() - end
2021-09-30 11:18:06.718  INFO MacBook-Pro-di-Francesco.local --- [nio-8080-exec-9] c.p.c.ArchiveController                  : Richieta da utente [admin]
2021-09-30 11:18:06.719  INFO MacBook-Pro-di-Francesco.local --- [nio-8080-exec-9] c.p.s.ArchiveService                     : getArchivesByUser() - start
2021-09-30 11:18:06.719  INFO MacBook-Pro-di-Francesco.local --- [nio-8080-exec-9] c.p.h.UserHelper                         : getCurrentUser() - start
2021-09-30 11:18:06.719  INFO MacBook-Pro-di-Francesco.local --- [nio-8080-exec-9] c.p.h.UserHelper                         : getCurrentUser() - end
2021-09-30 11:18:06.735  INFO MacBook-Pro-di-Francesco.local --- [nio-8080-exec-9] c.p.s.ArchiveService                     : getArchivesByUser() - end
2021-09-30 11:18:06.743  INFO MacBook-Pro-di-Francesco.local --- [nio-8080-exec-9] c.p.c.ArchiveController                  : getMyArchives() - end
2021-09-30 11:18:06.746  INFO MacBook-Pro-di-Francesco.local --- [nio-8080-exec-5] c.p.s.JwtTokenFilter                     : doFilterInternal() - start
2021-09-30 11:18:06.748  INFO MacBook-Pro-di-Francesco.local --- [nio-8080-exec-9] c.p.s.JwtTokenFilter                     : doFilterInternal() - end
2021-09-30 11:18:06.748  INFO MacBook-Pro-di-Francesco.local --- [nio-8080-exec-5] c.p.h.UserHelper                         : loadUserByToken() - start
2021-09-30 11:18:06.749  INFO MacBook-Pro-di-Francesco.local --- [nio-8080-exec-5] c.p.h.UserHelper                         : loadUserByToken() - end
2021-09-30 11:18:06.750  INFO MacBook-Pro-di-Francesco.local --- [nio-8080-exec-2] c.p.s.JwtTokenFilter                     : doFilterInternal() - start
2021-09-30 11:18:06.751  INFO MacBook-Pro-di-Francesco.local --- [nio-8080-exec-5] c.p.c.UserController                     : getUserList() - start
2021-09-30 11:18:06.751  INFO MacBook-Pro-di-Francesco.local --- [nio-8080-exec-5] c.p.h.UserHelper                         : getCurrentUser() - start
2021-09-30 11:18:06.751  INFO MacBook-Pro-di-Francesco.local --- [nio-8080-exec-5] c.p.h.UserHelper                         : getCurrentUser() - end
2021-09-30 11:18:06.752  INFO MacBook-Pro-di-Francesco.local --- [nio-8080-exec-2] c.p.h.UserHelper                         : loadUserByToken() - start
2021-09-30 11:18:06.753  INFO MacBook-Pro-di-Francesco.local --- [nio-8080-exec-2] c.p.h.UserHelper                         : loadUserByToken() - end
2021-09-30 11:18:06.754  INFO MacBook-Pro-di-Francesco.local --- [nio-8080-exec-2] c.p.c.ArchiveController                  : getAllArchives() - start
2021-09-30 11:18:06.754  INFO MacBook-Pro-di-Francesco.local --- [nio-8080-exec-2] c.p.h.UserHelper                         : getCurrentUser() - start
2021-09-30 11:18:06.754  INFO MacBook-Pro-di-Francesco.local --- [nio-8080-exec-2] c.p.h.UserHelper                         : getCurrentUser() - end
2021-09-30 11:18:06.756  INFO MacBook-Pro-di-Francesco.local --- [nio-8080-exec-5] c.p.c.UserController                     : Richieta da utente [admin]
2021-09-30 11:18:06.757  INFO MacBook-Pro-di-Francesco.local --- [nio-8080-exec-5] c.p.h.UserHelper                         : isAdmin() - start
