2021-09-30 10:47:37.281  INFO MacBook-Pro-di-Francesco.local --- [ionShutdownHook] c.z.h.HikariDataSource                   : HikariPool-1 - Shutdown completed.
2021-09-30 10:47:45.474  INFO MacBook-Pro-di-Francesco.local --- [           main] c.p.PortalepsApplication                 : Starting PortalepsApplication using Java 11.0.12 on MacBook-Pro-di-Francesco.local with PID 9428 (/Users/merjf/Documents/Work/Projects/Messina/aspme-ps-repo/target/classes started by merjf in /Users/merjf/Documents/Work/Projects/Messina/aspme-ps-repo)
2021-09-30 10:47:45.484  INFO MacBook-Pro-di-Francesco.local --- [           main] c.p.PortalepsApplication                 : No active profile set, falling back to default profiles: default
2021-09-30 10:47:46.185  INFO MacBook-Pro-di-Francesco.local --- [           main] .s.d.r.c.RepositoryConfigurationDelegate : Bootstrapping Spring Data JPA repositories in DEFAULT mode.
2021-09-30 10:47:46.244  INFO MacBook-Pro-di-Francesco.local --- [           main] .s.d.r.c.RepositoryConfigurationDelegate : Finished Spring Data repository scanning in 51 ms. Found 3 JPA repository interfaces.
2021-09-30 10:47:46.569  INFO MacBook-Pro-di-Francesco.local --- [           main] trationDelegate$BeanPostProcessorChecker : Bean 'org.springframework.security.access.expression.method.DefaultMethodSecurityExpressionHandler@7ab1127c' of type [org.springframework.security.access.expression.method.DefaultMethodSecurityExpressionHandler] is not eligible for getting processed by all BeanPostProcessors (for example: not eligible for auto-proxying)
2021-09-30 10:47:46.574  INFO MacBook-Pro-di-Francesco.local --- [           main] trationDelegate$BeanPostProcessorChecker : Bean 'methodSecurityMetadataSource' of type [org.springframework.security.access.method.DelegatingMethodSecurityMetadataSource] is not eligible for getting processed by all BeanPostProcessors (for example: not eligible for auto-proxying)
2021-09-30 10:47:46.823  INFO MacBook-Pro-di-Francesco.local --- [           main] o.s.b.w.e.t.TomcatWebServer              : Tomcat initialized with port(s): 8080 (http)
2021-09-30 10:47:46.833  INFO MacBook-Pro-di-Francesco.local --- [           main] o.a.c.h.Http11NioProtocol                : Initializing ProtocolHandler ["http-nio-8080"]
2021-09-30 10:47:46.833  INFO MacBook-Pro-di-Francesco.local --- [           main] o.a.c.c.StandardService                  : Starting service [Tomcat]
2021-09-30 10:47:46.833  INFO MacBook-Pro-di-Francesco.local --- [           main] o.a.c.c.StandardEngine                   : Starting Servlet engine: [Apache Tomcat/9.0.52]
2021-09-30 10:47:46.923  INFO MacBook-Pro-di-Francesco.local --- [           main] o.a.c.c.C.[.[.[/]                        : Initializing Spring embedded WebApplicationContext
2021-09-30 10:47:46.923  INFO MacBook-Pro-di-Francesco.local --- [           main] w.s.c.ServletWebServerApplicationContext : Root WebApplicationContext: initialization completed in 1395 ms
2021-09-30 10:47:47.103  INFO MacBook-Pro-di-Francesco.local --- [           main] o.h.j.i.u.LogHelper                      : HHH000204: Processing PersistenceUnitInfo [name: default]
2021-09-30 10:47:47.162  INFO MacBook-Pro-di-Francesco.local --- [           main] o.h.Version                              : HHH000412: Hibernate ORM core version 5.4.32.Final
2021-09-30 10:47:47.313  INFO MacBook-Pro-di-Francesco.local --- [           main] o.h.a.c.Version                          : HCANN000001: Hibernate Commons Annotations {5.1.2.Final}
2021-09-30 10:47:47.410  INFO MacBook-Pro-di-Francesco.local --- [           main] c.z.h.HikariDataSource                   : HikariPool-1 - Starting...
2021-09-30 10:47:47.737  INFO MacBook-Pro-di-Francesco.local --- [           main] c.z.h.HikariDataSource                   : HikariPool-1 - Start completed.
2021-09-30 10:47:47.770  INFO MacBook-Pro-di-Francesco.local --- [           main] o.h.d.Dialect                            : HHH000400: Using dialect: org.hibernate.dialect.MySQL8Dialect
2021-09-30 10:47:48.487  INFO MacBook-Pro-di-Francesco.local --- [           main] o.h.e.t.j.p.i.JtaPlatformInitiator       : HHH000490: Using JtaPlatform implementation: [org.hibernate.engine.transaction.jta.platform.internal.NoJtaPlatform]
2021-09-30 10:47:48.495  INFO MacBook-Pro-di-Francesco.local --- [           main] j.LocalContainerEntityManagerFactoryBean : Initialized JPA EntityManagerFactory for persistence unit 'default'
2021-09-30 10:47:49.114  WARN MacBook-Pro-di-Francesco.local --- [           main] JpaBaseConfiguration$JpaWebConfiguration : spring.jpa.open-in-view is enabled by default. Therefore, database queries may be performed during view rendering. Explicitly configure spring.jpa.open-in-view to disable this warning
2021-09-30 10:47:49.161  INFO MacBook-Pro-di-Francesco.local --- [           main] c.p.s.WebSecurityConfig                  : authenticationManagerBean() - start
2021-09-30 10:47:49.161  INFO MacBook-Pro-di-Francesco.local --- [           main] c.p.s.WebSecurityConfig                  : authenticationManagerBean() - end
2021-09-30 10:47:49.345  INFO MacBook-Pro-di-Francesco.local --- [           main] c.p.s.WebSecurityConfig                  : configure(http) - start
2021-09-30 10:47:49.348  INFO MacBook-Pro-di-Francesco.local --- [           main] c.p.s.JwtTokenFilterConfigurer           : JwtTokenFilterConfigurer() - start
2021-09-30 10:47:49.348  INFO MacBook-Pro-di-Francesco.local --- [           main] c.p.s.JwtTokenFilterConfigurer           : JwtTokenFilterConfigurer() - end
2021-09-30 10:47:49.348  INFO MacBook-Pro-di-Francesco.local --- [           main] c.p.s.WebSecurityConfig                  : configure(http) - end
2021-09-30 10:47:49.348  INFO MacBook-Pro-di-Francesco.local --- [           main] c.p.s.WebSecurityConfig                  : configure(web) - start
2021-09-30 10:47:49.349  INFO MacBook-Pro-di-Francesco.local --- [           main] c.p.s.WebSecurityConfig                  : configure(http) - end
2021-09-30 10:47:49.349  INFO MacBook-Pro-di-Francesco.local --- [           main] o.s.s.w.DefaultSecurityFilterChain       : Will secure Ant [pattern='/v2/api-docs'] with []
2021-09-30 10:47:49.350  INFO MacBook-Pro-di-Francesco.local --- [           main] o.s.s.w.DefaultSecurityFilterChain       : Will secure Ant [pattern='/swagger-resources/**'] with []
2021-09-30 10:47:49.350  INFO MacBook-Pro-di-Francesco.local --- [           main] o.s.s.w.DefaultSecurityFilterChain       : Will secure Ant [pattern='/swagger-ui.html'] with []
2021-09-30 10:47:49.350  INFO MacBook-Pro-di-Francesco.local --- [           main] o.s.s.w.DefaultSecurityFilterChain       : Will secure Ant [pattern='/configuration/**'] with []
2021-09-30 10:47:49.350  INFO MacBook-Pro-di-Francesco.local --- [           main] o.s.s.w.DefaultSecurityFilterChain       : Will secure Ant [pattern='/webjars/**'] with []
2021-09-30 10:47:49.350  INFO MacBook-Pro-di-Francesco.local --- [           main] o.s.s.w.DefaultSecurityFilterChain       : Will secure Ant [pattern='/auth/login'] with []
2021-09-30 10:47:49.350  INFO MacBook-Pro-di-Francesco.local --- [           main] o.s.s.w.DefaultSecurityFilterChain       : Will secure Ant [pattern='/h2-console/**/**'] with []
2021-09-30 10:47:49.436  INFO MacBook-Pro-di-Francesco.local --- [           main] c.p.s.WebSecurityConfig                  : addCorsMappings() - start
2021-09-30 10:47:49.437  INFO MacBook-Pro-di-Francesco.local --- [           main] c.p.s.WebSecurityConfig                  : addCorsMappings() - end
2021-09-30 10:47:49.601  INFO MacBook-Pro-di-Francesco.local --- [           main] c.p.s.JwtTokenFilterConfigurer           : configure() - start
2021-09-30 10:47:49.601  INFO MacBook-Pro-di-Francesco.local --- [           main] c.p.s.JwtTokenFilterConfigurer           : configure() - end
2021-09-30 10:47:49.602  INFO MacBook-Pro-di-Francesco.local --- [           main] o.s.s.w.DefaultSecurityFilterChain       : Will secure any request with [org.springframework.security.web.context.request.async.WebAsyncManagerIntegrationFilter@6e161cea, org.springframework.security.web.context.SecurityContextPersistenceFilter@4e8b36af, org.springframework.security.web.header.HeaderWriterFilter@6fc1a1d5, org.springframework.web.filter.CorsFilter@673e1cf2, org.springframework.security.web.authentication.logout.LogoutFilter@5b58f639, com.portaleps.security.JwtTokenFilter@27a23d87, org.springframework.security.web.savedrequest.RequestCacheAwareFilter@4cd079fe, org.springframework.security.web.servletapi.SecurityContextHolderAwareRequestFilter@769b1d1c, org.springframework.security.web.authentication.AnonymousAuthenticationFilter@72155315, org.springframework.security.web.session.SessionManagementFilter@4c31b6c2, org.springframework.security.web.access.ExceptionTranslationFilter@32182bf8, org.springframework.security.web.access.intercept.FilterSecurityInterceptor@7f97e963]
2021-09-30 10:47:49.823  INFO MacBook-Pro-di-Francesco.local --- [           main] o.a.c.h.Http11NioProtocol                : Starting ProtocolHandler ["http-nio-8080"]
2021-09-30 10:47:49.851  INFO MacBook-Pro-di-Francesco.local --- [           main] o.s.b.w.e.t.TomcatWebServer              : Tomcat started on port(s): 8080 (http) with context path ''
2021-09-30 10:47:49.859  INFO MacBook-Pro-di-Francesco.local --- [           main] c.p.PortalepsApplication                 : Started PortalepsApplication in 5.047 seconds (JVM running for 10.936)
2021-09-30 10:47:50.022  INFO MacBook-Pro-di-Francesco.local --- [           main] c.p.PortalepsApplication                 : initFolders() - start
2021-09-30 10:47:50.024  INFO MacBook-Pro-di-Francesco.local --- [           main] c.p.PortalepsApplication                 : initFolders() - folders created
2021-09-30 10:47:50.024  INFO MacBook-Pro-di-Francesco.local --- [           main] c.p.PortalepsApplication                 : initFolders() - end
2021-09-30 10:51:59.799  INFO MacBook-Pro-di-Francesco.local --- [nio-8080-exec-1] o.a.c.c.C.[.[.[/]                        : Initializing Spring DispatcherServlet 'dispatcherServlet'
2021-09-30 10:51:59.801  INFO MacBook-Pro-di-Francesco.local --- [nio-8080-exec-1] o.s.w.s.DispatcherServlet                : Initializing Servlet 'dispatcherServlet'
2021-09-30 10:51:59.815  INFO MacBook-Pro-di-Francesco.local --- [nio-8080-exec-1] o.s.w.s.DispatcherServlet                : Completed initialization in 14 ms
2021-09-30 10:51:59.897  INFO MacBook-Pro-di-Francesco.local --- [nio-8080-exec-1] c.p.s.JwtTokenFilter                     : doFilterInternal() - start
2021-09-30 10:52:00.013  INFO MacBook-Pro-di-Francesco.local --- [nio-8080-exec-1] c.p.h.UserHelper                         : loadUserByToken() - start
2021-09-30 10:52:00.016  INFO MacBook-Pro-di-Francesco.local --- [nio-8080-exec-1] c.p.h.UserHelper                         : loadUserByToken() - end
2021-09-30 10:52:00.084  INFO MacBook-Pro-di-Francesco.local --- [nio-8080-exec-1] c.p.c.ArchiveController                  : getMyArchives() - start
2021-09-30 10:52:00.084  INFO MacBook-Pro-di-Francesco.local --- [nio-8080-exec-1] c.p.h.UserHelper                         : getCurrentUser() - start
2021-09-30 10:52:00.084  INFO MacBook-Pro-di-Francesco.local --- [nio-8080-exec-1] c.p.h.UserHelper                         : getCurrentUser() - end
2021-09-30 10:52:00.110  INFO MacBook-Pro-di-Francesco.local --- [nio-8080-exec-1] c.p.c.ArchiveController                  : Richieta da utente [asd]
2021-09-30 10:52:00.125  INFO MacBook-Pro-di-Francesco.local --- [nio-8080-exec-1] c.p.s.ArchiveService                     : getArchivesByUser() - start
2021-09-30 10:52:00.125  INFO MacBook-Pro-di-Francesco.local --- [nio-8080-exec-1] c.p.h.UserHelper                         : getCurrentUser() - start
2021-09-30 10:52:00.125  INFO MacBook-Pro-di-Francesco.local --- [nio-8080-exec-1] c.p.h.UserHelper                         : getCurrentUser() - end
2021-09-30 10:52:00.199  INFO MacBook-Pro-di-Francesco.local --- [nio-8080-exec-1] c.p.s.ArchiveService                     : getArchivesByUser() - end
2021-09-30 10:52:00.199  INFO MacBook-Pro-di-Francesco.local --- [nio-8080-exec-1] c.p.c.ArchiveController                  : getMyArchives() - end
2021-09-30 10:52:00.441  INFO MacBook-Pro-di-Francesco.local --- [nio-8080-exec-1] c.p.s.JwtTokenFilter                     : doFilterInternal() - end
2021-09-30 10:52:02.541  INFO MacBook-Pro-di-Francesco.local --- [nio-8080-exec-2] c.p.s.JwtTokenFilter                     : doFilterInternal() - start
2021-09-30 10:52:02.542  INFO MacBook-Pro-di-Francesco.local --- [nio-8080-exec-2] c.p.h.UserHelper                         : loadUserByToken() - start
2021-09-30 10:52:02.543  INFO MacBook-Pro-di-Francesco.local --- [nio-8080-exec-2] c.p.h.UserHelper                         : loadUserByToken() - end
2021-09-30 10:52:02.590  INFO MacBook-Pro-di-Francesco.local --- [nio-8080-exec-2] c.p.c.VerbaleController                  : getAll() - start
2021-09-30 10:52:02.590  INFO MacBook-Pro-di-Francesco.local --- [nio-8080-exec-2] c.p.h.UserHelper                         : getCurrentUser() - start
2021-09-30 10:52:02.590  INFO MacBook-Pro-di-Francesco.local --- [nio-8080-exec-2] c.p.h.UserHelper                         : getCurrentUser() - end
2021-09-30 10:52:02.610  INFO MacBook-Pro-di-Francesco.local --- [nio-8080-exec-2] c.p.c.VerbaleController                  : Richieta da utente [asd] per archivio: [5] con parametri: [{"filters":{},"pagination":[25,0]}]
2021-09-30 10:52:02.619  INFO MacBook-Pro-di-Francesco.local --- [nio-8080-exec-2] c.p.s.UserService                        : preliminaryChecks() - start
2021-09-30 10:52:02.619  INFO MacBook-Pro-di-Francesco.local --- [nio-8080-exec-2] c.p.h.UserHelper                         : getCurrentUser() - start
2021-09-30 10:52:02.619  INFO MacBook-Pro-di-Francesco.local --- [nio-8080-exec-2] c.p.h.UserHelper                         : getCurrentUser() - end
2021-09-30 10:52:02.685  INFO MacBook-Pro-di-Francesco.local --- [nio-8080-exec-2] c.p.s.UserService                        : userHasAccessToArchive() - start
2021-09-30 10:52:02.685  INFO MacBook-Pro-di-Francesco.local --- [nio-8080-exec-2] c.p.s.UserService                        : userHasAccessToArchive() - end
2021-09-30 10:52:02.704  INFO MacBook-Pro-di-Francesco.local --- [nio-8080-exec-2] c.p.s.UserService                        : preliminaryChecks() - end
2021-09-30 10:52:02.719  INFO MacBook-Pro-di-Francesco.local --- [nio-8080-exec-2] c.p.s.VerbaleService                     : getVerbaliLength() - start
2021-09-30 10:52:02.726  INFO MacBook-Pro-di-Francesco.local --- [nio-8080-exec-2] c.p.h.QueryBuilder                       : buildCountRows() - start
2021-09-30 10:52:02.726  INFO MacBook-Pro-di-Francesco.local --- [nio-8080-exec-2] c.p.h.QueryBuilder                       : appendWhereCondition() - start
2021-09-30 10:52:02.726  INFO MacBook-Pro-di-Francesco.local --- [nio-8080-exec-2] c.p.h.QueryBuilder                       : appendWhereCondition() - end
2021-09-30 10:52:02.727  INFO MacBook-Pro-di-Francesco.local --- [nio-8080-exec-2] c.p.h.QueryBuilder                       : buildCountRows() - end
2021-09-30 10:52:02.727  INFO MacBook-Pro-di-Francesco.local --- [nio-8080-exec-2] c.p.h.DatabaseHelper                     : performQuery() - start
2021-09-30 10:52:02.727  INFO MacBook-Pro-di-Francesco.local --- [nio-8080-exec-2] c.p.h.DatabaseHelper                     : createConnection() - start
2021-09-30 10:52:02.731  INFO MacBook-Pro-di-Francesco.local --- [nio-8080-exec-2] c.p.h.DatabaseHelper                     : mapDriverClassName() - start
2021-09-30 10:52:02.732  INFO MacBook-Pro-di-Francesco.local --- [nio-8080-exec-2] c.p.h.DatabaseHelper                     : mapDriverClassName() - class name found
2021-09-30 10:52:02.733  INFO MacBook-Pro-di-Francesco.local --- [nio-8080-exec-2] c.p.h.DatabaseHelper                     : mapDriverClassName() - end
2021-09-30 10:52:03.157  INFO MacBook-Pro-di-Francesco.local --- [nio-8080-exec-2] c.p.h.DatabaseHelper                     : createConnection() - connection created
2021-09-30 10:52:03.191  INFO MacBook-Pro-di-Francesco.local --- [nio-8080-exec-2] c.p.h.DatabaseHelper                     : performQuery() - connection closed
2021-09-30 10:52:03.192  INFO MacBook-Pro-di-Francesco.local --- [nio-8080-exec-2] c.p.h.DatabaseHelper                     : performQuery() - end
2021-09-30 10:52:03.192  INFO MacBook-Pro-di-Francesco.local --- [nio-8080-exec-2] c.p.s.VerbaleService                     : getVerbaliLength() - end
2021-09-30 10:52:03.192  INFO MacBook-Pro-di-Francesco.local --- [nio-8080-exec-2] c.p.s.VerbaleService                     : populatePagination() - start
2021-09-30 10:52:03.192  INFO MacBook-Pro-di-Francesco.local --- [nio-8080-exec-2] c.p.s.VerbaleService                     : populatePagination() - end
2021-09-30 10:52:03.193  INFO MacBook-Pro-di-Francesco.local --- [nio-8080-exec-2] c.p.s.VerbaleService                     : getVerbali() - start
2021-09-30 10:52:03.193  INFO MacBook-Pro-di-Francesco.local --- [nio-8080-exec-2] c.p.h.QueryBuilder                       : buildSearchQuery() - start
2021-09-30 10:52:03.193  INFO MacBook-Pro-di-Francesco.local --- [nio-8080-exec-2] c.p.h.QueryBuilder                       : appendWhereCondition() - start
2021-09-30 10:52:03.193  INFO MacBook-Pro-di-Francesco.local --- [nio-8080-exec-2] c.p.h.QueryBuilder                       : appendWhereCondition() - end
2021-09-30 10:52:03.193  INFO MacBook-Pro-di-Francesco.local --- [nio-8080-exec-2] c.p.h.QueryBuilder                       : appendPagination() - start
2021-09-30 10:52:03.194  INFO MacBook-Pro-di-Francesco.local --- [nio-8080-exec-2] c.p.h.QueryBuilder                       : appendPagination() - end
2021-09-30 10:52:03.194  INFO MacBook-Pro-di-Francesco.local --- [nio-8080-exec-2] c.p.h.QueryBuilder                       : buildSearchQuery() - end
2021-09-30 10:52:03.194  INFO MacBook-Pro-di-Francesco.local --- [nio-8080-exec-2] c.p.h.DatabaseHelper                     : performQuery() - start
2021-09-30 10:52:03.194  INFO MacBook-Pro-di-Francesco.local --- [nio-8080-exec-2] c.p.h.DatabaseHelper                     : createConnection() - start
2021-09-30 10:52:03.194  INFO MacBook-Pro-di-Francesco.local --- [nio-8080-exec-2] c.p.h.DatabaseHelper                     : mapDriverClassName() - start
2021-09-30 10:52:03.194  INFO MacBook-Pro-di-Francesco.local --- [nio-8080-exec-2] c.p.h.DatabaseHelper                     : mapDriverClassName() - class name found
2021-09-30 10:52:03.195  INFO MacBook-Pro-di-Francesco.local --- [nio-8080-exec-2] c.p.h.DatabaseHelper                     : mapDriverClassName() - end
2021-09-30 10:52:04.688  INFO MacBook-Pro-di-Francesco.local --- [nio-8080-exec-2] c.p.h.DatabaseHelper                     : createConnection() - connection created
2021-09-30 10:52:04.839  INFO MacBook-Pro-di-Francesco.local --- [nio-8080-exec-2] c.p.s.VerbaleService                     : extractVerbaliList() - start
2021-09-30 10:52:04.866  INFO MacBook-Pro-di-Francesco.local --- [nio-8080-exec-2] c.p.s.VerbaleService                     : extractVerbaliList() - end
2021-09-30 10:52:04.867  INFO MacBook-Pro-di-Francesco.local --- [nio-8080-exec-2] c.p.h.DatabaseHelper                     : performQuery() - connection closed
2021-09-30 10:52:04.867  INFO MacBook-Pro-di-Francesco.local --- [nio-8080-exec-2] c.p.h.DatabaseHelper                     : performQuery() - end
2021-09-30 10:52:04.867  INFO MacBook-Pro-di-Francesco.local --- [nio-8080-exec-2] c.p.s.VerbaleService                     : getVerbali() - end
2021-09-30 10:52:04.867  INFO MacBook-Pro-di-Francesco.local --- [nio-8080-exec-2] c.p.c.VerbaleController                  : getAll() - action performed
2021-09-30 10:52:04.867  INFO MacBook-Pro-di-Francesco.local --- [nio-8080-exec-2] c.p.c.VerbaleController                  : getAll() - end
2021-09-30 10:52:04.879  INFO MacBook-Pro-di-Francesco.local --- [nio-8080-exec-2] c.p.s.JwtTokenFilter                     : doFilterInternal() - end
2021-09-30 10:52:11.191  INFO MacBook-Pro-di-Francesco.local --- [nio-8080-exec-3] c.p.s.JwtTokenFilter                     : doFilterInternal() - start
2021-09-30 10:52:11.193  INFO MacBook-Pro-di-Francesco.local --- [nio-8080-exec-3] c.p.h.UserHelper                         : loadUserByToken() - start
2021-09-30 10:52:11.195  INFO MacBook-Pro-di-Francesco.local --- [nio-8080-exec-3] c.p.h.UserHelper                         : loadUserByToken() - end
