2021-09-30 11:20:13.989  INFO MacBook-Pro-di-Francesco.local --- [nio-8080-exec-7] c.p.s.UserService                        : getUserList() - start
2021-09-30 11:20:13.991  INFO MacBook-Pro-di-Francesco.local --- [nio-8080-exec-8] c.p.c.ArchiveController                  : Richieta da utente [admin]
2021-09-30 11:20:14.014  INFO MacBook-Pro-di-Francesco.local --- [nio-8080-exec-8] c.p.h.UserHelper                         : isAdmin() - start
2021-09-30 11:20:14.014  INFO MacBook-Pro-di-Francesco.local --- [nio-8080-exec-8] c.p.h.UserHelper                         : isAdmin() - end
2021-09-30 11:20:14.014  INFO MacBook-Pro-di-Francesco.local --- [nio-8080-exec-8] c.p.s.ArchiveService                     : getArchivesByUser() - start
2021-09-30 11:20:14.014  INFO MacBook-Pro-di-Francesco.local --- [nio-8080-exec-8] c.p.h.UserHelper                         : getCurrentUser() - start
2021-09-30 11:20:14.015  INFO MacBook-Pro-di-Francesco.local --- [nio-8080-exec-8] c.p.h.UserHelper                         : getCurrentUser() - end
2021-09-30 11:20:14.054  INFO MacBook-Pro-di-Francesco.local --- [nio-8080-exec-7] c.p.s.UserService                        : toDto() - start
2021-09-30 11:20:14.054  INFO MacBook-Pro-di-Francesco.local --- [nio-8080-exec-7] c.p.s.UserService                        : toDto() - end
2021-09-30 11:20:14.056  INFO MacBook-Pro-di-Francesco.local --- [nio-8080-exec-7] c.p.s.ArchiveService                     : getArchivesByUser() - start
2021-09-30 11:20:14.057  INFO MacBook-Pro-di-Francesco.local --- [nio-8080-exec-8] c.p.s.ArchiveService                     : getArchivesByUser() - end
2021-09-30 11:20:14.065  INFO MacBook-Pro-di-Francesco.local --- [nio-8080-exec-8] c.p.s.JwtTokenFilter                     : doFilterInternal() - end
2021-09-30 11:20:14.082  INFO MacBook-Pro-di-Francesco.local --- [nio-8080-exec-7] c.p.s.ArchiveService                     : getArchivesByUser() - end
2021-09-30 11:20:14.082  INFO MacBook-Pro-di-Francesco.local --- [nio-8080-exec-7] c.p.s.UserService                        : getUserList() - end
2021-09-30 11:20:14.082  INFO MacBook-Pro-di-Francesco.local --- [nio-8080-exec-7] c.p.c.UserController                     : getUserList() - user list found
2021-09-30 11:20:14.082  INFO MacBook-Pro-di-Francesco.local --- [nio-8080-exec-7] c.p.c.UserController                     : getUserList() - end
2021-09-30 11:20:14.084  INFO MacBook-Pro-di-Francesco.local --- [nio-8080-exec-7] c.p.s.JwtTokenFilter                     : doFilterInternal() - end
2021-09-30 11:22:56.746  INFO MacBook-Pro-di-Francesco.local --- [nio-8080-exec-1] c.p.s.JwtTokenFilter                     : doFilterInternal() - start
2021-09-30 11:22:56.766  INFO MacBook-Pro-di-Francesco.local --- [nio-8080-exec-1] c.p.h.UserHelper                         : loadUserByToken() - start
2021-09-30 11:22:56.766  INFO MacBook-Pro-di-Francesco.local --- [nio-8080-exec-1] c.p.h.UserHelper                         : loadUserByToken() - end
2021-09-30 11:22:56.790  INFO MacBook-Pro-di-Francesco.local --- [nio-8080-exec-1] c.p.c.ArchiveController                  : getMyArchives() - start
2021-09-30 11:22:56.791  INFO MacBook-Pro-di-Francesco.local --- [nio-8080-exec-1] c.p.h.UserHelper                         : getCurrentUser() - start
2021-09-30 11:22:56.791  INFO MacBook-Pro-di-Francesco.local --- [nio-8080-exec-1] c.p.h.UserHelper                         : getCurrentUser() - end
2021-09-30 11:22:56.795  INFO MacBook-Pro-di-Francesco.local --- [nio-8080-exec-9] c.p.s.JwtTokenFilter                     : doFilterInternal() - start
2021-09-30 11:22:56.797  INFO MacBook-Pro-di-Francesco.local --- [io-8080-exec-10] c.p.s.JwtTokenFilter                     : doFilterInternal() - start
2021-09-30 11:22:56.798  INFO MacBook-Pro-di-Francesco.local --- [io-8080-exec-10] c.p.h.UserHelper                         : loadUserByToken() - start
2021-09-30 11:22:56.799  INFO MacBook-Pro-di-Francesco.local --- [io-8080-exec-10] c.p.h.UserHelper                         : loadUserByToken() - end
2021-09-30 11:22:56.800  INFO MacBook-Pro-di-Francesco.local --- [nio-8080-exec-9] c.p.h.UserHelper                         : loadUserByToken() - start
2021-09-30 11:22:56.802  INFO MacBook-Pro-di-Francesco.local --- [io-8080-exec-10] c.p.c.ArchiveController                  : getAllArchives() - start
2021-09-30 11:22:56.802  INFO MacBook-Pro-di-Francesco.local --- [io-8080-exec-10] c.p.h.UserHelper                         : getCurrentUser() - start
2021-09-30 11:22:56.802  INFO MacBook-Pro-di-Francesco.local --- [io-8080-exec-10] c.p.h.UserHelper                         : getCurrentUser() - end
2021-09-30 11:22:56.807  INFO MacBook-Pro-di-Francesco.local --- [nio-8080-exec-9] c.p.h.UserHelper                         : loadUserByToken() - end
2021-09-30 11:22:56.811  INFO MacBook-Pro-di-Francesco.local --- [nio-8080-exec-9] c.p.c.UserController                     : getUserList() - start
2021-09-30 11:22:56.812  INFO MacBook-Pro-di-Francesco.local --- [nio-8080-exec-9] c.p.h.UserHelper                         : getCurrentUser() - start
2021-09-30 11:22:56.812  INFO MacBook-Pro-di-Francesco.local --- [nio-8080-exec-9] c.p.h.UserHelper                         : getCurrentUser() - end
2021-09-30 11:22:57.131  INFO MacBook-Pro-di-Francesco.local --- [nio-8080-exec-9] c.p.c.UserController                     : Richieta da utente [admin]
2021-09-30 11:22:57.131  INFO MacBook-Pro-di-Francesco.local --- [nio-8080-exec-1] c.p.c.ArchiveController                  : Richieta da utente [admin]
2021-09-30 11:22:57.131  INFO MacBook-Pro-di-Francesco.local --- [io-8080-exec-10] c.p.c.ArchiveController                  : Richieta da utente [admin]
2021-09-30 11:22:57.131  INFO MacBook-Pro-di-Francesco.local --- [io-8080-exec-10] c.p.h.UserHelper                         : isAdmin() - start
2021-09-30 11:22:57.131  INFO MacBook-Pro-di-Francesco.local --- [io-8080-exec-10] c.p.h.UserHelper                         : isAdmin() - end
2021-09-30 11:22:57.131  INFO MacBook-Pro-di-Francesco.local --- [nio-8080-exec-1] c.p.s.ArchiveService                     : getArchivesByUser() - start
2021-09-30 11:22:57.131  INFO MacBook-Pro-di-Francesco.local --- [nio-8080-exec-1] c.p.h.UserHelper                         : getCurrentUser() - start
2021-09-30 11:22:57.131  INFO MacBook-Pro-di-Francesco.local --- [nio-8080-exec-1] c.p.h.UserHelper                         : getCurrentUser() - end
2021-09-30 11:22:57.132  INFO MacBook-Pro-di-Francesco.local --- [io-8080-exec-10] c.p.s.ArchiveService                     : getArchivesByUser() - start
2021-09-30 11:22:57.132  INFO MacBook-Pro-di-Francesco.local --- [io-8080-exec-10] c.p.h.UserHelper                         : getCurrentUser() - start
2021-09-30 11:22:57.132  INFO MacBook-Pro-di-Francesco.local --- [io-8080-exec-10] c.p.h.UserHelper                         : getCurrentUser() - end
2021-09-30 11:22:57.134  INFO MacBook-Pro-di-Francesco.local --- [nio-8080-exec-9] c.p.h.UserHelper                         : isAdmin() - start
2021-09-30 11:22:57.135  INFO MacBook-Pro-di-Francesco.local --- [nio-8080-exec-9] c.p.h.UserHelper                         : isAdmin() - end
2021-09-30 11:22:57.138  INFO MacBook-Pro-di-Francesco.local --- [nio-8080-exec-9] c.p.s.UserService                        : getUserList() - start
2021-09-30 11:22:57.168  INFO MacBook-Pro-di-Francesco.local --- [nio-8080-exec-9] c.p.s.UserService                        : toDto() - start
2021-09-30 11:22:57.168  INFO MacBook-Pro-di-Francesco.local --- [nio-8080-exec-9] c.p.s.UserService                        : toDto() - end
2021-09-30 11:22:57.169  INFO MacBook-Pro-di-Francesco.local --- [nio-8080-exec-9] c.p.s.ArchiveService                     : getArchivesByUser() - start
2021-09-30 11:22:57.170  INFO MacBook-Pro-di-Francesco.local --- [nio-8080-exec-1] c.p.s.ArchiveService                     : getArchivesByUser() - end
2021-09-30 11:22:57.170  INFO MacBook-Pro-di-Francesco.local --- [nio-8080-exec-1] c.p.c.ArchiveController                  : getMyArchives() - end
2021-09-30 11:22:57.171  INFO MacBook-Pro-di-Francesco.local --- [io-8080-exec-10] c.p.s.ArchiveService                     : getArchivesByUser() - end
2021-09-30 11:22:57.194  INFO MacBook-Pro-di-Francesco.local --- [nio-8080-exec-1] c.p.s.JwtTokenFilter                     : doFilterInternal() - end
2021-09-30 11:22:57.194  INFO MacBook-Pro-di-Francesco.local --- [io-8080-exec-10] c.p.s.JwtTokenFilter                     : doFilterInternal() - end
2021-09-30 11:22:57.196  INFO MacBook-Pro-di-Francesco.local --- [nio-8080-exec-9] c.p.s.ArchiveService                     : getArchivesByUser() - end
2021-09-30 11:22:57.196  INFO MacBook-Pro-di-Francesco.local --- [nio-8080-exec-9] c.p.s.UserService                        : getUserList() - end
2021-09-30 11:22:57.196  INFO MacBook-Pro-di-Francesco.local --- [nio-8080-exec-9] c.p.c.UserController                     : getUserList() - user list found
2021-09-30 11:22:57.196  INFO MacBook-Pro-di-Francesco.local --- [nio-8080-exec-9] c.p.c.UserController                     : getUserList() - end
2021-09-30 11:22:57.198  INFO MacBook-Pro-di-Francesco.local --- [nio-8080-exec-9] c.p.s.JwtTokenFilter                     : doFilterInternal() - end
2021-09-30 11:29:28.962  INFO MacBook-Pro-di-Francesco.local --- [nio-8080-exec-7] c.p.s.JwtTokenFilter                     : doFilterInternal() - start
2021-09-30 11:29:29.001  INFO MacBook-Pro-di-Francesco.local --- [nio-8080-exec-7] c.p.h.UserHelper                         : loadUserByToken() - start
2021-09-30 11:29:29.007  INFO MacBook-Pro-di-Francesco.local --- [nio-8080-exec-7] c.p.h.UserHelper                         : loadUserByToken() - end
2021-09-30 11:29:29.037  INFO MacBook-Pro-di-Francesco.local --- [nio-8080-exec-3] c.p.s.JwtTokenFilter                     : doFilterInternal() - start
2021-09-30 11:29:29.038  INFO MacBook-Pro-di-Francesco.local --- [nio-8080-exec-4] c.p.s.JwtTokenFilter                     : doFilterInternal() - start
2021-09-30 11:29:29.039  INFO MacBook-Pro-di-Francesco.local --- [nio-8080-exec-4] c.p.h.UserHelper                         : loadUserByToken() - start
2021-09-30 11:29:29.040  INFO MacBook-Pro-di-Francesco.local --- [nio-8080-exec-4] c.p.h.UserHelper                         : loadUserByToken() - end
2021-09-30 11:29:29.040  INFO MacBook-Pro-di-Francesco.local --- [nio-8080-exec-3] c.p.h.UserHelper                         : loadUserByToken() - start
2021-09-30 11:29:29.046  INFO MacBook-Pro-di-Francesco.local --- [nio-8080-exec-3] c.p.h.UserHelper                         : loadUserByToken() - end
2021-09-30 11:29:29.050  INFO MacBook-Pro-di-Francesco.local --- [nio-8080-exec-4] c.p.c.ArchiveController                  : getAllArchives() - start
2021-09-30 11:29:29.051  INFO MacBook-Pro-di-Francesco.local --- [nio-8080-exec-4] c.p.h.UserHelper                         : getCurrentUser() - start
2021-09-30 11:29:29.051  INFO MacBook-Pro-di-Francesco.local --- [nio-8080-exec-4] c.p.h.UserHelper                         : getCurrentUser() - end
2021-09-30 11:29:29.050  INFO MacBook-Pro-di-Francesco.local --- [nio-8080-exec-7] c.p.c.ArchiveController                  : getMyArchives() - start
2021-09-30 11:29:29.054  INFO MacBook-Pro-di-Francesco.local --- [nio-8080-exec-7] c.p.h.UserHelper                         : getCurrentUser() - start
2021-09-30 11:29:29.054  INFO MacBook-Pro-di-Francesco.local --- [nio-8080-exec-7] c.p.h.UserHelper                         : getCurrentUser() - end
2021-09-30 11:29:29.054  INFO MacBook-Pro-di-Francesco.local --- [nio-8080-exec-3] c.p.c.UserController                     : getUserList() - start
2021-09-30 11:29:29.056  INFO MacBook-Pro-di-Francesco.local --- [nio-8080-exec-3] c.p.h.UserHelper                         : getCurrentUser() - start
2021-09-30 11:29:29.056  INFO MacBook-Pro-di-Francesco.local --- [nio-8080-exec-3] c.p.h.UserHelper                         : getCurrentUser() - end
2021-09-30 11:29:29.118  INFO MacBook-Pro-di-Francesco.local --- [nio-8080-exec-4] c.p.c.ArchiveController                  : Richieta da utente [admin]
2021-09-30 11:29:29.118  INFO MacBook-Pro-di-Francesco.local --- [nio-8080-exec-7] c.p.c.ArchiveController                  : Richieta da utente [admin]
2021-09-30 11:29:29.118  INFO MacBook-Pro-di-Francesco.local --- [nio-8080-exec-3] c.p.c.UserController                     : Richieta da utente [admin]
2021-09-30 11:29:29.118  INFO MacBook-Pro-di-Francesco.local --- [nio-8080-exec-4] c.p.h.UserHelper                         : isAdmin() - start
2021-09-30 11:29:29.118  INFO MacBook-Pro-di-Francesco.local --- [nio-8080-exec-4] c.p.h.UserHelper                         : isAdmin() - end
2021-09-30 11:29:29.118  INFO MacBook-Pro-di-Francesco.local --- [nio-8080-exec-3] c.p.h.UserHelper                         : isAdmin() - start
2021-09-30 11:29:29.118  INFO MacBook-Pro-di-Francesco.local --- [nio-8080-exec-3] c.p.h.UserHelper                         : isAdmin() - end
2021-09-30 11:29:29.118  INFO MacBook-Pro-di-Francesco.local --- [nio-8080-exec-7] c.p.s.ArchiveService                     : getArchivesByUser() - start
2021-09-30 11:29:29.119  INFO MacBook-Pro-di-Francesco.local --- [nio-8080-exec-4] c.p.s.ArchiveService                     : getArchivesByUser() - start
2021-09-30 11:29:29.119  INFO MacBook-Pro-di-Francesco.local --- [nio-8080-exec-7] c.p.h.UserHelper                         : getCurrentUser() - start
2021-09-30 11:29:29.119  INFO MacBook-Pro-di-Francesco.local --- [nio-8080-exec-4] c.p.h.UserHelper                         : getCurrentUser() - start
2021-09-30 11:29:29.119  INFO MacBook-Pro-di-Francesco.local --- [nio-8080-exec-3] c.p.s.UserService                        : getUserList() - start
2021-09-30 11:29:29.119  INFO MacBook-Pro-di-Francesco.local --- [nio-8080-exec-4] c.p.h.UserHelper                         : getCurrentUser() - end
2021-09-30 11:29:29.119  INFO MacBook-Pro-di-Francesco.local --- [nio-8080-exec-7] c.p.h.UserHelper                         : getCurrentUser() - end
2021-09-30 11:29:29.128  INFO MacBook-Pro-di-Francesco.local --- [nio-8080-exec-3] c.p.s.UserService                        : toDto() - start
2021-09-30 11:29:29.129  INFO MacBook-Pro-di-Francesco.local --- [nio-8080-exec-3] c.p.s.UserService                        : toDto() - end
2021-09-30 11:29:29.133  INFO MacBook-Pro-di-Francesco.local --- [nio-8080-exec-3] c.p.s.ArchiveService                     : getArchivesByUser() - start
2021-09-30 11:29:29.137  INFO MacBook-Pro-di-Francesco.local --- [nio-8080-exec-7] c.p.s.ArchiveService                     : getArchivesByUser() - end
2021-09-30 11:29:29.137  INFO MacBook-Pro-di-Francesco.local --- [nio-8080-exec-7] c.p.c.ArchiveController                  : getMyArchives() - end
2021-09-30 11:29:29.139  INFO MacBook-Pro-di-Francesco.local --- [nio-8080-exec-4] c.p.s.ArchiveService                     : getArchivesByUser() - end
2021-09-30 11:29:29.141  INFO MacBook-Pro-di-Francesco.local --- [nio-8080-exec-3] c.p.s.ArchiveService                     : getArchivesByUser() - end
2021-09-30 11:29:29.147  INFO MacBook-Pro-di-Francesco.local --- [nio-8080-exec-3] c.p.s.UserService                        : getUserList() - end
2021-09-30 11:29:29.148  INFO MacBook-Pro-di-Francesco.local --- [nio-8080-exec-3] c.p.c.UserController                     : getUserList() - user list found
2021-09-30 11:29:29.148  INFO MacBook-Pro-di-Francesco.local --- [nio-8080-exec-3] c.p.c.UserController                     : getUserList() - end
2021-09-30 11:29:29.150  INFO MacBook-Pro-di-Francesco.local --- [nio-8080-exec-4] c.p.s.JwtTokenFilter                     : doFilterInternal() - end
2021-09-30 11:29:29.150  INFO MacBook-Pro-di-Francesco.local --- [nio-8080-exec-7] c.p.s.JwtTokenFilter                     : doFilterInternal() - end
2021-09-30 11:29:29.151  INFO MacBook-Pro-di-Francesco.local --- [nio-8080-exec-3] c.p.s.JwtTokenFilter                     : doFilterInternal() - end
2021-09-30 11:33:11.601  INFO MacBook-Pro-di-Francesco.local --- [nio-8080-exec-9] c.p.s.JwtTokenFilter                     : doFilterInternal() - start
2021-09-30 11:33:11.625  INFO MacBook-Pro-di-Francesco.local --- [nio-8080-exec-9] c.p.h.UserHelper                         : loadUserByToken() - start
2021-09-30 11:33:11.632  INFO MacBook-Pro-di-Francesco.local --- [nio-8080-exec-9] c.p.h.UserHelper                         : loadUserByToken() - end
2021-09-30 11:33:11.652  INFO MacBook-Pro-di-Francesco.local --- [nio-8080-exec-9] c.p.c.UserController                     : getUserList() - start
2021-09-30 11:33:11.653  INFO MacBook-Pro-di-Francesco.local --- [nio-8080-exec-9] c.p.h.UserHelper                         : getCurrentUser() - start
2021-09-30 11:33:11.653  INFO MacBook-Pro-di-Francesco.local --- [nio-8080-exec-9] c.p.h.UserHelper                         : getCurrentUser() - end
2021-09-30 11:33:11.739  INFO MacBook-Pro-di-Francesco.local --- [nio-8080-exec-9] c.p.c.UserController                     : Richieta da utente [admin]
2021-09-30 11:33:11.739  INFO MacBook-Pro-di-Francesco.local --- [nio-8080-exec-9] c.p.h.UserHelper                         : isAdmin() - start
2021-09-30 11:33:11.740  INFO MacBook-Pro-di-Francesco.local --- [nio-8080-exec-9] c.p.h.UserHelper                         : isAdmin() - end
2021-09-30 11:33:11.740  INFO MacBook-Pro-di-Francesco.local --- [nio-8080-exec-9] c.p.s.UserService                        : getUserList() - start
2021-09-30 11:33:11.747  INFO MacBook-Pro-di-Francesco.local --- [nio-8080-exec-9] c.p.s.UserService                        : toDto() - start
2021-09-30 11:33:11.747  INFO MacBook-Pro-di-Francesco.local --- [nio-8080-exec-9] c.p.s.UserService                        : toDto() - end
2021-09-30 11:33:11.760  INFO MacBook-Pro-di-Francesco.local --- [nio-8080-exec-9] c.p.s.ArchiveService                     : getArchivesByUser() - start
2021-09-30 11:33:11.772  INFO MacBook-Pro-di-Francesco.local --- [nio-8080-exec-9] c.p.s.ArchiveService                     : getArchivesByUser() - end
2021-09-30 11:33:11.772  INFO MacBook-Pro-di-Francesco.local --- [nio-8080-exec-9] c.p.s.UserService                        : getUserList() - end
2021-09-30 11:33:11.772  INFO MacBook-Pro-di-Francesco.local --- [nio-8080-exec-9] c.p.c.UserController                     : getUserList() - user list found
2021-09-30 11:33:11.772  INFO MacBook-Pro-di-Francesco.local --- [nio-8080-exec-9] c.p.c.UserController                     : getUserList() - end
2021-09-30 11:33:11.786  INFO MacBook-Pro-di-Francesco.local --- [nio-8080-exec-9] c.p.s.JwtTokenFilter                     : doFilterInternal() - end
2021-09-30 11:41:05.690  INFO MacBook-Pro-di-Francesco.local --- [nio-8080-exec-8] c.p.s.JwtTokenFilter                     : doFilterInternal() - start
2021-09-30 11:41:05.699  INFO MacBook-Pro-di-Francesco.local --- [io-8080-exec-10] c.p.s.JwtTokenFilter                     : doFilterInternal() - start
2021-09-30 11:41:05.699  INFO MacBook-Pro-di-Francesco.local --- [nio-8080-exec-3] c.p.s.JwtTokenFilter                     : doFilterInternal() - start
2021-09-30 11:41:05.706  INFO MacBook-Pro-di-Francesco.local --- [nio-8080-exec-3] c.p.h.UserHelper                         : loadUserByToken() - start
2021-09-30 11:41:05.706  INFO MacBook-Pro-di-Francesco.local --- [nio-8080-exec-8] c.p.h.UserHelper                         : loadUserByToken() - start
2021-09-30 11:41:05.706  INFO MacBook-Pro-di-Francesco.local --- [io-8080-exec-10] c.p.h.UserHelper                         : loadUserByToken() - start
2021-09-30 11:41:05.707  INFO MacBook-Pro-di-Francesco.local --- [nio-8080-exec-8] c.p.h.UserHelper                         : loadUserByToken() - end
2021-09-30 11:41:05.708  INFO MacBook-Pro-di-Francesco.local --- [nio-8080-exec-3] c.p.h.UserHelper                         : loadUserByToken() - end
2021-09-30 11:41:05.709  INFO MacBook-Pro-di-Francesco.local --- [io-8080-exec-10] c.p.h.UserHelper                         : loadUserByToken() - end
2021-09-30 11:41:05.716  INFO MacBook-Pro-di-Francesco.local --- [nio-8080-exec-8] c.p.c.ArchiveController                  : getMyArchives() - start
2021-09-30 11:41:05.716  INFO MacBook-Pro-di-Francesco.local --- [nio-8080-exec-3] c.p.c.ArchiveController                  : getAllArchives() - start
2021-09-30 11:41:05.716  INFO MacBook-Pro-di-Francesco.local --- [nio-8080-exec-8] c.p.h.UserHelper                         : getCurrentUser() - start
